\BOOKMARK [1][-]{section.1}{\376\377\004\022\004\062\004\065\004\064\004\065\004\075\004\070\004\065}{}% 1
\BOOKMARK [2][-]{subsection.1.1}{\376\377\004\036\004\077\004\070\004\101\004\060\004\075\004\070\004\065\000\040\004\077\004\100\004\065\004\064\004\074\004\065\004\102\004\075\004\076\004\071\000\040\004\076\004\061\004\073\004\060\004\101\004\102\004\070}{section.1}% 2
\BOOKMARK [2][-]{subsection.1.2}{\376\377\004\020\004\072\004\102\004\103\004\060\004\073\004\114\004\075\004\076\004\101\004\102\004\114\000\040\004\100\004\060\004\061\004\076\004\102\004\113}{section.1}% 3
\BOOKMARK [2][-]{subsection.1.3}{\376\377\004\046\004\065\004\073\004\114\000\040\004\070\000\040\004\067\004\060\004\064\004\060\004\107\004\070\000\040\004\100\004\060\004\061\004\076\004\102\004\113}{section.1}% 4
\BOOKMARK [2][-]{subsection.1.4}{\376\377\004\037\004\076\004\101\004\102\004\060\004\075\004\076\004\062\004\072\004\060\000\040\004\067\004\060\004\064\004\060\004\107\004\070}{section.1}% 5
\BOOKMARK [2][-]{subsection.1.5}{\376\377\004\036\004\066\004\070\004\064\004\060\004\065\004\074\004\113\004\065\000\040\004\100\004\065\004\067\004\103\004\073\004\114\004\102\004\060\004\102\004\113}{section.1}% 6
\BOOKMARK [2][-]{subsection.1.6}{\376\377\004\041\004\102\004\100\004\103\004\072\004\102\004\103\004\100\004\060\000\040\004\100\004\060\004\061\004\076\004\102\004\113}{section.1}% 7
\BOOKMARK [1][-]{section.2}{\376\377\004\036\004\061\004\067\004\076\004\100\000\040\004\073\004\070\004\102\004\065\004\100\004\060\004\102\004\103\004\100\004\113}{}% 8
\BOOKMARK [2][-]{subsection.2.1}{\376\377\004\047\004\102\004\076\000-\004\102\004\076\000\040\004\077\004\065\004\100\004\062\004\076\004\065}{section.2}% 9
\BOOKMARK [2][-]{subsection.2.2}{\376\377\004\047\004\102\004\076\000-\004\102\004\076\000\040\004\062\004\102\004\076\004\100\004\076\004\065}{section.2}% 10
\BOOKMARK [2][-]{subsection.2.3}{\376\377\004\047\004\102\004\076\000-\004\102\004\076\000\040\004\102\004\100\004\065\004\102\004\114\004\065}{section.2}% 11
\BOOKMARK [2][-]{subsection.2.4}{\376\377\004\047\004\102\004\076\000-\004\102\004\076\000\040\004\107\004\065\004\102\004\062\004\065\004\100\004\102\004\076\004\065}{section.2}% 12
\BOOKMARK [1][-]{section.3}{\376\377\004\036\004\101\004\075\004\076\004\062\004\075\004\060\004\117\000\040\004\107\004\060\004\101\004\102\004\114}{}% 13
\BOOKMARK [2][-]{subsection.3.1}{\376\377\004\037\004\065\004\100\004\062\004\113\004\071\000\040\004\061\004\103\004\073\004\110\004\070\004\102\004\075\004\113\004\071\000\040\004\077\004\076\004\110\004\121\004\073}{section.3}% 14
\BOOKMARK [3][-]{subsubsection.3.1.1}{\376\377\004\022\004\113\004\062\004\076\004\064\004\113\000\040\004\070\000\040\004\100\004\065\004\067\004\103\004\073\004\114\004\102\004\060\004\102\004\113}{subsection.3.1}% 15
\BOOKMARK [2][-]{subsection.3.2}{\376\377\004\022\004\102\004\076\004\100\004\076\004\071\000\040\004\061\004\103\004\073\004\110\004\070\004\102\004\075\004\113\004\071\000\040\004\077\004\076\004\110\004\121\004\073}{section.3}% 16
\BOOKMARK [3][-]{subsubsection.3.2.1}{\376\377\004\022\004\113\004\062\004\076\004\064\004\113\000\040\004\070\000\040\004\100\004\065\004\067\004\103\004\073\004\114\004\102\004\060\004\102\004\113}{subsection.3.2}% 17
\BOOKMARK [2][-]{subsection.3.3}{\376\377\004\042\004\100\004\065\004\102\004\070\004\071\000\040\004\061\004\103\004\073\004\110\004\070\004\102\004\075\004\113\004\071\000\040\004\077\004\076\004\110\004\121\004\073}{section.3}% 18
\BOOKMARK [3][-]{subsubsection.3.3.1}{\376\377\004\022\004\113\004\062\004\076\004\064\004\113\000\040\004\070\000\040\004\100\004\065\004\067\004\103\004\073\004\114\004\102\004\060\004\102\004\113}{subsection.3.3}% 19
\BOOKMARK [1][-]{section.4}{\376\377\004\027\004\060\004\072\004\073\004\116\004\107\004\065\004\075\004\070\004\065}{}% 20
\BOOKMARK [1][-]{section.5}{\376\377\004\041\004\077\004\070\004\101\004\076\004\072\000\040\004\073\004\070\004\102\004\065\004\100\004\060\004\102\004\103\004\100\004\113}{}% 21
