4-4 8-8 5-5 7-7 0-0 9-9 11-13 1-1 6-6 3-3 2-2 1-0 13-15 12-14
3-1 17-18 1-3 11-11 7-7 16-16 4-2 12-12 8-8 13-13 5-5 14-14 9-9 0-3 2-0 1-4 10-10 6-6 15-15
9-10 5-5 10-11 3-1 0-3 2-0 1-4 4-2 11-12 8-9 6-6 1-3 7-8
0-0 2-10 9-6 4-12 5-1 6-4 10-7 12-9 7-2 1-0 11-8 8-5 3-11
6-2 8-14 15-8 0-0 14-7 2-10 4-12 5-1 7-13 9-15 13-6 1-0 12-5 11-4 3-11
13-8 6-15 4-13 12-7 0-0 5-14 1-1 7-16 11-6 9-5 14-9 10-3 1-0 8-2 3-11
1-2 9-3 3-1 8-7 5-4 3-0 0-2 7-6
6-2 14-8 0-4 16-10 13-7 3-1 9-12 2-0 1-4 7-3 10-13 12-6 11-15 15-9 17-5 8-11
15-11 17-7 10-1 6-4 8-0 0-6 14-10 16-12 13-9 3-3 2-2 1-6 7-5 9-1 12-8
13-8 10-5 12-7 6-11 0-0 1-1 3-10 11-6 2-9 8-3 7-12 9-4
4-4 5-5 7-7 0-0 8-7 1-1 3-3 2-2 6-6
18-20 4-6 5-7 14-16 0-2 10-9 1-3 19-21 15-11 6-8 20-22 2-4 11-13 16-12 18-18 12-14 3-5 9-0 8-1 17-10 13-15
21-16 4-3 5-4 23-19 22-17 8-6 15-11 6-5 24-20 18-13 9-7 19-14 2-1 10-8 16-12 15-10 3-2 20-15 0-0
9-10 13-14 14-8 6-5 4-3 0-0 8-7 1-1 5-4 7-6 12-12 15-9 3-2 11-11
1-2 9-3 5-8 4-9 6-4 2-3 8-6 1-0 7-5
14-14 11-13 6-8 4-6 8-10 5-7 7-9 10-12 2-2 1-0 9-11 1-3 3-5 15-15
0-1 1-2 3-4 0-0 2-3 6-7 4-5 5-6 7-8
9-10 1-2 2-3 6-7 4-5 3-3 8-9 5-6 7-8 3-5
0-1 4-4 9-10 1-2 0-0 6-7 4-5 3-3 8-9 5-6 7-8
0-1 8-8 1-2 3-4 2-3 6-7 4-5 5-6
0-1 1-2 3-4 7-7 2-3 4-5 5-6
0-1 9-10 1-2 0-0 6-7 4-5 3-3 8-9 5-6 7-8
0-1 4-4 9-10 1-2 0-0 6-7 4-5 3-3 8-9 5-6 7-8
4-4 8-8 5-5 7-7 0-0 1-1 3-3 2-2 6-6
4-4 8-8 5-5 7-7 0-0 1-1 3-3 2-2 6-6
4-10 7-4 5-11 0-0 1-1 9-6 10-7 3-9 2-2 11-8 6-3 8-5
18-17 2-2 19-18 11-11 7-7 16-16 3-3 12-12 20-19 21-21 8-8 13-13 4-4 5-5 14-14 0-0 9-9 1-1 17-19 10-10 6-6 15-15
4-4 8-8 5-5 7-7 0-0 9-9 1-1 3-3 2-2 6-6
7-4 0-0 3-7 1-1 9-6 4-8 2-2 5-9 6-3 8-5
7-4 3-8 0-0 4-9 1-1 9-6 10-7 5-10 2-2 6-3 8-5
7-4 0-0 3-7 1-1 9-6 4-8 2-2 5-9 6-3 8-5
4-4 5-5 0-0 1-1 3-3 2-2 6-6
1-5 3-7 2-3 8-13 6-10 4-8 5-9 7-11
4-4 5-5 7-7 0-0 1-1 3-3 2-2 6-6
2-1 6-8 4-6 8-10 5-7 7-9 1-0 3-11
4-4 8-8 5-5 7-7 0-0 0-2 6-6 1-3
2-1 6-8 4-6 8-10 5-7 7-9 1-0 9-11 3-12
4-4 8-8 5-5 7-7 0-0 0-2 6-6 1-3
0-0 1-1 4-6 6-8 5-7 7-9 3-3 2-2 1-0
0-1 9-10 10-11 3-4 0-0 1-1 2-3 6-7 4-5 8-9 11-12 5-6 7-8
0-1 9-10 3-4 0-0 1-1 2-3 6-7 4-5 8-9 5-6 7-8
3-4 0-0 1-1 4-5 5-6 1-0
4-4 5-5 7-7 0-0 1-1 6-6 3-3 2-2 1-0
3-4 0-0 4-3 1-1 6-7 4-5 8-9 5-6 2-2 1-0 7-8
9-10 3-4 0-0 4-3 1-1 6-7 8-9 5-6 2-2 1-0 7-8
4-4 8-8 5-5 7-7 0-0 1-1 6-6 3-3 2-2 1-0
4-4 8-8 5-5 7-7 0-0 1-1 6-6 3-3 2-2 1-0
4-4 8-8 5-5 7-7 0-0 9-9 1-1 6-6 10-10 3-3 12-12 2-2 1-0 11-11
4-4 5-5 7-7 0-0 1-1 6-6 3-3 2-2 1-0
4-4 5-5 7-7 0-0 1-1 6-6 3-3 2-2 1-0
3-4 7-7 0-0 11-13 1-1 8-10 12-3 4-5 5-6 10-12 2-2 9-11 6-9
8-8 3-4 7-7 0-0 11-13 1-1 13-3 4-5 5-6 6-10 2-2 9-11 10-12 12-14
4-4 8-8 5-5 7-7 0-0 1-1 6-6 3-3 2-2 1-0
4-4 8-8 5-5 7-7 0-0 1-1 6-6 3-3 2-2 1-0
4-4 5-5 7-7 0-0 1-1 6-6 3-3 2-2 1-0
4-4 8-8 5-5 7-7 0-0 9-9 1-1 10-10 3-3 2-2 6-6
10-11 6-5 0-0 1-1 12-13 5-7 11-12 8-3 7-6 5-6 2-2 9-4
8-4 10-8 0-0 1-1 11-9 3-10 7-3 6-13 2-2 4-11 9-7 5-12
4-4 9-10 10-11 6-5 0-0 5-8 1-1 3-3 7-6 8-9 2-2
14-14 10-8 0-0 1-1 8-10 6-4 13-13 4-5 12-12 2-2 5-3 14-15 11-11
0-1 4-4 2-4 6-5 8-7 17-16 5-3 13-10 19-13 7-6 9-8 18-15 1-0 16-14 15-12
12-4 8-8 13-5 1-2 0-0 9-9 14-15 10-10 15-16 7-6 2-2 5-3 3-2 4-1
1-2 8-4 14-12 0-0 17-16 15-13 16-14 9-5 10-10 7-6 13-9 17-15 2-2 5-3 3-2 4-1 11-11
7-4 8-8 0-0 9-9 1-1 3-10 4-5 2-2 6-3
9-10 10-11 8-4 0-0 1-1 4-6 5-7 7-3 2-2 3-5
8-8 7-7 9-3 0-0 15-14 10-4 1-1 4-6 14-10 11-11 13-9 12-12 2-2 3-5
7-4 8-8 15-11 0-0 9-9 11-13 1-1 4-6 14-10 5-7 12-14 2-2 13-15 6-3 10-12 3-5
3-4 9-19 0-0 11-13 1-1 19-20 20-23 2-3 6-7 4-5 12-14 14-9 5-6 15-16 16-21 13-2 17-22 7-8
16-16 15-15 10-13 3-0 13-19 6-7 4-5 0-2 17-22 5-6 8-12 11-17 12-18 7-11 1-3 9-4
4-4 9-10 11-1 5-5 10-11 0-0 6-6 3-3 8-9 2-2 1-0
9-10 10-11 0-0 6-6 5-7 4-5 3-3 8-9 2-2 1-0 7-8
13-14 9-7 10-11 2-1 7-5 4-1 0-3 12-13 11-12 6-10 8-6 5-9 3-2 1-3
11-10 6-5 0-0 8-7 5-4 0-2 7-6 9-8 10-9 12-11 1-3
1-12 11-10 6-5 4-3 3-1 8-7 5-4 15-17 2-0 16-19 0-12 7-6 9-8 10-9 12-11 15-18 14-12
7-4 1-2 10-9 6-5 11-10 3-1 8-7 3-0 0-2 9-8 5-3
1-2 6-5 9-3 3-1 8-7 5-4 3-0 0-2 7-6
3-4 0-0 6-8 4-6 8-10 5-7 2-3 7-9 1-0 9-11 10-2
8-8 5-5 1-2 7-7 3-0 0-2 6-6 9-4
1-2 2-0 6-7 4-5 0-2 8-9 5-6 7-8 9-4
4-4 0-0 1-1 9-6 3-3 6-10 2-2 7-11 8-5
13-14 2-4 1-2 6-8 4-6 8-10 12-13 5-7 14-15 7-9 15-16 17-19 16-18 9-11 10-12 3-5
2-4 1-2 6-8 4-6 8-10 5-7 7-9 3-5
13-14 2-4 1-2 6-8 4-6 8-10 12-13 5-7 15-17 7-9 11-12 16-18 9-11 14-15 3-5
2-4 1-2 10-11 6-8 4-6 8-10 5-7 7-9 3-5
2-4 1-2 11-13 6-8 4-6 8-10 5-7 7-9 9-11 10-12 3-5
1-2 5-8 11-14 9-12 8-10 10-13 3-6 7-15 2-5 6-9 4-7
11-10 0-0 8-7 1-1 3-0 6-13 7-6 7-12 9-8 2-2 10-9
2-4 1-2 5-8 7-10 2-3 2-6 8-11 6-9 4-7 3-5
2-4 1-2 10-14 14-17 12-15 13-16 6-10 4-8 8-12 5-9 7-11 15-18 3-5
2-4 1-2 6-8 4-6 8-10 5-7 7-9 3-5
2-4 1-2 6-8 4-6 5-7 7-9 3-5
2-4 1-2 6-8 4-6 8-10 5-7 7-9 3-5
7-4 4-3 0-0 2-12 1-0 3-2 9-1 6-9 8-5
0-0 3-1 5-3 4-2 8-6 1-0 7-5 9-7
0-1 8-8 9-10 10-11 7-7 4-3 0-0 5-4 6-6 12-9 11-12 1-0 3-2
6-5 0-0 4-9 8-7 1-1 10-4 9-5 3-3 7-6 2-2 5-12
3-8 0-0 4-9 7-10 1-1 9-12 10-14 13-7 15-4 12-6 11-5 2-2 14-5 8-11
10-5 0-0 7-10 1-1 6-14 4-12 9-4 5-13 11-6 2-9 13-3 12-8 3-11
13-8 4-10 10-5 12-7 0-0 1-1 5-13 11-6 14-3 3-9 2-2 8-15 6-9 9-4
4-10 8-4 10-8 0-0 1-1 6-14 5-13 7-3 3-9 2-2 4-11 9-7
9-13 3-4 0-0 5-8 10-14 1-1 4-6 11-3 8-12 4-5 6-10 2-2 7-11 6-9
7-4 0-0 1-1 9-6 4-12 10-7 12-3 5-13 6-10 2-2 11-8 8-5 3-11
6-12 5-15 7-4 2-2 0-0 1-1 9-6 10-7 12-3 3-13 4-14 11-8 8-5
3-8 0-0 3-7 1-1 7-10 9-15 4-5 2-2 5-3 6-9 8-11
1-2 3-4 0-0 1-1 2-3 4-5 5-6 6-10
0-0 1-1 4-6 6-8 5-7 3-3 7-12 2-2 3-5
4-4 8-8 5-5 7-7 0-0 9-9 1-1 13-10 14-10 3-3 2-2 6-6
4-4 8-8 5-5 7-7 0-0 9-9 1-1 13-10 3-3 12-12 2-2 6-6 14-12
0-1 1-2 8-4 2-7 4-6 6-10 7-8 5-9 3-5
1-2 3-4 0-0 1-1 2-3 6-7 4-5 5-6 7-8
4-4 8-8 5-5 7-7 0-0 9-9 1-1 10-10 3-3 2-2 6-6
0-1 8-8 5-5 3-4 7-7 9-9 6-6 13-13 10-10 12-12 2-2 1-0 11-11
0-1 9-10 10-11 3-4 11-12 6-7 4-5 8-9 5-6 2-2 1-0 7-8
4-4 8-8 5-5 7-7 0-0 9-9 10-10 3-3 2-2 6-6 11-11
0-1 4-3 10-14 11-13 11-12 6-7 12-14 8-9 5-6 2-2 1-0 7-8 9-4
0-1 3-4 6-8 4-6 8-10 5-7 7-9 4-5 2-2 1-0 9-11
0-1 9-10 3-4 6-7 4-5 8-9 5-6 2-2 1-0 7-8
0-1 9-10 10-11 2-2 4-3 5-4 11-12 6-7 8-9 3-6 1-0 7-8
0-1 3-4 9-9 6-7 4-5 5-6 2-2 1-0 7-8
6-12 9-10 7-7 0-0 6-9 14-17 13-16 10-13 4-5 0-2 5-6 12-15 11-14 1-3
3-4 14-13 2-2 1-0 17-18 16-16 18-10 4-5 5-6 0-1 17-17 10-11 11-19 6-7 12-14 9-9 13-12 7-8 15-15
0-1 3-4 9-9 6-7 4-5 10-10 5-6 2-2 1-0 7-8
0-1 4-4 8-8 5-5 3-4 7-7 4-3 10-9 11-10 6-6 2-2 1-0
0-1 4-4 8-8 5-5 2-2 7-7 9-9 10-10 3-6 1-0 11-11
0-1 14-14 3-4 11-10 9-9 13-13 6-7 4-5 12-12 15-16 5-6 2-2 1-0 16-11 7-8
0-1 3-4 2-3 6-7 4-5 7-9 5-6 1-0
0-1 3-4 9-9 6-7 4-5 10-10 5-6 2-2 1-0 7-8
26-27 5-4 4-6 20-20 29-29 23-22 8-9 2-2 1-0 27-25 11-11 30-30 24-23 3-3 12-12 31-31 0-1 9-10 17-17 13-13 6-7 15-16 16-15 25-24 18-18 14-14 22-21 19-19 28-28 7-8
0-1 9-10 10-11 3-4 6-7 4-5 8-9 5-6 2-2 1-0 7-8
3-8 2-7 1-5 0-0 4-9 6-11 1-4 8-13 0-2 5-10 7-12 9-14
0-1 3-4 11-13 16-17 8-10 6-7 4-5 12-14 15-16 5-6 2-2 1-0 9-11 13-15 10-12 7-8
4-4 5-5 7-7 11-10 0-0 3-9 9-8 13-12 6-6 12-11 1-3 15-15
7-4 3-8 2-7 0-0 4-9 9-6 10-1 1-0 6-3 8-5 5-2
3-4 2-2 11-11 7-7 16-16 4-5 12-12 5-3 0-1 8-8 13-13 14-14 0-0 9-9 1-1 10-10 6-6 16-17 15-15
0-1 8-8 14-14 3-4 7-7 0-0 9-9 1-1 16-17 6-6 13-13 10-10 4-5 12-12 2-2 5-3 11-11 15-15
3-8 2-7 0-0 4-9 6-11 9-3 10-4 5-10 12-6 7-12 11-5
0-0 4-5 0-2 5-6 1-3
0-0 5-8 1-1 3-6 2-5 4-7
0-0 3-7 1-1 1-4 3-6 4-8 2-2 5-9 1-3
10-5 8-17 0-0 13-7 9-4 1-1 2-10 4-12 6-14 5-13 11-6 12-9 14-3 7-15 3-11
0-0 6-7 4-5 0-2 5-9 1-3
4-10 6-18 11-7 14-14 0-0 17-16 9-4 1-1 5-17 7-19 16-15 3-9 10-6 12-5 15-12 8-21 13-11 2-8
12-11 2-4 11-10 0-0 3-1 9-9 10-7 4-5 6-13 8-6 3-2 1-3 5-12 7-14
9-10 10-11 8-7 0-3 1-4 3-0 7-9 6-6 2-5 4-1 5-2
4-10 1-2 0-4 5-11 6-5 8-7 2-3 7-6 3-9 9-8
2-1 6-5 4-3 0-0 8-7 5-4 10-9 7-6 9-8 1-0 3-2
2-1 6-5 4-3 0-0 9-9 5-4 11-11 10-10 8-6 1-0 3-2 7-8
8-8 2-1 7-7 0-0 9-9 6-4 10-10 4-5 5-6 3-2 11-11
2-1 6-5 4-3 0-0 9-9 5-4 11-11 10-10 8-6 1-0 3-2 7-8
8-8 2-1 7-7 0-0 9-9 6-4 10-10 4-5 5-6 1-0 3-2 11-11
2-1 6-5 4-3 0-0 8-7 5-4 10-9 7-6 9-8 1-0 3-2
12-11 14-14 2-1 6-5 4-3 0-0 8-7 5-4 11-10 7-6 9-8 13-12 10-9 3-2
2-1 6-5 4-3 0-0 9-9 5-4 11-11 10-10 8-6 1-0 3-2 7-8
8-8 17-17 2-1 7-7 0-0 9-9 15-14 6-4 10-10 4-5 14-13 16-15 5-6 1-0 3-2 11-11
1-2 3-14 13-4 0-0 9-9 1-1 11-11 2-3 4-15 6-7 5-16 10-10 15-6 14-5 7-8
7-4 0-0 5-8 1-1 8-5 3-6 2-2 6-3 4-7
2-1 6-5 4-3 0-0 8-7 5-4 7-6 9-8 10-9 3-2
2-1 6-5 4-3 0-0 5-4 7-6 1-0 3-2
2-1 6-5 4-3 0-0 5-4 7-6 1-0 3-2
2-1 6-5 4-3 0-0 10-8 5-4 12-10 11-9 13-7 7-6 1-0 3-2 9-7 8-11
2-1 6-5 4-3 0-0 10-8 5-4 12-10 11-9 13-7 7-6 1-0 3-2 9-7 8-11
2-1 6-5 4-3 0-0 10-8 5-4 12-10 11-9 13-7 7-6 1-0 3-2 9-7 8-11
2-1 6-5 4-3 0-0 5-4 7-6 1-0 3-2
3-4 0-0 1-1 2-3 4-5 6-6 7-8 5-2
3-4 0-0 1-1 2-3 4-5 8-9 6-6 7-8 5-2
3-4 0-0 1-1 6-8 4-2 2-3 7-9 5-6
0-1 9-10 13-14 10-11 6-5 5-4 16-17 12-13 18-19 11-12 15-16 3-3 8-9 2-2 1-0 17-18 14-15 7-8
0-1 9-10 10-11 6-5 14-17 5-4 12-13 11-12 3-3 8-9 2-2 1-0 15-18 7-8
1-2 3-4 0-0 2-3 6-7 5-6 7-8 4-1 3-5
0-1 4-4 5-5 7-7 6-6 3-3 2-2 1-0
0-1 4-4 5-5 7-7 6-6 3-3 2-2 1-0
0-1 4-4 8-8 5-5 7-7 6-6 3-3 2-2 1-0
0-1 5-5 8-4 14-14 4-3 3-10 6-4 13-13 12-12 3-9 10-6 2-2 1-0 11-11 15-15
0-1 4-10 17-17 5-5 8-4 14-14 16-16 4-3 3-10 6-4 13-13 12-12 3-9 10-6 2-2 1-0 11-11 15-15
0-1 2-4 9-13 10-7 4-5 3-3 12-6 6-10 9-14 8-12 5-9 11-8 7-11
0-0 1-1 4-6 3-3 2-2 3-5
9-16 8-14 12-11 3-4 0-0 1-1 9-15 7-9 14-13 5-6 4-8 2-2 13-12 9-17 6-3 6-9
0-1 8-8 5-5 3-4 7-7 4-3 9-9 6-6 2-2 1-0
0-1 4-4 0-0 3-3 2-6 3-5
4-4 2-1 7-7 0-0 3-3 5-2
2-1 3-4 0-0 7-7 6-6 5-7 4-5 5-3
4-4 0-0 1-1 3-3 2-2
4-4 5-5 0-0 1-1 8-10 10-7 12-9 3-3 2-2 6-6 9-11 11-8
9-10 3-4 0-0 1-1 6-7 4-5 8-9 5-6 2-2 7-8
4-4 11-10 6-5 0-0 10-8 1-1 8-10 3-3 7-6 2-2 9-7
7-4 0-0 5-8 9-9 1-1 10-10 4-5 12-12 3-6 2-2 6-3 11-11
4-4 6-5 0-0 8-7 1-1 3-3 7-6 9-8 2-2
4-4 6-5 0-0 8-7 1-1 3-3 7-6 9-8 2-2
4-4 6-5 0-0 8-7 1-1 3-3 7-6 9-8 2-2 10-9
4-4 13-8 5-5 0-0 8-7 11-13 1-1 15-10 3-3 7-6 14-9 2-2 9-11 10-12
0-1 9-10 1-2 6-5 3-7 5-4 2-3 7-9 4-8
0-1 1-2 3-4 7-7 2-3 4-5 5-6
0-1 8-8 1-2 3-4 2-3 6-7 4-5 5-6
0-1 8-8 1-2 3-4 2-3 6-7 4-5 5-6
4-3 0-0 1-1 6-7 5-6 2-2 3-5
4-3 0-0 1-1 6-7 5-6 7-8 2-2 3-5
4-3 0-0 1-1 6-7 5-6 7-8 2-2 3-5
4-3 0-0 1-1 6-7 5-6 7-8 2-2 3-5
1-2 3-4 0-0 1-1 2-3 6-7 4-5 8-9 5-6 7-8
4-4 8-8 5-5 7-7 0-0 9-9 1-1 3-3 2-2 6-6
4-4 8-8 5-5 7-7 0-0 9-9 0-2 6-6 1-3
0-1 4-4 9-10 5-5 6-7 3-3 8-9 2-2 7-8
6-12 9-10 8-14 10-11 12-4 5-8 11-0 3-7 7-13 4-8 0-5
9-10 8-14 10-11 14-8 2-1 3-4 0-0 13-7 6-6 11-12 4-5 15-6 5-3 12-14 15-15
8-8 5-5 7-7 11-10 0-0 9-9 1-1 6-4 13-12 10-9 12-11 3-5
4-4 5-5 2-1 7-7 0-0 6-6 3-3 1-0
4-4 9-10 10-11 2-1 0-0 11-11 13-13 6-7 3-3 8-9 5-6 12-12 7-8
4-4 9-10 13-14 10-11 2-1 0-0 11-11 6-7 3-3 8-9 5-6 12-12 7-8
2-1 0-0 6-11 3-10 8-13 3-3 7-12 5-6 9-14
4-4 8-8 5-5 2-1 7-7 0-0 10-9 3-3 6-6
4-4 8-8 5-5 2-1 7-7 0-0 3-3 6-6
3-4 0-0 1-1 2-3 6-7 4-5 5-6
8-8 3-4 0-0 1-1 2-3 6-7 4-5 5-6
10-5 0-0 1-1 4-12 2-3 6-7 8-9 5-6 7-8
1-2 3-4 0-0 1-1 2-3 4-5
1-2 3-4 0-0 2-3 6-7 4-5 5-6 7-8
9-10 1-2 3-4 0-0 2-3 6-7 4-5 8-9 5-6 7-8
7-4 0-0 1-1 9-6 10-7 5-10 4-8 2-2 5-9 6-3 8-5
11-7 8-14 3-4 0-0 7-10 1-1 4-6 4-2 6-17 2-3 8-13 10-16 13-9 6-16 8-12 12-8
3-4 7-20 14-7 9-14 1-3 19-21 10-15 15-8 7-19 4-5 5-12 1-2 2-1 11-16 8-20 16-9 7-18 0-0 17-10 19-13 8-19 13-6 18-11
4-4 8-8 5-5 7-7 10-9 0-0 15-14 17-16 18-16 11-9 12-13 13-13 3-3 16-15 2-2 6-6
8-8 5-5 7-7 4-3 0-0 9-9 2-2 6-6
9-10 4-3 0-0 6-7 8-9 5-6 2-2 7-8
0-0 6-7 4-5 3-3 8-9 5-6 2-2 7-8
7-4 5-8 0-0 9-6 8-5 4-8 2-2 6-3 4-7
7-4 5-8 0-0 9-6 8-5 2-2 6-3 4-7
4-4 5-5 7-7 10-9 0-0 3-3 9-8 2-2 6-6
4-4 5-5 7-7 10-9 0-0 3-3 9-8 2-2 6-6
4-4 8-8 5-5 7-7 0-0 9-9 13-13 2-3 10-10 3-3 12-12 6-6 3-2 14-15 11-11
4-4 9-10 10-11 2-1 7-5 0-0 5-8 12-13 11-12 8-6 1-0 3-2 6-9
2-4 0-0 1-1 2-3 3-5
9-10 10-11 2-1 6-5 4-3 0-0 8-7 5-4 12-13 7-9 11-12 3-2
13-14 2-1 6-5 4-3 0-0 5-4 17-18 12-13 11-6 15-16 9-8 8-12 10-9 3-2 7-11 14-15 16-17
13-14 10-11 2-1 6-5 4-3 0-0 5-4 8-10 12-13 7-9 11-12 3-2 9-7
13-14 2-1 6-5 4-3 0-0 5-4 8-10 10-7 12-13 7-9 11-12 15-16 9-11 3-2 14-15
2-1 6-5 4-3 0-0 8-7 5-4 9-9 7-6 3-2
4-4 2-1 6-5 0-0 8-7 3-3 7-6 9-8 14-12 13-11 5-2
2-1 6-5 4-3 0-0 10-8 5-4 7-6 3-2 9-7
4-4 11-7 2-1 0-0 8-10 9-5 13-9 3-3 10-6 12-8 5-2
4-4 13-8 10-5 12-7 2-1 0-0 8-10 11-6 3-3 14-9 9-11 5-2
4-4 5-5 12-7 10-8 0-0 7-10 11-9 3-3 2-2 6-6
4-4 8-8 5-5 7-7 0-0 9-9 2-3 2-2 6-6
0-0 5-8 3-7 1-4 8-9 2-5 4-7
0-0 3-7 6-8 1-4 5-10 2-5 4-7
12-11 2-1 6-5 4-3 0-0 8-7 5-4 11-13 7-6 9-8 10-9 3-2
12-11 2-1 6-5 4-3 0-0 8-7 5-4 11-13 7-6 9-8 10-9 3-2
2-1 0-0 3-1 6-4 4-2 3-9 8-6 5-3 7-5
0-0 3-1 6-4 4-2 3-9 8-6 5-3 7-5
0-0 3-1 6-4 4-2 3-9 8-6 5-3 7-5
6-12 15-5 5-5 9-13 3-4 11-16 0-0 10-14 12-7 4-2 2-3 7-6 14-9 8-15 4-1 13-11
15-5 5-5 9-13 3-4 11-16 0-0 10-14 12-7 4-2 2-3 7-6 14-9 8-12 4-1 13-11
7-4 2-1 14-11 4-3 0-0 5-4 9-6 13-10 10-7 12-9 8-3 1-0 3-2 11-8
2-4 0-0 1-1 2-3 3-5
7-4 3-8 0-0 9-6 8-5 2-2 6-3 4-7
4-4 5-5 7-7 0-0 8-7 3-3 2-2 6-6
4-4 0-0 8-10 6-7 3-3 5-6 2-2 7-8
4-4 9-10 0-0 10-13 6-7 3-3 8-9 5-6 2-2 7-8
4-4 9-10 0-0 10-13 11-11 6-7 12-14 3-3 8-9 5-6 2-2 7-8
4-4 5-5 0-0 8-10 10-13 7-9 3-3 2-2 6-6 9-11 12-14
4-4 8-8 9-10 5-5 7-7 0-0 3-3 2-2 6-6 11-11
4-4 10-11 0-0 8-10 6-7 3-3 5-6 2-2 7-8
1-2 3-4 0-0 2-3 6-7 4-5 5-6 7-8
4-4 5-5 10-8 0-0 16-13 1-1 13-10 12-9 6-7 3-3 3-6 18-15 15-12 9-7 17-14 14-11
0-0 12-10 3-7 1-1 6-8 18-16 15-13 4-5 3-3 5-6 9-8 17-15 10-9 16-14 9-7 13-11 14-12
4-4 5-5 0-0 8-7 1-1 3-3 7-6 2-2 6-6
2-1 6-5 4-3 0-0 8-7 5-4 7-6 3-2
4-4 5-5 0-0 8-7 1-1 3-3 7-6 2-2 6-6
4-4 9-10 5-5 0-0 8-7 9-9 1-1 11-12 3-3 7-6 9-8 2-2
0-1 8-8 1-2 3-4 7-7 9-9 2-3 4-5 6-6
0-1 1-2 3-4 2-3 4-5 6-6 9-7
0-1 1-2 5-5 3-4 8-7 2-3 7-6 9-8 10-9 11-11
0-1 1-2 3-4 11-10 13-13 2-3 6-7 4-5 5-6 9-8 10-9 12-11
4-4 6-5 0-0 1-1 3-3 7-6 2-2 7-5
0-1 4-4 1-2 5-5 2-3 6-6
2-4 0-3 4-6 5-7 0-2 8-9 7-8 1-0 3-5
4-4 5-5 0-0 8-7 1-1 3-3 7-6 2-2 6-6
0-1 1-2 5-5 3-4 2-3 4-5 6-6
4-4 0-0 1-1 3-3 2-2
2-4 0-3 4-6 5-7 0-2 1-0 3-5
3-4 0-0 6-7 4-5 5-6 2-2 1-0
1-1 2-2 0-0
4-4 5-5 0-0 6-6 3-3 2-2 1-0
4-4 5-5 7-7 0-0 6-6 3-3 2-2 1-0
4-4 8-8 5-5 7-7 0-0 6-6 3-3 2-2 1-0
3-4 0-0 2-3 6-7 4-5 8-9 5-6 1-0 9-1 7-8
4-4 5-5 7-7 0-0 6-6 3-3 2-2 1-0
4-4 5-5 7-7 0-0 6-6 3-3 2-2 1-0
4-4 8-8 5-5 2-1 7-7 0-0 9-9 6-6 1-0 3-2
4-4 8-8 5-5 7-7 0-0 6-6 3-3 2-2 1-0
2-1 6-5 4-3 0-0 8-7 5-4 7-6 9-8 1-0 3-2
4-4 8-8 5-5 7-7 0-0 6-6 3-3 2-2 1-0
2-4 0-0 1-1 2-3 3-5
9-10 10-11 0-0 6-8 5-7 11-12 4-5 3-3 8-9 12-6 2-2 1-0
2-1 6-5 4-3 0-0 5-4 7-6 1-0 3-2
2-1 6-5 4-3 0-0 8-7 5-4 7-6 1-0 3-2
2-1 6-5 4-3 0-0 8-7 5-4 7-6 1-0 3-2
4-4 8-8 5-5 7-7 0-0 6-6 3-3 2-2 1-0
3-4 0-0 6-7 4-5 8-9 5-6 2-2 1-0 7-8
10-8 0-0 3-1 5-3 2-0 6-4 4-2 8-6 1-0 7-5 9-7
0-1 15-14 4-3 6-7 14-13 8-9 16-15 5-6 7-8 2-2 1-0 13-12 12-11 13-11 3-5
0-1 9-10 6-8 4-6 5-7 7-9 3-3 1-0 2-5
0-1 4-4 5-5 7-7 13-17 2-10 6-6 10-13 2-9 3-3 12-15 1-0 9-11 11-14 14-12
4-3 9-8 2-2 10-9 1-0 15-14 3-6 14-12 0-1 11-10 7-3 16-15 12-11 3-5 8-7 17-16 19-13 13-12 6-3
6-8 4-6 8-10 5-7 7-9 3-3 1-0 3-5
1-0 2-4 3-5
0-1 3-8 14-14 4-3 9-6 7-3 13-13 10-10 12-12 3-9 2-2 1-0 6-3 8-5 11-11
0-1 12-11 10-9 11-10 8-7 4-6 3-3 9-8 2-2 6-6 7-5
0-1 3-8 3-7 5-3 7-10 9-12 10-13 4-5 2-2 1-0 6-9 8-11
0-1 4-9 7-10 9-12 6-4 10-13 3-3 5-6 4-8 2-2 1-0 8-11
0-1 4-4 3-8 1-2 10-9 6-5 11-10 3-7 2-3 13-12 1-0 12-11 8-5
0-1 4-4 3-8 1-2 10-9 6-5 11-10 3-7 2-3 14-13 13-12 1-0 12-11 8-5
0-1 7-4 2-2 14-11 4-3 16-13 3-7 18-15 13-10 19-16 12-9 3-6 1-0 11-8 15-12 17-14 9-4
0-1 17-17 3-8 14-14 16-16 4-3 9-9 3-7 13-13 10-10 12-12 2-2 1-0 7-5 11-11 15-15
0-1 4-4 9-10 6-7 3-3 8-9 5-6 2-2 7-8
0-1 9-10 5-4 4-6 6-7 3-3 8-9 2-2 7-8
4-4 5-5 9-13 10-11 0-0 3-1 12-10 9-15 11-12 6-7 5-6 2-2 1-3 7-8
20-23 8-12 11-14 2-5 16-19 21-6 4-8 12-15 21-24 5-9 0-1 2-4 17-20 13-16 6-10 18-21 3-5 14-17 2-3 19-22 7-11 15-18
20-14 5-4 14-10 9-5 10-6 1-0 7-4 4-2 21-15 22-16 0-1 11-7 18-12 12-8 8-4 0-0 2-3 19-13 13-9 16-11
0-1 9-10 3-4 15-14 17-16 11-11 2-3 6-7 4-5 8-9 14-13 5-6 13-12 16-15 1-0 7-8
0-1 9-10 3-4 2-3 6-7 4-5 8-9 5-6 1-0 7-8
0-1 3-4 0-0 2-3 6-7 4-5 5-6 1-0
4-4 3-4 10-9 0-0 11-10 1-1 6-7 4-5 8-3 5-6 7-2 9-8 1-0 13-12 12-11
4-4 8-8 5-5 14-14 7-7 11-10 0-0 9-9 1-1 13-13 3-3 2-2 6-6 15-15
8-8 5-5 14-14 2-1 3-4 0-0 7-7 9-9 16-16 6-6 4-2 13-13 10-10 1-0 12-11 15-15
2-1 6-5 4-3 0-0 8-7 5-4 11-9 15-13 7-6 9-8 1-0 3-2 13-11 14-12
4-4 8-8 5-5 7-7 10-9 0-0 9-9 11-10 1-1 3-3 2-2 6-6
1-1 2-2 0-0
4-4 8-8 5-5 7-7 10-9 0-0 9-9 1-1 13-10 10-10 3-3 2-2 6-6
4-10 6-2 11-7 8-4 2-1 0-0 1-1 7-3 9-5 3-9 10-6 12-8
9-10 10-11 3-4 0-0 1-1 13-13 2-3 6-7 4-5 8-9 11-12 5-6 14-13 7-8
2-4 0-0 1-1 4-6 6-8 5-7 7-3 3-5
3-4 6-5 0-0 8-7 10-9 11-10 14-1 13-3 7-6 9-8 12-2 1-0 3-5
2-1 9-3 0-0 10-4 1-1 4-6 5-6 11-5 8-2
9-10 0-0 1-1 6-7 4-5 3-3 8-9 5-6 2-2 11-4 7-8
1-1 2-2 0-0
13-8 7-4 10-5 9-13 12-7 0-0 6-11 1-1 3-10 11-6 8-12 3-3 14-9 2-2 4-11 7-11
13-14 4-13 11-10 0-0 8-7 1-1 7-3 3-6 9-8 2-2 10-9 12-11 14-15 3-5
4-4 8-8 14-14 0-0 9-9 3-7 1-1 6-4 7-3 13-13 10-10 12-12 3-6 2-2 11-11
1-2 3-4 0-0 1-1 2-3 6-7 4-5 5-6 7-2
0-1 3-4 0-0 4-3 6-8 8-10 5-7 7-9 2-2 1-0 3-5
3-4 0-0 4-3 1-1 6-8 8-10 5-7 7-9 2-2 9-11 3-5
1-1 2-2 0-0
1-1 3-3 2-2 0-0
4-3 0-0 1-1 6-8 8-10 5-7 7-9 2-2 9-11 3-5
3-4 0-0 4-3 1-1 6-8 8-10 5-7 7-9 2-2 9-11 3-5
3-4 0-0 4-3 1-1 6-8 8-10 5-7 7-9 2-2 9-11 3-5
1-1 3-3 2-2 0-0
11-1 8-8 2-4 5-5 10-11 7-7 4-3 0-0 9-9 6-6 1-0 3-2
9-10 10-11 0-0 1-1 4-6 6-7 4-5 8-9 2-12 5-3 3-2 7-8
9-10 10-11 3-4 0-0 1-1 2-3 6-7 4-5 8-9 11-12 5-6 7-8
0-0 4-3 1-1 6-8 8-10 5-7 7-9 3-6 2-2 9-11 3-5
2-4 0-0 4-6 5-7 6-3 3-5
3-4 2-7 0-0 1-1 4-6 6-8 8-10 7-9 4-5 5-3 9-11 3-2
0-0 1-1 4-6 5-4 2-3 3-5
0-0 4-3 1-1 6-8 8-10 5-7 7-9 3-6 2-2 9-11 3-5
4-4 0-0 1-1 6-8 5-7 3-3 2-2
0-1 4-4 6-8 4-6 8-10 5-7 7-9 2-2 1-0 9-11
2-3 1-1 3-4 0-0
0-1 3-4 2-3 6-7 4-5 5-6 1-0 7-8
1-1 2-2 0-0
1-1 2-2 0-0
0-1 4-4 8-8 5-5 7-7 9-9 6-6 3-3 2-2 1-0
2-3 1-2 3-4 0-0
0-0 11-13 1-1 5-4 6-8 8-10 7-9 4-5 3-3 2-2 9-11 10-12 4-7
1-2 3-4 0-0 1-1 2-3
0-0 11-13 1-1 5-4 6-8 8-10 7-9 4-5 3-3 2-2 9-11 10-12 4-7
0-1 4-4 8-8 5-5 7-7 6-6 3-3 2-2 1-0
13-4 9-13 7-7 0-0 6-11 12-15 1-1 10-13 2-3 5-10 8-12 11-14 3-5
8-4 4-3 0-0 1-1 9-6 2-2 3-5
0-0 5-8 3-7 1-4 2-5 4-7
4-4 5-5 7-7 0-0 0-2 6-6 1-3
0-0 10-14 7-10 1-1 4-6 9-12 2-3 6-7 8-11 5-9 11-4 3-5
0-0 3-7 1-4 4-8 5-9 2-5 4-7
0-1 3-4 0-0 1-1 8-10 2-3 6-7 4-5 7-9 12-12 5-6 9-11
1-2 3-4 0-0 1-1 2-3
0-1 4-4 5-5 7-7 6-6 3-3 2-2 1-0
4-4 5-5 7-7 0-0 0-2 6-6 1-3
0-0 10-14 7-10 1-1 4-6 9-12 2-3 6-7 8-11 5-9 11-4 3-5
0-1 4-4 8-8 5-5 7-7 6-6 3-3 2-2 1-0
0-0 1-1 4-6 6-8 5-7 2-3 7-9 8-11 3-5 9-4
4-4 5-5 7-7 0-0 0-2 6-6 1-3
0-0 10-14 7-10 1-1 4-6 9-12 2-3 6-7 8-11 5-9 11-4 3-5
0-0 5-8 7-10 1-1 12-15 10-12 2-2 8-11 11-14 6-9 4-7 3-5
18-23 26-33 23-28 2-2 11-11 27-31 7-7 20-16 3-3 14-15 8-8 15-16 16-21 25-30 12-14 4-4 5-5 22-27 0-0 9-9 1-1 17-22 10-10 19-25 13-12 6-6 28-34
2-1 6-5 4-3 0-0 8-7 5-4 10-9 11-10 7-6 9-8 1-0 3-2
2-1 6-5 4-3 0-0 8-7 5-4 10-9 11-10 7-6 9-8 1-0 3-2
2-1 6-5 4-3 0-0 8-7 5-4 7-6 1-0 3-2
4-4 8-8 5-5 7-7 10-9 0-0 13-10 12-13 3-3 2-2 6-6 15-12 14-11
4-4 8-8 5-5 7-7 10-9 0-0 13-10 15-9 3-3 2-2 6-6 14-12 14-11
4-4 5-5 7-7 0-0 3-3 2-2 6-6
4-4 5-5 7-7 0-0 3-3 2-2 6-6
4-4 8-8 5-5 7-7 10-9 0-0 9-9 3-3 2-2 6-6
4-4 13-8 5-5 7-7 10-9 0-0 11-10 3-3 9-8 2-2 6-6 12-11
4-4 5-5 7-7 0-0 3-3 2-2 6-6
4-4 5-5 0-0 3-3 2-2 6-6
2-1 6-5 4-3 0-0 8-7 5-4 7-6 9-8 1-0 3-2
4-4 5-5 0-0 6-1 3-3 2-2 1-0
3-4 0-0 1-1 2-3 6-7 4-5 7-9 5-6 8-2
4-4 5-5 7-7 0-0 1-1 6-6 3-3 2-2 1-0
6-5 4-3 0-0 8-1 5-4 2-0 7-6 1-0 3-2
6-5 4-3 0-0 8-1 5-4 2-0 7-6 1-0 3-2
2-1 6-5 0-0 4-3 5-4 2-0 7-6 1-0 3-2
4-4 8-8 5-5 7-7 0-0 1-1 3-3 2-2 6-6
4-4 8-8 5-5 7-7 0-0 9-9 1-1 3-3 2-2 6-6
4-4 8-8 5-5 7-7 0-0 9-9 1-1 3-3 2-2 6-6
3-4 10-8 0-0 12-10 1-1 11-9 6-4 15-13 8-6 2-2 1-0 7-5 6-3 9-7 13-11 14-12
3-4 10-8 0-0 15-12 16-13 1-1 5-4 11-9 13-10 18-15 8-6 2-2 1-0 7-5 6-3 9-7 17-14 14-11
3-4 10-8 0-0 15-12 16-13 1-1 13-10 11-9 18-15 8-6 2-2 1-0 7-5 6-3 9-7 17-14 14-11
0-0 4-3 11-13 1-1 6-8 8-10 5-7 7-9 12-14 3-6 2-2 9-11 10-12 3-5
11-10 0-0 4-3 8-7 1-1 3-6 9-8 2-2 10-9 12-11 3-5
11-10 0-0 4-3 8-7 1-1 12-12 3-6 9-8 2-2 10-9 3-5
4-4 8-8 5-5 7-7 0-0 1-1 3-3 2-2 6-6
4-4 13-14 5-5 7-7 0-0 1-1 15-17 12-13 16-9 11-12 3-3 9-8 2-2 6-6 14-15
4-4 13-14 5-5 7-7 0-0 1-1 15-17 12-13 16-9 11-12 3-3 9-8 2-2 6-6 14-15
4-4 5-5 10-11 7-7 0-0 11-13 1-1 11-12 15-10 3-3 14-9 9-8 16-15 2-2 6-6 11-14
3-4 10-8 0-0 1-1 5-4 6-4 8-6 2-2 7-5 6-3 9-7
8-8 6-2 3-4 7-7 0-0 9-9 15-12 1-1 18-16 2-3 10-10 4-5 17-12 11-15 5-6 12-11 11-14
6-2 8-4 0-0 3-7 1-1 14-10 5-7 7-3 12-9 9-5 13-13 10-6 13-12 11-8
8-4 0-0 3-7 1-1 14-10 5-7 7-3 12-9 9-5 13-13 10-6 13-12 11-8
1-1 4-6 6-8 5-7 7-9 2-2 3-5
1-1 4-6 6-8 8-10 5-7 7-9 2-2 3-5
1-1 4-6 6-8 5-7 7-9 2-2 3-5
1-1 4-6 6-8 8-10 5-7 7-9 2-2 3-5
1-2 2-1 0-0 5-8 4-7 3-5
1-1 4-6 6-8 8-10 5-7 2-3 7-9 2-2 3-5
4-4 5-5 0-0 3-3 2-2 6-6
4-4 5-5 0-0 3-3 2-2 6-6
4-4 5-5 0-0 3-3 2-2 6-6
4-4 5-5 0-0 3-3 2-2 6-6
4-4 5-5 0-0 3-3 2-2 6-6
4-4 5-5 7-7 0-0 3-3 2-2 6-6
4-4 5-5 7-7 0-0 3-3 2-2 6-6
4-4 5-5 7-7 0-0 3-3 2-2 6-6
4-4 5-5 7-7 0-0 3-3 2-2 6-6
4-4 5-5 7-7 0-0 3-3 2-2 6-6
4-4 5-5 7-7 0-0 3-3 2-2 6-6
4-4 5-5 7-7 0-0 3-3 2-2 6-6
4-4 5-5 7-7 0-0 3-3 2-2 6-6
4-4 5-5 7-7 0-0 3-3 2-2 6-6
2-1 6-5 4-3 0-0 8-7 5-4 7-6 3-2 2-11
4-4 5-5 7-7 0-0 3-3 2-2 6-6
4-4 5-5 7-7 0-0 3-3 2-2 6-6
4-4 5-5 7-7 0-0 3-3 2-2 6-6
4-4 5-5 7-7 0-0 3-3 2-2 6-6
4-4 8-8 5-5 7-7 0-0 3-3 2-2 6-6
4-4 5-5 0-0 1-1 3-3 2-2 6-6
4-4 8-8 5-5 7-7 0-0 1-1 3-3 2-2 6-6
8-8 5-5 3-4 7-7 4-3 0-0 1-1 2-2 6-6
3-4 0-0 1-1 6-8 5-7 4-5 3-3 7-6 2-2
7-4 5-8 0-0 1-1 9-6 10-7 4-8 2-2 6-3 8-5
0-0 1-1 5-4 3-6 2-5 4-7
4-10 6-5 0-0 8-7 1-1 5-4 7-6 3-9 9-8 10-3
4-4 0-0 1-1 3-3 2-2
4-4 0-0 1-1 3-3 2-2
4-4 5-5 0-0 1-1 3-3 2-2
0-0 5-8 3-6 2-2 1-0 6-9 4-7
9-13 0-0 10-14 3-3 11-15 6-10 2-18 8-12 1-0 5-9 7-11 4-7
9-13 0-0 2-16 3-3 6-10 8-12 1-0 5-9 7-11 4-7
9-10 10-11 0-0 6-7 4-5 3-3 8-9 2-2 1-0 7-8
0-0 1-1 6-7 4-5 3-3 8-9 5-6 10-10 2-2 1-0 12-12 13-11 7-8
8-8 3-4 0-0 9-9 1-1 2-3 6-7 4-5 5-6
4-4 8-8 5-5 7-7 11-10 0-0 9-9 1-1 6-6 10-10 3-3 2-2 1-0 12-11
0-0 3-7 1-1 6-4 4-8 8-6 5-3 7-5
4-4 5-5 7-7 16-16 0-0 1-1 6-6 12-9 10-10 15-16 3-3 12-12 9-8 2-2 1-0 11-11 15-15
4-4 5-5 0-0 3-3 2-2 6-6
4-4 8-8 5-5 7-7 0-0 6-6 3-3 2-2 1-0
4-4 5-5 0-0 3-3 2-2 6-6
4-4 8-8 5-5 7-7 0-0 6-6 3-3 2-2 1-0
4-4 8-8 5-5 7-7 0-0 6-6 3-3 2-2 1-0
2-1 6-5 4-3 0-0 8-7 5-4 7-6 9-8 1-0 3-2
0-0 6-8 4-6 5-7 2-2 3-5 9-4
0-0 6-8 4-6 5-7 2-2 3-5 9-4
1-2 3-4 0-0 2-3 4-5 5-6
4-4 5-5 0-0 3-3 2-2 6-6
1-2 3-4 0-0 2-3 4-5 5-6
1-2 3-4 0-0 2-3 4-5 5-6
18-17 14-13 2-2 19-18 7-7 15-14 3-3 20-19 23-21 8-8 11-10 16-15 24-22 12-11 4-4 21-20 5-5 0-0 9-9 17-16 1-1 13-12 6-6
4-4 8-8 5-5 7-7 11-10 0-0 9-9 1-1 3-3 2-2 6-6 12-11
4-4 8-8 5-5 7-7 11-10 0-0 9-9 1-1 3-3 2-2 6-6 12-11
12-11 2-1 6-5 4-3 0-0 8-7 5-4 10-9 11-10 7-6 9-8 1-0 3-2
4-4 5-5 7-7 10-9 0-0 11-10 1-1 3-3 9-8 2-2 6-6 12-11
1-2 3-4 0-0 2-3 6-7 4-5 5-6 7-8
4-4 5-5 7-7 0-0 12-10 1-1 6-6 11-9 3-3 9-8 2-2 1-0 13-11 14-12
14-14 0-0 1-1 4-6 6-8 16-17 5-7 13-13 7-9 3-3 12-12 2-2 1-0 11-11
5-5 0-0 3-9 2-6 4-8 1-3
0-0 5-8 6-11 1-1 13-16 14-16 8-13 7-12 3-6 9-14 2-2 4-7
13-17 0-0 5-8 6-11 1-1 12-16 14-18 15-20 8-13 7-12 3-6 9-14 2-2 1-0 11-15 4-7 15-15
6-12 15-21 8-14 12-17 5-11 11-16 0-0 1-1 13-18 7-13 9-15 14-19 3-6 4-8 2-2
6-12 10-15 8-14 12-17 5-11 11-16 0-0 1-1 13-18 14-20 7-13 3-6 4-8 2-2
6-12 10-15 8-14 12-17 5-11 11-16 0-0 1-1 13-18 14-20 7-13 3-6 4-8 2-2
4-4 8-8 5-5 7-7 11-10 0-0 9-9 1-1 3-3 2-2 6-6
5-5 0-0 3-10 2-6 4-8 1-3
12-16 4-6 8-9 1-0 19-21 2-11 7-4 13-17 16-19 20-22 14-18 22-25 8-8 9-13 10-14 3-5 5-2 21-23 0-0 23-26 1-1 11-15 6-3
7-5 0-0 6-8 3-10 2-6 4-11 1-3 5-12
4-4 8-8 5-5 18-17 7-7 0-0 9-9 17-16 1-1 18-10 6-6 15-13 3-3 2-2 1-0 16-14 13-11 14-12
5-5 0-0 3-10 2-6 4-8 1-3
4-4 8-8 5-5 18-17 7-7 11-10 0-0 9-9 17-10 1-1 6-6 15-13 10-10 3-3 2-2 1-0 16-14 14-12
7-5 17-12 22-26 8-18 1-0 11-23 18-13 4-2 4-8 3-6 5-9 12-24 19-14 9-19 6-10 13-25 21-17 20-15 0-0 1-1 10-22
20-11 18-20 22-23 9-14 1-0 10-15 15-17 4-2 21-12 4-8 3-6 11-16 6-4 16-18 0-0 1-1 17-19 8-13 7-5
6-12 7-17 4-9 5-10 8-18 19-15 2-5 15-23 20-16 4-8 3-6 14-21 9-19 10-20 16-24 0-0 1-1 2-3 17-25
18-23 1-0 9-11 2-5 10-12 19-24 15-20 3-6 11-13 13-16 16-21 4-7 0-0 5-8 14-17 1-1 8-10 2-3 17-22 6-9
7-7 4-3 1-11 0-0 5-4 8-9 2-12 6-6 3-2
4-4 5-5 0-0 3-3 2-2 6-6 7-8
4-4 3-2 2-1 0-0
2-1 4-3 0-0 5-4 3-2
4-4 5-5 7-7 0-0 3-3 2-2 6-6
2-1 4-3 0-0 5-4 3-2
1-1 2-2 0-0
4-4 10-8 0-0 12-10 11-9 3-3 8-6 2-2 7-5 9-7 13-11
4-4 8-8 9-16 5-5 13-14 7-7 0-0 17-16 11-12 15-10 3-3 14-9 2-2 6-6 16-11
1-2 3-4 0-0 2-3 6-7 4-5 5-6 7-8
3-8 9-13 1-1 0-3 8-12 0-2 4-5 6-10 2-2 5-9 7-11
1-1 2-2 0-0
3-4 0-0 6-7 4-5 0-2 5-6 1-3
4-4 8-8 5-5 7-7 11-10 9-9 1-1 13-13 3-3 12-12 2-2 6-6 14-11
3-8 1-2 6-5 0-0 4-9 8-7 5-4 2-3 7-6
0-0 1-1 6-7 4-5 3-3 8-9 5-6 2-2 1-0 7-8
4-4 5-5 7-7 0-0 1-1 6-6 3-3 2-2 1-0
4-4 5-5 7-7 0-0 1-1 6-6 3-3 2-2 1-0
4-4 8-8 5-5 7-7 0-0 1-1 6-6 3-3 2-2 1-0
0-0 5-8 1-1 3-6 2-2 1-0 6-9 4-7
2-4 0-0 1-1 4-6 5-7 6-3 3-5
3-4 0-0 4-3 1-1 6-8 8-10 5-7 7-9 3-6 2-2 1-0 9-11
2-4 3-4 6-5 0-0 11-13 1-1 4-6 8-10 5-7 12-9 2-3 1-0 9-11 10-12 7-8
9-10 0-0 1-1 6-7 4-5 3-3 8-9 5-6 2-2 1-0 7-8
9-10 0-0 1-1 6-7 4-5 3-3 8-9 5-6 2-2 1-0 7-8
4-4 8-8 5-5 7-7 0-0 1-1 3-3 2-2 6-6
9-10 0-0 1-1 6-7 4-5 3-3 8-9 5-6 2-2 1-0 7-8
8-8 0-0 11-14 7-10 1-1 10-13 2-3 12-12 3-6 1-0 9-11 2-5 6-9 4-7
4-4 8-8 5-5 7-7 0-0 9-9 1-1 3-3 2-2 6-6
2-4 0-0 1-1 2-3 3-5
4-4 5-5 7-7 2-10 6-6 3-3 1-0
4-3 1-1 3-2 0-0
8-8 5-5 14-14 2-1 3-4 0-0 7-7 9-9 11-10 6-6 4-2 13-13 1-0 15-15
0-1 2-4 6-8 4-6 5-7 1-0 3-5
2-4 0-0 1-1 2-3 3-5
2-4 0-0 1-1 2-3 3-5
1-1 2-4 3-5 0-0
3-4 0-0 1-1 2-3 4-5 2-2
0-2 17-21 8-12 2-2 16-19 18-16 5-6 4-8 9-13 10-14 13-16 6-10 3-5 0-0 14-17 1-1 11-15 7-11 15-18
4-6 14-13 9-8 2-2 10-9 1-0 13-11 15-14 3-3 0-1 11-10 16-15 18-18 12-11 20-12 8-7 19-19 6-6 7-5
6-5 4-3 3-1 9-9 5-4 0-2 7-6 2-2
1-2 3-4 0-0 1-1 2-3
0-1 9-10 5-4 4-6 6-7 8-9 7-8 2-2 1-0 3-5
0-1 3-4 6-7 4-5 5-6 2-2 1-0 9-11 7-8
2-3 1-1 3-4 0-0
3-4 1-1 4-6 6-8 8-10 5-7 2-3 7-9 0-2 9-11 13-15 11-14 10-12 12-14
2-4 0-0 1-1 2-3 3-5
0-1 4-4 6-5 8-7 5-3 7-6 9-8 1-10 1-0 3-2 2-11
2-4 0-0 1-1 2-3 3-5
2-4 0-0 1-1 2-3 3-5
2-4 0-0 1-1 2-3 3-5
2-4 0-0 1-1 2-3 3-5
0-1 11-14 6-8 4-6 8-10 12-13 5-7 7-9 3-3 11-15 1-0 9-11 13-15 2-5 10-12
0-1 3-4 2-3 6-7 4-5 5-6 1-0 7-8
0-1 4-4 2-4 6-5 8-7 5-3 5-1 7-6 9-8 1-0
0-1 4-4 2-4 6-5 8-7 5-3 7-6 9-8 1-0
6-8 4-6 5-7 7-9 3-3 1-0 3-5
0-1 4-4 2-4 6-5 8-7 5-3 7-6 9-8 1-0
0-1 4-4 2-4 6-5 8-7 5-3 7-6 9-8 1-0
0-1 3-8 3-7 5-3 7-10 9-12 4-5 8-11 2-2 1-0 6-9 3-5
0-1 3-8 3-7 5-3 7-10 9-12 8-11 2-2 1-0 6-9 3-5
0-1 3-8 9-13 10-14 5-3 4-6 8-12 3-9 6-10 2-2 1-0 7-11
0-3 5-1 1-4 3-6 2-5 4-7
0-3 5-1 1-4 3-6 2-5 4-7
1-2 3-4 0-0 1-1 2-3
2-3 1-2 3-4 0-0
2-3 1-2 3-4 0-0
0-3 1-4 3-6 2-5 4-1
0-3 1-4 3-6 2-5 4-1
0-3 1-4 3-6 2-5 4-1
2-3 1-1 3-4 0-0
2-3 1-1 3-4 0-0
2-3 1-1 3-4 0-0
2-3 1-1 3-4 0-0
2-3 1-1 3-4 0-0
4-0 0-3 1-4 6-7 5-6 2-5 7-8
1-2 3-4 0-0 1-1 2-3
0-1 1-2 2-3 3-4
0-1 4-4 8-8 5-5 9-10 7-7 10-11 6-6 3-3 2-2 1-0 9-11
4-4 5-5 9-13 7-7 0-0 1-1 3-3 2-2 6-6
2-3 1-1 3-4 0-0
0-1 3-4 6-7 4-5 8-9 5-6 2-2 1-0 7-8
0-1 3-4 6-7 4-5 8-9 5-6 2-2 1-0 7-8
1-2 3-4 0-0 1-1 2-3
0-1 2-4 4-6 2-3 1-0 3-5
0-1 4-4 8-8 5-5 7-7 6-6 3-3 2-2 1-0
0-1 2-4 4-6 5-7 2-3 1-0 3-5
0-1 4-4 8-8 5-5 7-7 9-9 6-6 3-3 2-2 1-0
0-1 10-9 6-5 11-10 8-7 5-3 7-6 9-8 1-0 12-11
0-1 10-9 6-5 11-10 8-7 5-3 7-6 9-8 1-0 12-11
0-1 7-4 6-5 10-8 12-10 11-9 4-5 8-6 2-2 1-0 9-7
0-1 7-4 6-5 10-8 12-10 11-9 4-5 8-6 2-2 1-0 9-7
3-1 6-8 4-6 8-10 15-17 5-7 14-16 7-9 3-3 1-0 9-11 2-5 10-12
2-4 0-0 1-1 2-3 3-5
4-4 2-4 6-5 8-7 5-3 5-1 7-6 9-8 1-0
4-4 0-0 1-1 3-3 2-2
2-4 0-0 1-1 2-3 3-5
2-3 1-1 3-4 0-0
2-3 1-1 3-4 0-0
2-3 1-1 3-4 0-0
1-2 3-4 0-0 1-1 2-3 6-7 4-5 5-6
6-8 4-6 8-10 5-7 7-9 3-3 2-2 1-0 3-5
2-4 6-8 4-6 8-10 5-7 7-9 3-3 2-2 1-0 3-5
0-1 11-13 6-8 8-10 7-9 4-5 3-3 5-6 2-2 1-0 9-11 10-12
9-10 4-3 6-7 4-5 8-9 5-6 2-2 1-0 7-8
4-4 6-7 4-5 3-3 8-9 2-12 5-6 1-0 7-8
4-4 6-7 4-5 3-3 8-9 2-12 5-6 1-0 7-8
1-2 3-4 0-0 1-1 2-3
4-4 5-5 7-7 0-0 3-3 2-2 6-6
4-4 5-5 7-7 0-0 3-3 2-2 6-6
4-4 5-5 7-7 0-0 3-3 2-2 6-6
4-4 5-5 0-0 3-3 2-2 6-6
4-4 5-5 7-7 0-0 3-3 2-2 6-6
4-4 8-8 5-5 7-7 0-0 3-3 2-2 6-6
4-4 5-5 7-7 0-0 3-3 8-9 2-2 6-6
4-4 5-5 7-7 0-0 3-3 2-2 6-6
4-4 5-5 0-0 3-3 2-2 6-6
4-4 5-5 7-7 0-0 3-3 9-8 2-2 6-6
4-4 5-5 7-7 0-0 3-3 9-8 2-2 6-6
4-4 5-5 0-0 3-3 2-2 6-6
2-1 6-5 4-3 0-0 8-7 5-4 10-8 7-6 9-8 3-2
4-4 0-0 5-4 3-3 2-2
4-4 0-0 5-4 3-3 2-2
4-5 3-3 2-2 0-0
1-1 2-2 0-0
4-5 3-3 2-2 0-0
4-5 3-3 2-2 0-0
5-5 2-1 4-3 0-0 3-2
2-3 0-0
2-3 0-0
4-4 5-5 0-0 3-3 2-2 6-6
4-4 5-5 7-7 0-0 3-3 2-2 6-6
4-4 0-0 6-7 4-5 3-3 5-6 2-2
4-4 0-0 6-7 3-3 5-6 2-2 7-8
4-4 0-0 6-7 3-3 5-6 2-2 7-8
4-10 3-8 0-0 6-4 10-7 8-6 2-2 5-3 7-5 9-7
4-4 5-5 7-7 0-0 8-7 3-3 2-2 6-6
4-4 5-5 0-0 8-7 3-3 2-2 6-6
4-4 5-5 7-7 0-0 8-7 3-3 2-2 6-6
4-4 6-5 0-0 3-3 7-6 2-2
2-1 0-0 6-8 5-7 7-9 4-5 3-2
22-15 4-3 0-0 16-13 9-6 10-7 19-16 12-9 15-16 17-12 6-10 6-0 11-8 20-18 21-17 8-5 18-14
0-1 1-2 2-3 3-6 4-7 3-5
4-4 5-5 10-11 10-9 0-0 8-7 11-13 3-3 9-8 2-2 6-6 10-12
3-4 0-0 16-13 13-10 12-9 2-3 4-5 5-6 8-6 2-2 11-8 15-12 9-7 17-14 14-11
15-11 8-4 2-1 7-5 4-3 0-0 10-4 11-3 14-10 16-12 13-9 3-2 12-8
7-4 0-0 9-6 5-7 8-5 4-8 2-2 6-3 4-7
4-4 5-5 0-0 8-7 3-3 2-2 6-6
4-4 9-10 5-5 10-11 0-0 3-3 8-9 2-2 7-8
4-4 8-8 5-5 7-7 0-0 3-3 2-2 6-6
4-4 8-8 5-5 10-11 7-7 0-0 9-9 3-3 2-2 6-6
10-5 3-4 0-0 6-8 4-6 8-10 5-7 2-3 7-9 2-2 9-11
4-4 8-8 5-5 7-7 0-0 3-1 9-9 2-3 6-6 3-2
2-1 3-4 0-0 5-8 11-13 4-6 8-10 7-9 6-7 9-11 3-2 10-12 12-14
4-4 8-8 5-5 7-7 0-0 3-1 9-9 11-13 6-6 2-3 10-10 11-12 1-0 3-2
3-4 0-0 1-1 2-3 4-5 5-6
3-4 0-0 2-3 4-5 2-2
4-4 5-5 7-7 0-0 3-3 9-8 2-2 6-6
0-1 4-4 8-8 5-5 7-7 10-9 6-6 3-3 2-2 1-0
4-4 8-8 5-5 7-7 10-9 6-6 3-3 2-2 1-0 11-11
3-4 10-8 12-10 5-4 11-9 13-9 8-6 2-2 1-0 7-5 6-3 9-7
0-1 4-4 7-7 10-9 11-10 5-7 14-13 3-3 9-8 8-6 2-2 1-0 13-12 12-11 15-12
0-1 4-4 9-10 10-11 14-14 12-13 11-12 6-7 3-3 8-9 5-6 2-2 1-0 7-8
0-1 4-4 8-8 5-5 7-7 0-0 9-9 6-6 3-3 2-2 1-0
4-4 5-5 7-7 10-9 11-10 6-6 14-13 3-3 9-8 13-12 2-2 1-0 12-11
4-4 8-8 5-5 7-7 1-1 6-6 10-10 3-3 9-8 2-2 1-0
0-1 4-4 8-8 5-5 7-7 10-9 11-10 6-6 3-3 9-8 2-2 1-0 12-11
0-1 4-4 8-8 5-5 7-7 9-9 6-6 10-10 3-3 2-2 1-0
0-1 4-4 5-5 7-7 0-0 6-6 3-3 2-2 1-0
10-8 4-3 17-16 5-4 11-9 15-13 17-6 3-3 2-2 1-0 16-14 9-7 13-11 14-12
6-4 3-3 8-6 2-2 1-0 7-5 9-7 11-8
0-1 4-4 5-5 9-13 7-7 0-0 1-1 6-6 11-9 3-3 2-2 1-0
0-1 13-10 11-9 6-4 3-3 8-6 2-2 1-0 7-5 9-7 12-8
0-1 10-8 0-0 12-10 13-10 11-9 6-4 3-3 8-6 2-2 1-0 7-5 9-7 14-11
0-1 4-4 8-8 17-17 7-7 6-5 9-9 18-15 15-13 10-10 3-3 5-6 2-2 1-0 15-12 12-14 14-11
0-1 4-4 9-10 5-5 10-11 7-7 12-13 11-12 3-3 8-9 2-2 1-0
4-4 8-8 5-5 12-10 11-9 3-3 2-2 1-0 13-11 14-12
4-4 8-8 17-17 5-5 14-14 7-7 9-9 13-13 10-10 3-3 12-12 2-2 1-0 19-15 11-11
10-9 6-5 4-3 8-7 5-4 7-6 9-8 2-2 1-0
6-5 4-3 0-0 8-7 5-4 7-6 9-8 2-2 1-0
0-1 4-4 8-8 14-14 2-2 9-9 3-7 6-4 7-3 13-13 10-10 12-12 3-6 1-0 11-11 15-15
8-8 7-7 0-0 9-9 1-1 5-3 6-6 4-2 1-0 3-5
8-8 7-7 0-0 9-9 1-1 5-3 6-6 4-2 1-0 3-5
0-1 4-4 5-5 7-7 10-9 6-6 3-3 9-8 2-2 1-0
10-9 6-5 4-3 0-0 8-7 5-4 11-12 7-6 2-12 9-8 1-0 3-2
0-4 10-8 3-1 12-10 11-9 5-1 8-6 1-0 2-5 9-7 13-11
8-8 7-7 9-9 4-2 2-3 10-10 12-12 2-6 1-0 11-11
2-4 4-6 0-2 1-3 3-5
2-4 4-6 0-2 1-3 3-5
3-4 2-3 6-7 4-5 0-2 8-9 5-6 1-0 7-8
6-5 4-3 0-0 5-4 1-7 7-6 3-9 2-8
2-4 0-0 4-6 0-2 1-3 3-5
2-4 0-0 6-8 4-6 5-7 0-2 1-3 3-5
2-4 0-0 6-8 4-6 5-7 0-2 1-3 3-5
0-1 4-4 8-8 5-5 9-10 7-7 10-11 0-0 1-1 3-3 2-2 6-6
4-4 0-0 4-3 1-1 6-8 8-10 5-7 7-9 3-6 2-2
0-1 1-2 2-3 4-4
0-1 1-2 3-4 2-3 4-5
0-1 1-2 2-3 4-4
0-1 1-2 3-4 2-3 4-5
0-1 1-2 3-4 2-3 4-5 6-6
0-1 1-2 3-4 2-3 4-5
0-1 1-2 3-4 2-3 4-5 5-6
6-8 0-3 4-6 8-10 5-7 7-9 1-0 3-5
4-4 10-8 12-10 0-3 11-9 8-6 1-0 7-5 9-7 13-11 14-12
0-1 4-4 1-2 3-4 6-5 8-7 2-3 10-10 7-6 9-8
0-1 4-4 1-2 5-5 2-3
0-1 1-2 3-4 11-13 8-10 12-13 2-3 6-7 4-5 7-9 5-6 9-11 10-12
0-1 1-2 3-4 11-13 8-10 12-13 2-3 6-7 4-5 7-9 5-6 9-11 10-12
0-1 1-2 3-4 2-3 6-7 4-5 5-6
0-1 1-2 3-4 2-3 4-5 5-6
0-1 1-2 3-4 7-7 2-3 4-5 6-6
0-1 1-2 3-4 2-3 4-5
0-1 1-2 3-4 2-3 4-5 5-6
0-1 1-2 3-4 4-6 2-3 4-5 5-6
0-1 1-2 3-4 2-3 4-5 6-6
0-1 1-2 5-5 3-4 5-7 2-3 4-5
0-1 1-2 2-3 4-4
0-1 4-4 1-2 3-4 2-3
0-1 4-4 1-2 3-4 2-3
4-4 5-5 14-14 7-7 10-9 0-0 8-7 11-10 1-1 13-13 3-3 12-12 9-8 2-2 6-6 17-18 16-17 15-15
6-5 4-3 0-0 8-7 1-1 5-4 7-6 2-2 3-5
6-5 4-3 0-0 8-7 1-1 5-4 7-6 2-2
4-4 7-7 0-0 1-1 8-9 7-8 2-2 9-7 3-5
4-4 0-0 1-1 2-2 5-3
2-1 4-3 0-0 6-4 5-3 3-2 8-5
1-0 3-3 2-1 4-2
8-8 5-5 2-1 7-7 0-0 9-9 6-6 4-2 14-13 13-12 1-0 12-11
3-4 1-1 4-6 6-8 8-10 5-7 2-3 7-9 2-2 9-11
0-1 5-5 10-9 11-10 8-7 4-2 7-6 9-8 13-12 1-0 12-11
0-1 4-4 8-8 9-10 10-11 11-9 6-7 3-3 2-2 1-0 7-5
1-1 2-2 0-0
6-5 4-3 3-1 0-0 5-4 2-0 3-2
1-1 2-2 0-0
0-1 4-6 6-4 5-7 7-3 2-2 1-0 3-5
0-1 2-2 9-12 5-7 7-3 10-13 8-11 6-10 3-6 1-0 11-14 3-5
0-1 12-17 2-2 11-16 5-7 7-3 9-15 10-13 8-11 6-10 3-6 1-0 3-5
0-1 2-2 9-12 5-7 7-3 10-13 8-11 6-10 3-6 1-0 11-14 3-5
3-8 4-0 5-5 2-7 1-6 4-1
1-4 3-6 5-3 2-5 4-1
0-1 6-8 4-6 1-4 5-7 7-9 3-3 2-5
0-1 2-4 6-8 4-6 5-7 7-9 0-2 1-3 3-5
0-1 6-8 4-6 8-10 1-4 5-7 7-9 3-3 2-5
0-1 6-8 4-6 8-10 1-4 5-7 7-9 3-3 9-11 2-5
0-1 4-4 9-10 10-11 6-7 3-3 8-9 5-6 2-2 7-8
0-0 4-3 1-1 6-8 8-10 5-7 7-9 3-6 2-2 9-11 10-12 3-5
0-0 4-3 11-13 1-1 6-8 8-10 5-7 7-9 3-6 2-2 9-11 10-12 3-5
0-0 4-3 1-1 6-8 8-10 5-7 7-9 3-6 2-2 9-11 10-12 3-5
0-1 4-4 9-10 10-11 13-14 5-4 6-8 12-13 11-12 6-7 3-3 7-6 8-9 2-2 1-0 7-5 14-15
10-8 0-0 4-9 1-1 6-4 8-6 2-2 5-3 7-5 9-7
10-8 0-0 4-9 1-1 6-4 8-6 2-2 5-3 7-5 9-7
10-8 0-0 4-9 1-1 6-4 8-6 2-2 5-3 7-5 9-7
0-0 1-1 3-10 6-4 4-8 2-2 5-3 8-6 7-5 9-7 3-11
0-0 1-1 3-10 6-4 4-8 2-2 5-3 8-6 7-5 9-7 3-11
0-1 4-4 5-5 7-7 6-6 3-3 2-2 1-0
0-1 4-4 5-5 7-7 6-6 3-3 2-2 1-0
0-1 4-4 5-5 7-7 6-6 3-3 2-2 1-0
2-1 0-0 15-4 12-16 6-8 9-12 8-10 15-17 5-7 10-13 7-9 14-6 3-3 12-15 11-14 13-5 8-11
1-2 0-0 5-8 7-10 1-4 2-5 6-9 4-7 8-11
0-0 5-8 3-7 1-4 2-5 4-7
0-0 5-8 3-7 1-4 8-9 4-8 2-5 4-7 7-8
0-0 5-8 3-7 1-4 8-9 4-8 2-5 4-7 7-8
0-0 8-10 1-4 6-7 2-5 7-8
0-0 5-8 3-7 1-4 2-5 4-7
1-2 3-4 0-0 1-1 2-3
4-4 9-10 2-1 0-0 6-7 3-3 8-9 5-6 3-2 7-8
1-2 3-4 0-0 1-1 2-3 4-5
4-4 2-1 0-0 15-4 12-16 6-8 9-12 8-10 15-17 5-7 10-13 7-9 14-6 3-3 12-15 11-14 13-5 8-11
0-0 5-8 1-1 3-3 2-2 4-7
1-1 2-2 0-0
4-10 1-2 0-0 4-9 5-8 7-10 1-4 2-5 6-9 4-7 8-11
0-0 5-8 3-7 1-4 2-5 4-7
6-5 4-3 0-0 1-1 5-4 2-2 3-5
7-4 0-0 1-1 6-7 4-5 3-3 5-6 2-2
16-20 3-4 4-3 9-14 8-12 10-15 16-7 15-9 3-6 9-13 2-1 11-16 13-19 6-10 3-2 12-17 14-8 0-0 13-18 7-11
16-20 3-4 4-3 9-14 8-12 10-15 16-7 15-9 3-6 9-13 2-1 11-16 13-19 6-10 3-2 12-17 14-8 0-0 13-18 7-11
3-7 9-14 2-2 1-0 11-17 6-11 13-20 3-3 14-9 12-18 0-1 13-19 15-10 7-12 16-21 3-5 4-4 9-15 8-13 10-16 16-8
5-8 0-0 1-4 2-5 4-7
0-1 2-1 4-3 5-4 1-0 3-2 6-3
0-1 2-1 4-3 5-4 1-0 3-2 6-3
0-1 2-1 5-4 5-3 9-6 4-2 1-0 8-5
5-8 0-0 1-4 2-5 4-7
5-8 0-0 1-4 2-5 4-7
4-10 1-2 5-11 0-0 1-4 2-5
5-4 17-18 11-11 13-14 3-3 12-12 14-15 8-5 2-1 13-13 7-9 6-7 15-16 4-4 0-0 9-6 17-19 10-10 16-17
4-4 2-1 0-0 15-4 12-16 6-8 9-12 8-10 15-17 5-7 10-13 7-9 14-6 3-3 12-15 11-14 13-5 8-11
2-1 0-0 12-16 13-10 5-7 8-13 3-3 7-12 15-9 15-22 9-17 11-14 6-9 10-18 14-11
10-11 3-4 1-1 4-6 6-8 8-10 5-7 2-3 7-9 11-12 2-2
9-10 3-4 1-1 11-11 2-3 6-7 4-5 8-9 10-10 5-6 2-2 7-8
2-2 11-14 13-17 7-10 15-20 4-5 3-3 12-15 5-9 8-11 0-1 13-16 6-7 0-0 1-1 9-12 10-13 13-18 16-14
9-10 10-11 3-4 1-1 13-13 2-3 6-7 0-2 4-5 8-9 5-6 12-12 2-2 16-14 7-8
1-0 1-1 2-2 0-0
9-13 0-0 4-9 10-14 1-1 2-3 6-7 5-10 8-12 7-11 11-4 3-5
0-1 9-10 0-0 1-1 6-7 3-3 8-9 5-6 2-2 7-8
3-4 1-1 6-8 8-10 5-7 2-3 7-9 4-5 9-11 10-12
3-4 1-1 6-8 8-10 5-7 2-3 7-9 4-5 9-11 10-12
0-1 9-10 10-11 4-3 6-7 8-9 5-6 7-8 2-2 1-0 4-1 3-5
4-4 8-8 5-5 7-7 11-10 9-9 17-16 6-6 16-14 14-13 15-16 3-3 13-12 2-2 1-0 12-11 15-15
0-1 4-4 5-5 7-7 0-0 4-3 1-0 3-2 6-9
17-17 16-16 4-3 0-0 10-14 1-1 11-11 6-7 10-10 8-9 12-12 5-6 14-13 2-2 7-8 15-15
7-4 5-5 0-0 1-1 3-6 2-2 6-3 4-7
4-4 2-1 6-5 0-0 8-7 9-9 3-3 7-6 9-8 10-9 5-2
4-4 2-1 6-5 0-0 3-3 7-6 5-2
2-3 1-1 3-4 0-0
4-4 2-1 6-5 0-0 8-7 9-5 3-3 7-6 1-0 5-2
4-4 2-1 0-0 8-7 9-5 3-3 7-6 1-0 5-2
2-1 3-4 0-0 5-3 4-5 1-0
0-0 1-1 6-4 2-3 6-7 4-5 5-6
9-10 2-4 11-13 1-1 0-3 4-6 6-8 5-7 7-9 0-2 12-11 10-12 3-5
9-10 3-4 2-1 0-0 4-2 6-7 4-5 8-9 5-6 7-8 1-0 3-5
4-4 8-8 5-5 7-7 10-9 0-0 1-1 3-3 2-2 6-6 11-11
8-8 5-5 2-1 3-4 0-0 7-7 6-6 4-2 1-0
8-8 5-5 2-1 3-4 0-0 7-7 9-9 6-6 4-2 1-0
2-1 0-0 6-8 8-10 4-2 5-7 7-9 3-6 1-0 9-11
13-14 2-1 6-5 4-3 0-0 8-7 9-9 10-10 7-6 12-12 1-0 3-2 11-11
15-14 0-0 3-1 8-7 5-4 12-10 2-0 11-9 4-2 7-3 13-13 16-17 17-19 9-8 1-0 14-5
6-5 0-0 8-7 5-4 3-3 7-6 1-0 3-2 9-1
2-1 7-5 0-0 10-8 5-3 6-4 8-6 1-0 3-2 9-7
2-1 6-5 4-3 0-0 8-7 5-4 7-6 9-8 1-0 3-2
9-10 7-4 1-2 10-11 0-0 5-8 1-1 4-6 10-13 2-3 6-7 12-15 10-12 3-5
8-8 5-5 7-7 15-14 0-0 9-9 10-4 11-13 14-17 6-6 13-16 12-15 1-0 4-11 15-18
4-4 8-8 5-5 7-7 0-0 1-1 3-3 2-2 6-6
4-4 8-8 5-5 7-7 0-0 0-2 6-6 1-3
4-4 8-8 5-5 7-7 0-0 0-2 6-6 1-3
4-4 5-5 7-7 0-0 0-2 6-6 1-3
0-0 9-9 1-1 8-12 6-7 4-5 3-3 5-6 2-2 7-11
0-1 0-0 1-1 4-6 6-8 3-3 2-2 5-9 3-5
4-4 5-5 7-7 0-0 0-2 6-6 1-3
4-4 5-5 7-7 0-0 0-2 6-6 1-3
4-4 8-8 5-5 7-7 0-0 9-9 1-1 10-10 3-3 2-2 6-6 11-11
8-8 5-5 0-0 9-9 11-13 1-1 14-17 15-7 3-3 7-6 2-2 13-15 12-14
4-4 9-10 5-5 0-0 1-1 12-13 6-7 3-3 8-9 2-2 10-12 7-8
0-0 8-7 1-1 6-4 13-13 10-10 3-3 7-6 9-8 12-12 2-2 11-11
4-4 8-8 5-5 14-14 7-7 0-0 1-1 13-13 10-10 3-3 2-2 6-6
4-4 8-8 5-5 7-7 0-0 9-9 1-1 10-10 3-3 12-12 2-2 6-6 11-11
9-10 10-11 0-0 4-3 1-1 6-7 8-9 5-6 7-8 2-2 1-0 3-5
2-1 7-5 0-0 10-8 1-1 6-4 4-2 12-9 17-12 8-6 5-3 3-2 9-7 14-11
4-4 5-5 7-7 11-10 0-0 1-1 3-3 9-8 2-2 6-6 12-11
9-10 16-7 13-4 2-1 0-0 1-1 4-2 15-6 5-3 3-2 18-11 17-8 14-5
4-4 13-14 5-5 7-7 0-0 9-9 1-1 16-17 6-6 18-13 11-12 15-16 3-3 2-2 1-0 14-15 8-11
14-14 2-1 6-5 4-3 0-0 8-7 5-4 13-13 7-9 10-10 12-12 1-0 17-11 3-2 15-15
4-4 8-8 5-5 14-14 7-7 0-0 9-9 1-1 6-6 13-13 10-10 17-12 3-3 2-2 1-0 12-11 16-17 15-15
4-4 5-5 7-7 0-0 1-1 6-6 10-10 13-9 3-3 12-12 9-8 2-2 1-0 11-11
4-4 8-8 9-10 5-5 13-14 7-7 0-0 1-1 15-17 12-13 15-16 3-3 2-2 6-6 14-15 11-11
9-10 3-4 0-0 4-3 1-1 6-7 4-5 8-9 5-6 2-2 10-12 7-8
4-3 0-0 1-1 6-7 4-5 8-9 5-6 2-2 7-8
4-4 5-5 7-7 0-0 1-1 3-3 9-8 2-2 6-6
6-5 0-0 8-7 1-1 5-4 3-3 7-6 9-8 2-2
2-4 6-8 4-6 8-10 5-7 7-9 0-2 9-11 1-3 3-5
2-4 0-0 6-8 4-6 8-10 5-7 7-9 1-3 3-5
2-4 0-0 6-8 4-6 5-7 7-9 1-3 3-5
2-4 0-0 6-8 4-6 8-10 5-7 7-9 1-3 3-5
0-1 2-4 0-0 6-8 4-6 8-10 5-7 7-9 0-2 10-12 9-11 1-3 3-5
11-13 1-1 4-6 6-8 8-10 5-7 7-9 12-14 2-2 9-11 10-12 3-5
11-13 1-1 4-6 6-8 8-10 5-7 7-9 12-14 2-2 9-11 10-12 3-5
3-4 0-0 11-13 1-1 4-6 6-8 8-10 5-7 2-3 7-9 2-2 9-11 10-12 12-14
3-4 0-0 11-13 1-1 4-6 6-8 8-10 5-7 2-3 7-9 2-2 9-11 10-12 12-14
7-1 6-5 4-3 0-0 5-4 2-0 1-0 3-2
4-4 8-8 5-5 2-1 7-7 0-0 9-9 19-17 21-19 6-6 15-13 10-10 16-2 3-3 12-12 1-0 20-18 11-11
4-4 8-8 5-5 2-1 7-7 0-0 9-9 15-14 16-16 6-6 10-10 14-13 3-3 13-12 1-0 12-11
4-4 12-11 16-20 17-1 10-9 6-5 0-0 8-7 11-10 16-13 20-17 19-16 7-6 9-8 13-12 21-18 1-0 3-2
4-4 8-8 5-5 7-7 10-9 0-0 6-6 13-13 15-10 3-3 12-12 2-2 1-0 9-1 14-15 11-11
0-0 3-7 5-3 6-4 4-2 8-6 1-0 7-5 9-1
20-11 12-16 8-6 1-0 6-2 13-17 24-20 21-12 22-13 9-7 2-1 10-8 6-4 16-18 0-0 11-9 17-19 7-5 6-3
4-4 8-8 5-5 2-1 7-7 0-0 10-9 11-10 1-1 3-3 13-12 6-6 12-11
4-4 8-8 5-5 7-7 10-9 0-0 1-1 3-3 9-8 2-2 6-6
4-4 5-5 7-7 0-0 8-7 1-1 3-3 2-2 6-6
4-4 5-5 7-7 0-0 1-1 3-3 9-8 2-2 6-6
4-4 8-8 5-5 7-7 0-0 1-1 3-3 9-8 2-2 6-6
4-4 5-5 7-7 0-0 1-1 3-3 9-8 2-2 6-6
4-4 5-5 0-0 8-7 1-1 3-3 2-2 6-6
4-4 5-5 7-7 0-0 8-7 1-1 3-3 2-2 6-6
10-11 6-5 4-3 0-0 8-7 1-1 5-4 12-13 10-10 7-6 9-8 2-2 10-9
25-23 23-34 11-11 28-27 19-30 7-7 6-5 16-19 29-28 5-6 12-15 3-6 20-31 8-8 2-4 1-2 17-20 13-16 32-23 30-29 26-25 32-35 18-21 31-24 0-0 9-9 14-17 21-32 22-33 10-10 27-26 15-18
0-1 9-10 2-4 0-0 1-1 4-6 6-7 8-9 7-8 5-3 3-5
11-23 2-4 1-2 18-23 11-13 15-17 14-16 17-22 6-7 4-5 8-9 12-14 5-6 16-18 13-15 10-12 3-21 7-8
4-4 5-5 7-7 0-0 6-6 3-3 2-2 1-0
0-1 3-4 6-7 4-5 5-6 2-2 1-0 7-8
0-1 3-4 6-7 4-5 8-9 5-6 2-2 1-0 7-8
0-1 9-10 6-7 4-5 3-3 8-9 5-6 2-2 7-8
18-20 5-7 14-16 2-2 9-11 10-12 19-21 6-8 15-17 4-5 3-3 0-1 11-13 7-9 20-6 16-18 12-14 0-0 1-1 8-10 17-19 13-15
0-1 5-5 10-9 11-10 8-7 16-13 13-10 12-3 7-6 9-8 2-2 1-0 15-12 13-5 3-5 14-11
4-4 7-1 0-0 5-8 6-6 3-3 2-2 1-0
3-4 0-0 1-1 9-12 2-3 6-7 4-5 8-9 10-10 5-6 11-2 7-8
0-1 3-4 6-7 4-5 2-2 1-0 5-9
7-4 14-11 0-0 15-12 9-6 13-10 10-7 2-13 12-9 16-1 4-14 1-0 11-8 6-3 3-15 8-5 5-2
0-1 3-4 6-8 8-10 5-7 7-9 4-5 2-2 1-0 9-11
16-20 12-16 21-25 22-26 13-17 3-6 14-18 8-11 2-4 1-2 15-19 18-21 4-7 20-24 23-23 5-8 9-12 10-13 11-15 19-22 24-21 6-9
0-1 4-4 8-8 5-5 10-11 13-14 9-9 6-6 12-13 11-12 10-10 15-16 3-3 2-2 1-0 14-15
7-4 0-0 3-7 2-6 4-8 1-0 9-1 6-3 8-5 5-2
12-1 3-4 10-8 0-0 12-10 11-9 6-4 8-6 2-2 1-0 7-5 9-7
0-1 4-4 3-4 6-7 9-5 3-3 8-9 5-6 2-2 1-0 7-8
