12-11 2-1 6-5 4-3 0-0 8-7 5-4 10-9 11-10 15-14 16-16 14-13 7-6 16-15 9-8 13-12 1-0 3-2
4-4 8-8 5-5 14-14 7-7 4-3 0-0 9-9 1-1 15-17 18-16 10-10 19-19 17-15 6-6 19-18 3-2 11-11
4-4 12-11 5-5 10-9 11-10 4-3 0-0 8-7 1-1 13-13 9-8 6-6 3-2
12-11 2-1 6-5 0-0 8-7 10-9 5-3 11-10 9-8 1-0 3-2 14-12
12-11 2-1 6-5 4-3 0-0 8-7 10-9 11-10 17-16 15-13 16-14 7-6 9-8 17-15 1-0 3-2 14-12
0-1 1-2 8-4 21-16 0-0 5-8 15-13 2-3 10-10 16-14 13-12 3-6 18-15 12-11 6-9 4-7
11-7 6-2 8-4 7-3 9-5 10-6 1-0 4-1 5-2
14-14 10-8 4-3 0-0 12-10 1-1 5-4 11-9 6-4 17-13 16-12 18-16 8-6 2-2 18-15 7-5 9-7 13-11
2-4 17-1 18-1 10-9 11-10 8-7 14-0 19-13 4-5 0-2 7-6 9-8 13-12 6-6 12-11 1-3
0-1 9-10 1-2 10-11 3-4 0-0 2-3 6-7 4-5 8-9 12-12 5-6 7-8
4-4 8-8 5-5 7-7 0-0 8-7 1-1 3-3 2-2 6-6
12-10 8-6 19-15 13-11 16-16 4-2 5-3 14-12 9-7 27-21 10-8 6-4 15-13 24-19 1-1 2-0 11-9 28-22 7-5 25-20 18-14
9-8 2-2 10-9 19-15 13-11 3-3 22-16 14-12 13-10 16-12 13-19 7-6 4-4 23-17 5-5 0-0 8-7 1-1 17-13 18-14
6-5 4-3 0-0 1-1 5-4 13-10 10-7 12-9 14-13 17-12 7-6 18-15 11-8 16-11 18-14
4-4 8-8 5-5 1-2 0-0 9-9 6-7 3-3 8-9 9-8 6-6
9-10 1-2 10-11 3-4 14-14 0-0 13-13 2-3 6-7 4-5 8-9 12-12 5-6 16-15 7-8
1-2 3-4 0-0 2-3 6-7 4-5 5-6 7-8
12-11 3-4 10-8 0-0 12-10 1-1 11-9 6-4 4-5 8-6 2-2 7-5 9-7
4-4 7-4 0-0 1-1 9-6 13-10 10-7 12-9 2-2 5-3 11-8 8-5
4-4 5-5 7-7 10-8 0-0 1-1 3-3 2-2 6-6
4-4 5-5 0-0 1-1 3-3 2-2 9-7
4-4 7-4 0-0 1-1 9-6 13-10 10-7 13-11 12-9 2-2 5-3 11-8 8-5
7-4 0-0 1-1 9-6 13-10 10-7 12-9 2-2 5-3 11-8 8-5
4-4 8-8 5-5 7-7 0-0 1-1 4-5 3-3 2-2 6-6
4-4 8-8 5-5 7-7 0-0 1-1 3-3 2-2 6-6
4-4 8-8 5-5 7-7 0-0 9-9 1-1 10-10 3-3 2-2 6-6 12-11
2-2 11-11 7-7 15-14 18-16 3-3 12-12 20-19 21-18 23-21 9-7 8-8 19-17 13-13 16-15 4-4 5-5 0-0 9-9 1-1 17-19 10-10 6-6
4-4 8-8 5-5 7-7 0-0 9-9 1-1 2-2 6-6
4-4 8-8 5-5 7-7 10-9 0-0 1-1 3-3 2-2 6-6
4-4 8-8 5-5 7-7 11-10 0-0 9-9 1-1 3-3 2-2 6-6
4-4 8-8 5-5 7-7 10-9 0-0 1-1 3-3 2-2 6-6
5-5 0-0 1-1 3-3 2-2 6-6
9-13 6-5 4-3 0-0 11-13 5-4 1-8 12-13 10-13 0-6 8-12 7-11
4-4 5-5 7-7 0-0 1-1 3-3 2-2 6-6
4-4 5-11 11-10 6-5 0-0 8-7 1-1 3-3 7-6 9-8 2-2 10-9
4-4 8-8 5-5 7-7 0-0 1-1 3-3 2-2 6-6
4-4 11-10 6-5 0-0 8-7 1-1 3-3 7-6 9-8 2-2 10-9 12-11 5-12
4-4 8-8 5-5 7-7 0-0 1-1 3-3 2-2 6-6
0-1 1-2 3-4 0-0 2-3 6-7 4-5 8-9 5-6 7-8
0-1 9-10 1-2 10-11 3-4 0-0 2-3 11-12 4-5 8-9 5-6
0-1 9-10 1-2 10-11 3-4 0-0 2-3 4-5 8-9 5-6 7-8
4-4 1-2 5-5 2-3 6-6
0-1 1-2 3-4 0-0 6-8 2-3 6-7 4-5 5-6
0-1 1-2 3-4 0-0 8-10 2-3 6-7 4-5 8-9 5-6 7-8
0-1 9-10 1-2 3-4 0-0 2-3 6-7 4-5 8-9 5-6 9-11 7-8
0-1 1-2 3-4 0-0 2-3 6-7 4-5 7-9 5-6 7-8
0-1 1-2 3-4 0-0 2-3 6-7 4-5 5-6 7-8
0-1 9-10 1-2 10-11 3-4 0-0 2-3 6-7 4-5 8-9 11-12 5-6 7-8
0-1 1-2 3-4 0-0 6-8 2-3 6-7 4-5 5-6
0-1 1-2 3-4 0-0 2-3 6-7 4-5 5-6
4-4 5-5 7-7 0-0 1-1 13-13 10-10 3-3 12-12 2-2 6-6
4-4 8-8 5-5 14-14 7-7 0-0 9-9 1-1 13-13 10-10 3-3 12-12 2-2 6-6 11-11
0-1 1-2 3-4 0-0 2-3 6-7 4-5 5-6 7-8
0-1 1-2 3-4 0-0 2-3 6-7 4-5 5-6 7-8
0-1 1-2 3-4 0-0 2-3 6-7 4-5 5-6
4-4 8-8 5-5 7-7 10-9 0-0 11-10 1-1 3-3 9-8 2-2 6-6
4-4 5-5 7-7 10-8 0-0 12-10 1-1 11-9 10-7 15-13 3-3 7-6 2-2 14-12 13-11
4-4 8-8 5-5 7-7 15-14 0-0 9-9 11-13 1-1 10-10 3-3 2-2 6-6 13-11 14-12
4-4 5-5 11-10 0-0 8-7 1-1 3-3 7-6 9-8 2-2 10-9 12-11
4-4 12-11 13-14 5-5 11-10 6-5 0-0 8-7 16-13 1-1 3-3 9-8 2-2 10-9 7-5 15-12
0-1 4-4 13-14 1-2 10-8 5-4 17-13 6-4 14-10 12-9 2-3 15-10 16-12 20-16 8-6 7-5 19-15 9-7
21-16 10-6 13-11 7-4 16-10 18-13 4-2 8-5 11-7 19-14 3-2 12-8 20-15 5-2 0-0 1-1 9-6 15-9 6-3
7-4 11-7 15-11 20-14 0-0 12-8 1-1 9-6 14-10 4-2 16-12 19-13 13-9 10-6 3-2 6-3 8-5 5-2
11-10 0-0 8-7 12-10 1-1 4-5 7-6 9-8 2-2 10-9 13-11
4-4 5-5 10-9 11-10 0-0 8-7 1-1 15-13 3-3 9-8 13-12 2-2 6-6 12-11
11-10 0-0 1-1 4-6 5-7 16-14 14-13 8-3 7-8 2-2 10-9 13-12 12-11 3-5 9-4
8-4 11-10 0-0 16-13 1-1 4-6 18-16 7-3 6-7 9-8 13-12 2-2 10-9 12-11 17-14 3-5
12-19 2-2 7-7 15-14 25-22 18-16 26-23 3-3 8-8 17-17 10-11 6-6 4-4 5-5 23-20 0-0 9-9 1-1 10-1 11-18 24-21
12-10 21-19 23-19 8-6 17-15 1-0 16-14 13-11 18-16 4-2 2-21 5-3 14-12 9-7 10-8 19-17 6-4 15-13 24-22 22-18 1-1 2-0 11-9 7-5
2-1 10-8 4-3 0-0 5-4 9-6 11-9 6-7 13-12 1-0 3-2 8-5
2-1 6-5 4-3 0-0 10-8 5-4 12-10 11-9 7-6 1-0 3-2 9-7 13-11
14-8 8-4 2-1 16-10 0-0 3-1 21-13 21-14 4-2 7-3 19-13 9-5 21-15 10-6 18-12 15-9 17-11 6-3
16-11 0-0 8-7 1-1 6-4 14-10 13-9 3-3 8-6 2-2 7-5 12-8
21-16 12-10 22-17 17-12 9-8 2-2 18-13 23-18 9-7 19-14 16-12 24-19 3-2 20-15 14-11 4-4 5-5 0-0 1-1 11-9 6-6
13-8 6-2 10-5 12-7 15-11 11-6 8-3 14-9 7-2 1-0 4-1 9-4
6-2 10-5 12-7 0-0 11-6 8-3 7-2 1-0 4-1 9-4
8-4 2-1 6-5 4-3 0-0 10-8 12-10 11-9 7-6 1-0 3-2 9-7 13-11
13-8 6-2 10-5 12-7 11-6 8-3 7-2 1-0 4-1 9-4
13-8 6-2 10-5 12-7 0-0 11-6 8-3 14-9 7-2 1-0 4-1 9-4
5-5 0-0 1-1 8-10 7-9 3-3 2-2 6-6 9-11 7-8
23-19 14-13 8-9 19-15 2-5 6-8 18-16 21-18 3-6 9-10 17-17 10-11 15-13 4-7 22-18 0-3 1-4 11-12 16-14
5-8 7-10 0-3 1-4 3-6 2-5 6-9 4-7
9-10 10-11 6-8 0-3 1-4 13-13 11-12 8-9 12-12 18-18 17-15 3-6 16-14 2-5 4-7
10-11 5-8 0-3 1-4 3-6 2-5 6-9 4-7
5-8 7-10 0-3 9-12 1-4 10-13 3-6 8-11 2-5 6-9 4-7 7-8
5-8 11-14 7-10 12-15 0-3 9-12 6-7 3-6 13-15 2-5 6-9 4-7 8-11
0-4 1-5 3-7 11-13 9-12 12-16 4-15 2-6 6-10 4-8 5-9 8-11
1-5 3-7 0-3 2-6 7-12 4-8 5-9
13-14 18-17 5-8 17-16 7-10 0-3 9-12 1-4 16-15 3-6 19-18 2-5 6-9 4-7 8-11
7-7 5-8 7-10 0-3 1-4 3-6 2-5 6-9 4-7
5-8 0-3 1-4 6-10 3-6 2-5 6-9 4-7
5-8 0-3 1-4 7-11 6-7 6-10 3-6 2-5 6-9
9-10 10-11 2-1 6-5 4-3 0-0 5-4 11-12 8-9 1-0 3-2 7-8
2-1 6-5 4-3 0-0 5-4 7-6 1-0 3-2
9-10 1-2 3-4 0-0 2-3 6-7 0-2 4-5 8-9 5-6 11-12 7-8
4-4 8-8 5-5 0-0 9-9 1-1 10-10 3-3 12-12 2-2 11-11
4-4 8-8 5-5 15-14 0-0 9-9 1-1 10-10 14-13 3-3 13-12 2-2 6-6 12-11
0-0 9-4 1-1 6-14 5-13 2-9 8-3 13-6 7-2 12-5 3-11
9-10 10-11 3-4 0-0 11-13 1-1 6-7 4-5 8-9 16-15 5-6 17-15 2-2 7-8
4-4 0-0 1-1 6-8 8-10 5-7 10-13 7-9 3-3 2-2 13-15 11-14
9-10 13-14 10-11 3-4 0-0 1-1 4-6 6-8 12-13 7-9 4-5 2-2
4-4 8-8 5-5 7-7 11-10 0-0 1-1 15-13 3-3 13-12 2-2 6-6 12-11
14-14 3-4 0-0 1-1 13-13 6-7 4-5 12-12 16-15 5-6 2-2 7-8
9-10 13-14 10-11 0-0 1-1 5-4 12-13 11-12 6-7 3-3 8-9 2-2 14-15 7-8
9-10 1-2 3-4 0-0 1-1 2-3 6-7 4-5 8-9 5-6 7-8
4-4 9-10 5-5 10-11 7-7 0-0 1-1 11-12 3-3 8-9 2-2 6-6
4-4 5-5 7-7 0-0 9-9 1-1 8-12 3-3 2-2 6-6 10-12
3-4 6-5 4-3 0-0 8-7 1-1 11-12 7-6 9-8 2-2 10-9
0-0 3-7 1-1 6-8 8-10 7-9 4-5 5-6 2-2
1-2 3-4 0-0 1-1 2-3 6-7 4-5 5-6 7-8
4-4 5-5 7-7 0-0 9-9 1-1 10-10 3-3 2-2 6-6
0-1 4-10 8-8 1-2 5-11 3-4 9-9 13-13 2-3 10-10 8-12 6-6 11-11
0-1 9-10 1-2 3-4 2-3 6-7 4-5 8-9 11-12 5-6 7-8
4-4 7-4 8-8 5-5 7-7 0-0 9-9 1-1 11-12 3-3 2-2 6-6
0-1 9-10 1-2 3-4 11-11 2-3 6-7 4-5 8-9 12-12 5-6 13-13 14-13 17-14 7-8
0-1 8-8 1-2 3-4 7-7 9-9 2-3 10-10 4-5 11-12 6-6
0-1 9-10 1-2 3-4 2-3 6-7 4-5 8-9 5-6 9-11 7-8
0-1 9-10 1-2 10-11 3-4 0-0 2-3 6-7 11-12 8-9 5-6 7-8
0-1 1-2 3-4 2-3 6-7 4-5 5-6 10-9 7-8
4-4 8-8 17-17 5-5 14-14 7-7 16-16 0-0 9-9 1-1 13-13 10-10 3-3 12-12 2-2 6-6 11-11 15-15
0-1 9-10 1-2 10-11 3-4 11-13 16-17 2-3 6-7 4-5 8-9 12-12 5-6 15-16 19-19 17-18 7-8
0-1 1-2 3-4 13-10 2-3 6-7 4-5 5-6 10-9 7-8
1-2 3-4 13-10 2-3 6-7 4-5 5-6 10-9 7-8
0-1 1-2 3-4 11-10 8-7 2-3 4-5 5-6 9-8 10-9 12-11
0-1 9-16 1-2 18-17 3-4 11-10 15-14 16-13 2-3 6-7 4-5 5-6 13-12 10-9 12-11 14-15 7-8
0-1 2-4 6-9 4-6 5-7 6-10 1-3 3-5
0-1 2-4 11-10 9-9 12-10 6-8 4-6 5-7 10-10 1-3 3-5
3-4 21-19 22-20 14-13 8-9 28-24 15-14 33-29 18-16 29-25 4-5 5-6 34-30 0-1 9-10 1-2 19-17 30-26 25-21 6-7 16-15 26-22 12-11 20-18 35-31 0-0 17-16 27-23 2-3 26-12 32-28 7-8
0-1 9-10 1-2 3-4 2-3 6-7 4-5 8-9 5-6 9-11 7-8
4-4 9-10 10-11 0-0 1-1 12-13 11-12 6-7 4-5 3-3 8-9 5-6 12-14 2-2 7-8
0-1 1-2 3-4 0-0 11-13 16-17 2-3 6-7 4-5 12-14 15-16 5-6 9-11 13-15 10-12 7-8
4-4 8-8 5-5 7-7 11-10 0-0 9-9 10-14 1-1 3-3 16-15 2-2 6-6 15-12 14-11
2-1 6-5 4-3 0-0 8-7 5-4 11-9 7-6 9-8 1-0 3-2
0-1 4-4 8-8 1-2 5-5 7-7 0-0 9-9 2-3 10-10 14-13 15-16 13-12 18-15 6-6 17-14 11-11
0-1 4-4 8-8 1-2 5-5 7-7 0-0 9-9 2-3 10-10 14-13 15-16 13-12 18-15 6-6 17-14 11-11
0-1 1-2 3-4 0-0 9-9 11-13 2-3 6-7 4-5 10-10 12-12 5-6 13-11 7-8 15-15
4-4 5-5 0-0 1-1 3-3 2-2 6-6
4-4 8-8 5-5 7-7 0-0 1-1 3-3 2-2 6-6
4-4 0-0 1-1 6-7 4-5 3-3 8-9 5-6 2-2 7-8
0-1 2-4 15-14 0-0 6-8 4-6 8-10 12-13 5-7 13-16 7-9 11-12 16-15 2-2 9-11 17-18 1-3
4-4 8-8 5-5 7-7 0-0 9-9 1-1 3-3 2-2 6-6
18-20 21-19 8-9 1-3 11-11 12-12 5-6 22-22 0-1 17-17 2-4 13-13 6-7 20-18 3-5 14-14 22-21 0-0 10-10 7-8 15-15
4-4 8-8 5-5 7-7 15-14 0-0 9-9 1-1 13-13 10-10 3-3 12-12 2-2 6-6 11-11
7-5 0-0 10-8 12-10 1-1 11-9 6-4 8-6 5-3 3-2 9-7
9-10 1-2 3-4 0-0 11-11 2-3 6-7 4-5 8-9 5-6 7-8
4-4 5-5 0-0 8-7 1-1 11-9 3-3 9-8 2-2 6-6
4-4 8-8 5-5 7-7 10-9 0-0 9-9 11-10 1-1 3-3 2-2 6-6 13-11
4-4 5-5 7-7 10-9 0-0 9-9 11-10 1-1 3-3 2-2 6-6 13-11
8-8 5-5 7-7 10-9 0-0 9-9 11-10 1-1 3-3 2-2 6-6 13-11
4-4 5-5 7-7 10-9 0-0 11-10 1-1 3-3 2-2 6-6 13-11
4-4 5-5 7-7 0-0 8-7 1-1 11-9 3-3 9-8 2-2 6-6
4-4 15-11 5-5 0-0 8-7 12-10 1-1 11-9 13-13 16-12 3-3 9-8 17-15 2-2 6-6 17-14
8-8 5-5 7-7 10-9 0-0 9-9 11-10 1-1 3-3 2-2 6-6 13-11
2-2 10-9 13-11 7-7 16-13 3-3 21-18 14-12 19-14 11-10 21-17 20-15 4-4 5-5 0-0 17-16 1-1 6-6 15-12
8-8 1-2 3-4 11-10 0-0 9-9 15-14 1-1 18-16 13-13 2-3 6-7 4-5 5-6 12-11
4-4 5-5 7-7 0-0 1-1 3-3 9-8 2-2 6-6
5-5 7-7 10-8 0-0 1-1 4-6 8-10 11-9 3-3 12-12 2-2 6-6 12-11
4-4 5-5 0-0 1-1 4-6 3-3 2-2 6-6
4-4 5-5 0-0 1-1 6-7 3-3 2-2 6-6
4-4 5-5 10-9 0-0 8-7 12-10 1-1 3-3 9-8 2-2 6-6
4-4 5-5 10-9 0-0 8-7 12-10 1-1 3-3 9-8 2-2 6-6
4-4 5-5 10-9 0-0 8-7 12-10 1-1 3-3 9-8 2-2 6-6
4-4 5-5 0-0 1-1 3-3 2-2 6-6
0-1 4-4 8-8 1-2 5-5 7-7 0-0 3-3 6-6
0-1 4-4 8-8 1-2 5-5 7-7 0-0 9-9 3-3 6-6
0-1 4-4 1-2 0-0 6-7 4-5 3-3 8-9 5-6 7-8
0-1 4-4 8-8 1-2 5-5 7-7 15-14 0-0 9-9 17-16 20-20 2-3 10-10 14-13 16-15 6-6 10-18 11-11
0-1 4-4 8-8 1-2 5-5 7-7 15-14 9-9 14-17 18-19 2-3 10-10 14-13 6-6 12-18 11-11
8-8 3-4 7-7 0-0 1-1 4-5 5-6 2-2
0-1 1-2 3-4 2-3 6-7 4-5 5-6
0-1 1-2 3-4 6-8 2-3 6-7 4-5 5-6
0-1 1-2 3-4 2-3 6-7 4-5 5-6 7-8
0-1 4-10 1-2 5-11 17-14 14-11 16-13 10-4 2-3 3-9 18-15 12-5 15-12 11-4 9-4
0-1 4-10 1-2 17-14 10-4 20-17 19-16 2-3 14-13 3-9 13-12 18-15 12-5 11-4 9-4
0-1 4-4 15-5 1-2 9-6 10-7 14-10 12-9 2-3 16-6 11-8 18-14
4-4 5-5 0-0 1-1 3-3 2-2 6-6
8-8 14-14 3-4 7-7 0-0 9-9 16-16 1-1 16-17 13-13 10-10 4-5 12-12 16-15 2-2 6-6 11-11
0-1 4-4 8-8 1-2 5-5 7-7 9-9 2-3 6-6
0-1 1-2 3-4 2-3 4-5 5-6
4-3 0-0 1-1 5-4 8-6 2-2 7-5
6-5 0-0 8-7 1-1 4-6 5-4 3-3 7-6 2-2
4-4 0-0 1-1 3-3 2-2
4-4 8-8 5-5 7-7 0-0 9-9 1-1 10-10 3-3 2-2 6-6 11-11
4-4 5-5 11-10 0-0 8-7 1-1 3-3 7-6 9-8 2-2 10-9
4-4 8-8 5-5 7-7 11-10 0-0 9-9 1-1 3-3 2-2 6-6
4-4 8-8 5-5 7-7 0-0 9-9 1-1 10-10 3-3 12-12 2-2 6-6 11-11
4-4 8-8 5-5 7-7 0-0 1-1 3-3 2-2
4-4 8-8 5-5 7-7 0-0 1-1 3-3 2-2 6-6
8-8 5-5 8-4 7-7 0-0 1-1 3-3 2-2 6-6
4-4 8-8 5-5 7-7 14-12 0-0 9-9 1-1 15-13 10-10 3-3 16-15 2-2 6-6 11-11
4-4 5-5 0-0 8-7 12-10 1-1 13-10 11-9 14-10 15-10 3-3 7-6 9-8 2-2
11-7 6-5 0-0 13-7 1-1 5-4 9-6 10-7 3-3 2-2
4-4 13-8 14-8 5-5 0-0 1-1 10-7 3-3 2-2 6-6 11-8 12-8
13-8 14-8 8-4 0-0 1-1 10-7 9-5 3-3 2-2 6-6 11-8 12-8
4-4 5-5 7-7 0-0 1-1 3-3 2-2 6-6
4-4 8-8 5-5 7-7 0-0 1-1 3-3 2-2 6-6
4-4 5-5 0-0 1-1 3-3 9-8 2-2 6-6
4-4 8-8 5-5 7-7 0-0 1-1 3-3 2-2 6-6
8-8 1-2 3-4 7-7 0-0 1-1 2-3 4-5 9-8 10-9
8-8 3-4 7-7 0-0 10-8 10-9 1-1 4-5 9-8 2-2 5-3 6-3
4-4 10-8 0-0 8-7 1-1 11-9 3-3 9-8 2-2 11-8
4-4 8-8 5-5 7-7 0-0 9-9 1-1 10-10 3-3 2-2 6-6 11-11
6-12 3-8 8-14 9-0 13-4 10-1 7-13 12-3 0-6 2-9 1-7 5-10 11-2 0-5 4-8
8-6 2-2 17-15 15-11 6-5 12-9 3-3 14-12 9-7 10-8 13-10 16-12 12-14 4-4 14-14 0-0 1-1 11-9 16-14
4-4 6-5 0-0 14-11 1-1 5-4 9-6 10-7 13-10 12-9 13-9 3-3 2-2 7-5 15-12 8-5 11-8
4-4 5-5 7-7 0-0 1-1 3-3 2-2 6-6
4-4 8-8 5-5 7-7 0-0 9-9 16-13 1-1 8-10 3-3 13-12 2-2 6-6 12-11
4-4 7-7 0-0 9-9 1-1 16-14 10-10 14-13 3-3 13-12 2-2 6-6 12-11
4-4 5-5 10-9 11-10 0-0 8-7 15-14 1-1 14-13 3-3 9-8 13-12 2-2 6-6 12-11
4-4 8-8 5-5 7-7 0-0 1-1 11-9 3-3 2-2 6-6
4-4 8-8 7-7 0-0 1-1 3-3 2-2 6-6
4-4 5-5 7-7 0-0 1-1 3-3 2-2 6-6
4-4 5-5 7-7 10-8 0-0 1-1 3-3 2-2 6-6
11-10 6-5 0-0 8-7 1-1 3-3 7-6 9-8 13-12 2-2 12-11
1-2 3-4 0-0 1-1 2-3 4-5
1-2 3-4 0-0 1-1 2-3 6-7 4-5 5-6 7-8
0-1 2-4 1-2 0-0 6-8 4-6 8-10 5-7 7-9 1-3 3-5
4-4 5-5 7-7 0-0 1-1 13-10 13-9 3-3 2-2 6-6 12-8
4-4 8-8 13-14 5-5 17-17 7-7 16-16 0-0 9-9 1-1 13-13 10-10 3-3 13-12 2-2 6-6 11-11
18-17 22-20 11-14 2-5 7-10 3-6 14-15 8-11 13-16 15-16 21-17 4-7 5-8 0-3 9-12 1-4 10-13 19-19 6-9
4-4 8-8 5-5 7-7 10-9 0-0 11-10 15-14 1-1 17-16 14-13 3-3 16-15 13-12 2-2 6-6 12-11
6-5 0-0 8-7 1-1 5-4 3-3 7-6 9-8 2-2 10-9
4-4 8-8 5-5 10-11 7-7 0-0 9-9 1-1 10-10 3-3 2-2 6-6
4-4 8-8 9-10 5-5 7-7 0-0 1-1 3-3 2-2 6-6
4-4 5-5 10-8 0-0 1-1 3-3 2-2 6-6 11-8 9-7
4-4 5-5 10-8 0-0 1-1 3-3 2-2 6-6 11-8 9-7 12-8
5-5 0-0 1-1 12-9 6-7 13-9 3-3 14-9 2-2 11-8
0-0 8-7 1-1 12-9 13-9 3-3 7-6 14-9 2-2 11-8 4-7
4-4 5-5 10-11 0-0 1-1 14-13 15-16 3-3 8-9 6-10 13-12 2-2 6-6 7-8 15-15
11-10 6-5 0-0 8-7 1-1 5-4 14-13 7-6 9-8 13-12 2-2 10-9 12-11
6-5 0-0 1-1 5-4 3-3 2-2
4-4 9-10 5-5 10-11 0-0 1-1 12-13 11-12 6-7 3-3 8-9 2-2 7-8
4-4 13-14 16-18 5-5 10-11 0-0 1-1 16-17 12-13 14-15 11-12 15-16 3-3 8-9 2-2 6-6 9-7 7-8
4-4 8-8 13-14 5-5 10-11 0-0 9-9 1-1 12-13 11-12 6-7 3-3 2-2
4-4 8-8 13-14 5-5 0-0 9-9 1-1 12-13 11-12 6-7 10-10 3-3 15-16 2-2 14-15
4-4 8-8 5-5 7-7 0-0 9-9 1-1 3-3 2-2 6-6
6-5 4-3 0-0 8-7 1-1 5-4 16-12 7-6 9-8 2-2 14-12 15-12 13-11
4-4 5-5 10-8 0-0 1-1 3-3 2-2 6-6 11-8 9-7 12-8
6-5 4-3 0-0 8-7 1-1 5-4 13-10 7-6 9-8 2-2 10-9
15-11 6-5 4-3 0-0 8-7 1-1 5-4 13-10 7-6 9-8 2-2 10-9 16-11 14-11
5-5 10-8 0-0 8-7 1-1 11-9 12-9 13-9 3-3 2-2 6-6
6-5 0-0 8-7 1-1 5-4 2-3 7-6 9-8 2-2 10-9
2-7 1-5 0-0 3-7 0-2 5-9 4-8 1-6
1-5 0-0 3-7 5-8 7-10 0-2 1-6 6-9 4-7
8-8 5-5 7-7 11-10 0-0 9-9 1-1 14-13 3-3 13-12 2-2 6-6 12-11
8-8 5-5 7-7 11-10 0-0 9-9 1-1 10-10 14-13 3-3 13-12 2-2 6-6 12-11
6-5 4-3 0-0 1-1 5-4 3-9 2-2
6-5 4-3 0-0 1-1 5-4 3-9 2-2
6-5 4-3 0-0 1-1 5-4 7-6 3-9 5-6 2-2
17-14 18-17 4-3 0-0 12-10 1-1 5-4 9-6 10-7 11-9 16-13 17-16 15-16 18-16 2-2 14-12 7-5 13-11
16-16 19-17 4-3 0-0 12-10 1-1 5-4 9-6 10-7 11-9 17-13 19-16 2-2 14-12 18-14 7-5 13-11 15-15
7-4 12-11 0-0 1-1 5-4 9-6 6-4 10-7 12-9 13-10 3-3 2-2 11-8 8-5
6-5 0-0 1-1 5-4 3-3 2-2
5-5 10-8 0-0 12-10 1-1 11-9 3-3 2-2 6-6 9-7
4-4 5-5 0-0 1-1 6-4 3-3 2-2 6-6 9-7
4-4 5-5 0-0 8-7 1-1 6-8 3-3 2-2 6-6 11-11
4-4 5-5 10-9 11-10 0-0 8-7 1-1 3-3 9-8 2-2 6-6 12-14
4-4 15-11 5-5 10-9 11-10 0-0 8-7 1-1 16-12 3-3 9-8 2-2 6-6 17-14
4-4 5-5 0-0 1-1 13-13 10-10 3-3 8-9 12-12 2-2 6-6 16-8 17-14
4-4 5-5 7-7 0-0 9-9 1-1 10-10 3-3 2-2 6-6 14-11
4-4 15-11 5-5 10-9 0-0 8-7 1-1 11-6 3-3 12-12 9-8 2-2 6-6
1-2 3-4 0-0 1-1 2-3 6-7 4-5 5-6 7-8
4-4 5-5 0-0 8-7 16-13 1-1 13-10 18-15 10-7 12-9 3-3 2-2 6-6 11-8 15-12 9-7 17-14 14-11
9-8 2-2 11-8 7-7 16-13 12-9 3-3 17-14 10-8 13-10 18-15 14-11 4-4 5-5 0-0 1-1 19-16 6-6 15-12
4-4 11-7 5-5 0-0 1-1 3-3 8-6 2-2
6-2 8-4 0-0 3-1 7-3 9-5 10-6 11-8
4-4 11-7 5-5 0-0 1-1 3-3 8-6 2-2
4-4 5-5 10-11 0-0 12-10 1-1 12-9 14-13 3-3 7-12 8-6 2-2 9-7 12-8
4-4 5-5 0-0 1-1 13-9 3-3 8-6 2-2 14-12 9-7 12-8
4-4 11-7 5-5 0-0 1-1 3-3 8-6 2-2
4-4 6-5 0-0 1-1 11-9 10-10 13-9 3-3 8-6 2-2 14-12 9-7 12-8 14-11
4-4 15-11 5-5 10-8 0-0 8-7 1-1 11-9 14-10 3-3 12-12 2-2 6-6 16-14
2-1 4-3 5-4 11-6 1-0 3-2 8-5
0-0 1-1 6-4 3-3 10-6 2-2 7-5 9-7
4-4 5-5 7-7 10-8 0-0 1-1 13-9 3-3 2-2 6-6
4-4 11-7 5-5 0-0 1-1 3-3 8-6 2-2
4-4 0-0 1-1 9-6 4-2 3-3 7-6 10-6 8-6 7-5
1-1 3-3 2-2 0-0
6-2 0-0 5-1 1-4 7-3 3-6 2-5 4-7
6-5 4-3 0-0 8-7 5-4 7-6 2-2 1-0
1-1 2-2 0-0
4-4 5-5 0-0 6-6 3-3 2-2 1-0
4-4 5-5 0-0 6-6 3-3 2-2 1-0
4-4 5-5 7-7 0-0 6-6 3-3 8-9 2-2 1-0
4-4 8-8 2-1 7-7 0-0 9-9 6-6 3-3 1-0
4-4 5-5 7-7 0-0 6-6 3-3 2-2 1-0 7-8
4-4 5-5 7-7 0-0 6-6 3-3 2-2 1-0 7-8
2-1 7-5 0-0 5-3 6-4 10-7 12-9 8-6 1-0 3-2 9-7 11-8
4-4 8-8 5-5 7-7 0-0 6-6 3-3 2-2 1-0
2-1 6-5 4-3 0-0 8-7 5-4 7-6 9-8 1-0 3-2
4-4 8-8 5-5 7-7 0-0 6-6 3-3 2-2 1-0
6-5 0-0 1-1 5-4 3-3 2-2
4-4 5-5 2-1 4-3 0-0 9-9 12-10 6-6 11-9 14-13 8-6 1-0 3-2 14-12
2-1 6-5 4-3 0-0 5-4 7-6 5-6 1-0 3-2
8-8 2-1 6-5 4-3 0-0 8-7 5-4 7-6 1-0 3-2
8-8 2-1 6-5 4-3 0-0 8-7 5-4 7-6 1-0 3-2
4-4 8-8 5-5 7-7 0-0 6-6 3-3 2-2 1-0
10-9 6-5 4-3 0-0 8-7 5-4 7-6 9-8 2-2 1-0
2-1 6-5 4-3 0-0 8-7 5-4 7-6 9-8 1-0 3-2
0-1 4-4 19-14 1-2 16-13 2-3 6-7 10-10 5-6 21-18 14-12 12-11 15-12 7-8
0-1 4-4 1-2 11-10 2-3 6-7 8-9 5-6 7-8
0-1 9-10 17-17 1-2 10-11 3-4 15-14 12-13 2-3 6-7 4-5 8-9 11-12 5-6 16-15 17-18 7-8
7-5 4-3 12-10 21-19 8-6 19-15 13-11 20-16 21-18 5-3 14-12 9-7 0-1 1-2 10-8 15-13 11-9 16-14 6-3
0-1 9-10 1-2 3-4 2-3 6-7 4-5 8-9 5-6 9-11 7-8
2-0 1-3 3-5 0-0
0-1 10-5 1-2 14-12 4-3 12-10 15-13 11-6 8-9 5-3 16-14 6-3 13-11 7-8 9-4
0-1 2-4 11-10 0-0 8-7 0-2 7-6 5-6 9-8 6-6 12-11 1-3 3-5
0-1 1-2 3-7 11-13 8-10 2-3 7-9 4-8 9-11 10-12
3-4 11-13 9-11 8-10 2-3 0-2 4-8 5-9 10-12
0-1 2-4 10-5 3-7 12-9 9-5 0-2 4-8 11-5 15-12 1-3 14-11
0-1 2-4 10-5 16-13 3-7 13-10 12-9 9-5 0-2 4-8 11-5 15-12 1-3 14-11
0-1 15-11 1-2 19-14 12-8 10-4 23-16 14-10 18-13 16-12 2-3 13-9 21-15 11-4 3-6 4-7 9-4
0-1 1-2 11-10 3-7 19-16 2-3 14-13 16-14 4-8 13-12 17-15 5-9 12-11 21-17 9-4
8-8 3-4 11-10 9-9 12-10 1-1 2-3 6-7 4-5 0-2 10-10 5-6
9-10 5-5 3-4 1-1 2-3 6-7 0-2 8-9 7-8
3-4 15-14 0-0 8-10 13-13 7-9 6-7 4-5 16-15 5-6 10-12 2-2 9-11 1-3
4-6 21-22 14-16 22-23 17-18 8-15 7-10 15-17 18-19 0-1 2-4 1-2 19-20 12-14 3-5 20-21 0-0 5-8 9-12 2-3 13-15 6-9
0-1 7-4 10-5 1-2 8-4 12-7 13-8 0-0 22-15 23-16 20-13 21-14 2-3 15-10 14-9 17-11 11-8 9-4
0-1 9-10 1-2 3-4 15-14 17-16 2-3 14-13 4-5 16-15 5-6 13-12 12-11 11-11
0-1 1-2 3-4 9-9 2-3 6-7 4-5 10-10 5-6 7-8
0-1 1-2 3-4 2-3 6-7 4-5 5-6
0-1 11-7 13-8 1-2 16-11 6-5 0-0 5-4 2-3 15-10 17-12 10-6 14-9 7-5 8-5
0-1 1-2 3-4 11-10 0-0 15-13 2-3 6-7 4-5 8-9 5-6 17-15 14-12 16-14 13-11 7-8
4-4 8-8 5-5 17-14 2-1 0-0 9-9 7-10 16-13 6-6 19-16 10-10 18-15 1-0 3-2 15-12 13-11
2-1 6-5 4-3 0-0 8-7 5-4 18-13 12-9 15-10 17-12 7-6 9-8 1-0 3-2 16-11
0-1 1-2 3-4 0-0 13-10 2-3 6-7 4-5 5-6 10-9 7-8
1-1 2-2 0-0
0-1 1-2 3-4 0-0 6-8 11-9 14-10 2-3 6-7 4-5 5-6
8-8 6-5 4-3 0-0 8-7 1-1 5-4 13-10 12-9 7-6 2-2 16-11
9-10 10-11 3-4 0-0 1-1 11-3 6-7 4-5 8-9 14-13 5-6 2-2 1-0 10-12 17-14 7-8
0-1 2-4 0-0 5-8 4-6 7-9 1-3 3-5
10-8 0-0 1-1 5-4 9-6 10-7 14-10 13-9 3-3 2-2 8-5
12-7 6-5 0-0 1-1 5-4 9-6 3-3 2-2
0-1 2-4 1-2 0-0 6-8 8-10 5-7 7-9 3-5
1-1 2-2 0-0
0-1 2-4 1-2 0-0 16-13 6-8 4-6 8-10 5-7 7-9 12-11 15-12 13-11 3-5 14-11
9-10 10-11 15-14 0-0 1-1 12-13 13-13 11-12 6-7 4-5 3-3 8-9 5-6 14-13 2-2 16-15 7-8
7-4 0-0 1-1 4-6 15-13 5-7 3-3 6-10 2-2 14-12 16-14 13-11
0-1 1-2 3-4 2-3 6-7 4-5 5-6
9-10 0-0 1-1 6-7 4-5 3-3 8-9 5-6 2-2 7-8
9-10 10-11 0-0 1-1 6-7 4-5 3-3 8-9 5-6 2-2 7-8
1-1 2-2 0-0
1-1 3-3 2-2 0-0
9-10 10-11 0-0 1-1 6-7 4-5 3-3 8-9 5-6 2-2 7-8
9-10 10-11 0-0 1-1 6-7 4-5 3-3 8-9 5-6 2-2 7-8
9-10 10-11 0-0 1-1 6-7 4-5 3-3 8-9 5-6 2-2 7-8
1-1 3-3 2-2 0-0
4-4 8-8 5-5 7-7 0-0 9-9 1-1 10-10 3-3 2-2 6-6 11-11
9-10 10-11 0-0 1-1 6-7 4-5 3-3 8-9 5-6 12-12 2-2 7-8
0-1 9-10 1-2 10-11 3-4 2-3 6-7 4-5 8-9 11-12 5-6 7-8
9-10 10-11 0-0 1-1 6-7 4-5 3-3 8-9 5-6 2-2 7-8
0-1 2-4 0-0 5-8 4-6 5-7 1-3 3-5
8-8 7-7 0-0 9-9 1-1 6-7 4-5 3-3 10-10 5-6 2-2 11-11
0-0 1-1 4-5 3-3 5-6 2-2
9-10 10-11 0-0 1-1 6-7 4-5 3-3 8-9 5-6 2-2 7-8
4-4 8-8 5-5 7-7 0-0 1-1 3-3 2-2 6-6
0-1 9-10 1-2 10-11 3-4 2-3 6-7 4-5 8-9 5-6 7-8
4-4 1-2 0-0 1-1 2-3
0-1 2-4 6-8 4-6 5-7 1-3 3-5
1-1 2-2 0-0
1-1 2-2 0-0
0-1 1-2 3-4 2-3 6-7 4-5 8-9 5-6 7-8
2-3 1-2 3-4 0-0
9-10 10-11 3-4 0-0 1-1 12-13 11-12 6-7 4-5 8-9 2-2 4-7 7-8
1-2 3-4 0-0 1-1 2-3
9-10 10-11 3-4 0-0 1-1 12-13 11-12 6-7 4-5 8-9 2-2 7-8
0-1 1-2 3-4 2-3 6-7 7-9 5-6 7-8
0-0 11-13 1-1 6-8 8-10 5-7 7-9 4-5 3-3 2-2 9-11 13-15 10-12 12-14
0-1 1-2 0-0 4-3 6-4 3-6 2-5
0-4 2-7 1-5 0-0 3-7 0-2 4-8 1-6
4-4 5-5 7-7 0-0 1-1 3-3 2-2 6-6
9-10 13-14 10-11 0-0 1-1 12-13 11-12 6-7 4-5 3-3 8-9 5-6 2-2 7-8
3-8 2-7 1-5 0-0 0-2 5-9 4-8 1-6
0-1 9-10 1-2 10-11 3-4 0-0 2-3 11-12 4-5 8-9 5-6 7-8
1-2 3-4 0-0 1-1 2-3
0-1 1-2 3-4 2-3 6-7 4-5 5-6
4-4 5-5 7-7 0-0 1-1 3-3 2-2 6-6
9-10 13-14 10-11 0-0 1-1 12-13 11-12 6-7 4-5 3-3 8-9 5-6 2-2 7-8
0-1 1-2 3-4 6-8 2-3 4-5 8-9 5-6
8-8 3-4 7-7 0-0 9-9 1-1 10-10 4-5 3-3 2-2 6-6 11-11
4-4 6-5 0-0 8-7 1-1 3-3 7-6 2-2
9-10 13-14 10-11 0-0 1-1 12-13 11-12 6-7 4-5 3-3 8-9 5-6 2-2 7-8
19-15 7-4 17-14 4-3 0-0 16-13 1-1 9-6 13-10 10-7 12-9 3-3 2-2 11-8 15-12 8-5
18-17 20-20 29-29 2-2 19-18 11-11 30-30 7-7 15-14 3-3 12-12 21-21 31-31 8-8 13-13 32-32 16-15 24-22 4-4 5-5 14-14 0-0 9-9 17-16 1-1 22-24 10-10 28-28 6-6 33-33
4-4 8-8 5-5 10-11 7-7 0-0 9-9 1-1 3-3 2-2 6-6
4-4 8-8 5-5 10-11 7-7 0-0 9-9 1-1 10-10 3-3 2-2 6-6
4-4 5-5 7-7 0-0 1-1 3-3 2-2 6-6 7-8
4-4 8-8 5-5 7-7 10-9 0-0 11-10 1-1 18-13 3-3 2-2 6-6 15-12 14-11
4-4 8-8 5-5 7-7 10-9 0-0 11-10 1-1 16-12 3-3 2-2 6-6 14-11
4-4 5-5 7-7 0-0 1-1 3-3 2-2 6-6
4-4 5-5 0-0 1-1 3-3 2-2 6-6
4-4 5-5 0-0 1-1 11-9 14-10 12-9 6-7 13-9 3-3 9-8 2-2 6-6
4-4 15-11 10-8 0-0 8-7 1-1 11-9 14-10 16-12 3-3 7-6 2-2
0-0 1-1 3-3 7-6 2-2 4-7
4-4 5-5 0-0 1-1 6-7 3-3 2-2 6-6
8-8 2-1 10-9 4-3 0-0 8-7 5-4 7-6 1-0 3-2
2-1 6-5 4-3 0-0 5-4 6-6 1-0 3-2
4-4 0-0 1-1 9-6 4-5 3-3 7-6 2-2 10-9
0-1 1-2 3-4 6-5 0-0 2-3 6-7 4-5 5-6
2-1 6-5 4-3 0-0 5-4 1-0 3-2
2-1 6-5 4-3 0-0 5-4 7-6 1-0 3-2
2-1 6-5 4-3 0-0 7-7 5-4 6-6 1-0 3-2
0-1 1-2 3-4 0-0 2-3 6-7 7-5 7-8
0-1 9-10 1-2 3-4 0-0 2-3 6-7 4-5 7-9 7-8
0-1 8-8 1-2 3-4 7-7 0-0 9-9 4-6 2-3 4-5
0-1 4-4 1-2 11-10 10-8 0-0 16-13 5-4 12-0 11-9 6-4 2-3 8-6 7-5 15-12 14-11
0-1 4-4 20-11 1-2 14-14 0-0 5-4 19-10 6-4 21-12 13-13 2-3 11-5 10-9 7-5 9-7 15-15
0-1 4-4 20-11 1-2 14-14 0-0 5-4 19-10 6-4 21-12 13-13 2-3 8-6 10-9 7-5 9-7 15-15
9-10 10-11 14-14 0-0 1-1 13-13 6-7 4-5 3-3 8-9 5-6 2-2 7-8
0-0 1-1 11-11 7-9 6-7 4-5 3-3 10-10 5-6 2-2 7-8
9-10 0-0 1-1 9-12 6-7 4-5 3-3 8-9 5-6 9-8 2-2
0-1 1-2 3-4 6-8 2-3 6-7 4-5 8-9 5-6
0-1 9-10 1-2 10-11 3-4 14-14 12-16 13-13 2-3 6-7 4-5 8-9 11-12 5-6 16-18 7-8 15-15
0-1 9-10 1-2 10-11 3-4 14-14 12-16 16-17 13-13 2-3 6-7 11-12 8-9 5-6 16-18 7-8 15-15
0-1 8-8 13-14 1-2 3-4 0-0 9-9 11-11 2-3 6-7 4-5 10-10 13-13 5-6 13-12 7-8 15-15
0-1 4-4 1-2 10-8 5-4 6-4 2-3 9-7 3-5
0-1 1-2 3-4 10-14 8-10 2-3 6-7 4-5 7-9 11-15 5-6 13-12 14-12 9-11 15-12
0-1 1-2 3-4 7-7 10-8 8-7 12-10 11-9 2-3 14-13 4-5 13-12 9-7
0-1 1-2 3-4 7-7 10-8 8-7 12-10 11-9 2-3 14-13 4-5 13-12 9-7
5-8 0-3 1-4 3-6 2-5 6-9 4-7
5-8 7-10 0-3 1-4 3-6 2-5 6-9 4-7
5-8 0-3 1-4 3-6 2-5 6-9 4-7
7-7 5-8 7-10 0-3 1-4 3-6 2-5 6-9 4-7
5-8 0-3 1-4 3-6 5-9 2-5 4-7
5-8 7-10 0-3 1-4 7-11 3-6 2-5 6-9 4-7
4-4 5-5 0-0 1-1 4-6 3-3 2-2 6-6
4-4 5-5 0-0 1-1 3-3 2-2 6-6
4-4 5-5 0-0 1-1 3-3 2-2 6-6
4-4 5-5 0-0 1-1 4-6 3-3 2-2 6-6
4-4 5-5 0-0 1-1 3-3 2-2 6-6
4-4 5-5 7-7 0-0 1-1 3-3 2-2 6-6
5-5 0-0 1-1 3-3 2-2 6-6 7-8
7-4 5-5 7-7 0-0 1-1 3-3 2-2 6-6
4-4 5-5 7-7 0-0 1-1 3-3 2-2 6-6
4-4 5-5 0-0 1-1 3-3 2-2 6-6 4-7 7-8
4-4 5-5 7-7 0-0 1-1 3-3 2-2 6-6
0-0 1-1 3-3 8-6 2-2 9-7
0-0 8-7 1-1 4-5 3-3 7-6 2-2
4-4 0-0 8-7 1-1 4-5 3-3 7-6 2-2
11-10 0-0 1-1 4-5 3-3 7-6 9-8 2-2 10-9 12-11
0-0 8-7 1-1 4-5 3-3 7-6 2-2
4-4 0-0 8-7 1-1 4-5 3-3 7-6 2-2
8-8 0-0 1-1 3-3 7-6 2-2 4-7
4-4 5-5 0-0 1-1 6-7 3-3 9-8 2-2
4-4 8-8 5-5 7-7 0-0 1-1 3-3 2-2 6-6
5-5 0-0 1-1 3-3 2-2 6-6
8-8 5-5 7-7 0-0 1-1 3-3 2-2 6-6
0-1 1-2 3-4 0-0 2-3 6-7 4-5 5-6 7-8
4-4 5-5 0-0 1-1 6-7 3-3 2-2 7-8
4-4 5-5 7-7 0-0 1-1 12-9 3-3 9-8 2-2 6-6
1-1 4-6 5-7 2-2 3-5
0-1 9-10 2-4 11-10 0-0 6-8 4-6 5-7 10-10 8-9 1-3 3-5
4-4 2-4 0-0 1-1 3-3 2-2
4-4 0-0 1-1 3-3 2-2
4-4 5-5 0-0 1-1 3-3 2-2
2-1 6-5 0-0 4-3 10-9 5-4 2-0 7-6 9-8 1-0 3-2
9-13 3-4 0-0 10-14 1-1 2-3 4-5 5-6 6-10 8-12 12-18 7-11
9-13 3-4 0-0 1-1 2-3 4-5 10-16 5-6 6-10 8-12 1-0 7-11
8-8 2-1 6-5 0-0 4-3 7-7 5-4 2-0 8-9 1-0 3-2
0-1 9-10 1-2 10-11 3-4 0-0 2-3 6-7 4-5 8-9 12-12 5-6 7-8
0-1 8-8 1-2 3-4 0-0 9-9 2-3 6-7 4-5 5-6
0-1 8-8 1-2 5-5 3-4 7-7 0-0 9-9 11-10 2-3 6-6 12-11
0-1 1-2 3-4 2-3 6-7 4-5 5-6 7-8
0-1 9-10 13-14 1-2 3-4 0-0 12-13 14-16 11-11 2-3 6-7 4-5 8-9 15-16 5-6 14-15 7-8
4-4 5-5 0-0 1-1 3-3 2-2 6-6
6-5 4-3 0-0 8-7 1-1 5-4 7-6 9-8 2-2
4-4 5-5 0-0 1-1 3-3 2-2 6-6
6-5 4-3 0-0 8-7 1-1 5-4 7-6 9-8 2-2
6-5 4-3 0-0 8-7 1-1 5-4 7-6 9-8 2-2
6-5 0-0 8-7 1-1 5-4 7-6 9-8 2-2
6-5 4-3 0-0 8-7 1-1 5-4 7-6 9-8 2-2
6-5 4-3 0-0 8-7 1-1 5-4 7-6 9-8 2-2
4-4 5-5 0-0 1-1 3-3 2-2 6-6
4-4 5-5 0-0 1-1 3-3 2-2 6-6
4-4 5-5 0-0 1-1 3-3 2-2 6-6
4-4 5-5 0-0 1-1 6-7 3-3 2-2
12-10 21-19 22-20 17-15 2-2 13-11 7-7 18-16 3-3 14-12 8-8 19-17 15-13 25-21 20-18 4-4 5-5 0-0 9-9 1-1 6-6 16-14
4-4 8-8 5-5 7-7 0-0 9-9 12-10 1-1 3-3 2-2 6-6
4-4 8-8 5-5 7-7 0-0 9-9 12-10 1-1 3-3 2-2 6-6
4-4 8-8 5-5 7-7 0-0 9-9 1-1 10-10 3-3 2-2 6-6 11-11
4-4 5-5 7-7 10-9 0-0 11-10 1-1 3-3 9-8 2-2 6-6
4-4 5-5 7-7 0-0 1-1 3-3 2-2 6-6
0-1 8-8 1-2 3-4 11-10 0-0 12-13 2-3 6-7 4-5 16-15 5-6 13-12 10-9 15-12 7-8 14-11
0-1 1-2 18-17 3-4 0-0 16-13 2-3 6-7 10-10 8-9 5-6 13-12 12-11 14-15 17-14 7-8
2-4 0-0 5-8 6-9 7-9 3-6 1-3 4-7
0-1 16-18 1-2 9-13 0-0 10-14 3-7 12-15 15-17 14-16 2-3 6-10 4-8 8-12 5-9 7-11
3-7 12-19 14-16 8-12 19-21 4-8 5-9 0-1 17-17 1-2 9-13 10-14 6-10 15-19 18-18 0-0 11-6 2-3 13-15 7-11
5-10 17-18 19-21 6-11 15-20 18-19 0-1 1-2 9-13 10-14 13-16 7-12 3-5 3-8 0-0 14-17 2-3 11-15 19-22
18-20 5-10 14-19 10-6 9-14 17-18 6-11 12-15 0-1 1-2 13-16 7-12 18-21 3-5 3-8 0-0 2-3 8-13 16-17
18-20 5-10 14-19 10-6 9-14 17-18 6-11 12-15 0-1 1-2 13-16 7-12 18-21 3-5 3-8 0-0 2-3 8-13 16-17
0-1 1-2 3-4 11-10 0-0 2-3 6-7 8-9 5-6 7-8
2-4 0-0 5-8 6-9 7-10 3-6 1-3 4-7
12-16 4-6 23-22 8-12 13-17 24-23 25-25 21-24 14-18 5-9 0-1 1-2 9-13 10-14 19-20 6-10 3-5 20-21 0-0 5-8 17-19 2-3 11-15 7-11 25-26
2-4 0-0 5-8 6-9 7-10 9-12 3-6 1-3 4-7 8-11
0-1 1-2 18-17 3-4 0-0 16-13 2-3 6-7 4-5 10-10 5-6 13-12 12-11 14-15 17-14 7-8
2-4 0-0 5-8 6-9 7-10 3-6 1-3 4-7
0-1 10-15 1-2 3-4 11-10 0-0 19-17 17-13 2-3 6-7 8-9 5-6 14-12 13-11 7-8 18-14
25-23 26-24 3-10 20-20 23-19 14-13 8-9 27-25 10-12 4-5 21-21 5-6 17-14 0-1 1-2 19-17 6-7 15-16 16-15 24-22 22-18 0-0 2-3 7-8
22-23 14-13 10-9 17-18 11-14 4-5 20-19 5-6 12-15 22-22 8-11 0-1 1-2 13-16 6-7 18-21 21-20 0-0 2-3 7-8 16-17
7-5 18-20 14-16 9-11 10-12 24-23 21-21 29-28 3-6 5-9 22-22 0-1 1-2 19-17 27-24 11-13 6-4 16-18 4-7 12-14 29-27 0-0 5-8 8-10 17-19 2-3 28-25 13-15
20-17 12-13 14-13 23-22 11-14 24-23 3-6 0-1 9-10 1-2 10-11 7-9 18-9 16-18 4-7 21-20 22-21 0-0 5-8 19-16 2-3 13-12
4-4 0-0 1-1 7-9 6-7 3-3 2-2
4-4 5-5 0-0 1-1 3-3 2-2
4-4 0-0 1-1 3-3 2-2
4-4 0-0 1-1 4-5 3-3 2-2
4-4 5-5 0-0 1-1 3-3 2-2 6-6
4-4 0-0 1-1 4-5 3-3 2-2
1-1 2-2 0-0
5-5 0-0 1-1 5-4 9-6 10-7 13-10 12-9 3-3 2-2 11-8 8-5 14-11
4-4 8-8 5-5 17-14 7-7 0-0 9-9 12-10 1-1 16-12 3-3 2-2 6-6 10-12 13-11
1-2 3-4 0-0 1-1 2-3 6-7 4-5 5-6 7-8
5-8 7-10 0-3 9-12 1-4 10-13 4-8 3-6 2-5 6-9 4-7 8-11
1-1 2-2 0-0
4-4 5-5 7-7 0-0 1-1 3-3 2-2 6-6
2-4 6-8 4-6 0-3 8-10 5-7 12-13 7-9 9-11 10-12 3-5
6-5 4-3 0-0 8-7 1-1 5-4 11-9 7-6 9-8 2-2 3-2
0-1 1-2 3-4 0-0 2-3 6-7 4-5 8-9 5-6 7-8
0-1 1-2 3-4 0-0 2-3 6-7 4-5 5-6
0-1 1-2 3-4 0-0 2-3 6-7 4-5
0-1 6-2 1-2 3-4 0-0 2-3 4-5 5-9
0-1 1-2 3-4 0-0 2-3 6-7 4-5 8-9 5-6 7-8
0-1 2-4 0-0 4-6 5-7 1-3 3-5
0-1 1-2 3-4 0-0 5-8 7-10 2-3 8-12 3-6 6-9 4-7 8-11
0-1 2-4 0-0 11-13 6-8 4-6 8-10 5-7 7-9 10-12 9-11 1-3 3-5
0-1 9-10 1-2 3-4 0-0 2-3 6-7 4-5 8-9 5-6 7-8
0-1 9-10 1-2 3-4 0-0 2-3 6-7 4-5 8-9 5-6 7-8
0-1 1-2 3-4 2-3 6-7 4-5 5-6 7-8
0-1 9-10 1-2 3-4 0-0 2-3 6-7 4-5 8-9 5-6 7-8
0-1 1-2 3-4 7-7 0-0 11-10 15-14 2-3 14-13 4-5 5-6 9-8 13-12 10-9 12-11
3-8 0-0 4-9 1-1 6-4 8-6 2-2 5-3 7-5 9-7
6-5 0-0 1-1 5-4 3-3 2-2
0-1 2-4 3-7 4-6 8-9 6-10 1-3 3-5
4-3 0-0 1-1 2-2 3-2
15-11 2-1 6-5 0-0 8-7 20-14 5-3 11-9 14-10 18-13 17-12 7-6 9-8 1-0 3-2 16-11
0-1 2-4 6-8 4-6 5-7 1-3 3-5
6-5 0-0 1-1 5-4 3-3 2-2
6-5 0-0 1-1 5-4 3-3 2-2
6-5 0-0 1-1 5-4 3-3 2-2
4-4 5-5 0-0 1-1 3-3 2-2
6-12 4-10 8-14 5-11 1-5 14-17 13-16 7-13 18-19 0-2 2-6 3-9 19-22 7-15 17-18 19-21
2-4 19-17 8-7 21-19 18-15 14-13 0-2 7-6 5-6 9-8 13-12 6-6 12-11 1-3 17-14 3-5
6-2 8-4 2-1 0-9 4-2 7-3 9-5 10-6 5-2
1-2 3-4 0-0 1-1 2-3
0-1 8-8 1-2 5-5 3-4 7-7 9-9 2-3 10-10 6-6
0-1 1-2 3-4 2-3 6-7 4-5 5-6 7-8
1-2 3-4 0-0 1-1 2-3
5-8 7-10 11-13 0-3 1-4 12-14 10-12 3-6 13-15 2-5 6-9 4-7 8-11
6-5 0-0 1-1 5-4 3-3 2-2
0-1 4-4 8-8 1-2 5-5 7-7 0-0 2-3
6-5 0-0 1-1 5-4 3-3 2-2
6-5 0-0 1-1 5-4 3-3 2-2
6-5 0-0 1-1 5-4 3-3 2-2
6-5 0-0 1-1 5-4 3-3 2-2
0-1 4-4 9-10 1-2 16-13 2-3 6-7 8-9 5-6 13-12 17-15 12-11 7-8
0-1 2-4 4-6 5-7 1-3 3-5
0-1 4-4 1-2 5-4 6-4 2-3 8-6 7-5 9-7
0-1 4-4 1-2 10-8 5-4 6-4 2-3 8-6 7-5 9-7
0-1 1-2 3-4 2-3 6-7 4-5 8-9 5-6 7-8
0-1 4-4 1-2 10-8 5-4 6-4 2-3 8-6 7-5 9-7
0-1 4-4 1-2 10-8 5-4 6-4 2-3 8-6 7-5 9-7
0-1 1-2 3-7 8-10 2-3 7-9 4-8 9-11 10-12
0-1 1-2 3-7 9-11 8-10 2-3 4-8 5-9 10-12
0-1 3-8 1-2 6-5 4-9 11-13 5-4 8-10 2-3 7-6 9-11 10-12 12-14
2-4 7-1 7-7 4-6 5-7 0-2 1-3 3-5
2-4 7-1 7-7 4-6 5-7 0-2 1-3 3-5
1-2 3-4 0-0 1-1 2-3
4-4 0-0 1-1 3-3 2-2
4-4 0-0 1-1 3-3 2-2
2-4 6-1 4-6 0-2 1-3 3-5
2-4 6-1 4-6 0-2 1-3 3-5
2-4 6-1 4-6 0-2 1-3 3-5
4-4 1-2 0-0 1-1 2-3
4-4 1-2 0-0 1-1 2-3
4-4 1-2 0-0 1-1 2-3
4-4 1-2 0-0 1-1 2-3
4-4 1-2 0-0 1-1 2-3
2-4 9-7 10-8 4-9 0-2 5-10 6-6 1-3 11-11
1-2 3-4 0-0 1-1 2-3
4-4 2-1 0-0 1-1 3-3 2-2
2-4 9-7 11-10 10-8 13-10 6-6 7-9 0-2 1-0 1-3 14-11
4-4 5-5 11-10 0-0 1-1 6-8 12-13 3-3 12-12 8-6 2-2 9-7
1-2 3-4 0-0 1-1 2-3
0-1 1-2 3-4 2-3 6-7 4-5 8-9 5-6 7-8
0-1 1-2 3-4 2-3 6-7 4-5 8-9 5-6 7-8
1-2 3-4 0-0 1-1 2-3
0-1 1-2 3-4 2-3 4-5 5-6
0-1 1-2 3-4 2-3 6-7 4-5 7-9 5-6
0-1 1-2 3-4 6-8 2-3 4-5 5-6
0-1 1-2 3-4 2-3 6-7 4-5 8-9 5-6 7-8
0-1 9-10 1-2 10-11 3-4 11-13 12-13 13-13 2-3 6-7 4-5 8-9 5-6 7-8
0-1 9-10 1-2 10-11 3-4 11-13 12-13 13-13 2-3 6-7 4-5 8-9 5-6 7-8
0-1 1-2 5-5 3-4 6-5 11-10 8-7 2-3 4-5 7-6 9-8 13-12 10-9 12-11
0-1 1-2 5-5 3-4 6-5 8-7 2-3 4-5 7-6 9-8 13-12 10-9 12-11
0-1 4-4 9-10 1-2 16-17 10-13 2-3 6-7 15-16 5-6 13-12 12-11 6-9 7-8
6-5 0-0 1-1 5-4 3-3 2-2
0-1 4-4 1-2 10-8 5-4 6-4 2-3 8-6 7-5 9-7
4-4 0-0 1-1 3-3 2-2
6-5 0-0 1-1 5-4 3-3 2-2
1-2 3-4 0-0 1-1 2-3
1-2 3-4 0-0 1-1 2-3
1-2 3-4 0-0 1-1 2-3
1-2 3-4 0-0 1-1 2-3 6-7 4-5 5-6
0-1 9-10 1-2 3-4 2-3 6-7 4-5 8-9 5-6 7-8
0-1 9-10 1-2 3-4 2-3 6-7 4-5 8-9 5-6 7-8
0-1 9-10 1-2 10-11 3-4 12-13 2-3 6-7 4-5 8-9 11-12 5-6 7-8
0-1 9-10 1-2 3-4 2-3 6-7 4-5 8-9 5-6 7-8
0-1 12-9 2-6 10-12 4-8 12-11 1-3
0-1 12-9 2-6 10-12 4-8 12-11 1-3
1-2 3-4 0-0 1-1 2-3
4-4 5-5 0-0 1-1 3-3 2-2 6-6
4-4 5-5 0-0 1-1 3-3 2-2 6-6
4-4 5-5 7-7 0-0 1-1 3-3 2-2 6-6 7-8
4-4 5-5 0-0 1-1 3-3 2-2 6-6
4-4 5-5 7-7 0-0 1-1 3-3 2-2 6-6
4-4 8-8 5-5 7-7 0-0 1-1 3-3 8-9 2-2 6-6
4-4 8-8 5-5 10-9 0-0 1-1 3-3 2-2 6-6 4-7
4-4 5-5 7-7 0-0 1-1 3-3 2-2 6-6
4-4 5-5 0-0 1-1 6-7 3-3 2-2 6-6
4-4 5-5 7-7 0-0 1-1 3-3 9-8 2-2 6-6
4-4 5-5 7-7 0-0 1-1 3-3 9-8 2-2 6-6
4-4 5-5 0-0 1-1 6-7 3-3 2-2 6-6
6-5 4-3 0-0 10-8 1-1 5-4 5-6 8-6 2-2 11-8
4-4 0-0 1-1 5-4 3-3 2-2
4-4 0-0 1-1 5-4 3-3 2-2
4-4 0-0 1-1 3-3 2-2
1-1 2-2 0-0
4-4 0-0 1-1 3-3 2-2
4-4 0-0 1-1 3-3 2-2
4-4 5-5 0-0 1-1 3-3 2-2
2-3 1-2 0-0
2-3 1-2 0-0
4-4 8-8 7-7 0-0 1-1 3-3 2-2 6-6
4-4 5-5 7-7 0-0 1-1 3-3 2-2 6-6
4-4 5-5 7-7 0-0 1-1 3-3 2-2 6-6 7-8
4-4 0-0 1-1 6-7 3-3 5-6 2-2 7-8
4-4 0-0 1-1 6-7 3-3 5-6 2-2 7-8
4-4 5-5 0-0 1-1 8-10 10-7 3-3 2-2 7-8
4-4 5-5 0-0 8-7 1-1 3-3 2-2
4-4 5-5 0-0 8-7 1-1 3-3 7-6 2-2 6-6
4-4 5-5 0-0 8-7 1-1 3-3 2-2 6-6
4-4 6-5 0-0 1-1 9-6 3-3 8-6 2-2 6-6
6-5 4-3 0-0 8-7 1-1 5-4 12-9 3-3 7-6 2-2 11-8
4-4 8-8 19-15 5-5 7-7 0-0 1-1 17-13 8-10 22-17 20-16 3-3 21-18 2-2 6-6 15-12 18-14
0-1 1-2 3-4 7-7 2-3 4-5 6-6
5-5 0-0 8-7 12-10 1-1 11-9 14-13 3-3 9-8 13-12 2-2 6-6
14-14 0-0 3-7 1-1 9-6 13-13 2-3 10-10 7-6 12-12 4-8 2-2 8-6 5-9 11-11
7-4 8-4 11-10 4-3 0-0 1-1 6-4 9-8 13-12 2-2 10-9 12-11 3-5
4-4 5-5 0-0 8-7 1-1 3-3 2-2 6-6
4-4 5-5 0-0 8-7 1-1 3-3 2-2
3-8 12-7 0-0 4-9 6-11 1-1 10-4 7-3 5-10 12-12 8-6 2-2 11-5
4-4 5-5 7-7 0-0 1-1 3-3 9-8 2-2 6-6
5-5 7-7 10-8 0-0 1-1 4-6 8-10 11-9 3-3 12-12 2-2 12-11
9-10 10-11 3-4 0-0 1-1 2-3 6-7 4-5 8-9 5-6 2-2 7-8
6-5 4-3 0-0 8-7 1-1 5-4 7-6 9-8 2-2 10-9
9-10 2-4 1-2 10-11 0-0 4-6 12-13 5-7 11-12 8-9 6-3 6-9 7-8
11-10 6-5 4-3 0-0 8-7 1-1 5-4 15-13 14-13 7-6 9-8 13-12 2-2 10-9 12-11
0-0 1-1 4-5 3-3 5-6 2-2
4-4 5-5 0-0 1-1 3-3 2-2
4-4 5-5 0-0 8-7 1-1 3-3 9-8 2-2 6-6
0-1 1-2 3-4 9-9 2-3 6-7 4-5 5-6 7-8
0-1 1-2 3-4 9-9 2-3 10-10 4-5 5-6 12-11
0-1 4-4 1-2 10-8 12-10 5-4 6-4 12-9 2-3 13-9 8-6 7-5 9-7
0-1 1-2 3-4 7-7 10-8 8-7 12-10 11-9 15-13 16-12 2-3 4-5 5-6 15-12 9-7 13-11
0-1 9-10 1-2 10-11 3-4 14-14 12-13 2-3 6-7 4-5 8-9 11-12 5-6 7-8
0-1 8-8 1-2 3-4 2-3 6-7 4-5 8-9 5-6
0-1 8-8 1-2 3-4 11-10 9-9 2-3 6-7 4-5 14-13 5-6 13-12 12-11
0-1 8-8 1-2 3-4 11-10 9-9 2-3 6-7 4-5 5-6 10-9
0-1 8-8 1-2 3-4 9-9 2-3 6-7 4-5 10-10 5-6 11-11
0-1 9-10 1-2 3-4 2-3 6-7 4-5 8-9 5-6 7-8
0-1 1-2 3-4 6-8 2-3 6-7 4-5 5-6
0-1 8-8 1-2 3-4 7-7 9-9 12-10 18-16 10-13 2-3 4-5 17-15 6-6 13-11 14-12
0-1 8-8 1-2 14-14 3-4 12-10 11-9 2-3 6-7 4-5 14-13 5-6 13-11
0-1 1-2 9-13 3-4 7-10 11-9 2-3 6-7 4-5 5-6 8-11
0-1 1-2 3-4 10-8 13-10 11-9 9-15 2-3 6-7 4-5 8-13 7-12 5-6 16-11
0-1 1-2 9-13 3-4 11-16 10-14 13-10 2-3 4-5 8-9 17-12 5-6 4-7 7-8 14-11
0-1 8-8 15-11 1-2 3-4 7-7 9-9 13-17 16-12 2-3 10-10 4-5 19-13 12-15 6-6 11-14
0-1 1-2 3-4 9-9 8-7 13-13 2-3 10-10 4-5 7-6 12-12 11-11
0-1 15-11 1-2 3-4 8-7 12-16 14-10 10-13 16-12 2-3 4-5 7-6 13-9 9-8 11-14
0-1 17-17 1-2 3-4 11-10 15-14 8-7 2-3 14-13 4-5 7-6 16-15 9-8 13-12 10-9 12-11
0-1 9-10 1-2 10-11 3-4 2-3 6-7 4-5 8-9 5-6 7-8
0-1 9-10 1-2 3-4 2-3 6-7 4-5 8-9 5-6 7-8
0-1 7-4 1-2 8-4 11-10 15-14 5-8 6-4 2-3 14-13 9-8 13-12 3-6 10-9 17-15 4-7
0-1 1-2 3-4 0-0 2-3 6-7 4-5 8-9 5-6 7-8
0-1 1-2 3-4 0-0 2-3 4-5 8-9 5-6 7-8
0-1 8-8 1-2 3-4 11-9 2-3 6-7 4-5 5-6
4-4 6-5 0-0 8-7 1-1 3-3 7-6 9-8 2-2
15-11 7-1 3-4 6-1 9-6 13-10 5-1 10-7 12-9 2-3 1-0 11-8 8-5
2-4 10-9 11-10 14-12 8-7 6-1 7-6 5-6 9-8 1-0 12-11 3-5
4-4 5-5 0-0 1-1 3-3 2-2 6-6
4-4 5-5 0-0 1-1 6-7 3-3 2-2 6-6
4-4 8-8 5-5 7-7 0-0 9-9 1-1 7-9 3-3 2-2 6-6
9-10 0-0 3-7 1-1 9-6 4-8 2-2 5-9 6-3 8-5
4-4 5-5 0-0 1-1 3-3 2-2
4-4 8-8 5-5 7-7 0-0 1-1 3-3 2-2
8-8 5-5 0-0 1-1 3-3 2-2 6-6
0-1 8-8 1-2 3-4 0-0 9-9 2-3 6-7 4-5 10-10 5-6 11-11
4-4 9-10 5-5 0-0 1-1 6-7 3-3 8-9 5-6 2-2 7-8
1-1 5-4 2-2 0-0
0-0 1-1 5-4 3-3 2-2 8-5
0-0 1-1 5-4 3-3 2-2
0-0 1-1 5-4 3-3 2-2 8-5
4-4 0-0 1-1 9-6 3-3 2-2 7-5
4-4 0-0 1-1 2-2 7-5
4-4 5-5 0-0 1-1 3-3 7-6 2-2
4-4 8-8 5-5 7-7 11-10 9-9 6-6 3-3 2-2 1-0
10-8 12-10 5-4 11-9 3-3 8-6 2-2 1-0 7-5 15-12 9-7 13-11
11-7 6-5 0-0 9-9 1-1 5-4 13-10 13-11 3-3 8-6 2-2 7-5 12-8
6-5 0-0 1-1 5-4 3-3 2-2 7-5 8-5
9-10 10-11 3-4 0-0 1-1 13-13 11-12 6-7 4-5 8-9 5-6 7-8
9-10 10-11 3-4 0-0 1-1 13-13 11-12 6-7 4-5 8-9 5-6 7-8
4-4 5-5 0-0 8-7 1-1 10-7 3-3 7-6 9-7
4-4 6-5 0-0 9-6 3-3 7-6 8-6 2-2
4-4 5-5 0-0 8-7 1-1 10-7 3-3 7-6 9-7
0-0 1-1 5-4 3-3 2-2 8-5
4-4 5-5 6-5 0-0 1-1 9-6 3-3 2-2
4-4 6-5 0-0 1-1 9-6 3-3 7-6 8-6 2-2
4-4 6-5 0-0 1-1 9-6 3-3 7-6 8-6 2-2
4-4 6-5 0-0 1-1 3-3 7-6 2-2 9-7
0-0 1-1 5-4 3-3 2-2
0-0 1-1 5-4 3-3 2-2
0-0 1-1 5-4 3-3 2-2
6-12 12-13 9-8 2-2 7-7 3-3 16-18 4-4 5-5 14-14 0-0 8-7 1-1 11-9 10-10 6-6 13-15 16-17 15-15
0-1 4-4 1-2 5-5 7-7 0-0 3-3 6-6
0-1 4-4 1-2 5-5 0-0 6-7 3-3 6-6
0-1 1-2 6-5 0-0 3-7 4-8 5-9 3-5
3-4 4-3 0-0 1-1 2-2
6-5 4-3 0-0 1-1 6-4 3-3 2-2 5-3 7-5
1-0 3-3 2-1 4-2
2-1 6-5 4-3 0-0 8-7 5-4 10-9 12-10 16-12 7-6 9-8 1-0 3-2 13-11
5-8 7-10 0-3 1-4 3-6 2-5 6-9 4-7 8-11
0-1 7-5 4-3 10-8 12-10 11-9 6-4 14-13 8-6 14-12 3-2 9-7 13-11
0-1 9-10 1-2 10-11 3-4 2-3 6-7 4-5 8-9 5-6 10-12 7-8
1-0 3-2 2-1 0-0
6-2 6-5 4-3 0-0 1-1 5-4 2-2 3-2
1-0 3-2 2-1 0-0
0-1 1-2 5-5 7-7 2-3 6-6
0-1 1-2 3-4 9-12 10-13 2-3 6-7 4-5 5-6 11-14 8-11
0-1 10-15 1-2 9-13 3-4 11-16 2-3 6-7 4-5 5-6 8-11
0-1 1-2 3-4 9-12 10-13 2-3 6-7 4-5 5-6 11-14 8-11
0-4 2-1 1-5 0-0 5-8 3-6 2-5 4-7
4-4 5-5 3-1 2-0 6-6 1-3
0-1 4-4 8-8 1-2 5-5 7-7 9-9 2-3 6-6
0-1 2-4 6-8 4-6 5-7 7-9 1-3 3-5
0-1 4-4 8-8 1-2 5-5 7-7 9-9 2-3 10-10 6-6
0-1 4-4 8-8 1-2 5-5 9-9 2-3 10-10 6-6 7-11
4-4 8-8 5-5 10-11 7-7 0-0 9-9 1-1 10-10 3-3 2-2 6-6
9-10 10-11 0-0 1-1 11-12 6-7 4-5 3-3 8-9 5-6 2-2 7-8
9-10 10-11 0-0 1-1 12-13 11-12 6-7 4-5 3-3 5-6 2-2 7-8
9-10 10-11 0-0 1-1 11-12 6-7 4-5 3-3 8-9 5-6 2-2 7-8
0-1 4-4 8-8 1-2 5-5 3-4 7-7 9-9 2-3 10-10 12-12 17-15 6-6 16-14 11-11
8-4 0-0 6-11 1-1 9-5 3-3 7-12 10-6 2-2 5-9 11-8
8-4 0-0 4-9 6-11 1-1 9-5 3-3 7-12 10-6 2-2 5-9 11-8
8-4 0-0 4-9 6-11 1-1 9-5 3-3 7-12 10-6 2-2 5-9 11-8
11-7 8-4 5-8 0-0 1-1 9-5 3-3 10-6 6-10 2-2 7-11 9-7
11-7 8-4 5-8 0-0 1-1 9-5 3-3 10-6 6-10 2-2 7-11 9-7
0-1 1-2 3-4 2-3 6-7 4-5 5-6
0-1 1-2 3-4 2-3 6-7 4-5 5-6
0-1 1-2 3-4 2-3 6-7 4-5 5-6
17-17 11-10 6-5 0-0 8-7 10-8 1-1 5-4 11-9 15-13 17-16 16-14 3-3 7-6 16-15 13-12 2-2 12-11
4-10 5-11 2-7 1-5 0-0 3-10 0-2 1-6
0-4 2-7 1-5 0-0 3-7 0-2 4-8 1-6
3-8 2-7 1-5 0-0 0-2 4-8 5-9
3-8 2-7 1-5 0-0 0-2 5-9 4-8 1-6
1-5 0-0 3-7 7-10 5-9 4-8 1-6 3-2 6-9
0-4 2-7 1-5 0-0 3-7 0-2 4-8 1-6
2-3 1-1 1-2 0-0
3-4 0-0 1-1 4-6 6-8 8-10 5-7 2-3 7-9 2-2
1-2 3-4 0-0 1-1 2-3 4-5
4-4 14-14 6-5 0-0 8-7 9-9 1-1 5-4 10-8 15-17 13-13 11-12 15-16 3-3 7-6 2-2 14-15 12-14
0-0 5-8 1-1 3-3 2-2 4-7
1-0 3-2 2-1 0-0
4-10 5-11 2-7 1-5 0-0 3-10 0-2 1-6
0-4 2-7 1-5 0-0 3-7 0-2 4-8 1-6
0-1 1-2 4-3 0-0 5-4 2-5
0-1 1-2 3-4 0-0 2-3 6-7 4-5 5-6
9-10 16-20 0-0 12-15 1-1 4-6 15-17 16-19 14-16 11-11 15-18 6-7 3-3 8-9 2-2 15-12 10-12 7-8
12-16 4-6 5-7 14-19 8-9 2-2 13-17 3-3 9-10 10-11 13-13 6-7 4-7 0-0 1-1 14-20 11-15 13-18 7-8
3-4 18-20 12-13 14-16 9-11 17-18 6-8 4-5 4-8 0-1 1-2 7-9 18-21 4-7 12-14 8-10 17-19 2-3 11-12 13-15 16-17
0-4 1-5 0-0 3-7 0-2 4-8 1-6
0-1 4-4 1-2 2-3 3-3
0-1 4-4 1-2 2-3 3-3
0-1 0-7 4-4 5-4 9-6 3-3 2-2 8-5
0-4 1-5 0-0 3-7 0-2 4-8 1-6
1-5 0-0 3-7 0-2 4-8 1-6
4-10 5-11 2-7 1-5 0-0 3-10 0-2 1-6
16-18 17-20 0-0 14-17 1-1 5-4 17-19 7-9 6-7 10-10 3-3 11-12 13-15 15-16 2-2 12-11 8-5 16-17
4-4 14-14 6-5 0-0 8-7 9-9 1-1 5-4 10-8 15-17 13-13 11-12 15-16 3-3 7-6 2-2 14-15 12-14
20-14 12-10 21-22 20-20 9-8 2-2 10-9 19-18 13-11 7-7 15-14 16-13 18-19 3-3 20-19 21-21 14-12 8-8 17-17 4-4 5-5 0-0 1-1 11-9 6-6
5-8 7-10 0-3 1-4 3-6 9-11 2-5 6-9 4-7
5-8 0-3 8-10 1-4 3-6 2-5 6-9 4-7
18-20 4-6 5-7 0-2 9-11 10-12 1-3 16-19 6-8 15-17 2-4 11-13 15-16 12-14 3-5 0-0 8-10 13-15 15-18
13-14 5-8 7-10 0-3 9-12 1-4 10-13 3-6 2-5 6-9 4-7
1-1 2-2 0-0
0-0 11-13 1-1 8-10 7-9 6-7 4-5 3-3 5-6 2-2 9-11 11-14 10-12
2-4 0-0 7-10 6-8 4-6 5-7 7-9 0-2 1-3
5-8 7-10 0-3 1-4 8-12 3-6 2-5 6-9 8-11
5-8 7-10 0-3 1-4 8-12 3-6 2-5 6-9 8-11
0-1 8-8 1-2 5-5 3-4 7-7 9-9 10-11 2-3 10-10 6-6
0-1 9-10 1-2 10-11 3-4 17-16 6-8 5-7 2-3 7-9 4-5 14-13 16-15 5-6 13-12 11-14
0-1 8-8 5-5 3-4 7-7 0-0 9-9 2-3 6-6
17-15 2-2 11-14 7-7 20-16 3-3 14-12 8-8 11-10 15-13 12-11 21-17 4-4 5-5 0-0 9-9 1-1 13-18 6-6 16-14
0-1 4-4 1-2 0-0 6-7 3-3 5-6
6-5 4-3 0-0 8-7 1-1 5-4 7-6 9-8 2-2 10-9
6-5 4-3 0-0 1-1 5-4 7-6 2-2
1-2 3-4 0-0 1-1 2-3
4-3 0-0 1-1 5-4 8-6 2-2 7-5 9-7
4-3 0-0 1-1 5-4 8-6 2-2 7-5 9-7
6-5 0-0 1-1 5-4 3-3 2-2
6-5 0-0 1-1 5-4 3-3 7-6 2-2
5-8 7-10 11-13 0-3 9-12 1-4 3-6 2-5 4-7 8-11
9-10 3-4 0-0 1-1 6-7 4-5 8-9 5-6 2-2 7-8
0-1 1-2 3-4 11-11 2-3 6-7 4-5 8-9 10-10 5-6 7-8
6-5 0-0 8-7 1-1 5-4 3-3 7-6 9-8 2-2
2-1 7-5 4-3 0-0 10-8 11-9 6-4 8-6 1-0 3-2 9-7
8-8 5-5 2-1 7-7 4-3 0-0 9-9 6-6 10-10 1-0 3-2 11-11
12-11 14-14 2-1 7-5 4-3 0-0 9-9 5-4 14-15 13-13 8-6 1-0 3-2 9-7 14-12
14-14 2-1 7-5 0-0 10-8 12-10 5-3 17-18 11-9 6-4 18-19 13-13 15-16 8-6 1-0 3-2 9-7 16-17
11-7 8-4 2-1 0-0 4-2 7-3 9-5 5-6 1-0 11-8
11-7 8-4 2-1 0-0 5-3 9-5 10-6 1-0 3-2 12-8
2-1 6-5 4-3 0-0 8-7 5-4 7-6 9-8 1-0 3-2
15-11 6-5 4-3 0-0 8-7 1-1 5-4 10-8 13-10 15-13 12-9 16-14 7-6 16-15 2-2 3-2 15-12
0-1 4-4 8-8 1-2 5-5 7-7 15-14 0-0 9-9 17-16 9-6 18-17 2-3 14-13 16-15 9-7 13-11
4-4 8-8 5-5 7-7 0-0 1-1 3-3 2-2 6-6
4-4 8-8 5-5 7-7 0-0 1-1 3-3 2-2 6-6
4-4 8-8 5-5 7-7 0-0 1-1 3-3 2-2 6-6
4-4 5-5 7-7 0-0 1-1 3-3 2-2 6-6
4-4 9-10 5-5 10-11 0-0 1-1 11-12 6-7 3-3 8-9 2-2 7-8
2-4 0-0 6-8 4-6 5-7 7-9 8-9 1-3 3-5
4-4 5-5 7-7 0-0 1-1 3-3 2-2 6-6
4-4 5-5 7-7 0-0 1-1 3-3 2-2 6-6
4-4 8-8 5-5 7-7 0-0 1-1 10-10 3-3 2-2 6-6 11-11
4-4 8-8 13-14 5-5 7-7 0-0 9-9 1-1 15-17 12-13 3-3 2-2 6-6 14-15
4-4 9-10 0-0 1-1 9-12 12-13 6-7 3-3 8-9 2-2 10-12 7-8
12-11 11-10 10-8 0-0 1-1 5-4 14-13 3-3 8-6 2-2 7-5 9-7
4-4 8-8 5-5 10-11 7-7 15-14 0-0 1-1 13-13 11-12 14-13 3-3 2-2 6-6
4-4 5-5 0-0 1-1 10-10 3-3 12-12 2-2 6-6 9-7 11-11
0-1 8-8 1-2 5-5 3-4 7-7 0-0 12-10 13-10 2-3 6-6 12-11 13-11
4-4 8-8 5-5 7-7 0-0 9-9 10-10 3-3 2-2 6-6 12-11 15-12
4-4 8-8 5-5 7-7 11-10 0-0 9-9 1-1 3-3 2-2 6-6 12-11 13-11 14-11
4-0 10-11 15-8 7-10 14-7 5-1 3-3 13-6 2-2 12-5 5-9 11-4
0-1 13-14 1-2 18-17 3-4 0-0 17-16 11-13 19-20 8-10 14-15 2-3 6-7 4-5 7-9 5-6 10-12
8-8 2-1 6-5 4-3 0-0 7-7 5-4 12-16 10-10 14-13 13-12 18-15 1-0 19-18 3-2 17-14 11-11
3-4 12-13 8-9 17-18 15-14 4-5 5-6 0-1 9-10 17-17 1-2 10-11 13-16 6-7 16-15 0-0 2-3 11-12 7-8
0-1 1-2 3-4 0-0 11-11 2-3 6-7 4-5 8-9 10-10 5-6 12-12 7-8
4-4 8-8 9-10 5-5 10-11 7-7 15-14 0-0 1-1 12-13 11-12 3-3 16-15 2-2 6-6
4-4 8-8 5-5 7-7 0-0 9-9 1-1 11-12 10-10 3-3 2-2 6-6
4-4 8-8 5-5 7-7 0-0 9-9 1-1 3-3 2-2 6-6
4-4 5-5 7-7 0-0 1-1 3-3 9-8 2-2 6-6
6-5 0-0 8-7 1-1 5-4 3-3 7-6 9-8 2-2
2-4 6-8 4-6 5-7 7-9 0-2 3-9 9-11 1-3 3-5
5-8 7-10 0-3 1-4 3-6 2-5 6-9
5-8 0-3 1-4 3-6 2-5 6-9 4-7
5-8 7-10 0-3 1-4 3-6 2-5 4-7
5-8 7-10 0-3 9-12 1-4 3-6 2-5 6-9 8-11
0-4 1-5 3-7 11-13 9-12 10-13 7-9 2-6 6-10 7-11 12-14
0-4 1-5 3-7 9-12 10-13 2-6 4-8 5-9 4-11 7-11 12-14
13-14 7-10 11-13 0-3 12-13 1-4 8-9 10-12 3-6 2-5 6-9 4-7 8-11
13-14 5-11 5-8 11-13 0-3 1-4 10-12 3-6 2-5 6-9 4-7 8-11
2-1 4-3 0-0 5-4 6-6 1-0 3-2
18-17 3-4 14-13 8-9 13-14 4-5 5-6 21-18 22-19 9-10 1-2 10-11 19-20 6-7 14-14 0-0 17-16 1-1 2-3 7-8 15-15
2-4 1-2 10-11 15-14 0-0 1-1 4-6 6-8 8-10 7-9 11-12 14-13 12-15 3-5
4-4 23-17 11-10 6-5 0-0 8-7 1-1 17-13 24-18 20-16 3-3 7-6 9-8 2-2 10-9 12-11 19-15 17-14
12-11 13-14 2-1 6-5 0-0 8-7 10-9 2-10 5-4 11-10 16-13 17-16 7-6 9-8 17-15 1-0 3-2 15-12
2-1 6-5 0-0 5-4 10-7 7-6 1-0 3-2 9-7
8-8 21-20 5-5 16-10 2-1 0-0 9-9 20-13 15-10 10-16 14-19 19-12 1-0 17-11 3-2 12-18 9-7 11-17
2-1 6-5 4-3 0-0 8-7 1-1 5-4 11-9 12-10 7-6 9-8 14-12 3-2 13-11
4-4 5-5 7-7 10-8 0-0 1-1 13-10 11-9 3-3 2-2 6-6
4-4 5-5 0-0 8-7 1-1 3-3 2-2 6-6
4-4 5-5 7-7 0-0 1-1 3-3 9-8 2-2 6-6
4-4 5-5 7-7 0-0 1-1 3-3 9-8 2-2 6-6
4-4 5-5 7-7 0-0 1-1 3-3 9-8 2-2 6-6
4-4 5-5 0-0 8-7 1-1 3-3 2-2
4-4 5-5 0-0 8-7 1-1 3-3 2-2 6-6
6-5 4-3 0-0 8-7 1-1 5-4 12-10 15-14 12-9 7-6 9-8 2-2 10-12 13-11
23-28 2-5 11-17 7-10 15-20 24-29 18-22 20-25 12-18 8-11 31-34 17-23 19-23 16-21 25-30 18-24 4-7 26-31 21-26 29-33 22-27 0-0 5-8 0-3 1-4 9-15 10-16 27-32
0-1 8-8 3-4 7-7 0-0 9-9 10-10 4-5 6-6 1-3
18-20 12-16 20-23 0-2 2-5 13-17 7-10 3-6 6-9 8-11 9-13 16-21 4-7 0-0 5-8 0-3 1-4 11-15 19-22 15-18
8-8 2-1 6-5 4-3 0-0 5-4 7-6 1-0 3-2
0-1 1-2 3-4 2-3 6-7 4-5 7-9 5-6
0-1 1-2 3-4 8-10 2-3 6-7 4-5 5-6 7-8
9-10 3-4 1-1 2-3 6-7 4-5 0-2 8-9 5-6 7-8
4-6 5-7 11-14 16-19 6-8 12-15 0-1 1-2 17-20 13-16 7-9 18-21 3-5 0-0 14-17 9-12 8-10 10-13 2-3 15-18
0-1 1-2 5-5 0-10 3-4 6-5 10-8 12-10 2-3 16-14 8-6 7-5 9-7
8-8 2-1 7-7 4-3 0-0 5-4 6-6 1-0 3-2
0-1 9-10 1-2 10-11 3-4 2-3 6-7 4-5 8-9 11-12 5-6 7-8
0-1 1-2 3-4 2-3 6-7 4-5 8-9 5-6 7-8
2-1 6-5 4-3 0-0 8-7 5-4 9-9 13-13 16-14 10-10 7-6 12-12 9-8 1-0 3-2 11-11 15-15
0-1 9-10 1-2 3-4 2-3 6-7 4-5 8-9 5-6 9-11 7-8
25-29 12-16 14-19 23-25 8-12 2-5 13-17 24-26 15-20 3-6 14-18 9-13 10-14 16-21 4-7 20-24 0-0 5-8 0-3 1-4 11-15 19-22 7-11 6-9
0-1 1-2 3-4 11-13 6-8 8-10 13-16 2-3 7-9 4-5 5-6 9-11 13-15 10-12 12-14
2-1 6-5 0-0 8-7 5-4 7-6 9-8 1-0 3-2
2-1 6-5 4-3 0-0 8-7 10-9 9-8 1-0 3-2
1-2 3-4 0-0 2-3 6-7 4-5 8-9 5-6 7-8
