9-10 13-14 10-11 3-4 0-0 1-1 16-17 12-13 2-3 6-7 4-5 8-9 11-12 5-6 15-16 14-15 7-8
4-4 9-10 13-14 10-11 0-0 1-1 6-8 12-13 5-7 7-9 11-12 4-5 3-3 8-9 2-2
4-4 8-8 5-5 14-14 2-1 0-0 9-9 6-6 13-13 10-10 12-12 1-0 3-2 11-11
2-1 6-5 4-3 0-0 8-7 12-10 11-9 15-13 16-14 7-6 9-8 17-15 1-0 3-2 13-11 14-12
0-1 17-17 21-20 1-2 10-11 3-4 14-14 0-0 16-16 8-10 12-13 2-3 7-9 11-12 19-19 5-6 18-18 15-15
8-8 7-7 6-5 4-3 0-0 9-9 1-1 5-4 10-10 2-2 11-11
4-4 8-8 5-5 7-7 0-0 9-9 1-1 13-13 10-10 3-3 12-12 2-2 6-6 11-11
4-4 5-5 7-7 0-0 1-1 8-10 3-3 2-2 6-6
9-10 1-2 3-4 0-0 2-3 6-7 4-5 8-9 5-6 7-8
6-5 4-3 0-0 8-7 1-1 5-4 12-10 15-13 7-6 9-8 10-9 16-14 13-11 14-12
1-2 3-4 0-0 2-3 6-7 4-5 5-6 7-8
11-10 6-5 0-0 8-7 1-1 3-3 7-6 2-2 10-9 12-11 3-5
6-5 0-0 10-8 12-10 1-1 5-4 3-3 8-6 2-2 7-5 9-7 13-11
4-4 5-5 10-9 0-0 1-1 3-3 2-2 6-6 8-5
4-4 5-5 0-0 1-1 3-3 9-8 2-2
10-8 0-0 12-10 1-1 5-4 11-9 3-3 8-6 2-2 7-5 9-7 13-11
10-8 0-0 12-10 1-1 5-4 11-9 3-3 8-6 2-2 7-5 9-7 13-11
4-4 8-8 5-5 7-7 0-0 8-7 1-1 3-3 2-2 6-6
4-4 8-8 5-5 7-7 0-0 1-1 3-3 2-2 6-6
4-4 8-8 5-5 7-7 0-0 9-9 1-1 10-10 3-3 12-12 2-2 6-6 11-11
4-4 8-8 5-5 7-7 0-0 9-9 1-1 2-3 3-3 6-6
4-4 8-8 5-5 7-7 0-0 9-9 1-1 10-10 3-3 2-2 6-6
4-4 8-8 5-5 7-7 0-0 9-9 1-1 10-10 3-3 2-2 6-6 11-11
4-4 8-8 5-5 7-7 0-0 9-9 1-1 10-10 3-3 2-2 6-6
4-4 5-5 0-0 1-1 3-3 2-2 6-6
0-4 1-5 9-12 10-13 12-14 8-9 8-11 6-3 4-1 7-8 5-2
4-4 5-5 7-7 0-0 1-1 3-3 2-2 6-6
0-1 4-4 8-8 1-2 5-5 7-7 10-10 3-3 6-6 11-11
4-4 8-8 5-5 7-7 0-0 1-1 3-3 2-2 6-6
0-1 4-4 8-8 1-2 5-5 7-7 9-9 10-10 3-3 12-12 6-6 11-11
4-4 8-8 5-5 7-7 0-0 1-1 3-3 2-2 6-6
0-1 1-2 3-4 0-0 2-3 6-7 4-5 8-9 5-6 7-8
4-4 8-8 5-5 7-7 0-0 9-9 1-1 10-10 3-3 12-12 2-2 11-11
4-4 8-8 5-5 7-7 0-0 9-9 1-1 3-3 2-2 6-6 11-11
7-4 2-1 5-3 4-2 1-0 6-3
0-1 1-2 3-4 0-0 2-3 6-7 4-5 5-6
8-8 1-2 0-4 3-4 5-5 0-0 7-7 2-3 6-6
0-1 8-8 1-2 0-4 5-5 7-7 0-0 9-9 2-3
0-1 1-2 3-4 0-0 2-3 6-7 4-5 5-6 7-8
1-2 3-4 0-0 2-3 6-7 4-5 5-6 7-8
0-1 9-10 1-2 10-11 3-4 0-0 2-3 6-7 4-5 8-9 11-12 5-6 7-8
0-1 1-2 3-4 0-0 2-3 6-7 4-5 5-6
1-2 3-4 0-0 2-3 6-7 4-5 5-6
4-4 11-10 6-5 0-0 1-1 3-3 7-6 13-12 2-2 10-9 12-11
4-4 12-11 11-10 6-5 0-0 8-7 1-1 14-13 3-3 7-6 9-8 13-12 2-2 10-9 3-2
0-1 1-2 3-4 0-0 2-3 6-7 4-5 5-6 7-8
1-2 3-4 0-0 2-3 6-7 4-5 5-6 7-8
0-1 1-2 3-4 0-0 2-3 6-7 4-5 5-6
4-4 8-8 5-5 7-7 0-0 9-9 1-1 10-10 3-3 2-2 6-6 11-11
4-4 8-8 5-5 14-14 7-7 0-0 9-9 1-1 13-13 10-10 3-3 2-2 6-6 11-11 15-15
4-4 8-8 5-5 0-0 1-1 10-10 3-3 12-12 2-2 6-6 12-11 11-11
18-17 14-13 2-2 19-18 7-7 15-14 3-3 20-19 8-8 16-15 12-11 4-4 5-5 0-0 9-9 17-16 1-1 13-12 6-6
4-4 8-8 5-5 7-7 0-0 9-9 1-1 10-10 3-3 12-12 13-12 2-2 6-6 11-11
4-4 8-8 5-5 14-14 7-7 15-14 0-0 9-9 1-1 13-13 10-10 3-3 12-12 2-2 6-6 11-11
4-4 8-8 5-5 14-14 7-7 0-0 9-9 1-1 13-13 10-10 3-3 12-12 16-15 2-2 6-6 11-11 15-15
3-4 23-19 14-16 8-9 11-14 10-12 24-20 15-17 4-5 5-6 17-11 9-10 25-21 6-7 18-12 26-22 0-0 1-1 2-3 19-13 13-15 7-8
9-10 13-14 10-11 3-4 0-0 1-1 12-13 2-3 6-7 4-5 8-9 11-12 5-6 7-8
8-8 21-20 18-17 6-5 4-3 0-0 9-9 1-1 5-4 15-14 17-16 10-10 14-13 7-6 16-15 2-2 19-18
6-5 0-0 8-7 1-1 5-4 15-13 3-3 7-6 2-2 14-12 16-14 13-11
3-4 4-6 12-13 5-7 2-2 9-11 13-14 6-8 18-16 3-3 23-18 19-5 7-9 24-19 21-17 0-0 1-1 8-10 11-12
9-7 4-3 0-0 5-4 13-10 12-9 8-6 2-2 7-5 15-12 1-3 14-11
12-11 11-10 4-3 0-0 8-7 1-1 5-4 9-8 2-2 10-9 7-5
7-4 2-1 10-8 0-0 12-10 13-11 4-6 11-9 1-0 3-2 9-7 8-5
7-5 4-3 0-0 10-8 1-1 5-4 11-9 12-10 8-6 2-2 3-2 9-7 13-11
7-5 4-3 0-0 10-8 1-1 5-4 11-9 12-10 8-6 2-2 14-12 3-2 9-7 13-11
8-8 5-5 7-7 0-0 9-9 1-1 3-3 2-2 6-6
4-4 5-5 7-7 0-0 1-1 3-3 2-2 6-6
4-4 8-8 5-5 7-7 10-9 0-0 1-1 5-4 3-3 9-8 2-2 6-6
4-4 8-8 5-5 7-7 0-0 9-9 1-1 10-10 3-3 2-2 6-6
8-8 5-5 7-7 0-0 9-9 10-10 3-3 12-12 13-12 2-2 6-6 11-11
4-4 5-5 7-7 0-0 4-9 12-10 1-1 12-9 3-3 2-2 6-6 11-8 9-7
4-4 5-5 7-7 0-0 1-1 3-3 2-2 6-6
4-4 8-8 5-5 17-14 7-7 0-0 9-9 16-13 1-1 18-15 19-16 3-3 2-2 6-6 10-12 13-11 14-12
4-4 5-5 7-7 0-0 1-1 3-3 2-2 6-6
4-4 5-5 0-0 1-1 3-3 2-2 6-6
7-7 0-0 1-1 3-3 2-2 6-6
4-4 8-8 5-5 7-7 10-9 0-0 11-10 6-6 3-3 2-2 1-0
5-5 3-4 0-0 1-1 6-8 8-10 2-3 7-6 4-7
4-4 5-5 7-7 0-0 1-1 3-3 12-12 2-2 6-6 11-11
4-4 9-10 10-11 0-0 1-1 3-3 8-9 5-6 12-12 2-2 11-11
4-4 9-10 10-11 0-0 12-15 1-1 15-17 13-16 10-13 6-7 3-3 8-9 5-6 2-2 11-14 10-12
3-4 0-0 12-15 1-1 9-12 13-16 16-17 10-13 6-7 4-5 8-9 5-6 2-2 17-18 11-14 7-8
4-4 8-8 13-14 5-5 7-7 0-0 11-13 1-1 3-3 2-2 6-6 9-11 10-12
3-4 0-0 5-8 11-13 1-1 4-6 10-12 2-2 9-11 13-15 6-9 4-7 12-14
4-4 8-8 13-14 5-5 7-7 11-10 0-0 9-9 1-1 13-13 15-16 3-3 13-12 2-2 6-6 12-11 14-15
14-14 3-4 0-0 9-9 1-1 16-17 6-7 4-5 10-10 14-13 5-6 13-12 2-2 15-16 12-11 14-15 7-8
9-10 10-11 0-0 5-8 1-1 12-13 6-4 3-3 8-9 2-2 14-12 7-5 4-7
2-4 1-2 0-0 1-1 4-6 5-7 2-3 7-9 9-8 3-5
4-4 8-8 9-10 5-5 7-7 0-0 1-1 11-9 3-3 2-2 6-6
4-4 8-8 5-5 10-11 7-7 0-0 9-9 1-1 3-3 2-2 6-6
3-4 6-5 4-3 0-0 8-7 1-1 11-13 5-13 7-6 9-8 2-2 10-9 11-11
0-0 10-4 1-1 4-6 6-8 5-7 8-12 3-9 6-10 2-2 7-11 3-5
2-4 1-2 0-0 1-1 4-6 6-8 5-7 2-3 7-9 3-5
4-4 5-5 0-0 1-1 7-9 3-3 2-2 6-6 9-11 10-12
8-8 0-0 9-9 1-1 13-13 10-10 3-3 12-12 2-2 6-6 11-11
4-4 8-8 5-5 7-7 0-0 9-9 1-1 10-10 3-3 2-2 6-6 11-11
4-4 8-8 5-5 7-7 0-0 9-9 1-1 11-9 10-10 3-3 2-2 6-6
4-4 8-8 5-5 7-7 11-10 0-0 9-9 1-1 14-13 3-3 13-12 2-2 6-6 12-11 17-14
4-4 11-10 6-5 0-0 8-7 1-1 3-3 7-6 9-8 2-2 10-9
4-4 8-8 5-5 7-7 0-0 9-9 1-1 3-3 2-2 6-6
8-8 7-7 0-0 9-9 1-1 10-10 3-3 2-2 6-6 11-11
4-4 8-8 5-5 7-7 0-0 1-1 3-3 8-6 2-2 10-9
4-4 8-8 16-18 5-5 14-14 7-7 0-0 9-9 1-1 17-19 13-13 10-10 3-3 12-12 2-2 6-6 11-11 15-15
4-4 8-8 5-5 7-7 10-9 0-0 11-10 1-1 3-3 2-2 6-6 12-11 13-11
4-4 8-8 5-5 7-7 10-9 0-0 11-10 1-1 3-3 2-2 6-6 12-11 13-11
3-4 10-8 0-0 12-10 1-1 11-9 8-6 2-2 9-7
4-4 5-5 0-0 1-1 3-3 2-2 6-6
5-5 7-7 0-0 12-10 1-1 4-6 11-9 3-3 9-8 2-2 6-6
35-30 3-4 12-10 20-17 29-26 9-8 2-2 10-9 28-24 13-11 32-27 30-27 4-5 21-18 14-12 15-13 25-21 7-6 16-15 22-6 26-22 23-20 0-0 8-7 17-16 1-1 34-29 27-23 33-30
4-4 8-8 5-5 7-7 0-0 9-9 1-1 3-3 2-2
7-4 0-0 9-6 10-7 4-2 12-9 11-8 6-3 8-5
4-4 9-10 13-14 5-5 10-11 7-7 0-0 1-1 12-13 11-12 15-16 3-3 2-2 6-6 14-15 16-17
9-10 10-11 3-4 0-0 1-1 2-3 6-7 4-5 8-9 11-12 5-6 7-8
4-4 5-5 0-0 1-1 3-3 2-2 6-6
4-4 0-0 8-7 1-1 3-3 2-2 8-5
4-4 8-8 5-5 7-7 0-0 1-1 3-3 2-2 6-6
4-4 5-5 7-7 0-0 1-1 9-6 3-3 2-2
4-4 15-8 0-0 14-7 1-1 9-11 10-13 3-3 7-12 6-10 13-6 2-2 12-5 5-9 11-14
4-4 8-8 9-10 5-5 7-7 0-0 1-1 11-9 14-13 3-3 13-12 2-2 6-6 12-11
11-13 1-1 4-6 6-8 8-10 5-7 7-9 3-3 2-2 9-11 10-12 12-14
4-4 5-5 7-7 10-9 0-0 11-10 1-1 3-3 9-8 2-2 6-6
5-5 0-0 12-10 1-1 11-9 6-7 3-3 9-8 8-6 2-2 13-11
0-0 12-10 1-1 11-9 6-4 4-5 3-3 7-6 9-8 2-2 13-11
5-5 0-0 12-10 1-1 11-9 6-7 3-3 9-8 8-6 2-2 13-11
0-0 12-10 1-1 11-9 6-4 4-5 3-3 7-6 9-8 2-2 13-11
4-4 5-5 7-7 10-9 0-0 11-10 1-1 3-3 9-8 2-2 6-6
5-5 0-0 12-10 1-1 11-9 6-7 3-3 9-8 8-6 2-2 13-11
4-4 8-8 5-5 7-7 0-0 9-9 1-1 3-3 2-2 6-6
4-4 5-5 0-0 1-1 3-3 2-2 6-6
4-4 5-5 0-0 1-1 3-3 2-2 6-6
4-4 8-8 5-5 7-7 0-0 9-9 1-1 10-10 3-3 12-12 2-2 6-6 11-11
4-4 8-8 5-5 7-7 0-0 9-9 1-1 10-10 3-3 12-12 2-2 6-6 11-11
4-4 8-8 5-5 7-7 0-0 9-9 1-1 10-10 3-3 12-12 2-2 6-6 11-11
4-4 5-5 0-0 1-1 3-3 2-2 6-6
4-4 5-5 0-0 8-7 1-1 3-3 2-2 6-6
4-4 8-8 5-5 7-7 0-0 9-9 1-1 3-3 2-2 6-6
4-4 8-8 5-5 7-7 0-0 1-1 3-3 2-2 6-6
20-20 2-2 11-11 7-7 16-16 3-3 12-12 8-8 17-17 18-18 4-4 5-5 0-0 9-9 1-1 10-10 19-19 6-6 15-15
18-17 14-16 2-2 11-11 7-7 3-3 12-12 8-8 13-13 16-15 4-4 5-5 14-14 0-0 9-9 17-16 1-1 10-10 6-6
3-4 0-0 1-1 6-7 4-5 8-9 5-6 2-2 7-8
4-4 5-5 0-0 1-1 3-3 2-2 6-6
4-4 5-5 0-0 1-1 3-3 2-2 6-6
4-4 5-5 7-7 0-0 1-1 3-3 2-2 6-6
11-7 3-8 15-11 8-4 0-0 4-9 1-1 17-13 12-13 14-10 16-12 9-5 10-6 2-2 18-14
11-7 3-8 8-4 0-0 4-9 1-1 17-13 20-16 9-5 5-10 10-6 2-2 14-12 19-15 13-11 18-14
4-4 15-5 0-0 1-1 9-6 10-7 14-10 12-9 16-6 3-3 18-12 2-2 17-11 11-8
1-2 3-4 0-0 2-3 6-7 4-5 5-6
4-4 8-8 5-5 7-7 0-0 9-9 1-1 2-2 6-6 3-5
4-4 5-5 0-0 1-1 3-3 2-2
4-4 5-5 0-0 8-7 1-1 3-3 2-2 6-6
8-8 5-5 7-7 0-0 1-1 3-3 2-2 6-6 4-7
4-4 2-1 0-0 1-1 3-3 2-2
4-4 8-8 5-5 10-11 7-7 0-0 9-9 1-1 11-12 3-3 2-2 6-6
4-4 5-5 11-10 0-0 1-1 3-3 7-6 2-2 10-9
4-4 8-8 5-5 7-7 10-9 0-0 9-9 11-10 1-1 3-3 2-2 6-6
4-4 8-8 7-7 6-5 0-0 9-9 1-1 3-3 12-12 5-6 2-2 11-11
4-4 8-8 7-7 0-0 1-1 3-3 2-2
4-4 8-8 5-5 7-7 0-0 1-1 3-3 2-2
5-15 3-1 15-7 4-2 2-3 13-6 1-0 12-5 11-4
10-5 6-11 4-9 3-1 13-7 2-3 5-10 12-6 1-0 9-4
6-11 4-9 3-1 10-4 14-7 2-3 5-10 13-6 11-5 1-0
6-11 4-9 3-1 10-4 14-7 2-3 8-13 5-10 7-12 13-6 9-14 11-5 1-0
4-4 5-5 7-7 0-0 1-1 3-3 2-2 6-6
4-4 5-5 0-0 1-1 3-3 8-9 2-2 6-6 7-8
4-4 5-5 10-9 11-10 0-0 8-7 1-1 3-3 9-8 2-2 6-6
4-4 8-8 5-5 7-7 0-0 1-1 3-3 2-2 6-6
4-4 8-8 5-5 7-7 0-0 9-9 1-1 10-10 3-3 2-2 6-6 11-11
11-1 4-10 9-0 5-5 0-6 13-3 1-7 3-9 12-2 2-8
11-10 6-5 0-0 8-7 15-14 1-1 5-4 14-13 3-3 7-6 9-8 13-12 2-2 10-9 12-11
4-4 5-5 7-7 0-0 1-1 3-3 2-2 6-6
4-4 8-8 5-5 14-14 7-7 0-0 1-1 13-13 3-3 12-12 16-15 2-2 6-6 11-11 15-15
4-4 5-5 7-7 15-14 0-0 9-9 1-1 13-13 10-10 3-3 12-12 16-15 2-2 6-6 11-11
4-4 13-8 5-5 12-7 0-0 1-1 15-10 3-3 14-9 2-2 6-6
4-4 8-8 5-5 7-7 10-9 0-0 9-9 11-10 1-1 3-3 2-2 6-6
4-4 8-8 7-7 0-0 1-1 3-3 2-2 6-6
4-4 5-5 7-7 0-0 1-1 3-3 2-2 6-6
4-4 8-8 5-5 7-7 10-9 0-0 1-1 3-3 9-8 2-2 6-6
4-4 11-10 6-5 0-0 8-7 1-1 5-4 3-3 7-6 9-8 13-12 2-2 10-9 12-11
2-4 1-2 0-0 1-1 4-6 2-3 3-5
1-2 3-4 0-0 1-1 2-3 6-7 4-5 5-6 7-8
0-1 1-2 3-4 0-0 2-3 6-7 4-5 8-9 5-6 7-8
4-4 5-5 7-7 0-0 1-1 8-10 11-9 3-3 13-12 2-2 6-6 12-11
4-4 5-5 7-7 15-14 9-9 17-16 1-1 8-0 10-10 14-13 3-3 16-15 13-12 2-2 6-6 12-11
9-10 10-11 0-0 1-1 8-9 3-6 2-2 6-6 7-8
0-4 0-0 1-1 6-8 8-10 5-7 7-9 4-5 2-2 9-11 10-12
9-10 1-1 6-7 4-5 8-9 5-6 2-2 7-8
4-4 5-5 10-11 7-7 10-9 0-0 11-10 1-1 8-10 3-3 9-8 2-2 6-6 12-11 11-11
4-4 7-7 0-0 12-10 1-1 11-9 3-3 9-8 2-2 6-6 7-5
5-5 10-9 11-10 1-1 6-8 13-13 14-13 3-3 2-2 6-6 12-11 10-12
8-8 7-7 11-10 0-0 9-9 1-1 4-6 13-13 14-13 4-5 3-3 2-2 10-9 12-11 10-12
7-5 0-0 10-8 12-10 1-1 11-9 6-4 8-6 2-2 5-3 4-11 9-7 14-12
1-2 3-4 0-0 2-3 6-7 4-5 5-6
4-4 8-8 5-5 10-11 7-7 0-0 9-9 12-15 1-1 3-3 2-2 6-6 11-14
4-4 8-8 13-14 5-5 7-7 0-0 14-17 16-19 1-1 10-10 3-3 12-12 2-2 6-6 15-18 11-11
4-4 8-8 5-5 7-7 0-0 9-9 12-15 1-1 13-16 11-12 10-10 3-3 2-2 6-6
4-4 8-8 5-5 7-7 0-0 9-9 14-17 1-1 12-13 13-16 10-10 3-3 2-2 6-6 15-18 11-11
4-4 5-5 6-5 0-0 8-7 1-1 3-3 7-6 9-8 2-2
4-4 8-8 5-5 7-7 11-10 0-0 9-9 1-1 10-10 14-13 3-3 16-15 13-12 2-2 6-6 12-11 15-15
4-4 5-5 7-7 10-9 0-0 1-1 8-10 3-3 9-8 2-2 6-6 12-11
4-4 8-8 5-5 0-0 9-9 1-1 10-10 3-3 13-12 2-2 6-6 11-11 5-2
4-4 8-8 5-5 7-7 0-0 1-1 11-9 15-13 3-3 13-12 2-2 6-6 16-14
8-8 5-5 7-7 0-0 9-9 1-1 10-10 3-3 13-12 2-2 6-6 12-11
9-10 10-11 3-4 0-0 1-1 2-3 6-7 4-5 8-9 5-6 2-2 7-8
1-5 0-0 5-8 0-2 3-6 4-7
1-5 0-0 5-8 6-4 0-2 3-6 4-7
8-8 5-5 7-7 0-0 9-9 1-1 14-10 3-3 2-2 6-6 12-11
4-4 8-8 5-5 7-7 0-0 9-9 1-1 14-10 3-3 2-2 6-6 12-11
6-5 0-0 4-3 3-7 1-1 5-4 2-2 3-2
6-5 0-0 4-3 3-7 1-1 5-4 2-2 3-2
6-5 0-0 4-3 3-7 1-1 5-4 7-6 2-2 3-2
10-5 11-10 0-0 1-1 4-6 6-8 5-7 7-9 14-13 13-12 2-2 12-11 9-4
1-2 3-4 0-0 2-3 6-7 4-5 5-6
5-5 7-7 0-0 12-10 1-1 11-9 3-3 9-8 2-2 6-6
4-4 5-5 7-7 0-0 8-7 1-1 3-3 9-8 2-2 6-6
4-4 5-5 11-10 0-0 1-1 5-7 3-3 6-10 2-2
4-4 5-5 10-9 11-10 0-0 8-7 1-1 5-7 3-3 9-8 13-12 2-2 6-6 12-11
4-4 5-5 10-9 11-10 0-0 16-13 1-1 15-7 3-3 9-8 2-2 6-6 17-14
4-4 5-5 0-0 16-13 1-1 15-9 3-3 2-2 6-6 12-11 17-14
4-4 5-5 12-7 0-0 9-9 1-1 10-10 3-3 2-2 6-6 13-11 14-12
4-4 5-5 10-9 11-10 0-0 8-7 13-7 1-1 11-6 3-3 9-8 2-2 6-6 15-12 14-11
1-2 3-4 0-0 1-1 2-3 6-7 4-5 5-6 7-8
18-17 2-2 7-7 16-16 15-17 3-3 8-11 17-17 18-18 12-8 4-4 5-5 0-0 1-1 9-12 10-13 13-9 6-6 15-15
18-17 5-4 14-13 9-8 2-2 10-9 19-18 6-5 15-14 3-3 11-10 19-17 7-6 16-15 0-0 8-7 17-16 1-1 13-12 16-17
0-0 8-7 1-1 11-9 3-3 7-6 9-8 2-2 10-9 5-2
7-5 4-3 0-0 10-8 1-1 11-9 6-4 3-3 8-6 3-2 9-7
10-9 0-0 8-7 1-1 11-9 3-3 7-6 9-8 2-2 6-6 5-2
5-5 10-8 0-0 8-7 1-1 11-9 7-6 2-2 6-3
2-1 6-5 4-3 7-5 5-4 8-6 1-0 3-2 9-7 11-8
4-4 5-5 7-7 10-8 0-0 12-10 1-1 13-10 11-9 3-3 2-2 6-6
4-4 8-8 0-0 1-1 3-3 8-6 2-2 11-8 6-3 9-7
4-4 0-0 1-1 9-6 10-7 4-2 8-6 5-3 7-5
4-4 0-0 1-1 3-3 2-2
6-2 0-0 1-4 7-3 3-6 2-5 4-7
2-1 6-5 4-3 0-0 8-7 5-4 7-6 3-2
2-2 1-3 0-0
2-1 6-5 4-3 0-0 5-4 1-0 3-2
2-1 6-5 4-3 0-0 5-4 7-6 3-2
2-1 6-5 4-3 0-0 8-7 5-4 7-6 1-0 3-2
9-10 3-4 0-0 1-1 2-3 6-7 4-5 8-9 7-8
2-1 6-5 4-3 0-0 5-4 7-6 3-2
2-1 6-5 4-3 0-0 5-4 7-6 3-2
2-1 6-5 4-3 0-0 8-7 5-4 10-8 11-9 12-10 7-9 7-6 3-2
2-1 6-5 4-3 0-0 8-7 5-4 7-6 1-0 3-2
2-1 6-5 4-3 0-0 8-7 5-4 7-6 9-8 1-0 3-2
2-1 6-5 4-3 0-0 8-7 7-6 3-2
4-4 5-5 0-0 1-7 3-3 2-2 6-6
4-4 12-11 5-5 2-1 7-7 0-0 10-9 11-10 9-12 11-12 14-13 9-8 6-6 3-2
2-1 6-5 4-3 0-0 5-4 7-6 1-0 3-2
2-1 6-5 4-3 0-0 8-7 5-4 7-6 1-0 3-2
2-1 6-5 4-3 0-0 8-7 5-4 7-6 1-0 3-2
2-1 6-5 4-3 0-0 8-7 5-4 7-6 3-2
2-1 6-5 4-3 0-0 8-7 5-4 7-6 9-8 10-9 3-2
2-1 6-5 4-3 0-0 8-7 5-4 7-6 9-8 1-0 3-2 9-7
9-10 3-4 0-0 1-1 11-11 6-7 4-5 8-9 10-10 5-6 2-2 7-8
2-1 0-0 6-4 8-6 5-3 7-5 9-7
1-2 3-4 0-0 1-1 2-3
4-4 8-8 5-5 14-14 7-7 16-16 0-0 9-9 1-1 13-13 10-10 3-3 12-12 2-2 6-6 11-11 15-15
0-1 9-10 1-2 10-11 3-4 0-0 12-13 2-3 6-7 4-5 8-9 11-12 5-6 7-8
9-10 10-11 6-5 0-0 5-8 1-1 5-4 11-12 8-9 3-6 2-2 4-7 7-8
9-10 10-11 6-5 0-0 5-8 1-1 11-12 3-3 7-6 8-9 2-2 4-7
10-5 14-11 0-0 3-7 1-1 13-10 11-6 12-9 8-3 4-8 2-2 5-9 15-12 9-4
10-5 14-11 0-0 16-13 3-7 1-1 13-10 11-6 12-9 8-3 4-8 2-2 15-12 9-4
21-19 3-7 22-20 8-3 2-2 19-15 16-13 12-9 4-8 23-21 9-4 10-5 13-10 20-18 14-11 0-0 1-1 11-6 15-12 18-14
21-20 17-14 8-4 18-17 10-8 0-0 12-10 16-13 1-1 13-11 11-9 9-5 20-19 3-6 2-2 14-12 19-18 4-7
4-4 5-5 7-7 0-0 12-10 1-1 11-9 3-3 9-8 2-2 6-6
9-10 0-0 1-1 6-7 4-5 3-3 8-9 5-6 2-2 7-8
4-4 9-10 5-5 10-11 14-12 0-0 16-13 1-1 15-13 13-13 11-12 3-3 8-9 2-2 6-6 7-8
3-4 12-13 20-20 8-9 2-2 13-14 4-5 21-21 5-6 14-15 22-22 9-10 17-17 10-11 6-7 15-16 18-18 0-0 1-1 2-3 11-12 19-19 7-8
20-17 2-2 11-8 7-4 16-13 12-9 21-18 22-19 17-14 8-5 13-10 6-3 18-15 14-11 23-20 0-0 1-1 9-6 10-7 19-16 15-12
4-4 17-17 5-5 14-14 16-16 0-0 9-9 1-1 4-6 13-13 10-10 3-3 12-12 2-2 11-11 15-15
4-4 5-5 7-7 10-9 0-0 1-1 3-3 9-8 2-2 6-6
4-4 5-5 0-0 1-1 3-3 2-2 6-6
5-5 1-2 3-4 10-8 0-0 8-7 16-13 13-10 11-9 2-3 7-6 15-12 17-14 14-11
8-8 1-2 3-4 15-14 0-0 17-16 11-11 2-3 6-7 4-5 10-10 12-12 14-13 13-12 16-15 7-8
2-1 6-5 4-3 0-0 8-7 5-4 12-10 16-13 19-16 7-9 7-6 9-8 18-15 1-0 3-2 15-12 13-11 14-12
17-14 2-1 6-5 4-3 0-0 8-7 5-4 12-10 11-9 7-6 18-15 1-0 3-2 15-12 13-11
1-2 3-4 0-0 11-11 2-3 6-7 4-5 8-9 10-10 5-6 12-12 13-12 7-8
2-2 1-3 0-0
8-8 5-5 7-7 0-0 1-1 3-3 2-2 6-6
2-2 1-3 0-0
4-4 15-11 5-5 7-7 0-0 1-1 14-10 16-12 13-9 3-3 2-2 6-6 12-8
4-4 8-8 5-5 7-7 15-14 0-0 9-9 1-1 14-13 3-3 16-15 13-12 2-2 6-6 12-11
14-14 16-16 0-0 1-1 6-4 3-3 4-8 2-2 8-6 5-9 7-5 15-15
4-4 5-5 0-0 1-1 3-3 2-2 6-6
4-4 8-8 5-5 7-7 0-0 9-9 1-1 10-10 3-3 2-2 6-6
4-4 8-8 5-5 7-7 0-0 9-9 1-1 10-10 3-3 2-2 6-6
2-2 1-3 0-0
4-4 8-8 5-5 7-7 0-0 9-9 1-1 10-10 3-3 2-2 6-6
4-4 8-8 5-5 7-7 0-0 9-9 1-1 10-10 3-3 2-2 6-6
4-4 8-8 5-5 7-7 0-0 9-9 1-1 10-10 3-3 2-2 6-6
4-4 8-8 5-5 7-7 0-0 9-9 1-1 10-10 3-3 12-12 2-2 6-6 11-11
4-4 8-8 5-5 7-7 0-0 9-9 1-1 10-10 3-3 2-2 6-6 12-11
4-4 8-8 5-5 7-7 0-0 9-9 1-1 10-10 3-3 2-2 6-6 11-11
4-4 8-8 5-5 7-7 0-0 9-9 1-1 10-10 3-3 2-2 6-6
4-4 5-5 0-0 1-1 3-3 2-2
4-4 5-5 11-10 0-0 8-7 7-10 1-1 3-3 2-2 10-9 6-9
2-4 0-0 4-6 5-7 1-3
4-4 8-8 5-5 7-7 0-0 9-9 1-1 10-10 3-3 2-2 6-6
4-4 5-5 7-7 0-0 1-1 3-3 2-2 6-6
6-5 0-0 8-7 1-1 3-3 7-6 9-8 8-6 2-2 10-9
4-4 1-2 0-0 1-1 2-3
1-2 3-4 0-0 2-3 6-7 4-5 5-6
2-3 1-2 0-0
2-3 1-2 0-0
4-4 8-8 5-5 7-7 0-0 1-1 3-3 2-2 6-6
3-3 2-2 1-4 0-0
4-4 8-8 5-5 7-7 0-0 9-9 1-1 10-10 3-3 12-12 2-2 6-6 11-11
1-2 3-4 0-0 1-1 2-3
4-4 8-8 5-5 7-7 0-0 9-9 1-1 10-10 3-3 12-12 2-2 6-6 11-11
0-0 1-1 3-3 2-2 6-6
2-4 12-17 0-0 6-8 4-6 8-10 13-18 5-7 10-13 7-9 12-15 9-11 11-14 1-3 3-5
0-0 1-1 6-4 4-2 3-6 5-3 2-5
0-4 1-5 0-0 3-7 0-2 2-6 4-8
4-4 5-5 7-7 0-0 1-1 3-3 2-2 6-6
2-4 13-17 0-0 11-13 6-8 4-6 8-10 12-16 5-7 7-9 10-12 9-11 1-3 3-5
1-5 0-0 3-7 0-2 2-6 4-8 5-9
2-1 10-8 4-3 0-0 12-10 5-4 11-9 8-6 3-2 9-7
1-2 3-4 0-0 1-1 2-3
4-4 5-5 0-0 1-1 3-3 2-2 6-6
4-4 5-5 7-7 0-0 1-1 3-3 2-2 6-6
2-4 13-17 0-0 11-13 6-8 4-6 8-10 12-16 5-7 7-9 10-12 9-11 1-3 3-5
4-4 5-5 0-0 1-1 3-3 2-2 6-6
9-10 2-4 0-0 4-6 10-13 6-7 8-9 7-8 11-14 1-3 3-5
4-4 6-5 0-0 8-7 1-1 3-3 7-6 2-2
2-4 13-17 0-0 11-13 6-8 4-6 8-10 12-16 5-7 7-9 10-12 9-11 1-3 3-5
4-4 10-8 0-0 12-10 19-17 1-1 18-16 11-9 15-13 16-14 3-3 12-12 8-6 2-2 17-15 7-5 9-7
4-4 8-8 5-5 7-7 0-0 9-9 1-1 10-10 3-3 2-2 6-6
4-4 8-8 5-5 7-7 0-0 9-9 1-1 10-10 3-3 2-2 6-6
4-4 5-5 7-7 0-0 1-1 3-3 2-2 6-6
4-4 8-8 5-5 7-7 10-9 11-10 1-1 15-13 3-3 2-2 6-6 16-14 13-11 14-12
4-4 5-5 7-7 0-0 1-1 3-3 2-2
4-4 7-7 0-0 1-1 3-3 2-2 6-6
4-4 5-5 0-0 1-1 3-3 2-2 6-6
3-4 0-0 1-1 2-3 6-7 4-5 5-6
0-1 1-2 3-4 0-0 2-3 6-7 4-5 5-6
3-4 0-0 1-1 2-3 6-7 4-5 5-6 7-8
3-4 0-0 1-1 2-3 6-7 4-5 5-6 7-8
3-4 0-0 1-1 2-3 6-7 4-5 7-8
1-2 3-4 0-0 2-3 6-7 7-8
4-4 5-5 0-0 9-9 1-1 10-10 3-3 2-2 6-6
4-4 8-8 5-5 14-14 7-7 0-0 9-9 1-1 13-13 10-10 3-3 12-12 2-2 6-6 11-11 15-15
4-4 5-5 11-10 0-0 8-7 1-1 14-13 3-3 7-6 9-8 13-12 2-2 10-9 12-11 3-5
4-4 11-10 0-0 8-7 1-1 14-13 3-3 7-6 9-8 13-12 2-2 10-9 12-11
4-4 5-5 0-0 1-1 3-3 2-2 6-6
4-4 5-5 7-7 0-0 1-1 3-3 2-2 6-6
4-4 5-5 0-0 1-1 3-3 2-2 6-6
4-4 5-5 7-7 0-0 1-1 3-3 2-2 6-6
4-4 5-5 0-0 1-1 3-3 2-2
4-4 5-5 7-7 0-0 1-1 3-3 2-2 6-6
4-4 5-5 0-0 1-1 3-3 2-2 6-6
4-4 5-5 0-0 1-1 3-3 2-2 6-6
4-4 5-5 0-0 1-1 3-3 2-2 6-6
4-4 5-5 0-0 1-1 3-3 2-2 6-6
4-4 5-5 0-0 1-1 3-3 2-2 6-6
4-4 5-5 7-7 0-0 1-1 5-4 3-3 2-2 6-6
4-4 5-5 7-7 0-0 1-1 3-3 2-2 6-6
4-4 5-5 7-7 0-0 1-1 3-3 2-2 6-6
4-4 5-5 7-7 0-0 1-1 3-3 2-2 6-6
4-4 5-5 7-7 0-0 1-1 3-3 2-2 6-6
4-4 5-5 7-7 0-0 1-1 3-3 2-2 6-6
4-4 8-8 5-5 7-7 0-0 1-1 3-3 2-2 6-6
5-5 0-0 1-1 3-3 2-2 6-6
8-8 5-5 7-7 0-0 1-1 3-3 2-2 6-6
1-2 3-4 0-0 2-3 6-7 4-5 5-6 7-8
4-4 5-5 0-0 1-1 6-7 3-3 2-2 7-8
4-4 8-8 5-5 7-7 0-0 9-9 1-1 10-10 3-3 2-2 6-6 9-11 12-11
3-4 0-0 1-1 6-7 4-5 5-6 2-2
4-4 0-0 1-1 3-3 2-2
4-4 0-0 1-1 3-3 2-2
4-4 5-5 0-0 1-1 2-2
3-4 7-7 0-0 9-9 1-1 2-3 10-10 4-5 6-6
0-1 8-8 1-2 5-5 3-4 7-7 0-0 9-9 2-3 10-10 12-12 6-6
0-1 8-8 1-2 5-5 3-4 7-7 0-0 9-9 2-3 10-10 6-6
3-4 0-0 7-10 1-1 2-3 6-7 4-5 12-14 5-6 8-12 8-11
4-4 8-8 5-5 1-2 7-7 0-0 9-9 12-13 2-3 10-10 11-12 6-6
4-4 8-8 5-5 7-7 0-0 9-9 1-1 3-3 2-2 6-6
11-10 6-5 0-0 8-7 5-4 3-3 7-6 2-2 10-9 12-11
4-4 5-5 0-0 1-1 6-7 3-3 2-2 7-8
9-10 1-2 10-11 3-4 0-0 14-16 2-3 11-12 4-5 8-9 12-14 13-15 15-18 7-8
4-4 5-5 0-0 1-1 3-3 2-2 6-6
6-5 0-0 8-7 1-1 5-4 7-6 9-8 2-2
4-4 5-5 0-0 1-1 3-3 2-2 6-6
6-5 0-0 8-7 1-1 5-4 7-6 9-8 2-2
6-5 0-0 8-7 1-1 5-4 7-6 9-8 2-2
6-5 0-0 8-7 1-1 5-4 7-6 9-8 2-2
6-5 0-0 8-7 1-1 5-4 7-6 9-8 2-2
6-5 0-0 8-7 1-1 5-4 7-6 9-8 2-2
4-4 5-5 0-0 1-1 3-3 2-2 6-6
4-4 5-5 0-0 1-1 3-3 2-2 6-6
4-4 5-5 0-0 1-1 3-3 2-2 6-6
4-4 5-5 0-0 1-1 3-3 2-2 6-6
25-23 18-17 14-13 23-22 2-2 19-18 7-7 15-14 3-3 20-19 8-8 11-10 16-15 12-11 4-4 21-20 5-5 22-21 0-0 9-9 17-16 1-1 10-10 13-12 6-6
4-4 8-8 5-5 7-7 0-0 9-9 1-1 10-10 3-3 2-2 12-11
4-4 8-8 5-5 7-7 11-10 0-0 9-9 1-1 10-10 3-3 2-2 6-6 12-11
4-4 8-8 5-5 7-7 0-0 9-9 1-1 10-10 3-3 2-2 6-6 11-11
4-4 8-8 5-5 7-7 0-0 9-9 1-1 10-10 3-3 2-2 6-6 11-11
4-4 5-5 7-7 0-0 1-1 3-3 2-2 6-6
0-1 1-2 3-4 0-0 8-7 12-10 15-13 2-3 4-5 7-6 9-8 14-12 16-14 13-11
9-10 1-2 3-4 0-0 11-11 2-3 6-7 4-5 8-9 7-8
8-8 5-5 3-4 7-7 0-0 1-1 2-2 6-6
8-8 5-5 3-4 7-7 0-0 9-9 1-1 10-10 2-2 6-6
8-8 5-5 3-4 7-7 0-0 1-1 2-2 6-6
4-4 5-5 7-7 0-0 1-1 4-5 3-3 2-2 6-6
4-4 5-5 0-0 1-1 8-10 3-3 2-2 4-7 7-8
4-4 0-0 1-1 3-3 2-2
4-4 0-0 1-1 3-3 2-2
4-4 7-7 0-0 1-1 3-3 2-2 6-6
4-4 0-0 1-1 3-3 2-2
1-1 2-2 0-0
6-5 0-0 10-8 12-10 1-1 5-4 11-9 3-3 8-6 2-2 14-12 7-5 9-7 13-11
1-2 3-4 0-0 1-1 2-3 6-7 4-5 5-6 7-8
6-5 0-0 8-7 1-1 5-4 3-3 7-6 9-8 2-2 10-9
2-3 1-2 0-0
4-4 5-5 0-0 1-1 3-3 2-2 6-6
4-4 8-8 5-5 0-0 9-9 1-1 10-10 3-3 12-12 2-2 6-6 11-11
9-10 10-11 0-0 1-1 11-12 6-7 4-5 3-3 5-6 2-2 7-8
4-4 8-8 5-5 1-2 7-7 0-0 2-3 6-6
0-1 1-2 3-4 0-0 2-3 6-7
0-1 1-2 3-4 0-0 2-3 6-7 4-5 5-6
0-1 1-2 3-4 0-0 5-8 2-3 4-5 8-9
0-1 4-4 8-8 5-5 1-2 7-7 0-0 6-6
4-4 5-5 0-0 1-1 3-3 2-2
1-2 3-4 0-0 2-3 6-7 4-5 8-9 5-6 7-8
4-4 8-8 5-5 1-2 7-7 0-0 9-9 10-10 3-3 6-6 11-11
0-1 4-4 8-8 1-2 5-5 7-7 0-0 9-9 2-3 6-6
0-1 4-4 8-8 1-2 5-5 7-7 0-0 9-9 2-3 6-6
4-4 5-5 7-7 0-0 1-1 3-3 2-2 6-6
4-4 8-8 5-5 1-2 7-7 0-0 9-9 2-3 6-6
7-4 0-0 1-1 9-6 13-10 10-7 12-9 3-3 2-2 11-8 15-12 8-5 14-11
3-8 0-0 4-9 1-1 6-4 4-2 8-6 2-2 5-3 7-5
4-4 5-5 0-0 1-7 3-3 2-2 6-6
1-2 3-4 0-0 2-3 6-7 4-5 8-9 7-8
4-4 1-5 0-0 3-3 2-2
4-4 5-5 2-1 7-7 0-0 9-9 13-10 6-6 17-13 16-12 20-16 23-18 1-0 18-14 3-2 19-15 21-17 14-11
4-4 5-5 0-0 1-1 3-3 2-2 6-6
4-4 5-5 0-0 1-7 3-3 2-2 6-6
4-4 5-5 0-0 1-7 3-3 2-2 6-6
4-4 5-5 0-0 1-7 3-3 2-2
4-4 5-5 0-0 1-1 3-3 2-2
10-8 3-1 2-0 6-4 4-2 7-5 9-7
1-2 3-4 0-0 1-1 2-3
4-4 8-8 5-5 7-7 0-0 9-9 1-1 10-10 3-3 2-2 6-6
4-4 5-5 7-7 0-0 1-1 3-3 2-2 6-6
2-3 1-2 3-4 0-0
4-4 8-8 5-5 7-7 0-0 9-9 1-1 13-13 10-10 3-3 12-12 2-2 6-6 11-11
4-4 5-5 0-0 1-7 3-3 2-2 6-6
4-4 8-8 5-5 7-7 0-0 1-1 3-3 2-2 6-6
4-4 5-5 0-0 1-7 3-3 2-2 6-6
4-4 5-5 0-0 1-7 3-3 2-2 6-6
4-4 5-5 0-0 1-7 3-3 2-2 6-6
4-4 5-5 0-0 1-7 3-3 2-2 6-6
4-4 5-5 0-0 1-1 3-3 2-2 6-6
4-4 8-8 5-5 7-7 0-0 9-9 1-1 3-3 2-2 6-6
4-4 8-8 7-7 0-0 9-9 1-1 10-10 3-3 2-2 6-6
6-5 0-0 8-7 1-1 5-4 7-6 2-2
4-4 8-8 5-5 7-7 0-0 9-9 1-1 10-10 3-3 2-2 6-6
4-4 8-8 7-7 0-0 9-9 1-1 10-10 3-3 2-2 6-6
9-10 10-11 6-5 0-0 5-8 1-1 8-9 3-6 2-2 4-7
9-10 10-11 6-5 0-0 1-1 5-4 8-9 3-6 2-2 4-7 7-8
8-8 0-0 9-9 1-1 6-4 10-10 12-12 3-6 2-2 5-3 7-5 4-7 11-11
4-4 5-5 0-0 1-1 3-3 2-2 6-6 7-8
4-4 5-5 0-0 1-1 3-3 2-2 6-6 7-8
1-2 3-4 0-0 1-1 2-3
4-4 0-0 1-1 3-3 2-2
4-4 0-0 1-1 3-3 2-2
4-4 5-5 0-0 1-1 6-7 3-3 2-2
4-4 5-5 0-0 1-1 6-7 3-3 2-2
4-4 5-5 0-0 1-1 6-7 3-3
4-4 1-2 0-0 1-1 2-3
2-3 1-2 4-4 0-0
2-3 1-2 4-4 0-0
2-3 1-2 4-4 0-0
2-3 1-2 4-4 0-0
1-2 3-4 0-0 1-1 2-3
4-4 2-1 0-0 3-3 2-2
1-2 3-4 0-0 1-1 2-3
4-4 8-8 5-5 7-7 0-0 1-1 3-3 2-2 6-6
4-4 8-8 5-5 7-7 0-0 1-1 3-3 2-2 6-6
1-2 3-4 0-0 1-1 2-3
4-4 5-5 0-0 1-1 3-3 2-2
4-4 5-5 7-7 0-0 1-1 3-3 2-2 6-6
4-4 5-5 0-0 1-1 3-3 2-2 6-6
4-4 8-8 5-5 7-7 0-0 1-1 3-3 2-2 6-6
4-4 8-8 5-5 7-7 0-0 9-9 1-1 13-13 10-10 3-3 12-12 2-2 6-6 11-11
4-4 8-8 5-5 7-7 0-0 9-9 1-1 13-13 10-10 3-3 12-12 2-2 6-6 11-11
9-10 10-11 0-0 1-1 13-13 11-12 6-7 4-5 3-3 8-9 5-6 2-2 7-8
9-10 10-11 0-0 1-1 13-13 11-12 6-7 4-5 3-3 8-9 5-6 2-2 7-8
4-4 5-5 0-0 1-7 3-3 2-2 6-6
4-4 8-8 5-5 7-7 0-0 9-9 1-1 10-10 3-3 2-2 6-6
4-4 1-5 0-0 3-3 2-2
4-4 5-5 0-0 1-7 3-3 2-2 6-6
1-2 3-4 0-0 1-1 2-3
1-2 3-4 0-0 1-1 2-3
1-2 3-4 0-0 1-1 2-3
1-2 5-5 3-4 0-0 1-1 2-3 6-6
6-5 0-0 8-7 1-1 5-4 7-6 9-8 2-2 7-5
2-1 0-0 9-6 8-6 5-3 7-5 9-7
12-11 10-9 11-10 0-0 8-7 12-10 1-1 6-4 7-2 5-3 7-5 2-5
0-0 8-7 1-1 5-4 7-6 9-8 2-2 9-7
1-2 10-11 3-4 0-0 4-9 12-13 2-3 11-12 5-6 7-8
1-2 10-11 3-4 0-0 4-9 12-13 2-3 11-12 5-6 7-8
1-2 3-4 0-0 1-1 2-3
4-4 5-5 7-7 0-0 1-1 3-3 2-2 6-6
4-4 5-5 7-7 0-0 1-1 3-3 2-2 6-6
4-4 5-5 7-7 0-0 1-1 3-3 5-0 2-2 6-6
4-4 5-5 0-0 1-1 3-3 2-2 6-6
4-4 5-5 7-7 0-0 1-1 3-3 2-2 6-6
4-4 8-8 7-7 0-0 1-1 3-3 2-2 6-6
4-4 8-8 5-5 7-7 10-9 0-0 9-9 1-1 3-3 2-2 6-6 4-7
4-4 5-5 7-7 0-0 1-1 3-3 2-2 6-6
4-4 5-5 0-0 1-1 3-3 2-2 6-6
4-4 8-8 5-5 7-7 0-0 9-9 1-1 3-3 2-2 6-6
4-4 5-5 9-9 1-1 6-8 7-9 3-3 2-2
5-5 0-0 1-1 3-3 2-2 6-6
9-10 10-11 6-5 0-0 8-7 1-1 5-4 11-12 7-6 2-2
4-4 5-5 0-0 1-1 3-3 2-2
4-4 5-5 0-0 1-1 3-3 2-2
3-2 2-1 0-0
1-1 2-2 0-0
3-2 2-1 0-0
3-2 2-1 0-0
1-1 3-3 2-2 0-0
2-1 0-0
2-1 0-0
4-4 5-5 0-0 1-1 3-3 2-2 6-6
4-4 5-5 7-7 1-1 3-3 2-2 6-6
6-5 0-0 1-1 3-3 7-6 2-2
4-4 0-0 1-1 6-7 3-3 5-6 2-2 7-8
4-4 0-0 1-1 6-7 3-3 5-6 2-2 7-8
4-4 8-8 5-5 7-7 0-0 9-9 1-1 10-10 3-3 2-2
4-4 8-8 5-5 7-7 1-1 3-3 2-2
4-4 8-8 5-5 7-7 0-0 1-1 3-3 2-2 6-6
4-4 8-8 5-5 7-7 0-0 1-1 3-3 2-2 6-6
4-4 5-5 7-7 0-0 8-7 1-1 3-3 9-8 2-2 6-6
4-4 8-8 5-5 7-7 0-0 12-10 1-1 11-9 3-3 2-2 6-6
18-17 14-13 2-2 19-18 7-7 15-14 3-3 20-19 8-8 11-10 16-15 12-11 4-4 21-20 5-5 22-21 0-0 17-16 1-1 13-12 6-6
2-1 3-4 0-0 6-7 4-5 5-6 1-3 7-8
4-4 8-8 13-14 5-5 7-7 11-10 0-0 1-1 12-13 3-3 2-2 6-6 14-15
13-14 10-11 14-14 0-0 4-9 1-1 6-8 12-13 6-4 14-15 2-3 11-12 5-10 8-6 2-2 7-5 11-14 9-7
13-14 3-8 6-5 0-0 8-7 11-13 1-1 5-4 7-6 2-2 9-11 13-15 10-12 12-14
4-4 8-8 5-5 7-7 11-10 0-0 9-9 1-1 10-10 3-3 2-2 6-6
4-4 8-8 5-5 7-7 1-1 3-3 2-2
4-4 8-8 5-5 7-7 0-0 9-9 1-1 4-6 3-3 2-2 6-6
9-10 10-11 3-4 0-0 1-1 2-3 6-7 4-5 8-9 5-6 2-2 7-8
4-4 8-8 5-5 7-7 0-0 9-9 1-1 10-10 2-2 6-6 3-5
9-10 13-14 2-4 10-11 6-5 0-0 12-13 11-12 5-6 6-9 7-8
4-4 8-8 5-5 14-14 7-7 0-0 9-9 1-1 13-13 10-10 12-12 2-2 6-6 11-11 15-15
2-4 0-0 4-5 5-6 1-3
4-4 5-5 0-0 1-1 3-3 2-2
8-8 5-5 0-0 9-9 1-1 3-3 2-2 6-6 4-7
8-8 7-7 0-0 9-9 6-8 1-1 7-9 3-3 2-2
4-4 8-8 5-5 11-10 0-0 9-9 1-1 3-3 2-2 12-11
4-4 8-8 5-5 7-7 0-0 9-9 1-1 13-13 10-10 3-3 12-12 2-2 6-6 11-11
11-10 6-5 0-0 8-7 15-14 1-1 5-4 14-13 3-3 7-6 9-8 13-12 2-2 10-9 16-15 12-11
4-4 8-8 13-14 5-5 7-7 0-0 9-9 1-1 12-13 11-12 10-10 3-3 2-2 6-6 14-15
4-4 8-8 5-5 7-7 0-0 9-9 1-1 3-3 2-2 6-6
8-8 5-5 14-14 7-7 0-0 9-9 1-1 4-6 13-13 10-10 3-3 12-12 2-2 11-11
4-4 8-8 5-5 7-7 0-0 9-9 1-1 10-10 3-3 2-2 6-6 11-11
4-4 8-8 5-5 7-7 0-0 9-9 1-1 3-3 2-2 6-6
4-4 5-5 0-0 1-1 3-3 2-2 6-6
4-4 6-5 0-0 8-7 12-10 1-1 18-15 15-13 3-3 7-6 9-8 2-2 14-12 13-11
4-4 8-8 5-5 7-7 11-10 0-0 1-1 14-13 3-3 13-12 2-2 12-11
4-4 5-5 7-7 10-9 0-0 8-7 11-10 1-1 3-3 9-8 2-2 6-6
4-4 5-5 7-7 11-10 0-0 8-7 1-1 16-14 14-13 3-3 9-8 13-12 2-2 6-6 12-11
4-4 8-8 5-5 11-10 15-14 0-0 9-9 1-1 7-9 14-13 3-3 13-12 2-2 10-9 17-15 12-11
4-4 8-8 5-5 7-7 15-14 0-0 9-9 17-16 1-1 19-17 14-13 3-3 16-15 13-12 2-2 6-6
4-4 5-5 11-10 0-0 8-7 1-1 3-3 7-6 9-8 13-12 2-2 10-9 12-11
4-4 5-5 0-0 8-7 12-10 1-1 15-13 3-3 7-6 9-8 2-2 10-9 16-14 13-11 14-12
4-4 5-5 11-10 15-14 0-0 8-7 17-16 1-1 14-13 3-3 7-6 9-8 16-15 2-2 10-9 12-11
4-4 8-8 5-5 7-7 10-9 0-0 9-9 1-1 3-3 2-2 6-6
4-4 8-8 5-5 0-0 1-1 3-3 9-8 2-2
13-14 17-20 0-0 9-9 3-7 1-1 16-19 6-4 15-18 10-10 15-16 4-8 2-2 5-3 8-6 7-5 14-15 11-11
0-1 1-2 3-4 0-0 2-3 6-7 4-5 8-9 5-6 7-8
0-1 1-2 3-4 0-0 2-3 4-5 8-9 5-6 7-8
4-4 8-8 5-5 7-7 11-10 0-0 9-9 1-1 8-10 3-3 2-2 6-6
4-4 11-10 6-5 0-0 8-7 1-1 3-3 7-6 9-8 2-2 10-9
7-4 13-14 10-9 11-10 8-7 14-15 13-13 15-16 6-3 9-8 13-12 3-6 1-0 12-11 2-5 4-1 5-2
13-14 2-4 10-9 11-10 8-7 12-13 14-15 7-6 9-8 1-0 12-11 6-3 4-1 3-5 5-2
4-4 5-5 0-0 1-1 3-3 2-2 6-6
4-4 5-5 0-0 1-1 3-3 2-2 6-6
4-4 8-8 5-5 0-0 9-9 1-1 3-3 2-2 6-6
4-4 8-8 5-5 0-0 9-9 1-1 3-3 2-2 6-6
4-4 5-5 0-0 1-1 3-3 2-2 6-6
4-4 8-8 5-5 7-7 0-0 1-1 3-3 2-2
8-8 5-5 0-0 1-1 3-3 2-2 6-6
4-4 9-10 0-0 1-1 6-7 3-3 8-9 5-6 2-2 7-8
4-4 5-5 0-0 1-1 3-3 2-2
4-4 5-5 7-7 0-0 8-7 1-1 3-3 2-2 6-6
4-4 5-5 0-0 1-1 3-3 2-2
4-4 5-5 0-0 8-7 1-1 3-3 2-2 6-6
4-4 0-0 1-1 3-3 8-6 2-2 7-5
4-4 6-5 0-0 1-1 3-3 7-6 2-2
4-4 5-5 0-0 1-1 6-8 5-7 7-9 2-2
9-10 10-11 2-1 6-5 4-3 8-7 5-4 11-12 7-6 9-8 1-0 3-2
7-4 13-14 10-9 11-10 8-7 14-15 15-16 6-3 9-8 13-12 3-6 1-0 12-11 2-5 4-1 5-2
4-4 5-5 0-0 8-7 1-1 3-3 2-2 6-6
4-4 8-8 5-5 7-7 0-0 9-9 1-1 13-13 10-10 3-3 12-12 2-2 6-6 11-11
4-4 8-8 5-5 7-7 0-0 9-9 1-1 13-13 10-10 3-3 12-12 2-2 6-6 11-11
4-4 5-5 10-8 0-0 8-7 1-1 3-3 7-6
4-4 5-5 7-7 0-0 1-1 3-3 9-8 2-2 6-6
4-4 8-8 5-5 7-7 10-9 0-0 1-1 3-3 6-6
4-4 5-5 0-0 8-7 1-1 2-2 6-6
4-4 5-5 7-7 0-0 1-1 3-3 9-8 2-2 6-6
4-4 5-5 0-0 8-7 1-1 6-8 9-6 3-3 2-2
4-4 5-5 7-7 0-0 8-7 1-1 6-8 9-6 2-2
4-4 5-5 0-0 8-7 1-1 9-8 2-2 6-6
4-4 5-5 0-0 1-1 3-3 2-2
4-4 5-5 0-0 1-1 3-3 2-2
4-4 5-5 0-0 1-1 3-3 2-2
4-4 5-5 7-7 0-0 1-1 3-3 2-2 6-6
4-4 5-5 0-0 1-1 6-7 3-3 2-2 6-6
0-0 1-1 4-6 6-4 5-7 3-5
4-4 0-0 1-1 2-2 3-5
0-0 1-1 5-4 6-7 3-3 2-2
4-4 0-0 1-1 2-2 3-5
4-4 8-8 5-5 7-7 0-0 1-1 3-3 2-2 6-6
2-1 7-5 4-3 0-0 10-8 5-4 12-10 11-9 8-6 14-12 3-2 9-7 13-11
4-4 5-5 0-0 9-9 1-1 10-10 3-3 2-2 6-6
2-3 1-2 3-4 0-0
2-4 4-1 0-0 6-8 5-7 1-3 3-5
2-3 1-2 3-4 0-0
6-5 0-0 1-1 5-4 7-6 2-2
4-4 9-10 5-5 10-11 0-0 1-1 11-12 3-3 8-9 2-2 6-6 7-8
4-4 9-10 5-5 0-0 1-1 12-13 11-12 3-3 8-9 2-2 6-6 7-8
4-4 9-10 5-5 10-11 0-0 1-1 11-12 3-3 8-9 2-2 6-6 7-8
4-4 5-5 0-0 1-1 3-3 2-2 6-6
2-1 6-5 4-3 0-0 1-1 5-4 7-6 3-2
4-4 8-8 5-5 7-7 0-0 9-9 1-1 2-2 6-6 5-2
4-4 5-5 7-7 0-0 1-1 3-3 2-2 6-6
4-4 8-8 5-5 7-7 0-0 9-9 1-1 10-10 2-2 6-6
4-4 8-8 5-5 7-7 0-0 9-9 1-1 10-10 2-2 6-6 11-11
4-4 6-5 0-0 8-7 1-1 10-10 3-3 7-6 9-8 2-2 10-9
4-4 8-8 5-5 7-7 0-0 9-9 1-1 10-10 3-3 2-2 6-6 11-11
3-4 6-5 4-3 0-0 11-10 1-1 7-6 9-8 2-2 10-9 12-11
3-4 6-5 4-3 0-0 11-10 1-1 7-6 9-8 2-2 10-9
4-4 8-8 5-5 7-7 0-0 9-9 17-16 1-1 10-10 3-3 12-12 2-2 6-6 16-14 14-15 11-11
11-10 6-5 0-0 8-7 1-1 5-4 3-3 7-6 9-8 2-2 10-9 12-11 11-11
6-5 0-0 8-7 1-1 5-4 3-3 7-6 9-8 2-2 10-9 11-11
6-5 0-0 8-7 1-1 5-4 3-3 7-6 9-8 2-2 10-9 11-11
11-10 6-5 0-0 8-7 1-1 5-4 3-3 7-6 9-8 2-2 10-9
11-10 6-5 0-0 8-7 1-1 5-4 3-3 7-6 9-8 2-2 10-9
4-4 5-5 0-0 1-1 3-3 2-2 6-6
4-4 5-5 0-0 1-1 3-3 2-2 6-6
4-4 5-5 0-0 1-1 3-3 2-2 6-6
1-5 0-0 5-8 0-2 3-6 4-7
0-4 1-5 0-0 3-7 0-2 2-6 4-8
1-5 0-0 5-8 0-2 3-6 4-7
1-5 0-0 5-8 0-2 3-6 4-7
1-5 5-8 0-0 7-10 3-6 6-9 4-7
0-4 1-5 0-0 3-7 0-2 2-6 4-8
4-4 1-2 0-0 1-1 2-3
6-5 4-3 0-0 8-7 1-1 5-4 2-3 7-6
1-2 3-4 0-0 1-1 2-3 4-5
0-0 5-8 1-1 4-6 3-3 2-2
1-2 3-3 0-0
1-5 0-0 5-8 0-2 3-6 4-7
0-4 1-5 0-0 3-7 0-2 2-6 4-8
2-4 0-0 1-1 4-2 5-3 2-5 3-5
4-4 5-5 0-0 1-1 3-3 2-2 6-6
1-5 0-0 0-2 3-6 4-7
4-4 0-0 1-1 3-3 2-2
4-4 0-0 1-1 3-3 2-2
4-4 5-5 0-0 1-1 3-3 8-6 2-2 9-7
1-5 0-0 0-2 3-6 4-7
1-5 0-0 0-2 3-6 4-7
1-5 0-0 5-8 0-2 3-6 4-7
4-4 9-10 5-5 0-0 9-9 1-1 5-7 10-10 3-3 2-2 12-11
4-4 8-8 7-7 11-10 0-0 9-9 1-1 4-6 3-3 8-9 2-2
4-4 8-8 5-5 7-7 0-0 9-9 1-1 10-10 3-3 13-12 2-2 6-6 12-11
2-3 1-2 0-0
9-10 2-4 10-11 0-0 4-6 11-12 6-7 8-9 7-8 1-3 3-5
0-1 2-4 0-0 5-8 6-9 7-10 3-6 1-3 4-7
0-0 1-1 6-7 4-5 3-3 8-9 5-6 2-2 7-8
0-0 1-1 6-7 4-5 3-3 8-9 5-6 2-2 7-8
6-5 0-0 8-7 1-1 5-4 3-3 7-6 9-8 2-2 10-9
6-2 3-4 0-0 8-7 1-1 2-3 7-6 9-8
4-4 0-0 1-1 6-7 3-3 5-6 2-5
4-4 8-8 5-5 7-7 0-0 9-9 1-1 10-10 3-3 2-2 6-6
4-4 5-5 0-0 1-1 6-7 3-3 2-2 7-8
1-2 3-4 0-0 1-1 2-3
4-4 8-8 5-5 7-7 0-0 9-9 1-1 3-3 2-2 6-6
4-4 8-8 5-5 7-7 0-0 9-9 1-1 3-3 2-2 6-6
4-4 5-5 0-0 1-1 3-3 2-2 6-6
6-5 4-3 0-0 1-1 5-4 3-3 7-6 2-2
4-4 8-8 5-5 7-7 0-0 9-9 1-1 10-10 3-3 2-2 11-11
4-4 8-8 5-5 7-7 0-0 9-9 1-1 3-3 2-2 6-6
4-4 8-8 5-5 7-7 10-9 0-0 9-9 11-10 1-1 3-3 2-2 6-6
6-5 0-0 8-7 1-1 5-4 3-3 7-6 9-8 2-2
2-1 7-5 4-3 0-0 10-8 11-9 6-4 8-6 1-0 3-2 9-7
2-1 7-5 4-3 0-0 10-8 11-9 6-4 8-6 1-0 3-2 9-7
9-10 13-14 2-1 6-5 4-3 0-0 8-7 5-4 14-13 7-6 12-12 3-2 14-15 11-11
12-11 2-1 6-5 4-3 0-0 8-7 5-4 11-10 7-6 9-8 18-15 10-9 3-2 17-14
8-8 3-4 7-7 0-0 9-9 1-1 2-3 10-10 6-6 4-7 11-11
2-1 6-5 4-3 0-0 10-8 12-10 11-9 5-6 8-6 1-0 3-2 9-7
2-1 6-5 4-3 0-0 8-7 7-6 9-8 1-0 3-2
9-10 17-17 1-2 14-14 3-4 16-16 0-0 11-11 2-3 13-13 4-5 8-9 12-12 5-6 18-18 7-8 15-15
4-4 8-8 5-5 7-7 0-0 1-1 3-3 6-6
4-4 8-8 5-5 7-7 0-0 1-1 3-3 2-2 6-6
4-4 8-8 5-5 7-7 0-0 1-1 3-3 2-2
4-4 5-5 7-7 0-0 1-1 3-3 2-2 6-6
2-4 0-0 5-8 6-9 11-13 4-6 8-10 10-12 9-11 1-3 3-5
4-4 6-5 0-0 8-7 1-1 3-3 7-6 9-8 2-2
4-4 5-5 7-7 0-0 1-1 3-3 2-2 6-6
4-4 5-5 7-7 0-0 1-1 3-3 2-2 6-6
4-4 8-8 5-5 7-7 0-0 1-1 3-3 2-2 6-6 11-11
8-8 13-14 5-5 7-7 10-9 0-0 9-9 1-1 15-17 12-13 3-3 2-2 6-6
4-4 9-10 0-0 11-13 1-1 6-7 12-14 3-3 8-9 2-2 10-12 7-8
4-4 8-8 5-5 10-11 7-7 0-0 9-9 1-1 12-13 11-12 10-10 3-3 2-2 6-6 14-15
4-4 8-8 13-14 5-5 7-7 0-0 1-1 12-13 11-12 15-16 3-3 2-2 14-15
4-4 9-10 5-5 10-11 0-0 1-1 12-13 11-12 3-3 8-9 2-2 6-6
8-8 5-5 1-2 3-4 7-7 0-0 11-10 2-3 10-10 13-12 6-6 12-11
9-10 10-11 14-14 3-4 0-0 12-13 2-3 6-7 4-5 11-12 5-6 7-8 15-15
13-14 2-4 0-0 11-13 6-8 4-6 8-10 5-7 14-15 7-9 10-12 9-11 1-3 3-5
14-14 3-4 0-0 9-9 11-11 2-3 6-7 4-5 10-10 12-12 5-6 13-13 7-8 15-15
0-1 1-2 3-4 10-8 0-0 12-10 11-9 2-3 6-7 4-5 5-6
4-4 6-5 0-0 8-7 1-1 3-3 7-6 9-8 2-2 10-9 11-11
4-4 6-5 0-0 8-7 1-1 3-3 7-6 9-8 2-2
4-4 8-8 5-5 7-7 0-0 9-9 1-1 3-3 2-2 6-6
4-4 8-8 5-5 7-7 0-0 9-9 1-1 3-3 2-2 6-6
4-4 9-10 5-5 0-0 1-1 3-3 8-9 2-2 6-6 7-8
7-7 0-0 1-1 3-3 2-2 6-6
4-4 5-5 0-0 1-1 3-3 2-2 6-6
4-4 5-5 7-7 0-0 1-1 3-3 2-2
4-4 8-8 5-5 7-7 0-0 9-9 1-1 3-3 2-2 6-6
8-8 5-5 7-7 10-9 0-0 11-10 1-1 3-3 2-2 6-6 12-11
4-4 8-8 5-5 7-7 11-10 0-0 1-1 3-3 2-2 10-9 12-11
4-4 8-8 7-7 11-10 0-0 9-9 1-1 3-3 13-12 2-2 6-6 12-11
4-4 8-8 5-5 11-10 0-0 9-9 1-1 3-3 13-12 2-2 6-6 12-11
3-4 0-0 1-1 2-3 6-7 4-5 5-6
9-10 10-11 3-4 0-0 1-1 2-3 6-7 8-9 5-6 7-8
9-10 13-14 10-11 3-4 0-0 1-1 12-13 11-12 6-7 4-5 8-9 5-6 2-2 14-15 7-8
4-4 8-8 5-5 10-9 11-10 0-0 1-1 3-3 9-8 2-2 6-6 13-11
4-4 8-8 7-7 0-0 1-1 3-3 2-2 6-6
4-4 8-8 7-7 0-0 9-9 1-1 3-3 2-2 6-6
4-4 8-8 5-5 7-7 0-0 9-9 1-1 3-3 2-2 6-6
4-4 8-8 5-5 7-7 0-0 9-9 1-1 3-3 2-2 6-6
4-4 8-8 7-7 0-0 1-1 3-3 2-2 6-6
4-4 8-8 5-5 7-7 0-0 1-1 3-3 2-2 6-6
4-4 8-8 5-5 1-2 7-7 0-0 9-9 2-3 10-10 6-6 11-11
20-20 2-2 11-11 7-7 16-16 3-3 12-12 17-17 13-13 18-18 4-4 5-5 14-14 0-0 9-9 1-1 10-10 19-19 6-6 15-15
2-1 6-5 4-3 0-0 8-7 5-4 7-6 1-0 3-2
4-4 5-5 7-7 0-0 1-1 3-3 2-2 6-6
4-4 8-8 5-5 7-7 0-0 1-1 3-3 2-2 6-6
4-4 8-8 5-5 7-7 0-0 9-9 1-1 3-3 2-2 6-6
3-4 8-9 2-2 11-14 16-19 4-5 5-6 12-15 17-20 13-16 6-7 18-21 0-0 14-17 1-1 9-12 2-3 19-22 15-18 7-8
4-4 8-8 5-5 14-14 7-7 16-16 0-0 9-9 1-1 13-13 10-10 3-3 12-12 2-2 6-6 15-15
3-4 0-0 8-7 1-1 2-3 4-5 5-6
4-4 8-8 9-10 5-5 7-7 0-0 1-1 11-9 3-3 2-2 6-6
4-4 5-5 0-0 1-1 6-7 3-3 8-6 2-2
9-10 10-11 14-14 3-4 16-16 0-0 1-1 12-13 2-3 6-7 4-5 8-9 11-12 5-6 7-8 15-15
4-4 6-5 0-0 8-7 1-1 3-3 7-6 9-8 2-2
4-4 8-8 5-5 7-7 10-9 0-0 11-10 1-1 3-3 13-12 2-2 6-6 12-11
9-10 3-4 0-0 1-1 2-3 6-7 8-9 5-6 7-8
9-13 3-4 0-0 10-14 1-1 2-3 4-5 6-10 8-12
4-4 8-8 5-5 7-7 0-0 1-1 3-3 2-2 6-6
