0-1 9-10 13-14 1-2 10-11 3-4 16-16 0-0 12-13 2-3 6-7 4-5 8-9 11-12 5-6 15-16 14-15 7-8
4-4 8-8 5-5 14-14 3-4 7-7 0-0 9-9 1-1 15-17 18-19 2-3 10-10 19-19 17-15 16-18 6-6 11-11
4-4 9-10 5-5 10-11 3-4 0-0 1-1 13-13 2-3 11-12 8-9 6-6 7-8
0-1 9-10 1-2 10-11 0-0 2-3 11-12 12-14 8-9 5-6 7-8 3-5
0-1 9-10 1-2 10-11 3-4 0-0 15-17 16-17 14-16 2-3 6-7 11-12 8-9 12-14 5-6 13-15 7-8
7-4 2-1 0-0 9-6 12-13 14-16 11-12 10-10 13-15 16-21 4-8 1-0 3-2 6-3 15-18 8-5
0-1 3-7 1-4 7-11 2-6 6-10 4-8 5-9 2-5
16-18 14-14 3-4 13-17 0-0 11-13 1-1 4-6 6-8 8-10 5-7 12-16 7-9 15-18 4-5 2-2 9-11 10-12
9-10 1-18 10-11 3-1 5-4 2-0 12-13 4-2 1-17 6-7 11-12 8-9 13-19 6-6 0-14 7-8
2-1 6-5 4-3 0-0 8-7 5-4 10-9 11-10 7-6 12-12 9-8 1-0 3-2
4-4 8-8 5-5 7-7 0-0 1-1 3-3 2-2 6-6 7-8
4-6 5-7 0-2 9-11 10-12 19-24 16-16 6-8 20-25 14-18 21-27 22-28 2-4 11-13 7-9 15-19 12-14 3-5 1-1 8-10 13-15
12-16 8-9 2-2 13-17 16-22 3-3 14-18 9-10 17-23 11-13 6-7 15-19 12-14 4-4 5-5 0-0 1-1 10-13 19-13 7-8
13-14 12-17 3-4 11-16 0-0 7-10 1-1 9-12 10-13 6-7 4-5 5-6 14-18 15-18 8-11
4-4 8-8 5-5 2-1 0-0 9-9 3-3 7-6 8-9 9-8 6-6
14-14 2-1 6-5 4-3 0-0 8-7 5-4 11-10 13-13 15-16 7-6 12-12 9-8 10-9 3-2
2-1 6-5 4-3 0-0 8-7 5-4 7-6 3-2
4-3 0-0 1-1 4-6 5-4 6-8 5-7 8-10 7-9 11-12 2-2 9-11 10-12
4-4 0-0 5-8 7-10 1-1 9-12 10-13 2-2 8-11 6-9 4-7 3-5
4-4 5-5 7-7 0-0 1-1 8-10 3-3 2-2 6-6
4-4 5-5 0-0 1-1 7-9 3-3 2-2
4-4 0-0 5-8 7-10 1-1 9-12 11-13 10-13 2-2 8-11 6-9 4-7 3-5
0-0 5-8 7-10 1-1 9-12 10-13 2-2 8-11 6-9 4-7 3-5
4-4 8-8 5-5 7-7 0-0 1-1 5-4 3-3 2-2 6-6
4-4 8-8 5-5 7-7 0-0 1-1 3-3 2-2 6-6
4-4 8-8 5-5 7-7 0-0 9-9 1-1 11-12 10-10 3-3 2-2 6-6
2-2 11-11 7-7 3-3 12-12 14-15 8-8 19-17 19-20 13-13 7-9 15-16 16-18 18-21 21-23 4-4 5-5 0-0 9-9 1-1 17-19 10-10 6-6
4-4 8-8 5-5 7-7 0-0 9-9 1-1 2-2 6-6
4-4 8-8 9-10 5-5 7-7 0-0 1-1 3-3 2-2 6-6
4-4 8-8 5-5 10-11 7-7 0-0 9-9 1-1 3-3 2-2 6-6
4-4 8-8 9-10 5-5 7-7 0-0 1-1 3-3 2-2 6-6
5-5 0-0 1-1 3-3 2-2 6-6
11-7 3-4 0-0 8-1 13-11 13-10 4-5 13-9 5-6 13-12 6-0 12-8
4-4 5-5 7-7 0-0 1-1 3-3 2-2 6-6
4-4 9-10 10-11 0-0 1-1 6-7 3-3 8-9 5-6 11-5 2-2 7-8
4-4 8-8 5-5 7-7 0-0 1-1 3-3 2-2 6-6
4-4 9-10 10-11 0-0 1-1 11-12 6-7 3-3 8-9 5-6 2-2 12-5 7-8
4-4 8-8 5-5 7-7 0-0 1-1 3-3 2-2 6-6
2-1 6-5 4-3 0-0 8-7 5-4 7-6 9-8 1-0 3-2
12-11 2-1 6-5 4-3 0-0 10-9 5-4 11-10 9-8 1-0 3-2
2-1 6-5 4-3 0-0 8-7 5-4 10-9 11-10 9-8 1-0 3-2
4-4 5-5 2-1 6-6 3-2
2-1 6-5 4-3 0-0 5-4 7-6 8-6 1-0 3-2
2-1 6-5 4-3 0-0 8-7 5-4 10-8 7-6 9-8 1-0 3-2
2-1 6-5 4-3 0-0 8-7 5-4 10-9 11-9 7-6 9-8 1-0 3-2
2-1 6-5 4-3 0-0 8-7 5-4 7-6 1-0 3-2 9-7
2-1 6-5 4-3 0-0 8-7 5-4 7-6 1-0 3-2
12-11 2-1 6-5 4-3 0-0 8-7 5-4 10-9 11-10 7-6 9-8 1-0 3-2
2-1 6-5 4-3 0-0 5-4 7-6 8-6 1-0 3-2
2-1 6-5 4-3 0-0 5-4 7-6 1-0 3-2
4-4 5-5 7-7 0-0 1-1 13-13 10-10 3-3 12-12 2-2 6-6
4-4 8-8 5-5 14-14 7-7 0-0 9-9 1-1 13-13 10-10 3-3 12-12 2-2 6-6 11-11
2-1 6-5 4-3 0-0 8-7 5-4 7-6 1-0 3-2
2-1 6-5 4-3 0-0 8-7 5-4 7-6 1-0 3-2
2-1 6-5 4-3 0-0 5-4 7-6 1-0 3-2
4-4 8-8 9-10 5-5 10-11 7-7 0-0 1-1 3-3 8-9 2-2 6-6
4-4 5-5 7-7 0-0 7-10 1-1 11-13 8-10 6-7 3-3 2-2 9-11 13-15 10-12 12-14
4-4 8-8 5-5 7-7 0-0 9-9 11-13 1-1 10-10 3-3 2-2 6-6 14-15 13-11 12-14
4-4 9-10 5-5 10-11 0-0 1-1 11-12 6-7 3-3 8-9 2-2 7-8
4-4 9-10 5-5 10-11 0-0 12-15 1-1 13-16 5-7 11-12 14-13 3-3 8-9 5-6 2-2 7-8
4-4 10-15 16-20 2-1 13-17 10-14 12-16 6-8 4-6 8-10 9-12 5-7 7-9 14-13 4-5 15-19 1-0 3-2
14-19 8-12 2-5 15-20 3-6 2-4 11-13 16-21 6-10 4-7 0-0 5-8 1-1 9-15 2-3 10-16 13-18 7-11 6-9
2-4 9-13 0-0 5-8 10-14 1-1 12-16 14-20 7-11 2-3 8-12 13-19 11-15 6-10 3-6 2-5 6-9 4-7
9-10 10-11 0-0 11-13 1-1 5-4 6-7 8-9 2-2 10-12 7-8
4-4 9-10 5-5 10-11 0-0 1-1 12-13 11-12 3-3 8-9 2-2 6-6 13-15 7-8
9-10 13-14 3-8 10-11 0-0 4-9 8-7 1-1 12-13 6-4 14-16 11-12 2-2 5-3 7-5
9-10 16-18 10-11 0-0 14-17 3-7 1-1 12-13 6-4 13-16 11-12 7-6 8-9 4-8 2-2 5-3
20-23 19-12 2-2 7-7 3-3 21-24 22-25 14-15 8-8 17-17 11-10 16-18 4-4 5-5 0-0 9-9 23-26 1-1 1-10 6-6 18-11
4-6 5-7 14-16 0-2 9-11 10-12 19-21 6-8 15-17 18-22 0-1 2-4 19-23 11-13 7-9 21-2 16-18 12-14 3-5 22-24 1-1 8-10 17-19 13-15
0-1 1-2 3-4 0-0 5-8 8-10 12-13 2-3 4-5 7-6 9-11 6-9
0-1 1-2 3-4 0-0 11-13 8-10 2-3 6-7 4-5 7-9 5-6 9-11 10-12
15-21 2-4 1-2 8-14 0-0 3-7 13-21 9-15 13-19 10-16 6-10 4-8 3-6 5-9 12-18 1-3 14-21 11-17
9-13 11-16 0-0 10-14 1-1 4-6 6-8 5-7 8-12 3-3 2-2 7-8
18-23 12-16 14-19 8-9 2-2 9-11 11-14 10-12 19-24 15-20 7-9 16-21 4-4 12-17 5-5 0-0 1-1 2-3 17-22 13-18 6-6
0-1 3-8 2-7 6-11 4-9 1-4 8-13 5-10 2-6 7-12 9-14 11-15
0-1 3-8 2-7 0-0 4-9 6-11 1-4 5-10 2-6 7-12
0-1 1-2 3-4 0-0 11-13 8-10 2-3 6-7 7-9 5-6 4-8 9-11 10-12
0-1 3-8 2-7 6-11 4-9 1-4 8-13 5-10 2-6 7-12
0-1 3-8 2-7 0-0 4-9 6-11 1-4 8-13 5-10 2-6 7-12 9-14
5-5 10-8 0-0 8-7 1-1 11-9 3-3 2-2 6-6 9-7
14-16 9-8 8-6 10-9 7-4 13-14 3-0 18-22 17-17 11-10 19-23 15-19 16-18 18-21 12-11 4-1 5-2 13-15 6-3
7-4 9-6 10-7 3-0 6-3 4-1 8-5 5-2
7-4 11-10 15-17 14-16 3-0 13-13 12-12 9-8 8-6 18-18 10-9 12-11 6-3 4-1 5-2
7-4 11-10 9-6 3-0 6-3 4-1 8-5 5-2
7-4 8-7 9-6 13-10 10-7 3-0 12-9 11-8 6-3 4-1 8-5 5-2
7-4 14-11 15-12 9-6 10-7 15-13 3-0 12-9 7-6 11-8 6-3 8-5 5-2
6-2 4-0 8-4 15-4 5-1 7-3 12-9 9-5 16-12 10-6 11-8 13-11
6-2 8-4 12-7 5-1 7-3 3-0 9-5
7-4 9-6 17-18 10-7 18-19 3-0 12-9 14-13 15-16 11-8 6-3 4-1 8-5 16-17 5-2
7-4 7-7 9-6 10-7 3-0 6-3 4-1 8-5 5-2
7-4 9-6 3-0 10-6 6-3 4-1 8-5 5-2
11-7 9-6 3-0 7-6 10-6 6-3 4-1 8-5 5-2
0-1 1-2 3-4 11-10 0-0 8-7 2-3 4-5 5-6 9-8 10-9 12-11
0-1 1-2 3-4 0-0 2-3 6-7 4-5 5-6
12-11 2-1 6-5 4-3 0-0 8-7 5-4 2-0 7-6 9-8 10-9 3-2
4-4 8-8 5-5 0-0 9-9 1-1 10-10 3-3 12-12 2-2 11-11
4-4 8-8 13-14 5-5 0-0 9-9 1-1 12-13 11-12 10-10 3-3 2-2 6-6 14-15
3-8 2-7 0-0 4-9 1-1 11-3 9-2 14-6 6-13 13-5 5-12
11-10 6-5 4-3 0-0 8-7 1-1 5-4 15-17 15-16 7-6 9-8 2-2 10-9 13-11
4-4 10-8 0-0 1-1 13-10 15-13 3-3 8-6 2-2 7-5 9-7 14-11
11-10 4-3 0-0 1-1 5-4 6-4 14-13 8-6 2-2 10-9 13-12 9-7
4-4 8-8 5-5 10-11 7-7 0-0 1-1 12-13 11-12 3-3 2-2 6-6 13-15
14-14 6-5 4-3 0-0 8-7 1-1 5-4 13-13 15-16 7-6 12-12 2-2
11-10 15-14 0-0 8-7 1-1 14-13 4-5 3-3 7-6 9-8 13-12 2-2 10-9 12-11
2-1 6-5 4-3 0-0 8-7 1-1 5-4 7-6 9-8 10-9 3-2
4-4 5-5 7-7 10-9 0-0 11-10 1-1 3-3 9-8 2-2 6-6 12-11
4-4 5-5 7-7 0-0 9-9 12-10 1-1 3-3 2-2 6-6 12-8
9-10 3-4 4-3 0-0 1-1 6-7 8-9 5-6 2-2 12-11 7-8
6-5 0-0 10-8 1-1 5-4 7-3 8-6 2-2 9-7
2-1 6-5 4-3 0-0 8-7 1-1 5-4 7-6 3-2
4-4 5-5 7-7 0-0 9-9 1-1 10-10 3-3 2-2 6-6
8-8 2-1 4-3 9-9 10-4 6-6 13-13 10-10 11-5 1-0 3-2 12-8 11-11
12-11 2-1 6-5 4-3 8-7 10-9 5-4 7-6 9-8 1-0 3-2
4-4 8-8 5-5 7-7 0-0 9-9 1-1 3-3 2-2 6-6 12-11 4-7
13-14 2-1 6-5 4-3 8-7 10-9 5-4 14-17 13-13 7-6 12-12 9-8 1-0 3-2 11-11
8-8 12-11 2-1 7-7 4-3 9-9 5-4 6-6 10-10 1-0 3-2
2-1 6-5 4-3 8-7 10-9 5-4 11-9 7-6 9-8 1-0 3-2
12-11 2-1 6-5 4-3 0-0 8-7 10-9 11-10 7-6 9-8 1-0 3-2
9-10 2-1 6-5 4-3 8-7 5-4 7-6 1-0 3-2
4-4 8-8 17-17 5-5 14-14 7-7 16-16 0-0 9-9 1-1 13-13 10-10 3-3 12-12 2-2 6-6 11-11 15-15
18-17 2-1 6-5 4-3 8-7 10-9 5-4 11-10 17-16 19-19 7-6 12-12 9-8 16-15 1-0 3-2 13-11
9-10 2-1 6-5 4-3 8-7 5-4 10-13 7-6 1-0 3-2
9-10 2-1 6-5 4-3 8-7 5-4 10-13 7-6 3-2
9-10 10-11 2-1 6-5 4-3 5-4 11-12 8-9 1-0 3-2 7-8
9-10 10-11 2-1 6-5 4-3 8-7 15-14 5-4 16-9 12-13 13-16 17-18 11-12 7-6 1-0 3-2 14-15
3-1 5-3 9-6 6-4 4-2 10-6 1-0 7-5
10-11 9-9 3-1 5-3 6-4 4-2 10-10 8-6 1-0 7-5 10-12
25-29 26-30 4-3 18-20 5-4 21-25 22-26 31-35 9-8 10-9 1-0 19-21 13-14 6-5 20-22 14-15 23-27 2-1 28-32 15-16 7-6 24-28 16-18 3-2 29-33 0-0 8-7 12-26 30-34 17-19 11-12 16-17
2-1 6-5 4-3 8-7 10-9 5-4 11-9 7-6 9-8 1-0 3-2
4-4 11-10 6-5 0-0 8-7 1-1 5-4 3-3 7-6 9-8 13-12 2-2 10-9 12-11 14-12
2-1 6-5 4-3 0-0 8-7 5-4 12-10 11-9 15-13 17-16 7-6 16-15 1-0 3-2 13-11 14-12
4-4 8-8 5-5 10-11 7-7 0-0 9-9 12-15 1-1 14-10 15-16 3-3 2-2 6-6 11-14
0-1 1-2 3-4 0-0 2-3 6-7 4-5 8-9 5-6 9-11 7-8
4-4 8-8 13-14 5-5 2-1 7-7 0-0 9-9 14-17 6-6 12-13 10-10 16-15 1-0 3-2 15-18 11-11
4-4 8-8 13-14 5-5 2-1 7-7 0-0 9-9 14-17 6-6 12-13 10-10 16-15 1-0 3-2 15-18 11-11
2-1 6-5 4-3 0-0 8-7 5-4 9-9 11-13 10-10 7-6 12-12 1-0 3-2 13-11 15-15
4-4 5-5 0-0 1-1 3-3 2-2 6-6
4-4 8-8 5-5 7-7 0-0 1-1 3-3 2-2 6-6
4-4 6-5 0-0 8-7 1-1 5-4 3-3 7-6 9-8 2-2
12-11 18-17 10-8 0-0 3-1 16-13 11-9 6-4 4-2 14-15 15-16 8-6 2-2 1-0 13-12 7-5 9-7
4-4 8-8 5-5 7-7 0-0 9-9 1-1 3-3 2-2 6-6
18-20 3-1 21-22 9-8 1-0 19-21 11-11 6-5 4-2 12-12 5-3 22-22 17-17 13-13 7-6 20-18 14-14 0-0 8-7 10-10 15-15
4-4 8-8 5-5 7-7 0-0 9-9 1-1 13-13 10-10 3-3 12-12 2-2 6-6 14-15 11-11
0-0 1-1 4-6 6-8 8-10 5-7 2-3 7-9 9-11 10-12 3-5
2-1 6-5 4-3 0-0 8-7 5-4 7-6 9-8 10-9 3-2 11-11
4-4 5-5 0-0 1-1 3-3 8-9 2-2 6-6 9-11 7-8
4-4 8-8 9-10 5-5 10-11 7-7 0-0 9-9 11-13 1-1 3-3 2-2 6-6
4-4 9-10 5-5 10-11 7-7 0-0 9-9 11-13 1-1 3-3 2-2 6-6
9-10 8-8 5-5 10-11 7-7 0-0 9-9 11-13 1-1 3-3 2-2 6-6
4-4 9-10 5-5 10-11 7-7 0-0 11-13 1-1 3-3 2-2 6-6
4-4 5-5 7-7 0-0 1-1 3-3 8-9 2-2 6-6 9-11 7-8
4-4 5-5 0-0 14-17 12-16 1-1 15-17 13-13 3-3 8-9 11-15 2-2 6-6 9-11 10-12 7-8
9-10 8-8 5-5 10-11 7-7 0-0 9-9 11-13 1-1 3-3 2-2 6-6
14-19 17-21 2-2 7-7 15-20 3-3 12-15 9-10 10-11 11-13 13-16 18-21 12-14 4-4 5-5 0-0 1-1 6-6 16-17
8-8 10-11 2-1 6-5 4-3 0-0 9-9 1-1 5-4 13-13 11-12 7-6 16-18 3-2 14-15
4-4 5-5 7-7 0-0 1-1 3-3 8-9 2-2 6-6
5-5 7-7 10-8 0-0 1-1 8-10 6-4 11-12 3-3 12-12 2-2 6-6 9-11
4-4 5-5 0-0 1-1 6-4 3-3 2-2 6-6
4-4 5-5 0-0 1-1 3-3 7-6 2-2 6-6
4-4 9-10 5-5 0-0 1-1 3-3 8-9 2-2 6-6 10-12 7-8
4-4 9-10 5-5 0-0 1-1 3-3 8-9 2-2 6-6 10-12 7-8
4-4 9-10 5-5 0-0 1-1 3-3 8-9 2-2 6-6 10-12 7-8
4-4 5-5 0-0 1-1 3-3 2-2 6-6
4-4 8-8 5-5 2-1 7-7 0-0 6-6 3-3 1-0
4-4 8-8 5-5 2-1 7-7 0-0 9-9 6-6 3-3 1-0
4-4 2-1 6-5 0-0 8-7 5-4 3-3 7-6 9-8 1-0
4-4 8-8 13-14 5-5 2-1 7-7 0-0 9-9 18-10 16-17 6-6 20-20 10-10 15-16 1-0 3-2 14-15 11-11
4-4 8-8 13-14 5-5 2-1 7-7 9-9 6-6 10-10 18-12 1-0 19-18 3-2 14-15 17-14 11-11
8-8 7-7 6-5 4-3 0-0 1-1 5-4 2-2
2-1 6-5 4-3 5-4 7-6 1-0 3-2
2-1 6-5 4-3 5-4 7-6 8-6 1-0 3-2
2-1 6-5 4-3 8-7 5-4 7-6 1-0 3-2
4-10 4-11 2-1 9-3 14-17 4-9 10-4 13-16 11-5 12-15 1-0 3-2 11-14 15-18 5-12
4-10 13-14 4-11 2-1 9-3 14-17 4-9 10-4 16-19 17-20 12-13 1-0 3-2 15-18 5-12
4-4 5-15 2-1 10-14 7-10 9-12 6-16 1-0 14-18 3-2 6-9 8-11
4-4 5-5 0-0 1-1 3-3 2-2 6-6
8-8 14-14 7-7 16-16 4-3 0-0 9-9 1-1 5-4 17-16 13-13 10-10 15-16 12-12 2-2 6-6 11-11
4-4 8-8 5-5 2-1 7-7 9-9 6-6 1-0 3-2
2-1 6-5 4-3 5-4 1-0 3-2
3-4 0-0 1-1 6-8 5-7 4-5 2-2
0-0 1-1 6-4 6-7 4-5 3-3 5-6 2-2 7-8
4-4 0-0 1-1 3-3 2-2
4-4 8-8 5-5 7-7 0-0 9-9 1-1 10-10 3-3 2-2 6-6 11-11
4-4 9-10 5-5 10-11 0-0 1-1 6-7 3-3 8-9 2-2 7-8
4-4 8-8 5-5 10-11 7-7 0-0 9-9 1-1 3-3 2-2 6-6
4-4 8-8 5-5 7-7 0-0 9-9 1-1 10-10 3-3 12-12 2-2 6-6 11-11
4-4 8-8 5-5 7-7 0-0 1-1 3-3 2-2
4-4 8-8 5-5 7-7 0-0 1-1 3-3 2-2 6-6
8-8 5-5 7-7 0-0 1-1 3-3 4-8 2-2 6-6
4-4 8-8 5-5 7-7 0-0 9-9 1-1 10-10 12-14 3-3 15-16 2-2 6-6 13-15 11-11
4-4 10-15 5-5 0-0 10-14 1-1 10-13 6-7 3-3 8-9 2-2 9-11 10-12 7-8
0-0 7-10 1-1 7-13 4-5 3-3 5-6 2-2 7-11 6-9
4-4 8-14 5-5 0-0 7-10 1-1 8-12 8-13 3-3 2-2 6-6 8-11
8-14 0-0 7-10 1-1 8-12 8-13 3-3 4-8 2-2 6-6 5-9 8-11
4-4 5-5 7-7 0-0 1-1 3-3 2-2 6-6
4-4 8-8 5-5 7-7 0-0 1-1 3-3 2-2 6-6
4-4 5-5 0-0 1-1 3-3 8-9 2-2 6-6
4-4 8-8 5-5 7-7 0-0 1-1 3-3 2-2 6-6
9-10 8-8 2-1 7-7 4-3 0-0 1-1 5-4 8-9 3-2
9-10 8-8 7-7 0-0 4-3 1-1 5-4 8-10 8-9 3-6 2-2 3-5
4-4 0-0 1-1 8-10 3-3 8-9 2-2 8-11 9-11 7-8
4-4 8-8 5-5 7-7 0-0 9-9 1-1 10-10 3-3 2-2 6-6 11-11
10-5 14-8 7-1 4-13 8-4 13-7 0-9 9-2 8-3 12-6 5-0 1-10 6-0 3-12 2-11
12-16 14-16 2-2 9-11 6-8 15-17 3-3 5-6 14-12 7-9 12-14 4-4 14-14 0-0 1-1 9-12 8-10 10-13 11-15
4-4 9-13 0-0 5-8 7-10 1-1 9-12 12-15 5-7 10-13 4-5 3-3 5-6 2-2 11-14 6-9 8-11
4-4 5-5 7-7 0-0 1-1 3-3 2-2 6-6
4-4 8-8 5-5 7-7 10-8 0-0 9-9 1-1 12-13 13-16 11-12 3-3 2-2 6-6
4-4 13-14 7-7 0-0 9-9 1-1 12-13 14-16 11-12 10-10 3-3 2-2 6-6
4-4 9-10 13-14 5-5 10-11 0-0 1-1 12-13 11-12 3-3 8-9 2-2 6-6 14-15 7-8
4-4 8-8 5-5 7-7 0-0 1-1 3-3 2-2 6-6 9-11
4-4 8-8 7-7 0-0 1-1 3-3 2-2 6-6
4-4 5-5 7-7 0-0 1-1 3-3 2-2 6-6
4-4 5-5 7-7 0-0 1-1 8-10 3-3 2-2 6-6
10-11 0-0 1-1 12-13 11-12 6-7 3-3 8-9 5-6 2-2 7-8
2-1 4-3 0-0 1-1 5-4 3-2
2-1 6-5 4-3 0-0 8-7 1-1 5-4 7-6 3-2
2-1 10-8 0-0 3-1 5-3 6-4 4-2 8-6 1-0 7-5 9-7
4-4 5-5 9-13 7-7 0-0 1-1 10-13 8-12 3-3 2-2 6-6
4-4 8-8 17-17 5-5 7-7 16-16 0-0 9-9 1-1 12-13 13-13 10-10 14-13 3-3 2-2 6-6 11-11
17-21 17-18 11-8 7-4 15-14 16-13 3-0 12-9 20-22 8-5 13-10 16-15 4-1 14-11 5-2 9-6 10-7 19-19 6-3
4-4 8-8 9-10 5-5 10-11 7-7 13-14 0-0 1-1 12-13 11-12 15-16 3-3 2-2 6-6 14-15 16-17
9-10 0-0 1-1 6-7 4-5 3-3 8-9 5-6 2-2 7-8
4-4 8-8 5-5 7-7 11-10 0-0 9-9 1-1 10-10 3-3 2-2 6-6
4-4 8-8 5-5 7-7 10-9 0-0 1-1 3-3 2-2 6-6
4-4 5-5 0-0 1-1 8-10 7-9 3-3 2-2 6-6 8-11
4-4 5-5 0-0 1-1 8-10 7-9 8-12 3-3 2-2 6-6 8-11
5-5 9-13 0-0 1-1 9-12 3-3 7-6 9-14 2-2 8-11
7-4 9-13 0-0 1-1 9-12 6-7 3-3 9-14 2-2 8-11 7-8
4-4 13-14 5-5 11-10 0-0 8-7 1-1 12-13 3-3 10-6 9-8 16-15 2-2 6-6 15-15
9-10 13-14 10-11 0-0 1-1 12-13 11-12 6-7 4-5 8-9 5-6 2-2 7-8
0-0 1-1 4-5 3-3 5-6 2-2
4-4 5-5 11-10 0-0 8-7 1-1 3-3 7-6 9-8 13-12 2-2 10-9 12-11
4-4 5-5 11-10 15-14 0-0 8-7 17-16 1-1 18-16 7-9 14-13 3-3 16-15 9-8 13-12 2-2 6-6 12-11
4-4 8-8 5-5 11-10 0-0 9-9 1-1 14-13 3-3 7-6 13-12 2-2 12-11
4-4 8-8 5-5 15-14 0-0 9-9 1-1 10-10 14-13 3-3 7-6 16-15 13-12 2-2 12-11
4-4 8-8 5-5 7-7 0-0 9-9 1-1 3-3 2-2 6-6
3-4 0-0 11-13 1-1 12-15 12-16 6-7 4-5 8-9 12-14 5-6 2-2 7-8
4-4 5-5 0-0 1-1 8-10 7-9 8-12 3-3 2-2 6-6 8-11
9-10 3-4 0-0 1-1 10-13 6-7 4-5 8-9 5-6 2-2 7-8
9-10 3-4 11-16 0-0 1-1 10-13 6-7 4-5 8-9 11-15 5-6 2-2 11-14 7-8
5-5 9-13 0-0 1-1 9-12 8-10 3-3 2-2 6-6 9-11 7-8
9-10 0-0 1-1 6-7 4-5 8-9 5-6 2-2 3-2 7-8
8-4 0-0 6-1 2-0 5-1 7-3 9-5 7-2
7-4 0-0 6-1 9-6 2-0 5-1 10-7 7-3 8-5
8-8 13-14 5-5 10-11 7-7 0-0 9-9 1-1 12-13 11-12 3-3 2-2 6-6
8-8 13-14 5-5 10-11 7-7 0-0 9-9 1-1 12-13 11-12 10-10 3-3 2-2 6-6
3-4 9-3 0-0 1-1 4-5 5-6 2-2
3-4 9-3 0-0 1-1 4-5 5-6 2-2
3-4 6-5 0-0 9-3 1-1 6-7 4-5 5-6 2-2
16-18 3-4 0-0 14-17 7-10 1-1 11-13 13-16 16-17 5-7 4-5 16-15 10-12 2-2 9-11 17-18 6-9 12-14
3-4 13-17 0-0 14-18 7-10 1-1 11-13 16-16 16-19 5-7 17-19 4-5 10-12 2-2 9-11 6-9 12-14 15-15
0-0 5-8 7-10 1-1 4-6 9-12 10-13 11-12 4-5 3-3 2-2 6-9 4-7 8-11
0-0 1-1 4-5 3-3 5-6 2-2
5-5 0-0 1-1 8-10 7-9 3-3 2-2 6-6 9-11 10-12
4-4 5-5 0-0 1-1 4-6 7-9 3-3 2-2 6-6
4-4 5-5 0-0 1-1 11-11 3-3 8-6 2-2 6-6 7-8
4-4 9-10 5-5 10-11 14-12 0-0 1-1 3-3 8-9 2-2 6-6 7-8
4-4 9-10 5-5 10-11 0-0 14-17 12-16 1-1 3-3 8-9 11-15 2-2 6-6 7-8
4-4 5-5 0-0 14-17 1-1 8-16 13-13 10-10 3-3 12-12 9-8 2-2 6-6
4-4 5-5 7-7 0-0 9-9 1-1 10-10 3-3 2-2 6-6 11-14
4-4 9-10 5-5 0-0 6-11 1-1 3-3 8-9 11-15 12-12 2-2 6-6 7-8
2-1 6-5 4-3 0-0 8-7 1-1 5-4 7-6 3-2
4-4 5-5 0-0 14-17 7-10 1-1 9-12 12-15 13-16 10-13 7-9 8-11 3-3 2-2 6-6 11-14 15-18 7-8
8-9 2-2 11-14 7-7 16-19 3-3 12-15 8-11 13-16 4-4 5-5 0-0 14-17 1-1 9-12 8-10 10-13 6-6 15-18
4-4 5-5 0-0 1-1 6-8 3-3 2-2 7-11
0-0 3-7 2-6 6-10 4-8 5-9 1-3 8-11
4-4 5-5 0-0 1-1 6-8 3-3 2-2 7-11
4-4 13-14 5-5 12-7 11-10 0-0 1-1 6-8 9-12 7-9 8-12 3-3 2-2 10-12
4-4 5-5 9-13 0-0 1-1 6-8 7-9 8-12 3-3 2-2 12-14
4-4 5-5 0-0 1-1 6-8 3-3 2-2 7-11
4-4 9-13 0-0 1-1 6-8 7-9 8-12 10-10 3-3 5-6 2-2 9-11 11-14 12-14
4-4 5-5 0-0 10-14 1-1 8-10 14-16 3-3 11-15 12-12 2-2 6-6 9-11 7-8
0-1 1-2 3-4 5-8 6-11 2-3 4-5
0-0 1-1 4-6 5-7 7-9 3-3 6-10 2-2
4-4 5-5 9-13 7-7 0-0 1-1 8-10 3-3 2-2 6-6
4-4 5-5 0-0 1-1 6-8 3-3 2-2 7-11
4-4 2-4 0-0 1-1 6-8 5-7 6-7 3-3 6-10 6-9
1-1 3-3 2-2 0-0
7-4 1-5 0-0 3-7 2-6 6-3 4-1 5-2
0-1 3-4 0-0 6-7 4-5 5-6 2-2 7-8
1-1 2-2 0-0
0-1 4-4 5-5 0-0 3-3 2-2 6-6
0-1 4-4 5-5 0-0 3-3 2-2 6-6
0-1 4-4 5-5 7-7 0-0 3-3 9-8 2-2 6-6
0-1 4-4 8-8 1-2 7-7 0-0 9-9 3-3 6-6
0-1 4-4 5-5 7-7 0-0 8-7 3-3 2-2 6-6
0-1 4-4 5-5 7-7 0-0 8-7 3-3 2-2 6-6
0-1 1-2 0-0 7-10 6-8 4-6 9-12 5-7 2-3 7-9 8-11 3-5
0-1 4-4 8-8 5-5 7-7 0-0 3-3 2-2 6-6
0-1 1-2 3-4 0-0 2-3 6-7 4-5 8-9 5-6 7-8
0-1 4-4 8-8 5-5 7-7 0-0 3-3 2-2 6-6
0-0 1-1 4-5 3-3 5-6 2-2
0-1 4-4 13-14 1-2 5-5 3-4 0-0 9-9 6-8 2-3 6-6 9-11 10-12 12-14
0-1 1-2 3-4 6-5 0-0 2-3 6-7 4-5 5-6
0-1 8-8 1-2 3-4 0-0 2-3 6-7 4-5 5-6 7-8
0-1 8-8 1-2 3-4 0-0 2-3 6-7 4-5 5-6 7-8
0-1 4-4 8-8 5-5 7-7 0-0 3-3 2-2 6-6
0-1 9-10 3-4 0-0 6-7 4-5 8-9 5-6 2-2 7-8
0-1 1-2 3-4 0-0 2-3 6-7 4-5 8-9 5-6 7-8
4-4 2-1 6-5 8-7 13-16 11-12 10-10 14-19 7-6 12-15 1-0 18-21 3-2 12-14
4-4 10-11 2-1 6-5 8-7 7-6 9-8 1-0 3-2
12-11 17-17 18-17 2-1 6-5 4-3 8-7 10-9 5-4 11-10 15-16 7-6 9-8 13-12 1-0 3-2 14-15
16-20 3-4 5-7 14-16 1-0 9-11 19-21 10-12 6-8 3-6 2-1 11-13 7-9 15-19 18-21 12-14 3-5 8-10 13-15
2-1 6-5 4-3 8-7 10-9 5-4 11-9 7-6 9-8 1-0 3-2
3-1 5-3 0-2 0-0
2-1 3-4 6-11 4-9 8-7 11-13 14-16 12-14 5-10 9-8 3-6 1-0 13-15 10-12 3-5
10-11 6-5 0-0 3-1 5-3 2-0 6-6 4-2 11-12 6-7 8-9 1-0 7-8
8-4 2-1 10-8 12-10 11-9 7-3 1-0 3-2 9-7 13-11
8-4 10-8 4-3 12-10 2-0 11-9 9-5 3-2 13-11
5-11 8-4 3-1 9-12 2-0 4-2 7-3 5-10 12-15 1-0 5-9 11-14
5-11 8-4 3-1 9-12 2-0 13-16 4-2 7-3 10-13 5-10 12-15 1-0 5-9 11-14
15-21 4-10 7-4 4-11 9-13 2-1 10-14 4-9 12-16 13-18 14-19 11-15 8-12 1-0 3-2 6-3 16-23
13-14 10-11 8-4 2-1 4-9 16-19 15-17 12-13 14-16 7-3 11-12 9-5 17-21 1-0 3-2
8-8 10-11 6-5 4-3 9-9 1-1 5-4 2-0 10-10 7-6 3-2 10-12
5-5 4-3 8-7 1-1 2-0 7-6 9-8 10-9 3-2
6-5 4-3 3-1 0-0 5-4 10-8 11-9 12-10 14-15 13-13 15-16 7-6 2-2 9-7
18-17 23-22 17-15 1-0 19-18 15-8 4-2 12-9 20-19 5-3 14-12 8-5 2-1 6-4 15-13 3-2 21-20 22-21 0-0 9-6 10-7 16-14
10-15 14-21 2-1 0-0 4-9 13-20 8-13 5-10 16-23 7-12 4-8 9-14 1-0 15-22 3-2 4-7 8-11 11-17
13-14 2-1 6-5 4-3 10-9 5-4 16-17 12-13 11-12 15-16 1-0 3-2 14-15 11-11
2-1 6-5 4-3 8-7 9-9 5-4 10-10 7-6 1-0 3-2
2-1 6-5 4-3 5-4 7-6 1-0 3-2
10-15 12-17 2-1 11-16 0-0 5-8 5-7 8-13 4-5 5-6 6-10 9-14 1-0 3-2 7-11
10-11 2-1 6-5 4-3 0-0 8-7 5-4 11-13 15-17 14-16 13-15 7-6 9-8 1-0 3-2 12-14
0-1 4-4 8-8 1-2 5-5 0-0 9-9 11-13 14-17 16-19 13-16 10-7 2-3 10-10 12-15 6-6 15-18
0-1 10-15 12-17 1-2 3-4 11-16 0-0 9-12 2-3 6-7 4-5 8-9 5-6 13-18 7-8
9-10 2-1 6-5 4-3 0-0 8-7 5-4 10-13 7-6 1-0 3-2
1-1 2-2 0-0
2-1 6-5 4-3 0-0 10-14 5-4 7-6 8-6 1-0 9-11 3-2
8-8 3-4 11-16 0-0 1-1 9-12 10-13 6-7 4-5 5-6 2-2 7-8
0-1 13-14 11-10 6-5 0-0 4-3 8-7 1-1 5-4 12-10 14-17 7-6 9-8 2-2 10-9 3-11
0-0 3-1 5-3 6-4 4-2 1-0 9-7 8-5
9-13 0-0 5-8 7-10 1-1 10-14 8-10 4-5 3-3 2-2 6-9
0-0 1-1 4-5 3-3 7-12 5-6 2-2 6-9
2-1 10-8 0-0 5-3 4-2 8-6 1-0 7-5 9-7
1-1 2-2 0-0
2-1 10-8 0-0 11-13 5-3 13-16 6-4 4-2 11-12 8-6 12-15 1-0 7-5 11-14 9-7
13-14 11-10 6-5 0-0 8-7 1-1 5-4 13-13 15-16 3-3 7-6 9-8 13-12 2-2 10-9 12-11 14-15
0-0 11-13 1-1 6-4 14-16 13-15 3-3 10-6 2-2 7-5 4-7 12-14
2-1 6-5 4-3 5-4 7-6 1-0 3-2
6-5 0-0 8-7 1-1 5-4 3-3 7-6 9-8 2-2 10-9
11-10 6-5 0-0 8-7 1-1 5-4 3-3 7-6 9-8 2-2 10-9
1-1 2-2 0-0
1-1 3-3 2-2 0-0
11-10 6-5 0-0 8-7 1-1 5-4 3-3 7-6 9-8 2-2 10-9
11-10 6-5 0-0 8-7 1-1 5-4 3-3 7-6 9-8 2-2 10-9
11-10 6-5 0-0 8-7 1-1 5-4 3-3 7-6 9-8 2-2 10-9
1-1 3-3 2-2 0-0
4-4 8-8 5-5 7-7 0-0 9-9 1-1 10-10 3-3 2-2 6-6 11-11
11-10 6-5 0-0 8-7 1-1 5-4 3-3 7-6 9-8 12-12 2-2 10-9
12-11 2-1 6-5 4-3 8-7 10-9 5-4 11-10 7-6 9-8 1-0 3-2
11-10 6-5 0-0 8-7 1-1 5-4 3-3 7-6 9-8 2-2 10-9
0-0 3-1 5-3 6-4 4-2 1-0 7-5 8-5
8-8 7-7 6-5 0-0 9-9 1-1 5-4 10-10 3-3 7-6 2-2 11-11
6-5 0-0 1-1 5-4 3-3 2-2
11-10 6-5 0-0 8-7 1-1 5-4 3-3 7-6 9-8 2-2 10-9
4-4 8-8 5-5 7-7 0-0 1-1 3-3 2-2 6-6
2-1 6-5 4-3 8-7 10-9 5-4 11-10 7-6 9-8 1-0 3-2
4-4 2-1 0-0 1-1 3-2
3-1 5-3 6-4 4-2 8-6 1-0 7-5
1-1 2-2 0-0
1-1 2-2 0-0
2-1 6-5 4-3 8-7 5-4 7-6 9-8 1-0 3-2
4-3 3-2 2-1 0-0
7-4 11-10 4-3 0-0 8-7 1-1 5-4 7-6 9-8 13-12 2-2 10-9 12-11
2-1 4-3 0-0 1-1 3-2
11-10 4-3 0-0 8-7 1-1 5-4 7-6 9-8 13-12 2-2 10-9 12-11
2-1 6-5 4-3 8-7 7-6 1-0 3-2 9-7
10-8 0-0 12-10 1-1 5-4 11-9 15-13 3-3 8-6 2-2 14-12 7-5 9-7 13-11
2-1 3-4 0-0 4-6 1-0 6-3 5-2
4-0 8-4 0-0 6-1 2-0 5-1 7-3 7-2
4-4 5-5 7-7 0-0 1-1 3-3 2-2 6-6
11-10 6-5 0-0 8-7 1-1 5-4 14-13 3-3 7-6 9-8 13-12 2-2 10-9 12-11
8-4 0-0 6-1 2-0 5-1 9-5 8-3 7-2
12-11 2-1 6-5 4-3 0-0 8-7 5-4 10-9 11-10 9-8 1-0 3-2
2-1 4-3 0-0 1-1 3-2
2-1 6-5 4-3 5-4 7-6 1-0 3-2
4-4 5-5 7-7 0-0 1-1 3-3 2-2 6-6
11-10 6-5 0-0 8-7 1-1 5-4 14-13 3-3 7-6 9-8 13-12 2-2 10-9 12-11
2-1 6-5 4-3 5-4 9-8 8-6 1-0 3-2
8-8 7-7 4-3 0-0 9-9 1-1 5-4 10-10 3-3 2-2 6-6 11-11
4-4 0-0 1-1 6-7 3-3 5-6 2-2 7-8
11-10 6-5 0-0 8-7 1-1 5-4 14-13 3-3 7-6 9-8 13-12 2-2 10-9 12-11
3-4 0-0 5-8 7-10 1-1 9-12 12-15 13-16 10-13 14-17 3-3 15-19 2-2 6-9 4-7 8-11
20-20 29-29 2-2 17-18 11-11 30-30 7-7 18-19 3-3 12-12 21-21 14-15 31-31 8-8 13-13 15-16 32-32 24-22 4-4 5-5 14-14 0-0 9-9 22-24 1-1 10-10 28-28 6-6 16-17 33-33
4-4 8-8 5-5 7-7 11-10 0-0 9-9 1-1 3-3 2-2 6-6
4-4 8-8 5-5 7-7 11-10 0-0 9-9 1-1 10-10 3-3 2-2 6-6
4-4 5-5 7-7 0-0 8-7 1-1 3-3 2-2 6-6
4-4 8-8 9-10 5-5 10-11 7-7 0-0 12-15 1-1 13-18 3-3 2-2 6-6 11-14
4-4 8-8 9-10 5-5 10-11 7-7 0-0 12-16 1-1 3-3 2-2 6-6 11-14
4-4 5-5 7-7 0-0 1-1 3-3 2-2 6-6
4-4 5-5 0-0 1-1 3-3 2-2 6-6
4-4 5-5 9-13 0-0 10-14 1-1 9-12 3-3 7-6 8-9 2-2 6-6 9-11
4-4 0-0 10-14 12-16 1-1 8-10 6-7 3-3 11-15 2-2 9-11 7-8
7-4 0-0 1-1 6-7 3-3 2-2
4-4 5-5 0-0 1-1 3-3 7-6 2-2 6-6
0-1 8-8 9-10 1-2 3-4 0-0 2-3 6-7 4-5 7-8
0-1 1-2 3-4 0-0 2-3 4-5 5-6 6-6
4-4 9-10 0-0 1-1 5-4 6-7 3-3 2-2 6-9
2-1 6-5 4-3 0-0 5-4 7-6 5-6 1-0 3-2
0-1 1-2 3-4 0-0 2-3 4-5 5-6
0-1 1-2 3-4 0-0 2-3 6-7 4-5 5-6
0-1 1-2 3-4 7-7 0-0 2-3 4-5 5-6 6-6
2-1 4-3 0-0 8-7 5-7 7-6 1-0 3-2
2-1 10-9 4-3 0-0 8-7 5-4 7-6 1-0 3-2 9-7
8-8 2-1 7-7 4-3 0-0 9-9 5-4 6-4 1-0 3-2
4-4 10-11 2-1 0-0 6-8 4-6 8-10 13-16 5-7 0-12 4-5 12-15 1-0 9-11 3-2 11-14
4-4 9-10 11-20 5-11 2-1 14-14 0-0 4-6 5-7 13-13 7-9 4-5 12-21 10-19 1-0 3-2 15-15
4-4 9-10 11-20 14-14 2-1 0-0 6-8 4-6 5-7 13-13 7-9 4-5 12-21 10-19 1-0 3-2 15-15
14-14 11-10 6-5 0-0 8-7 1-1 5-4 13-13 3-3 7-6 9-8 2-2 10-9
6-5 0-0 8-7 1-1 5-4 10-10 3-3 7-6 2-2 9-7 11-11
6-5 0-0 1-1 5-4 12-9 3-3 7-6 8-9 9-8 2-2 10-9
2-1 6-5 4-3 5-4 7-6 9-8 8-6 1-0 3-2
12-11 14-14 2-1 6-5 4-3 8-7 10-9 5-4 11-10 18-16 13-13 16-12 7-6 9-8 1-0 3-2 15-15
12-11 14-14 2-1 6-5 4-3 8-7 10-9 11-10 17-16 18-16 13-13 16-12 7-6 9-8 1-0 3-2 15-15
8-8 2-1 6-5 4-3 0-0 8-7 5-4 9-9 12-13 13-13 10-10 14-13 7-6 1-0 3-2 11-11 15-15
4-4 2-1 5-3 4-6 8-10 7-9 4-5 1-0 3-2
15-11 2-1 6-5 4-3 10-8 5-4 11-9 12-13 14-10 7-6 12-15 1-0 3-2 9-7 12-14
13-14 2-1 7-7 4-3 5-4 8-10 12-13 7-9 1-0 9-11 3-2 10-12 7-8
13-14 2-1 7-7 4-3 5-4 8-10 12-13 7-9 1-0 9-11 3-2 10-12 7-8
7-4 9-6 3-0 6-3 4-1 8-5 5-2
7-4 9-6 10-7 3-0 6-3 4-1 8-5 5-2
7-4 9-6 3-0 6-3 4-1 8-5 5-2
7-4 7-7 9-6 10-7 3-0 6-3 4-1 8-5 5-2
7-4 3-0 9-5 6-3 4-1 8-5 5-2
7-4 11-7 9-6 10-7 3-0 6-3 4-1 8-5 5-2
4-4 5-5 0-0 1-1 6-4 3-3 2-2 6-6
4-4 5-5 0-0 1-1 3-3 2-2 6-6
4-4 5-5 0-0 1-1 3-3 2-2 6-6
4-4 5-5 0-0 1-1 6-4 3-3 2-2 6-6
4-4 5-5 0-0 1-1 3-3 2-2 6-6
4-4 5-5 7-7 0-0 1-1 3-3 2-2 6-6
5-5 0-0 8-7 1-1 3-3 2-2 6-6
5-5 7-7 0-0 1-1 3-3 2-2 6-6 4-7
4-4 5-5 7-7 0-0 1-1 3-3 2-2 6-6
4-4 7-4 5-5 0-0 8-7 1-1 3-3 2-2 6-6
4-4 5-5 7-7 0-0 1-1 3-3 2-2 6-6
0-0 6-8 1-1 7-9 3-3 2-2
0-0 1-1 5-4 6-7 3-3 2-2 7-8
4-4 0-0 1-1 5-4 6-7 3-3 2-2 7-8
9-10 10-11 0-0 1-1 5-4 11-12 6-7 3-3 8-9 2-2
0-0 1-1 5-4 6-7 3-3 2-2 7-8
4-4 0-0 1-1 5-4 6-7 3-3 2-2 7-8
7-4 8-8 0-0 1-1 6-7 3-3 2-2
4-4 5-5 0-0 1-1 3-3 7-6 8-9 2-2
4-4 8-8 5-5 7-7 0-0 1-1 3-3 2-2 6-6
5-5 0-0 1-1 3-3 2-2 6-6
8-8 5-5 7-7 0-0 1-1 3-3 2-2 6-6
2-1 6-5 4-3 0-0 8-7 5-4 7-6 1-0 3-2
4-4 5-5 0-0 8-7 1-1 3-3 7-6 2-2
4-4 5-5 7-7 0-0 1-1 9-12 3-3 8-9 2-2 6-6
1-1 6-4 2-2 5-3 7-5
10-11 10-9 0-0 3-1 5-3 6-4 4-2 10-10 9-8 8-6 1-0 7-5
4-4 0-0 1-1 4-2 3-3 2-2
4-4 0-0 1-1 3-3 2-2
4-4 5-5 0-0 1-1 3-3 2-2
0-1 9-10 1-2 3-4 0-0 2-3 6-7 0-2 4-5 8-9 5-6
11-7 6-5 4-3 0-0 1-1 5-4 14-10 13-9 10-6 18-12 3-2 12-8
0-1 11-7 16-10 6-5 4-3 0-0 1-1 5-4 13-9 10-6 3-2 12-8
0-1 8-8 1-2 3-4 7-7 0-0 2-3 0-2 4-5 5-6 9-8
2-1 6-5 4-3 0-0 8-7 5-4 10-9 11-10 7-6 12-12 9-8 1-0 3-2
8-8 2-1 6-5 4-3 0-0 9-9 5-4 7-6 1-0 3-2
8-8 5-5 10-11 2-1 7-7 4-3 0-0 9-9 6-6 11-12 1-0 3-2
2-1 6-5 4-3 8-7 5-4 7-6 1-0 3-2
2-1 6-5 4-3 0-0 8-7 5-4 10-9 15-14 16-14 14-13 7-6 16-15 9-8 13-12 1-0 3-2 11-11
4-4 5-5 0-0 1-1 3-3 2-2 6-6
3-4 0-0 1-1 6-7 4-5 8-9 5-6 2-2 7-8
4-4 5-5 0-0 1-1 3-3 2-2 6-6
3-4 0-0 1-1 6-7 4-5 8-9 5-6 2-2 7-8
3-4 0-0 1-1 6-7 4-5 8-9 5-6 2-2 7-8
0-0 1-1 6-7 4-5 8-9 5-6 2-2 7-8
3-4 0-0 1-1 6-7 4-5 8-9 5-6 2-2 7-8
3-4 0-0 1-1 6-7 4-5 8-9 5-6 2-2 7-8
4-4 5-5 0-0 1-1 3-3 2-2 6-6
4-4 5-5 0-0 1-1 3-3 2-2 6-6
4-4 5-5 0-0 1-1 3-3 2-2 6-6
4-4 5-5 0-0 1-1 3-3 7-6 2-2
18-20 14-16 21-25 2-2 10-12 19-21 7-7 15-17 3-3 20-22 8-8 11-13 16-18 12-14 4-4 5-5 0-0 9-9 1-1 17-19 6-6 13-15
4-4 8-8 5-5 7-7 0-0 9-9 1-1 3-3 2-2 6-6 10-12
4-4 8-8 5-5 7-7 0-0 9-9 1-1 3-3 2-2 6-6 10-12
4-4 8-8 5-5 7-7 0-0 9-9 1-1 10-10 3-3 2-2 6-6 11-11
4-4 9-10 5-5 10-11 7-7 0-0 1-1 3-3 8-9 2-2 6-6
4-4 5-5 7-7 0-0 1-1 3-3 2-2 6-6
9-10 8-8 10-11 2-1 6-5 4-3 0-0 8-7 5-4 12-13 15-16 7-6 13-12 12-15 1-0 3-2 11-14
2-1 6-5 4-3 0-0 8-7 14-17 15-14 12-13 13-16 17-18 11-12 10-10 7-6 9-8 1-0 3-2
7-4 0-0 3-1 9-6 4-2 6-3 9-7 8-5
11-7 8-4 2-1 0-0 18-16 14-10 7-3 16-14 9-5 13-9 10-6 17-15 1-0 3-2 15-12 12-8
21-19 14-10 9-5 10-6 19-12 1-0 19-15 6-11 11-7 17-17 2-1 15-13 7-3 18-18 3-2 12-8 8-4 0-0 13-9 16-14
18-17 12-7 21-19 14-10 8-3 1-0 19-18 15-11 16-13 5-3 22-19 17-14 10-5 2-1 3-2 20-15 0-0 11-6 13-9
18-17 12-7 8-3 1-0 13-8 16-13 14-9 21-18 5-3 10-5 19-14 2-1 6-10 3-2 20-18 0-0 17-16 11-6 15-12
18-17 12-7 8-3 1-0 13-8 16-13 14-9 21-18 5-3 10-5 19-14 2-1 6-10 3-2 20-18 0-0 17-16 11-6 15-12
10-11 2-1 6-5 4-3 0-0 8-7 7-6 9-8 1-0 3-2
7-4 0-0 3-1 9-6 10-7 4-2 6-3 8-5
14-10 22-23 9-5 10-6 1-0 15-11 25-25 20-19 5-3 23-24 8-5 11-7 2-1 19-17 6-4 16-12 26-25 3-2 12-8 21-20 0-0 17-13 13-9 24-21 18-14
7-4 0-0 3-1 9-6 10-7 4-2 12-9 11-8 6-3 8-5
2-1 6-5 4-3 0-0 8-7 5-4 14-17 12-13 13-16 15-14 17-18 11-12 10-10 7-6 1-0 3-2
7-4 0-0 3-1 9-6 10-7 4-2 6-3 8-5
10-11 2-1 6-5 4-3 0-0 8-7 11-13 13-17 17-19 15-10 7-6 9-8 1-0 14-18 3-2 12-14
12-10 5-4 20-20 9-8 23-25 10-3 1-0 13-14 6-5 24-26 18-22 21-21 2-1 19-23 15-16 7-6 16-15 25-27 3-2 0-0 8-7 14-17 22-24 17-19
18-17 5-4 23-22 1-0 11-8 13-14 6-5 16-13 21-18 22-22 9-10 2-1 19-20 7-6 3-2 14-11 20-21 0-0 8-7 17-16 15-12
24-27 12-10 4-6 5-7 9-5 1-0 13-11 7-4 25-28 18-16 21-21 14-12 23-24 8-5 22-22 2-1 10-8 19-17 28-29 15-13 3-2 20-18 0-0 11-9 17-19 27-29 16-14 6-3
12-13 21-22 22-23 10-9 1-0 7-4 13-14 16-19 18-16 9-7 8-5 23-24 2-1 11-10 17-20 3-2 20-21 14-11 0-0 9-18 13-12 6-3
4-4 0-0 1-1 3-3 7-6 2-2 9-7
4-4 5-5 0-0 1-1 3-3 2-2
4-4 0-0 1-1 3-3 2-2
4-4 0-0 1-1 5-4 3-3 2-2
4-4 5-5 0-0 1-1 3-3 2-2 6-6
4-4 0-0 1-1 5-4 3-3 2-2
1-1 2-2 0-0
5-5 0-0 5-8 7-10 1-1 9-12 10-13 4-5 3-3 2-2 11-14 6-9 8-11
4-4 8-8 5-5 7-7 0-0 9-9 11-13 1-1 12-10 12-16 14-17 3-3 2-2 6-6 10-12
2-1 6-5 4-3 0-0 8-7 1-1 5-4 7-6 3-2
7-4 8-4 9-6 13-10 10-7 3-0 12-9 11-8 6-3 4-1 8-5 5-2
1-1 2-2 0-0
4-4 5-5 7-7 0-0 1-1 3-3 2-2 6-6
10-8 12-10 11-9 6-4 4-2 3-0 8-6 13-12 5-3 7-5 9-7
3-4 0-0 1-1 2-3 6-7 4-5 8-9 5-6 2-2 9-11 7-8
2-1 6-5 4-3 0-0 8-7 5-4 7-6 9-8 1-0 3-2
2-1 6-5 4-3 0-0 5-4 7-6 1-0 3-2
2-1 4-3 0-0 5-4 7-6 1-0 3-2
2-1 0-0 4-3 5-4 9-5 2-6 1-0 3-2
2-1 6-5 4-3 0-0 8-7 5-4 7-6 9-8 1-0 3-2
0-0 3-1 5-3 6-4 4-2 1-0 7-5
7-4 2-1 4-3 0-0 12-8 9-6 10-7 1-0 3-2 6-3 8-5 11-8
10-8 0-0 3-1 12-10 5-3 11-9 6-4 4-2 8-6 1-0 7-5 9-7 13-11
2-1 6-5 4-3 0-0 8-7 5-4 10-9 7-6 9-8 1-0 3-2
2-1 6-5 4-3 0-0 8-7 5-4 10-9 7-6 9-8 1-0 3-2
2-1 6-5 4-3 8-7 5-4 7-6 1-0 3-2
2-1 6-5 4-3 0-0 8-7 5-4 10-9 7-6 9-8 1-0 3-2
9-10 13-14 10-11 2-1 6-5 4-3 0-0 7-7 5-4 12-13 11-12 8-9 1-0 3-2 14-15
0-0 1-1 4-6 6-8 5-7 7-9 8-3 2-2 3-5 9-4
0-0 1-1 4-5 3-3 5-6 2-2
3-1 5-3 6-4 4-2 7-3 10-6 9-8 1-0
3-4 0-0 1-1 2-3 2-2
0-1 12-17 1-2 11-16 0-0 10-14 14-20 2-3 6-7 8-9 11-15 5-6 7-8 13-18 9-11 3-5
3-1 5-3 6-4 4-2 8-6 1-0 7-5
0-0 1-1 4-5 3-3 5-6 2-2
0-0 1-1 4-5 3-3 5-6 2-2
0-0 1-1 4-5 3-3 5-6 2-2
4-4 5-5 0-0 1-1 3-3 2-2
6-2 14-8 18-17 9-3 13-7 16-13 10-4 21-19 2-0 5-1 15-7 12-6 11-5 19-18 22-19 17-14
13-14 6-5 14-17 3-1 19-21 2-0 6-6 4-2 12-13 11-12 6-7 17-19 8-9 5-3 15-18 7-8
2-4 1-2 9-0 3-7 2-6 6-10 4-8 5-9 2-5
2-1 4-3 0-0 1-1 3-2
8-8 5-5 2-1 7-7 4-3 9-9 6-6 10-10 1-0 3-2
2-1 6-5 4-3 8-7 5-4 7-6 1-0 3-2
2-1 4-3 0-0 1-1 3-2
7-4 12-10 9-6 13-11 10-7 15-13 3-0 14-12 11-8 6-3 4-1 8-5 5-2
0-0 1-1 4-5 3-3 5-6 2-2
4-4 8-8 5-5 2-1 7-7 0-0 1-0 3-2
0-0 1-1 4-5 3-3 5-6 2-2
0-0 1-1 4-5 3-3 5-6 2-2
0-0 1-1 4-5 3-3 5-6 2-2
0-0 1-1 4-5 3-3 5-6 2-2
4-4 2-1 6-5 10-9 8-7 15-17 12-13 13-16 11-12 7-6 9-8 1-0 3-2
3-1 5-3 6-4 4-2 1-0 7-5
4-4 2-1 6-8 4-6 5-7 7-9 4-5 1-0 3-2
4-4 2-1 6-8 4-6 8-10 5-7 7-9 4-5 1-0 3-2
2-1 6-5 4-3 8-7 5-4 7-6 9-8 1-0 3-2
4-4 2-1 6-8 4-6 8-10 5-7 7-9 4-5 1-0 3-2
4-4 2-1 6-8 4-6 8-10 5-7 7-9 4-5 1-0 3-2
8-4 2-1 10-8 12-10 11-9 7-3 1-0 3-2 9-7
8-4 2-1 10-8 12-10 11-9 7-3 9-5 1-0 3-2
2-1 10-8 12-10 11-9 6-7 4-5 8-3 5-6 1-0 3-2 13-11 14-12 9-4
7-7 3-1 2-0 6-4 4-2 1-7 5-3 7-5
7-7 3-1 2-0 6-4 4-2 1-7 5-3 7-5
2-1 4-3 0-0 1-1 3-2
4-4 0-0 1-1 3-3 2-2
4-4 0-0 1-1 3-3 2-2
3-1 2-0 6-4 4-2 5-3 1-6
3-1 2-0 6-4 4-2 5-3 1-6
3-1 2-0 6-4 4-2 5-3 1-6
4-4 2-1 0-0 1-1 3-2
4-4 2-1 0-0 1-1 3-2
4-4 2-1 0-0 1-1 3-2
4-4 2-1 0-0 1-1 3-2
4-4 2-1 0-0 1-1 3-2
10-5 3-1 2-0 8-10 4-2 7-9 6-6 11-11 9-4
2-1 4-3 0-0 1-1 3-2
4-4 1-2 0-0 1-1 3-3 2-2
0-1 10-11 3-1 2-0 8-10 4-2 10-13 7-9 6-6 11-14 9-7
4-4 5-5 10-11 0-0 1-1 6-8 7-9 3-3 12-12 8-6 2-2 13-12
2-1 4-3 0-0 1-1 3-2
2-1 6-5 4-3 8-7 5-4 7-6 9-8 1-0 3-2
2-1 6-5 4-3 8-7 5-4 7-6 9-8 1-0 3-2
2-1 4-3 0-0 1-1 3-2
2-1 6-5 4-3 5-4 1-0 3-2
2-1 6-5 4-3 5-4 7-6 1-0 3-2 9-7
2-1 6-5 4-3 5-4 8-6 1-0 3-2
2-1 6-5 4-3 8-7 5-4 7-6 9-8 1-0 3-2
2-1 6-5 4-3 8-7 10-9 5-4 11-10 13-13 7-6 9-8 13-12 1-0 3-2 13-11
2-1 6-5 4-3 8-7 10-9 5-4 11-10 13-13 7-6 9-8 13-12 1-0 3-2 13-11
9-10 5-5 10-11 2-1 4-3 5-4 12-13 11-12 6-7 8-9 5-6 1-0 3-2 7-8
9-10 5-5 2-1 4-3 5-4 12-13 11-12 6-7 8-9 5-6 1-0 3-2 7-8
4-4 2-1 6-5 10-9 8-7 17-16 9-6 13-10 12-13 11-12 7-6 16-15 1-0 3-2
0-0 1-1 4-5 3-3 5-6 2-2
4-4 2-1 6-8 4-6 8-10 5-7 7-9 4-5 1-0 3-2
4-4 0-0 1-1 3-3 2-2
0-0 1-1 4-5 3-3 5-6 2-2
2-1 4-3 0-0 1-1 3-2
2-1 4-3 0-0 1-1 3-2
2-1 4-3 0-0 1-1 3-2
2-1 6-5 4-3 0-0 1-1 5-4 7-6 3-2
2-1 6-5 4-3 8-7 10-9 5-4 7-6 9-8 1-0 3-2
2-1 6-5 4-3 8-7 10-9 5-4 7-6 9-8 1-0 3-2
12-11 2-1 6-5 4-3 8-7 10-9 5-4 11-10 7-6 9-8 13-12 1-0 3-2
2-1 6-5 4-3 8-7 10-9 5-4 7-6 9-8 1-0 3-2
6-2 8-4 3-1 12-10 9-12 11-12 1-0
6-2 8-4 3-1 12-10 9-12 11-12 1-0
2-1 4-3 0-0 1-1 3-2
4-4 5-5 0-0 1-1 3-3 2-2 6-6
4-4 5-5 0-0 1-1 3-3 2-2 6-6
4-4 5-5 7-7 0-0 8-7 1-1 3-3 2-2 6-6
4-4 5-5 0-0 1-1 3-3 2-2 6-6
4-4 5-5 7-7 0-0 1-1 3-3 2-2 6-6
4-4 8-8 5-5 7-7 0-0 1-1 3-3 9-8 2-2 6-6
4-4 7-4 8-8 5-5 9-10 0-0 1-1 3-3 2-2 6-6
4-4 5-5 7-7 0-0 1-1 3-3 2-2 6-6
4-4 5-5 0-0 1-1 3-3 7-6 2-2 6-6
4-4 5-5 7-7 0-0 1-1 3-3 8-9 2-2 6-6
4-4 5-5 7-7 0-0 1-1 3-3 8-9 2-2 6-6
4-4 5-5 0-0 1-1 3-3 7-6 2-2 6-6
3-4 6-5 0-0 1-1 6-8 8-10 4-5 5-6 2-2 8-11
4-4 0-0 1-1 4-5 3-3 2-2
4-4 0-0 1-1 4-5 3-3 2-2
4-4 0-0 1-1 3-3 2-2
1-1 2-2 0-0
4-4 0-0 1-1 3-3 2-2
4-4 0-0 1-1 3-3 2-2
4-4 5-5 0-0 1-1 3-3 2-2
3-2 2-1 0-0
3-2 2-1 0-0
4-4 8-8 7-7 0-0 1-1 3-3 2-2 6-6
4-4 5-5 7-7 0-0 1-1 3-3 2-2 6-6
4-4 5-5 7-7 0-0 8-7 1-1 3-3 2-2 6-6
4-4 6-5 0-0 8-7 1-1 3-3 7-6 2-2
4-4 6-5 0-0 8-7 1-1 3-3 7-6 2-2
4-4 5-5 10-8 0-0 8-7 7-10 1-1 3-3 2-2
4-4 5-5 0-0 1-1 3-3 2-2 7-8
4-4 5-5 0-0 1-1 6-7 3-3 2-2 6-6 7-8
4-4 5-5 0-0 1-1 3-3 2-2 6-6 7-8
4-4 0-0 1-1 6-8 3-3 5-6 2-2 6-6 6-9
3-4 0-0 1-1 9-12 6-7 4-5 3-3 5-6 2-2 8-11 7-8
4-4 8-8 16-20 5-5 18-21 7-7 10-8 0-0 13-17 12-15 1-1 17-22 3-3 15-19 2-2 6-6 14-18
2-1 7-7 4-3 5-4 6-6 1-0 3-2
13-14 5-5 0-0 1-1 12-13 3-3 8-9 2-2 6-6 9-11 10-12 7-8
14-14 8-4 0-0 1-1 6-8 7-3 13-13 6-7 9-5 10-10 12-12 2-2 3-2 6-9 11-11
9-10 10-11 3-4 0-0 1-1 4-6 12-13 11-12 8-9 4-8 2-2 5-3 4-7
4-4 5-5 0-0 1-1 3-3 2-2 6-6 7-8
4-4 5-5 0-0 1-1 3-3 2-2 7-8
4-10 10-5 5-11 0-0 3-7 1-1 6-8 11-6 8-3 12-12 7-12 2-2 9-4
4-4 5-5 7-7 0-0 1-1 3-3 8-9 2-2 6-6
5-5 7-7 10-8 0-0 1-1 8-10 6-4 11-12 3-3 12-12 2-2 9-11
11-10 6-5 4-3 0-0 8-7 1-1 5-4 7-6 9-8 2-2 10-9 3-2
9-10 3-4 0-0 1-1 6-7 4-5 8-9 5-6 2-2 7-8
12-11 2-1 11-10 0-0 8-7 9-6 6-4 4-2 9-8 13-12 3-6 10-9 7-5
9-10 13-14 10-11 3-4 0-0 1-1 12-13 11-12 6-7 4-5 8-9 5-6 2-2 13-15 7-8
6-5 0-0 1-1 5-4 3-3 2-2
4-4 5-5 0-0 1-1 3-3 2-2
4-4 5-5 0-0 1-1 3-3 8-9 2-2 6-6 7-8
2-1 6-5 4-3 8-7 9-9 5-4 7-6 1-0 3-2
2-1 6-5 4-3 9-9 5-4 11-12 10-10 1-0 3-2
4-4 9-13 2-1 6-8 4-6 8-10 9-12 5-7 7-9 4-5 1-0 3-2 10-12
2-1 6-5 4-3 7-7 11-13 5-4 12-16 8-10 7-9 13-15 12-15 1-0 9-11 3-2 10-12 7-8
12-11 14-14 2-1 6-5 4-3 8-7 10-9 5-4 11-10 7-6 9-8 13-12 1-0 3-2
8-8 2-1 6-5 4-3 5-4 7-6 9-8 1-0 3-2
8-8 13-14 10-11 2-1 6-5 4-3 9-9 5-4 12-13 11-12 7-6 1-0 3-2
9-10 8-8 10-11 2-1 6-5 4-3 9-9 5-4 7-6 1-0 3-2
8-8 2-1 6-5 4-3 9-9 5-4 10-10 7-6 1-0 3-2 11-11
2-1 6-5 4-3 8-7 10-9 5-4 7-6 9-8 1-0 3-2
2-1 6-5 4-3 5-4 7-6 8-6 1-0 3-2
8-8 2-1 7-7 4-3 9-9 11-13 5-4 13-10 6-6 15-17 16-18 1-0 3-2 10-12 12-14
8-8 13-14 14-14 2-1 6-5 4-3 11-13 5-4 7-6 1-0 9-11 3-2 10-12
2-1 6-5 4-3 5-4 10-7 13-9 7-6 1-0 9-11 3-2 11-8
13-8 12-7 2-1 6-5 4-3 11-16 5-4 8-10 10-13 7-6 15-9 1-0 9-11 3-2
7-4 12-17 2-1 6-5 4-3 8-7 5-4 14-10 10-13 13-9 9-8 1-0 3-2 11-14 16-11
8-8 2-1 7-7 4-3 9-9 12-16 5-4 17-13 6-6 13-19 10-10 11-15 1-0 3-2 15-12 14-11
2-1 4-3 9-9 5-4 11-11 13-13 6-7 10-10 12-12 1-0 3-2 7-8
9-13 2-1 4-3 10-14 12-16 5-4 13-10 16-12 6-7 8-9 11-15 1-0 3-2 7-8 14-11
9-10 13-14 17-17 10-11 2-1 4-3 5-4 12-13 11-12 6-7 15-16 8-9 1-0 3-2 14-15 7-8
2-1 6-5 4-3 8-7 10-9 5-4 11-10 7-6 9-8 1-0 3-2
2-1 6-5 4-3 8-7 10-9 5-4 7-6 9-8 1-0 3-2
9-10 7-4 13-14 10-11 2-1 15-17 4-6 12-13 8-5 8-9 4-8 1-0 3-2 6-3 14-15 4-7
2-1 6-5 4-3 0-0 8-7 5-4 7-6 9-8 1-0 3-2
2-1 6-5 4-3 0-0 8-7 5-4 9-8 1-0 3-2
8-8 2-1 6-5 4-3 5-4 7-6 1-0 9-11 3-2
4-4 0-0 1-1 6-7 3-3 8-9 5-6 2-2 7-8
0-1 1-5 4-3 5-8 7-10 9-12 10-13 1-7 11-15 1-6 3-2 6-9 8-11
0-1 9-10 10-11 6-5 4-2 11-12 6-7 12-14 8-9 5-3 1-6 7-8
4-4 5-5 0-0 1-1 3-3 2-2 6-6
4-4 5-5 0-0 1-1 3-3 7-6 2-2 6-6
4-4 8-8 5-5 7-7 0-0 9-9 1-1 3-3 2-2 6-6 9-7
8-4 5-8 0-0 1-1 7-3 9-5 3-6 2-2 10-9 6-9
4-4 5-5 0-0 1-1 3-3 2-2
4-4 8-8 5-5 7-7 0-0 1-1 3-3 2-2
8-8 5-5 0-0 1-1 3-3 2-2 6-6
8-8 2-1 6-5 4-3 0-0 9-9 5-4 10-10 7-6 1-0 3-2 11-11
4-4 5-5 6-5 0-0 8-7 1-1 3-3 7-6 9-8 2-2 10-9
4-5 1-1 2-2 0-0
0-0 5-8 1-1 4-5 3-3 2-2
0-0 1-1 4-5 3-3 2-2
0-0 5-8 1-1 4-5 3-3 2-2
4-4 0-0 1-1 5-7 3-3 2-2 6-9
4-4 0-0 1-1 5-7 2-2
4-4 5-5 0-0 1-1 6-7 3-3 2-2
0-1 4-4 8-8 5-5 10-11 7-7 9-9 3-3 2-2 6-6
0-1 11-13 6-8 12-15 8-10 5-7 7-9 4-5 3-3 2-2 9-11 10-12
0-0 9-9 11-13 1-1 6-8 5-7 10-13 8-12 4-5 3-3 5-6 2-2 7-11
0-0 5-8 1-1 5-7 4-5 3-3 5-6 2-2
11-10 6-5 4-3 0-0 8-7 1-1 5-4 13-13 7-6 9-8 10-9 12-11
11-10 6-5 4-3 0-0 8-7 1-1 5-4 13-13 7-6 9-8 10-9 12-11
4-4 5-5 0-0 7-10 1-1 7-9 6-7 3-3 7-8
4-4 0-0 6-8 6-7 3-3 5-6 2-2 6-9
4-4 5-5 0-0 7-10 1-1 7-9 6-7 3-3 7-8
0-0 5-8 1-1 4-5 3-3 2-2
4-4 5-5 0-0 1-1 3-3 5-6 2-2 6-9
4-4 0-0 1-1 6-8 6-7 3-3 5-6 2-2 6-9
4-4 0-0 1-1 6-8 6-7 3-3 5-6 2-2 6-9
4-4 0-0 1-1 7-9 6-7 3-3 5-6 2-2
0-0 1-1 4-5 3-3 2-2
0-0 1-1 4-5 3-3 2-2
0-0 1-1 4-5 3-3 2-2
8-9 2-2 9-11 7-7 18-16 12-6 3-3 15-13 4-4 5-5 14-14 0-0 17-16 1-1 10-10 13-12 6-6 7-8 15-15
4-4 5-5 2-1 7-7 0-0 6-6 3-3 1-0
4-4 5-5 2-1 0-0 6-6 3-3 7-6 1-0
8-4 2-1 0-0 5-3 7-3 9-5 5-6 1-0
3-4 4-3 0-0 1-1 2-2
3-4 0-0 1-1 4-6 5-7 3-3 5-6 2-2 3-5
0-1 2-4 1-2 3-3
0-1 9-10 1-2 3-4 0-0 11-13 12-16 2-3 6-7 4-5 8-9 5-6 10-12 7-8
7-4 9-6 10-7 3-0 11-8 6-3 4-1 8-5 5-2
13-14 3-4 11-13 6-8 4-6 8-10 5-7 2-3 7-9 1-0 9-11 10-12 12-14
2-1 6-5 4-3 8-7 10-9 5-4 11-10 12-10 7-6 9-8 1-0 3-2
0-1 1-2 2-3 0-0
3-4 0-0 1-1 2-3 4-5 2-6 5-6 2-2
0-1 1-2 2-3 0-0
5-5 2-1 7-7 6-6 1-0 3-2
2-1 6-5 4-3 14-11 5-4 13-10 12-9 7-6 1-0 3-2 11-8
2-1 6-5 4-3 5-4 15-10 13-9 7-6 1-0 3-2 16-11 11-8
2-1 6-5 4-3 14-11 5-4 13-10 12-9 7-6 1-0 3-2 11-8
7-4 4-0 1-2 0-0 5-1 6-3 8-5 5-2
4-4 5-5 3-1 0-2 6-6 1-3
4-4 8-8 5-5 2-1 7-7 9-9 6-6 1-0 3-2
3-1 5-3 6-4 4-2 8-6 1-0 7-5 9-7
4-4 8-8 5-5 2-1 7-7 9-9 6-6 10-10 1-0 3-2
4-4 8-8 11-7 5-5 2-1 9-9 6-6 10-10 1-0 3-2
4-4 8-8 5-5 7-7 11-10 0-0 9-9 1-1 10-10 3-3 2-2 6-6
11-10 6-5 0-0 8-7 1-1 5-4 3-3 7-6 9-8 2-2 10-9 12-11
11-10 6-5 0-0 8-7 1-1 5-4 3-3 7-6 13-12 2-2 10-9 12-11
11-10 6-5 0-0 8-7 1-1 5-4 3-3 7-6 9-8 2-2 10-9 12-11
4-4 8-8 5-5 2-1 7-7 4-3 9-9 15-17 6-6 14-16 10-10 12-12 1-0 3-2 11-11
12-7 0-0 1-1 11-6 9-5 3-3 6-10 4-8 2-2 5-9 8-11
12-7 0-0 1-1 11-6 9-5 3-3 6-10 4-8 2-2 5-9 8-11 9-4
12-7 0-0 1-1 11-6 9-5 3-3 6-10 4-8 2-2 5-9 8-11 9-4
11-7 0-0 1-1 7-9 3-3 10-6 6-10 4-8 2-2 5-9 7-11 8-5
11-7 0-0 1-1 7-9 3-3 10-6 6-10 4-8 2-2 5-9 7-11 8-5
2-1 6-5 4-3 5-4 7-6 1-0 3-2
2-1 6-5 4-3 5-4 7-6 1-0 3-2
2-1 6-5 4-3 5-4 7-6 1-0 3-2
17-17 10-11 0-0 1-1 16-17 8-10 12-13 14-16 11-12 6-7 4-5 3-3 15-16 5-6 2-2 9-11 13-15 7-8
0-0 6-1 10-4 2-0 5-1 7-2 10-3 11-5
4-0 8-4 0-0 6-1 2-0 5-1 7-3 7-2
8-4 0-0 2-0 5-1 9-5 8-3 7-2
8-4 0-0 6-1 2-0 5-1 9-5 8-3 7-2
8-4 0-0 6-1 9-6 5-1 10-7 7-3 2-3 9-5
4-0 8-4 0-0 6-1 2-0 5-1 7-3 7-2
1-1 2-1 3-2 0-0
7-5 4-3 0-0 10-8 1-1 6-4 8-6 2-2 3-2 9-7
2-1 4-3 0-0 1-1 5-4 3-2
4-4 14-14 15-14 0-0 9-9 1-1 8-10 13-13 6-7 4-5 3-3 16-15 5-6 17-15 2-2 14-12 12-11 7-8
7-4 0-0 1-1 3-3 2-2 8-5
0-1 1-2 2-3 0-0
0-0 6-1 10-4 2-0 5-1 7-2 10-3 11-5
4-0 8-4 0-0 6-1 2-0 5-1 7-3 7-2
2-1 3-4 0-0 4-5 1-0 5-2
2-1 6-5 4-3 0-0 5-4 7-6 1-0 3-2
0-0 8-7 12-10 1-1 12-15 18-15 6-4 19-16 20-16 3-3 7-6 9-8 17-15 2-2 10-9 16-14 15-12 11-11
20-14 9-8 2-2 10-9 7-4 15-11 18-13 3-3 19-14 11-10 6-4 13-13 16-12 7-6 0-0 8-7 1-1 17-13 7-5
18-17 4-3 5-4 8-6 1-0 7-4 21-18 14-12 9-7 2-1 10-8 19-17 15-13 12-11 3-2 20-18 8-4 17-16 11-9 13-12 16-14
4-0 8-4 0-0 6-1 2-0 5-1 7-3
4-4 2-1 3-3 1-0 3-2
4-4 2-1 3-3 1-0 3-2
4-4 5-8 7-0 4-5 3-3 2-2 1-0 6-9
4-0 8-4 0-0 6-1 2-0 5-1 7-3
8-4 0-0 6-1 2-0 5-1 7-3
0-0 6-1 10-4 2-0 5-1 7-2 10-3 11-5
19-17 0-0 5-8 17-16 1-1 18-16 20-17 15-13 11-12 10-10 4-5 3-3 7-6 16-15 2-2 12-11 9-7 17-14
4-4 14-14 15-14 0-0 9-9 1-1 8-10 13-13 6-7 4-5 3-3 16-15 5-6 17-15 2-2 14-12 12-11 7-8
20-20 8-9 2-2 19-18 9-11 10-12 7-7 18-19 3-3 21-21 14-15 9-10 8-8 17-17 11-13 19-20 13-16 12-14 4-4 5-5 22-21 0-0 1-1 14-20 6-6
7-4 9-6 11-9 10-7 3-0 6-3 4-1 8-5 5-2
7-4 10-8 9-6 3-0 6-3 4-1 8-5 5-2
3-1 12-10 8-6 17-15 13-11 4-2 5-3 14-12 10-8 6-4 15-13 16-15 18-15 20-18 0-0 2-0 11-9 19-16 7-5
7-4 9-6 13-10 10-7 3-0 12-9 14-13 6-3 4-1 8-5 5-2
1-1 2-2 0-0
6-5 0-0 10-8 12-10 1-1 5-4 11-9 3-3 7-6 2-2 9-7 13-11 14-11
0-0 3-1 2-0 6-4 4-2 10-7 8-6 7-5 9-7
12-8 9-6 10-7 3-0 11-8 6-3 4-1 8-5 5-2
12-8 9-6 10-7 3-0 11-8 6-3 4-1 8-5 5-2
8-8 5-5 2-1 7-7 4-3 9-9 11-10 6-6 10-10 1-0 3-2
13-14 2-1 6-5 4-3 7-5 10-9 5-4 11-10 12-13 15-16 8-6 1-0 3-2 9-7 16-17 14-11
8-8 5-5 7-7 4-3 0-0 9-9 6-6 1-0 3-2
16-20 14-16 17-21 2-2 7-7 15-17 18-13 3-3 8-8 10-11 12-14 14-11 4-4 5-5 0-0 9-9 1-1 11-12 6-6 13-15
4-4 2-1 6-5 0-0 3-3 7-6 1-0
9-10 3-4 0-0 1-1 6-7 4-5 8-9 5-6 2-2 7-8
3-4 0-0 1-1 6-7 4-5 5-6 2-2
2-1 4-3 0-0 1-1 3-2
3-4 0-0 1-1 6-8 5-7 7-9 4-5 2-2
3-4 0-0 1-1 6-8 5-7 7-9 4-5 2-2
0-0 1-1 4-5 3-3 5-6 2-2
0-0 1-1 6-7 4-5 3-3 5-6 2-2
7-4 13-11 10-7 3-0 12-9 11-8 6-3 4-1 8-5 5-2
6-5 4-3 0-0 8-7 1-1 5-4 7-6 9-8 2-2 10-9
2-1 6-5 4-3 8-7 5-4 10-10 7-6 9-8 1-0 3-2 11-11
0-0 1-1 6-7 4-5 3-3 8-9 5-6 2-2 7-8
0-1 1-2 3-4 0-0 6-8 4-6 8-10 5-7 2-3 7-9 9-11
0-1 8-8 1-2 5-5 3-4 7-7 0-0 9-9 2-3 10-10 6-6 11-11
0-1 1-2 14-14 3-4 15-14 0-0 9-9 6-8 5-7 13-13 2-3 7-9 4-5 11-12 12-14
0-1 1-2 14-14 18-17 0-0 17-16 6-8 4-6 8-10 5-7 13-13 2-3 7-9 16-15 19-18 9-11 10-12 3-5
0-1 2-4 1-2 6-5 0-0 3-7 4-8 5-9 7-11 8-11
0-1 1-2 0-0 2-3 6-10 4-8 8-12 5-9 7-11 3-5
0-1 1-2 3-4 0-0 2-3 6-7 4-5 8-9 5-6 7-8
3-4 0-0 12-15 1-1 9-12 8-10 10-13 14-16 2-3 6-7 4-5 15-16 11-15 5-6 2-2 13-15 7-8
4-4 8-8 13-14 5-5 2-1 7-7 0-0 9-9 11-13 17-18 14-15 7-9 15-16 1-0 3-2 6-9 16-17
4-4 8-8 5-5 7-7 0-0 1-1 3-3 2-2 6-6
4-4 8-8 5-5 7-7 0-0 1-1 3-3 2-2 6-6
4-4 8-8 5-5 7-7 0-0 1-1 3-3 2-2 6-6
4-4 5-5 7-7 0-0 1-1 3-3 2-2 6-6
4-4 5-5 11-10 0-0 8-7 1-1 3-3 7-6 9-8 2-2 10-9 12-11
0-0 3-1 6-4 4-2 9-8 8-6 5-3 7-5 9-7
4-4 5-5 7-7 0-0 1-1 3-3 2-2 6-6
4-4 5-5 7-7 0-0 1-1 3-3 2-2 6-6
4-4 8-8 5-5 7-7 0-0 1-1 10-10 3-3 2-2 6-6 11-11
4-4 8-8 5-5 7-7 15-14 0-0 9-9 1-1 14-13 3-3 13-12 2-2 6-6 17-15
4-4 0-0 8-7 12-10 1-1 12-9 3-3 7-6 9-8 13-12 2-2 10-9
13-14 10-11 0-0 1-1 6-8 8-10 5-7 7-9 11-12 4-5 3-3 2-2
4-4 8-8 13-14 5-5 7-7 11-10 0-0 1-1 13-13 3-3 2-2 6-6 12-11 14-15
4-4 5-5 0-0 1-1 7-9 10-10 3-3 12-12 2-2 6-6 11-11
8-8 5-5 2-1 7-7 4-3 0-0 11-13 6-6 10-13 11-12 1-0 3-2 10-12
4-4 8-8 5-5 7-7 0-0 9-9 12-15 11-12 10-10 3-3 2-2 6-6
4-4 8-8 5-5 10-11 7-7 0-0 9-9 11-13 1-1 11-12 3-3 2-2 6-6 11-14
0-4 11-10 1-5 10-7 9-5 6-13 3-3 2-2 4-11 8-15 5-12 7-14
2-1 6-5 4-3 0-0 10-8 5-4 12-10 15-14 17-18 14-13 7-6 20-19 1-0 3-2 9-7 13-11 16-17
0-1 8-8 13-14 1-2 3-4 7-7 0-0 14-17 12-13 18-19 16-12 2-3 10-10 4-5 5-6 15-18 11-11
18-17 4-3 5-4 9-8 10-9 1-0 6-5 16-13 14-15 17-17 2-1 11-10 15-16 7-6 12-11 3-2 0-0 8-7 13-12
2-1 6-5 4-3 0-0 8-7 5-4 10-10 7-6 12-12 9-8 1-0 3-2 11-11
4-4 8-8 5-5 7-7 10-9 0-0 11-10 1-1 15-16 3-3 13-12 2-2 6-6 12-11 14-15
4-4 8-8 5-5 7-7 0-0 9-9 1-1 10-10 3-3 2-2 6-6 12-11
4-4 8-8 5-5 7-7 0-0 9-9 1-1 3-3 2-2 6-6
4-4 5-5 7-7 0-0 1-1 3-3 8-9 2-2 6-6
0-0 1-1 6-7 4-5 3-3 8-9 5-6 2-2 7-8
9-3 3-1 2-0 6-4 4-2 11-9 8-6 5-3 7-5 9-7
9-6 10-7 3-0 6-3 4-1 8-5 5-2
7-4 9-6 3-0 6-3 4-1 8-5 5-2
7-4 10-7 3-0 6-3 4-1 8-5 5-2
9-6 10-7 3-0 12-9 11-8 6-3 4-1 8-5 5-2
11-7 6-2 4-0 13-10 5-1 7-3 12-9 10-6 14-12 9-7 13-11
11-7 6-2 4-0 8-4 13-10 5-1 7-3 12-9 9-5 14-12 11-4
7-4 12-10 9-6 10-7 3-0 14-13 9-8 13-12 11-8 6-3 4-1 13-11 5-2
7-4 12-10 9-6 13-11 3-0 14-13 11-5 11-8 6-3 4-1 8-5 5-2
0-1 1-2 3-4 0-0 2-3 4-5 6-6
4-3 5-4 14-13 9-8 10-9 17-18 13-14 6-5 20-19 2-1 11-10 7-6 18-21 3-2 14-14 0-0 8-7 1-1 19-22 16-17 15-15
13-14 2-1 10-8 0-0 11-10 1-1 6-4 4-2 14-15 8-6 5-3 12-11 15-12 9-7
4-4 9-10 16-20 10-11 17-23 13-17 0-0 14-17 1-1 11-12 6-7 3-3 8-9 5-6 15-19 2-2 18-24 7-8
0-1 9-10 1-2 10-11 10-2 0-0 15-17 16-17 13-16 2-3 6-7 4-5 8-9 11-12 5-6 14-13 12-15 7-8
0-1 1-2 0-0 7-10 2-3 6-7 4-5 7-9 5-6
0-1 8-8 10-15 5-5 1-2 16-10 19-14 0-0 9-9 13-20 12-19 2-3 7-9 10-16 20-21 18-12 17-11 11-17
1-2 3-4 0-0 11-13 1-1 2-3 6-7 4-5 8-9 12-14 5-6 9-11 10-12 7-8
4-4 5-5 7-7 0-0 1-1 8-10 10-13 3-3 2-2 6-6 9-11
4-4 5-5 0-0 1-1 3-3 2-2 6-6 7-8
4-4 5-5 7-7 0-0 1-1 3-3 8-9 2-2 6-6
4-4 5-5 7-7 0-0 1-1 3-3 8-9 2-2 6-6
4-4 5-5 7-7 0-0 1-1 3-3 8-9 2-2 6-6
4-4 5-5 0-0 1-1 3-3 2-2 7-8
4-4 5-5 0-0 1-1 3-3 2-2 6-6 7-8
3-4 0-0 12-10 11-13 1-1 9-12 14-15 6-7 4-5 8-9 5-6 2-2 10-12 7-8
26-21 21-16 23-19 31-26 34-31 11-8 27-22 7-4 32-27 16-10 33-29 3-0 15-9 17-11 8-5 28-23 18-12 4-1 20-15 5-2 22-18 29-24 23-17 0-0 10-7 30-25 24-18 25-20
8-8 7-7 4-3 3-1 0-0 5-4 9-9 6-6 10-10 1-0
21-16 11-8 7-4 15-11 3-0 22-19 8-5 16-12 18-15 20-18 4-1 5-2 23-20 0-0 9-6 17-13 2-0 10-7 13-9 6-3
0-1 8-8 1-2 3-4 0-0 2-3 6-7 4-5 5-6
2-1 6-5 4-3 5-4 7-6 1-0 3-2 9-7
2-1 6-5 4-3 8-7 10-8 5-4 7-6 1-0 3-2
6-5 4-3 8-7 1-1 5-4 2-0 7-6 9-8 10-9 3-2
20-17 8-6 1-0 16-13 12-9 21-18 5-3 9-7 17-14 2-1 10-8 13-10 6-4 18-15 3-2 14-11 0-0 19-16 7-5 15-12
5-5 2-1 4-3 6-8 8-10 5-7 14-16 7-9 10-0 5-6 1-0 3-2 10-12
0-1 8-8 1-2 3-4 7-7 0-0 2-3 4-5 6-6
12-11 2-1 6-5 4-3 8-7 10-9 5-4 11-10 7-6 9-8 1-0 3-2
2-1 6-5 4-3 8-7 5-4 7-6 9-8 1-0 3-2
0-1 1-2 3-4 0-0 9-9 14-16 11-11 2-3 6-7 4-5 8-9 10-10 5-6 12-12 13-13 7-8 15-15
2-1 6-5 4-3 8-7 10-9 5-4 11-9 7-6 9-8 1-0 3-2
25-23 21-16 26-24 14-10 7-4 15-11 24-20 3-0 29-25 22-19 8-5 11-7 19-14 16-12 4-1 12-8 20-15 5-2 0-0 9-6 17-13 13-9 6-3 18-14
2-1 6-5 4-3 10-8 12-10 5-4 16-13 11-9 15-13 8-6 1-0 3-2 9-7 13-11 14-12
0-1 1-2 0-0 2-3 6-7 4-5 8-9 5-6 7-8
0-1 9-10 1-2 3-4 0-0 2-3 8-9 5-6 7-8
2-1 6-5 4-3 0-0 8-7 5-4 7-6 9-8 3-2
