12-11 11-10 6-5 4-3 0-0 8-7 1-1 5-4 15-14 17-16 14-13 7-6 16-15 9-8 13-12 10-9 3-2
17-17 16-16 10-8 0-0 12-10 15-14 1-1 5-4 11-9 14-13 3-3 20-19 18-18 8-6 2-2 7-5 9-7 13-11
4-4 12-11 11-10 0-0 1-1 5-4 14-13 3-3 9-8 8-6 2-2 10-9 13-12 7-5 9-7
0-1 4-4 8-8 1-2 5-5 14-14 0-0 9-9 13-13 2-3 10-10 12-12 6-6 11-11
0-1 1-2 3-4 0-0 11-13 15-17 14-16 2-3 6-7 12-14 8-9 5-6 9-11 13-15 10-12 7-8
12-11 17-17 14-14 2-1 6-5 4-3 0-0 10-8 11-10 16-16 19-19 20-21 18-18 13-12 1-0 3-2 9-7 15-15
8-8 3-4 7-7 0-0 9-9 1-1 10-10 4-5 5-6 2-2 11-11
4-4 17-17 5-5 10-9 11-10 0-0 8-7 16-16 1-1 14-13 3-3 9-8 13-12 2-2 6-6 19-18 12-11 15-15
14-8 2-17 7-1 9-3 0-0 12-7 10-4 16-10 15-9 12-6 17-11 18-12 11-5 1-16 3-18 8-2
4-4 8-8 5-5 7-7 0-0 9-9 1-1 13-13 10-10 3-3 12-12 2-2 6-6 11-11
4-4 5-5 7-7 10-8 0-0 1-1 3-3 2-2 6-6
23-22 2-2 11-11 28-27 7-7 24-23 3-3 12-12 29-28 17-17 13-13 25-24 18-18 26-25 4-4 5-5 14-14 22-21 0-0 9-9 1-1 10-10 19-19 27-26 6-6 15-15
1-2 18-23 13-17 0-0 14-18 11-13 4-6 8-10 2-3 7-9 12-14 17-22 16-21 15-19 9-11 10-12 3-5
0-1 3-4 15-17 17-18 8-10 12-13 14-16 6-7 4-5 5-6 7-2 9-11 13-15 10-12
2-1 6-5 4-3 0-0 8-7 5-4 7-6 9-8 10-9 3-2
9-10 3-4 0-0 11-13 1-1 14-16 6-7 4-5 8-9 12-14 5-6 13-15 10-12 7-8
2-1 6-5 4-3 0-0 8-7 5-4 7-6 3-2
9-10 10-11 0-0 1-1 11-12 6-7 3-3 5-6 2-2 5-3 7-8
0-0 11-13 1-1 6-8 8-10 5-7 7-9 4-5 3-3 5-6 2-2 10-12
4-4 9-10 5-5 0-0 5-8 1-1 3-3 2-2 6-6
4-4 5-5 0-0 1-1 3-3 8-9 2-2
0-0 11-13 1-1 6-8 8-10 5-7 7-9 4-5 3-3 2-2 9-11 10-12
0-0 11-13 1-1 6-8 8-10 5-7 7-9 4-5 3-3 2-2 9-11 10-12
4-4 8-8 5-5 7-7 0-0 1-1 3-3 2-2 6-6 7-8
4-4 8-8 5-5 7-7 0-0 1-1 3-3 2-2 6-6
4-4 8-8 5-5 7-7 0-0 9-9 1-1 10-10 3-3 12-12 2-2 6-6 11-11
22-20 21-22 22-17 14-13 8-9 2-2 10-9 15-14 3-3 11-10 7-9 16-15 18-18 12-11 20-21 4-4 5-5 23-23 0-0 17-16 1-1 19-19 13-12 6-6
4-4 8-8 5-5 7-7 0-0 9-9 1-1 3-3 6-6 3-2
4-4 8-8 5-5 7-7 0-0 9-9 1-1 10-10 3-3 2-2 6-6
4-4 8-8 5-5 7-7 0-0 9-9 1-1 10-10 3-3 2-2 6-6 11-11
4-4 8-8 5-5 7-7 0-0 9-9 1-1 10-10 3-3 2-2 6-6
4-4 5-5 0-0 1-1 3-3 2-2 6-6
4-0 8-7 13-10 5-1 1-4 12-9 9-8 3-6 14-12 11-8 2-5
4-4 5-5 7-7 0-0 1-1 3-3 2-2 6-6
4-4 8-8 5-5 2-1 7-7 6-6 10-10 3-3 1-0 11-11
4-4 8-8 5-5 7-7 0-0 1-1 3-3 2-2 6-6
4-4 8-8 5-5 2-1 7-7 9-9 6-6 10-10 3-3 12-12 1-0 11-11
4-4 8-8 5-5 7-7 0-0 1-1 3-3 2-2 6-6
2-1 6-5 4-3 0-0 8-7 5-4 7-6 9-8 1-0 3-2
4-4 8-8 5-5 7-7 0-0 9-9 1-1 10-10 3-3 12-12 2-2 11-11
4-4 8-8 5-5 7-7 0-0 9-9 1-1 3-3 2-2 6-6 11-11
0-1 2-4 1-2 3-6 4-7
2-1 6-5 4-3 0-0 5-4 7-6 1-0 3-2
8-8 4-0 5-5 2-1 7-7 4-3 0-0 6-6 3-2
8-8 4-0 5-5 2-1 7-7 0-0 9-9 1-0 3-2
2-1 6-5 4-3 0-0 8-7 5-4 7-6 1-0 3-2
2-1 6-5 4-3 0-0 8-7 5-4 7-6 3-2
12-11 2-1 6-5 4-3 0-0 8-7 5-4 10-9 11-10 7-6 9-8 1-0 3-2
2-1 6-5 4-3 0-0 5-4 7-6 1-0 3-2
2-1 6-5 4-3 0-0 5-4 7-6 3-2
4-4 9-10 10-11 0-0 1-1 12-13 11-12 6-7 3-3 5-6 2-2
4-4 9-10 13-14 10-11 0-0 1-1 12-13 2-3 6-7 11-12 3-3 8-9 5-6 2-2 7-8
2-1 6-5 4-3 0-0 8-7 5-4 7-6 1-0 3-2
2-1 6-5 4-3 0-0 8-7 5-4 7-6 3-2
2-1 6-5 4-3 0-0 5-4 7-6 1-0 3-2
4-4 8-8 5-5 7-7 0-0 9-9 1-1 10-10 3-3 2-2 6-6 11-11
4-4 8-8 5-5 14-14 7-7 0-0 9-9 1-1 13-13 10-10 3-3 2-2 6-6 11-11 15-15
8-8 5-5 14-14 7-7 11-10 0-0 9-9 1-1 13-13 3-3 12-12 2-2 6-6
4-4 8-8 5-5 0-0 1-1 11-12 10-10 3-3 12-12 2-2 6-6 11-11
4-4 8-8 5-5 14-14 7-7 16-16 0-0 9-9 18-17 1-1 10-10 3-3 13-12 2-2 6-6 15-15
12-13 2-2 17-18 13-14 7-7 18-19 3-3 14-15 8-8 19-20 15-16 4-4 5-5 0-0 9-9 1-1 11-12 6-6 16-17
18-17 2-2 11-11 7-7 16-16 3-3 8-8 4-4 21-20 5-5 14-14 22-21 0-0 9-9 1-1 10-10 13-12 6-6 15-15
4-4 8-8 5-5 14-14 7-7 0-0 9-9 17-16 1-1 20-20 10-10 19-19 3-3 12-12 18-18 2-2 6-6 11-11
4-4 8-8 5-5 7-7 0-0 9-9 1-1 12-13 10-10 3-3 12-12 2-2 6-6 11-11
4-4 8-8 5-5 14-14 7-7 0-0 9-9 1-1 13-13 10-10 3-3 12-12 2-2 6-6 14-15 11-11
4-4 8-8 5-5 14-14 7-7 0-0 9-9 1-1 13-13 10-10 15-16 3-3 12-12 2-2 6-6 11-11 15-15
4-4 8-8 17-17 5-5 7-7 16-16 0-0 9-9 1-1 10-10 14-13 3-3 12-12 2-2 6-6 11-11 15-15
4-3 12-10 5-4 21-25 22-26 9-8 17-15 10-9 11-17 6-5 12-18 19-23 15-13 13-19 7-6 3-2 14-11 20-24 0-0 8-7 1-1 16-14
9-8 2-2 10-9 19-21 15-17 18-19 3-3 20-22 23-24 13-10 15-13 7-6 16-18 21-23 12-14 4-4 5-5 0-0 8-7 1-1
7-5 4-3 0-0 8-7 1-1 5-4 15-13 9-8 10-9 3-2 13-11 14-12
12-11 11-10 6-5 4-3 0-0 8-7 1-1 5-4 14-13 7-6 9-8 13-12 10-9 3-2
8-8 13-14 3-4 0-0 9-9 1-1 18-19 6-7 4-5 10-10 15-16 5-6 2-2 17-18 14-15 16-17 20-21
0-0 11-13 1-1 14-16 6-7 4-5 3-3 12-14 5-6 2-2 13-15 7-8
18-23 4-3 14-13 8-6 5-19 17-21 2-2 19-24 3-3 9-7 10-8 6-4 16-18 12-11 0-0 1-1 11-9 13-12 7-5
3-4 0-0 3-1 12-15 6-8 9-12 5-7 10-13 7-9 4-5 2-2 11-14
9-10 10-11 3-4 0-0 1-1 5-7 11-12 4-5 8-9 2-2 7-8
0-1 1-2 0-0 5-8 11-13 8-10 6-4 2-3 7-9 9-11 10-12 4-7
3-4 0-0 11-13 1-1 6-8 8-10 5-7 2-3 7-9 4-5 2-2 9-11 10-12
3-4 0-0 11-13 1-1 6-8 8-10 5-7 2-3 7-9 4-5 2-2 9-11 10-12 12-14
8-8 5-5 7-7 0-0 9-9 1-1 3-3 2-2 6-6
4-4 17-20 0-0 19-23 16-19 1-1 14-16 12-14 3-3 8-9 6-10 2-2 6-6 5-9 13-15 15-18 7-8
4-4 5-5 7-7 0-0 1-1 3-3 2-2 6-6
9-10 13-14 10-11 8-4 0-0 1-1 15-17 12-13 14-16 11-12 3-3 8-9 2-2 6-6 13-15 7-8
4-4 8-8 9-10 5-5 7-7 0-0 1-1 4-5 3-3 8-9 2-2 6-6
4-4 8-8 5-5 7-7 0-0 9-9 1-1 10-10 3-3 2-2 6-6
8-8 5-5 7-7 0-0 9-9 12-13 10-10 3-3 12-12 2-2 6-6 11-11
4-4 5-5 7-7 0-0 1-1 9-12 7-9 3-3 2-2 6-6 10-12 8-11 9-4
4-4 5-5 7-7 0-0 1-1 3-3 2-2 6-6
4-4 8-8 5-5 7-7 0-0 9-9 11-13 1-1 12-10 13-16 14-17 16-19 3-3 2-2 6-6 15-18 12-14
4-4 5-5 7-7 0-0 1-1 3-3 2-2 6-6
4-4 5-5 0-0 1-1 3-3 2-2 6-6
7-7 0-0 1-1 3-3 2-2 6-6
0-1 4-4 8-8 5-5 9-10 7-7 10-11 0-0 3-3 2-2 6-6
7-4 5-5 10-8 4-3 0-0 1-1 6-7 8-6 3-2
4-4 5-5 7-7 0-0 1-1 3-3 12-12 2-2 6-6 11-11
4-4 11-10 6-5 0-0 1-1 3-3 12-12 9-8 2-2 10-9 11-11
4-4 11-10 6-5 0-0 12-10 16-13 1-1 13-10 3-3 7-6 9-8 17-15 2-2 10-9 15-12 14-11
6-5 4-3 0-0 1-1 13-13 7-6 12-12 2-2 10-9 11-11
18-17 6-5 4-3 0-0 8-7 1-1 5-4 13-10 16-13 17-16 12-9 7-6 9-8 2-2 15-12 14-11
4-4 8-8 5-5 7-7 0-0 12-10 1-1 11-9 14-13 3-3 2-2 6-6 13-11
7-4 4-3 0-0 12-10 1-1 9-6 11-9 6-4 13-11 15-13 2-2 14-12 8-5
4-4 8-8 5-5 10-11 7-7 15-14 0-0 9-9 1-1 12-13 13-13 11-12 14-13 3-3 16-15 2-2 6-6
13-14 14-14 6-5 4-3 0-0 8-7 1-1 5-4 9-9 12-13 15-14 17-16 11-12 10-10 7-6 16-15 2-2
7-4 11-10 0-0 1-1 4-6 5-7 3-3 9-8 13-12 2-2 10-9 8-5 12-14
2-1 7-5 0-0 1-1 6-4 4-2 8-9 5-3 3-2 9-7
4-4 8-8 5-5 7-7 10-9 0-0 1-1 3-3 2-2 6-6 9-11
4-4 8-8 5-5 7-7 11-10 0-0 9-9 1-1 3-3 2-2 6-6
9-10 3-4 4-3 0-0 1-1 11-11 6-7 8-9 5-6 2-2 13-5 13-11 7-8
4-10 11-7 9-3 0-0 1-1 6-4 10-6 8-6 2-2 5-3 7-5 12-8
2-1 7-5 0-0 1-1 6-4 4-2 8-6 5-3 3-2 9-7
4-4 5-5 0-0 12-10 1-1 11-9 3-3 2-2 6-6 9-7
8-8 0-0 9-9 1-1 13-13 10-10 3-3 12-12 2-2 6-6 11-11
4-4 8-8 5-5 7-7 0-0 9-9 1-1 10-10 3-3 2-2 6-6 11-11
4-4 8-8 5-5 7-7 0-0 9-9 1-1 10-10 3-3 2-2 6-6 9-11
4-4 8-8 13-14 5-5 10-11 7-7 0-0 9-9 14-17 1-1 12-13 11-12 3-3 2-2 6-6
4-4 9-10 10-11 0-0 1-1 6-7 3-3 8-9 5-6 2-2 7-8
4-4 8-8 5-5 7-7 0-0 9-9 1-1 3-3 2-2 6-6
8-8 7-7 0-0 9-9 1-1 10-10 3-3 2-2 6-6 11-11
4-4 8-8 9-10 5-5 7-7 0-0 1-1 6-8 3-3 2-2
4-4 8-8 5-5 14-14 7-7 19-17 0-0 9-9 1-1 18-16 13-13 10-10 3-3 12-12 2-2 6-6 11-11 15-15
4-4 8-8 17-17 5-5 10-11 7-7 16-16 0-0 9-9 1-1 12-13 11-12 19-19 3-3 18-18 2-2 6-6 15-15
4-4 8-8 9-10 5-5 10-11 7-7 0-0 11-13 1-1 11-12 3-3 2-2 6-6
4-4 8-8 9-10 5-5 10-11 7-7 0-0 11-13 1-1 11-12 3-3 2-2 6-6
4-3 0-0 1-1 6-8 8-10 7-9 2-2 9-11 10-12
4-4 8-8 9-10 10-11 7-7 0-0 1-1 15-17 12-13 17-18 14-16 11-12 13-15 3-3 2-2 6-6 7-5
4-4 5-5 0-0 1-1 3-3 2-2 6-6
5-5 7-7 0-0 1-1 6-4 3-3 8-9 2-2 6-6 9-11 10-12
4-3 5-4 20-23 21-25 8-9 22-26 2-2 10-12 30-33 26-29 29-34 9-10 23-27 17-20 27-30 11-13 30-35 6-7 15-16 24-28 18-21 12-14 6-22 0-0 1-1 27-32 7-8 13-15 16-17
4-4 8-8 5-5 7-7 0-0 9-9 1-1 3-3 2-2
2-4 5-8 0-0 7-10 9-12 3-6 6-9 4-7 8-11
4-4 5-5 7-7 10-9 0-0 11-10 15-14 1-1 17-16 14-13 3-3 16-15 13-12 2-2 6-6 12-11
4-4 8-8 5-5 10-11 7-7 16-16 0-0 9-9 11-13 1-1 3-3 2-2 6-6 13-15 12-14
12-11 11-10 6-5 4-3 0-0 8-7 1-1 5-4 7-6 9-8 10-9 3-2
20-20 2-2 17-18 11-11 7-7 3-3 12-12 8-8 13-13 15-16 18-15 4-4 5-5 14-14 0-0 9-9 1-1 10-10 19-19 6-6 16-17
20-20 2-2 17-18 11-11 7-7 3-3 12-12 8-8 13-13 15-16 18-15 4-4 5-5 14-14 0-0 9-9 1-1 10-10 19-19 6-6 16-17
4-4 8-8 13-14 7-7 0-0 9-9 1-1 12-13 11-12 10-10 3-3 2-2 6-6 15-15
4-4 5-5 0-0 1-1 3-3 2-2 6-6
4-4 0-0 5-8 1-1 3-3 2-2 7-8
4-4 8-8 5-5 7-7 0-0 1-1 3-3 2-2 6-6
14-14 18-17 7-7 11-10 0-0 3-1 16-16 6-4 4-2 9-8 13-12 10-9 12-11 8-5 15-15
4-4 5-5 7-7 0-0 1-1 3-3 2-2 6-9
18-20 21-22 2-2 19-21 11-11 7-7 3-3 14-15 8-8 12-14 4-4 5-5 0-0 9-9 1-1 17-19 10-10 13-12 6-6 16-17
4-4 12-7 14-11 0-0 1-1 13-10 11-9 9-5 6-13 3-3 10-6 2-2 8-15 5-12 7-14
4-4 8-8 13-14 5-5 7-7 10-9 0-0 1-1 12-13 11-12 3-3 2-2 6-6 9-11
10-8 12-10 1-1 11-9 6-4 3-3 8-6 2-2 14-12 7-5 9-7 13-11
4-4 9-10 5-5 10-11 7-7 0-0 1-1 3-3 8-9 2-2 6-6
5-5 0-0 11-13 1-1 6-8 3-3 7-6 8-9 2-2 9-11 10-12
0-0 11-13 1-1 4-6 5-4 6-7 3-3 8-9 2-2 9-11 10-12
5-5 0-0 11-13 1-1 6-8 3-3 7-6 8-9 2-2 9-11 10-12
0-0 11-13 1-1 4-6 5-4 6-7 3-3 8-9 2-2 9-11 10-12
4-4 9-10 5-5 10-11 7-7 0-0 1-1 3-3 8-9 2-2 6-6
4-4 9-10 5-5 10-11 7-7 0-0 1-1 16-17 14-16 11-12 3-3 8-9 2-2 6-6 13-15 12-14
5-5 0-0 11-13 1-1 6-8 3-3 7-6 8-9 2-2 9-11 10-12
17-20 0-0 11-13 1-1 4-6 5-4 16-19 14-16 15-18 6-7 3-3 8-9 2-2 9-11 13-15 10-12 12-14
8-8 10-11 12-7 2-1 6-5 4-3 0-0 9-9 1-1 5-4 17-18 13-13 11-12 15-16 7-6 3-2 14-15 16-17
4-4 8-8 5-5 7-7 0-0 9-9 1-1 3-3 2-2 6-6
4-4 9-10 5-5 10-11 7-7 0-0 1-1 3-3 8-9 12-12 2-2 6-6
4-4 5-5 0-0 1-1 3-3 2-2 6-6
4-4 5-5 0-0 1-1 3-3 2-2 6-6
4-4 8-8 5-5 7-7 0-0 9-9 1-1 10-10 3-3 12-12 2-2 6-6 11-11
4-4 8-8 5-5 7-7 0-0 9-9 1-1 10-10 3-3 12-12 2-2 6-6 11-11
4-4 8-8 5-5 7-7 0-0 9-9 1-1 10-10 3-3 12-12 2-2 6-6 11-11
4-4 5-5 0-0 1-1 3-3 2-2 6-6
4-4 5-5 0-0 1-1 3-3 2-2 6-6 7-8
4-4 8-8 5-5 7-7 0-0 9-9 1-1 3-3 2-2 6-6
4-4 8-8 5-5 7-7 0-0 1-1 3-3 2-2 6-6
20-20 2-2 11-11 7-7 16-16 3-3 12-12 8-8 17-17 18-18 4-4 5-5 0-0 9-9 1-1 10-10 19-19 6-6 15-15
2-2 17-18 11-11 7-7 3-3 12-12 8-8 13-13 15-16 4-4 5-5 14-14 0-0 9-9 1-1 10-10 6-6 16-14 16-17
6-5 4-3 0-0 8-7 1-1 5-4 7-6 9-8 2-2
4-4 5-5 0-0 1-1 3-3 2-2 6-6
4-4 5-5 0-0 1-1 3-3 2-2 6-6
4-4 5-5 7-7 0-0 1-1 3-3 2-2 6-6
13-17 0-0 10-14 12-16 1-1 14-18 8-3 11-15 6-10 4-8 2-2 13-12 5-9 7-11 9-4
10-5 16-20 13-17 0-0 14-18 11-13 1-1 8-3 6-10 4-8 2-2 15-19 5-9 7-11 12-14 9-4
4-4 5-15 0-0 10-14 7-10 1-1 9-12 3-3 6-16 2-2 12-18 6-9 8-11 11-17
2-1 6-5 4-3 0-0 5-4 7-6 3-2
5-5 4-3 0-0 11-13 1-1 12-15 8-10 13-16 7-9 2-2 6-6 9-11 10-12
4-4 8-8 5-5 7-7 0-0 9-9 1-1 6-6 2-2 5-3
4-4 5-5 0-0 1-1 3-3 2-2
4-4 5-5 0-0 1-1 3-3 2-2 6-6 7-8
7-4 8-8 5-5 7-7 0-0 1-1 3-3 2-2 6-6
4-4 1-2 0-0 1-1 3-3 2-2
4-4 8-8 5-5 7-7 11-10 0-0 9-9 1-1 3-3 2-2 6-6 12-11
4-4 9-10 5-5 10-11 0-0 1-1 6-7 3-3 2-2
4-4 8-8 9-10 5-5 10-11 7-7 0-0 9-9 1-1 3-3 2-2 6-6
4-4 8-8 7-7 6-5 0-0 9-9 1-1 3-3 12-12 5-6 2-2 11-11
4-4 8-8 7-7 0-0 1-1 3-3 2-2
4-4 8-8 5-5 7-7 0-0 1-1 3-3 2-2
7-7 0-0 1-1 3-3 4-8 2-2
4-4 8-8 13-14 5-5 7-7 16-16 0-0 9-9 1-1 12-13 10-10 3-3 2-2 6-6 14-15 11-11
0-1 15-5 2-4 3-2 6-13 7-15 4-11 1-3 5-12
0-1 6-12 10-5 4-9 7-13 11-6 5-10 3-2 1-3 9-4
0-1 4-10 10-5 5-11 9-4 11-6 6-13 3-2 1-3 7-14
0-1 4-10 10-5 13-8 5-11 12-7 9-4 11-6 6-13 14-9 3-2 1-3 7-14
4-4 5-5 7-7 0-0 1-1 3-3 2-2 6-6
4-4 5-5 0-0 8-7 1-1 3-3 9-8 2-2 6-6
4-4 9-10 5-5 10-11 0-0 1-1 3-3 8-9 2-2 6-6 7-8
4-4 8-8 5-5 7-7 0-0 1-1 3-3 2-2 6-6
7-4 2-1 11-10 4-3 0-0 8-7 1-1 5-4 6-4 9-8 10-9 3-2
10-8 0-0 3-1 12-10 11-9 6-4 4-2 5-3 9-7
4-4 8-8 5-5 0-0 9-9 1-1 10-10 3-3 2-2 11-11
4-4 8-8 5-5 7-7 0-0 9-9 1-1 10-10 3-3 2-2 6-6 11-11
5-5 7-1 9-3 1-11 10-4 0-9 3-13 2-12 6-0 8-2
4-4 8-8 5-5 7-7 0-0 9-9 1-1 13-13 10-10 15-16 3-3 12-12 2-2 6-6 16-14 14-15 11-11
9-10 13-14 10-11 0-0 1-1 12-13 11-12 6-7 4-5 3-3 8-9 5-6 2-2 14-15 7-8
4-4 5-5 7-7 0-0 1-1 3-3 2-2 6-6
4-4 8-8 5-5 14-14 7-7 0-0 1-1 13-13 15-16 3-3 12-12 2-2 6-6 11-11 15-15
4-4 5-5 7-7 0-0 9-9 1-1 13-13 10-10 15-16 3-3 12-12 2-2 6-6 14-15 11-11
4-4 10-15 5-5 0-0 1-1 8-13 3-3 7-12 9-14 2-2 6-6
4-4 8-8 9-10 5-5 10-11 7-7 0-0 9-9 1-1 3-3 2-2 6-6
4-4 8-8 7-7 0-0 1-1 3-3 2-2 6-6
4-4 5-5 7-7 0-0 1-1 3-3 2-2 6-6
4-4 8-8 9-10 5-5 7-7 0-0 1-1 3-3 8-9 2-2 6-6
4-4 9-10 10-11 0-0 1-1 12-13 11-12 6-7 4-5 3-3 8-9 5-6 2-2 7-8
2-1 0-0 1-1 6-4 4-2 5-3 3-2
2-1 6-5 4-3 0-0 8-7 1-1 5-4 7-6 3-2
2-1 6-5 4-3 0-0 8-7 5-4 7-6 9-8 1-0 3-2
4-4 5-5 7-7 10-8 0-0 1-1 12-13 11-12 3-3 2-2 6-6 9-11
4-4 8-8 5-5 7-7 0-0 9-9 1-1 12-13 11-12 10-10 15-16 3-3 2-2 6-6 16-17
15-21 12-13 2-2 17-18 11-11 13-14 7-7 16-19 18-19 3-3 20-22 14-15 8-8 19-20 20-21 4-4 5-5 0-0 9-9 1-1 10-10 6-6
4-4 13-14 5-5 7-7 9-9 1-1 12-13 11-12 10-10 15-16 3-3 2-2 6-6 0-8 14-15 16-17
10-9 11-10 0-0 8-7 1-1 9-8 2-2 6-6 6-3
4-0 10-8 0-0 12-10 1-1 5-4 11-9 8-6 2-2 7-5 9-7
6-5 8-7 1-1 5-4 7-6 9-8 2-2 10-9
4-4 9-10 5-5 10-11 7-7 10-8 0-0 11-10 1-1 11-12 3-3 8-9 2-2 6-6 11-11
4-4 7-7 0-0 1-1 5-7 3-3 8-9 2-2 6-6 9-11 10-12
9-10 13-14 5-5 10-11 12-10 1-1 13-13 11-12 3-3 8-6 2-2 6-6
9-10 8-8 13-14 10-11 7-7 0-0 9-9 12-10 1-1 5-4 6-4 13-13 11-12 3-3 2-2
4-4 8-8 13-14 5-5 7-7 0-0 1-1 12-13 2-3 10-10 11-12 3-3 2-2 6-6 15-15
0-0 1-1 4-6 6-8 8-10 5-7 7-9 12-14 2-2 9-11 10-12 11-4 3-5
2-1 6-5 4-3 0-0 5-4 7-6 3-2
4-4 8-8 5-5 7-7 11-10 0-0 9-9 1-1 3-3 2-2 6-6 15-12 14-11
4-4 8-8 5-5 7-7 0-0 1-1 18-15 19-16 10-10 14-13 3-3 12-12 2-2 6-6 17-14 11-11
4-4 8-8 5-5 7-7 0-0 9-9 16-13 1-1 10-10 3-3 2-2 6-6 12-11 15-12
4-4 8-8 5-5 7-7 0-0 9-9 16-13 1-1 18-15 10-10 3-3 13-12 2-2 6-6 17-14 11-11
4-4 5-5 0-0 1-1 6-7 3-3 8-9 5-6 2-2 7-8
4-4 8-8 13-14 5-5 10-11 7-7 0-0 9-9 1-1 12-13 11-12 10-10 15-16 3-3 2-2 6-6 15-15
4-4 9-10 5-5 7-7 10-8 0-0 1-1 11-12 3-3 8-9 2-2 6-6
4-4 8-8 5-5 0-0 9-9 1-1 12-13 10-10 3-3 2-2 6-6 2-5 11-11
4-4 8-8 5-5 7-7 0-0 1-1 12-13 14-16 3-3 2-2 6-6 9-11 13-15
8-8 5-5 7-7 0-0 9-9 1-1 12-13 11-12 10-10 3-3 2-2 6-6
11-10 6-5 4-3 0-0 8-7 1-1 5-4 7-6 9-8 2-2 10-9 3-2
7-4 0-0 2-0 5-1 6-3 8-5
7-4 0-0 4-6 2-0 5-1 6-3 8-5
8-8 5-5 7-7 0-0 9-9 10-14 1-1 11-12 3-3 2-2 6-6
4-4 8-8 5-5 7-7 0-0 9-9 10-14 1-1 11-12 3-3 2-2 6-6
3-4 0-0 1-1 7-3 2-3 4-5 5-6 2-2
3-4 0-0 1-1 7-3 2-3 4-5 5-6 2-2
3-4 0-0 1-1 7-3 2-3 6-7 4-5 5-6 2-2
4-4 8-8 5-5 14-14 7-7 9-9 1-1 16-17 13-13 10-10 15-16 3-3 12-12 17-15 2-2 6-6 11-11
2-2 11-11 7-7 15-14 3-3 12-12 8-8 17-17 13-13 16-15 18-18 4-4 5-5 0-0 9-9 1-1 19-16 10-10 6-6
13-14 10-11 0-0 4-9 1-1 12-13 6-4 11-12 5-10 8-6 2-2 7-5 9-7
2-1 6-5 4-3 0-0 5-4 7-6 3-2
5-5 7-7 0-0 1-1 3-3 8-9 2-2 6-6 9-11 10-12
4-4 5-5 7-7 0-0 1-1 3-3 8-9 2-2 6-6 7-8
4-4 5-5 10-11 0-0 1-1 3-3 10-6 2-2 7-5
4-4 9-10 5-5 10-11 0-0 1-1 12-13 11-12 3-3 8-9 2-2 6-6 7-5 7-8
4-4 9-10 5-5 10-11 7-15 0-0 14-17 1-1 13-16 3-3 8-9 2-2 6-6
4-4 5-5 0-0 14-17 1-1 13-16 9-15 11-12 3-3 2-2 6-6
4-4 5-5 0-0 9-9 11-13 1-1 10-10 3-3 7-12 2-2 6-6 12-14
4-4 9-10 5-5 10-11 0-0 6-11 12-15 1-1 7-13 3-3 8-9 2-2 6-6 11-14 7-8
2-1 6-5 4-3 0-0 8-7 1-1 5-4 7-6 3-2
17-15 8-12 2-2 17-18 11-8 7-7 16-16 12-9 3-3 17-17 9-13 13-10 18-18 4-4 5-5 0-0 1-1 6-6 15-15
12-13 8-9 2-2 17-18 13-14 18-19 4-5 3-3 5-6 14-15 9-10 10-11 6-7 15-16 0-0 17-16 1-1 17-19 7-8 16-17
9-10 0-0 1-1 6-7 3-3 8-9 2-2 9-11 2-5 7-8
3-4 0-0 1-1 4-6 6-8 8-10 5-7 2-3 7-9 3-3 9-11
9-10 0-0 1-1 6-7 3-3 8-9 2-2 9-11 2-5 7-8
4-4 0-0 1-1 12-14 3-3 8-9 6-6 9-11 10-12 7-8
4-4 5-5 0-0 11-13 1-1 6-7 3-3 8-9 6-6 9-11 10-12 7-8
5-5 0-0 1-1 8-10 6-7 3-6 2-2 9-11 7-8
4-4 13-14 5-5 0-0 11-13 1-1 6-7 3-3 8-9 2-2 9-11 10-12 7-8
0-1 1-2 3-4 8-10 10-13 14-16 2-3 6-7 4-5 7-9 5-6 12-15 9-11 11-14
0-1 1-2 3-4 6-8 5-7 2-3 7-9 4-5 5-6 8-11
0-0 7-10 1-1 4-6 5-7 3-3 2-2 6-9
4-4 5-5 7-7 0-0 1-1 8-10 10-13 3-3 2-2 6-6 9-11 10-12
4-4 8-8 0-0 1-1 6-8 7-9 3-3 3-6 2-2 8-11
4-4 2-4 0-0 7-10 1-1 6-8 5-7 6-9 3-5
4-4 0-0 1-1 3-3 2-2
7-4 0-0 3-7 2-6 6-3 4-1 5-2
1-2 3-4 0-0 2-3 6-7 4-5 5-6 7-8
3-1 2-2 0-0
0-1 1-2 3-4 0-0 2-3 4-5 5-6
1-2 3-4 0-0 2-3 6-7 4-5 5-6
0-1 1-2 3-4 0-0 2-3 6-7 4-5 5-6 7-8
4-3 0-0 8-7 1-1 5-4 7-6 9-8 10-9 3-2
1-2 3-4 0-0 2-3 6-7 4-5 5-6
1-2 3-4 0-0 2-3 6-7 4-5 5-6
1-2 3-4 0-0 8-10 2-3 6-7 4-5 5-6 10-12 9-11 9-7 7-8
0-1 1-2 3-4 0-0 2-3 6-7 4-5 5-6 7-8
0-1 1-2 3-4 0-0 2-3 6-7 4-5 8-9 5-6 7-8
1-2 3-4 0-0 2-3 6-7 5-6 7-8
4-4 5-5 7-1 0-0 3-3 2-2 6-6
4-4 9-10 13-14 5-5 1-2 7-7 10-11 0-0 12-9 2-3 11-12 8-9 6-6 12-11
0-1 1-2 3-4 0-0 2-3 6-7 4-5 5-6
0-1 1-2 3-4 0-0 2-3 6-7 4-5 5-6 7-8
0-1 1-2 3-4 0-0 2-3 6-7 4-5 5-6 7-8
1-2 3-4 0-0 2-3 6-7 4-5 5-6 7-8
9-10 1-2 3-4 0-0 2-3 6-7 4-5 8-9 5-6 7-8
0-1 1-2 3-4 0-0 2-3 6-7 4-5 7-9 8-9 5-6 7-8
4-3 5-4 9-8 2-2 10-9 17-18 16-16 6-5 18-19 11-10 19-20 7-6 12-11 14-14 0-0 8-7 1-1 13-12 15-15
6-5 4-3 0-0 8-7 1-1 5-4 10-10 7-6 9-8 2-2 10-9 11-11
4-4 8-8 13-14 5-5 17-17 7-7 0-0 9-9 1-1 10-10 15-16 3-3 12-12 2-2 6-6 14-15 11-11
2-4 16-20 0-0 14-18 1-1 4-6 6-8 8-10 5-7 13-16 7-9 12-14 15-19 12-15 9-11 10-12 3-5
1-2 0-0 6-8 4-6 5-7 7-9 3-5
2-1 4-3 0-0 1-1 3-2
4-4 8-8 5-5 14-14 7-7 16-16 0-0 9-9 1-1 13-13 10-10 3-3 12-12 2-2 6-6 11-11 15-15
12-11 2-1 6-5 4-3 0-0 8-7 5-4 10-9 11-10 7-6 9-8 13-12 1-0 3-2
7-4 11-10 0-0 8-7 1-1 4-5 5-6 9-8 2-2 10-9 12-11 6-3 8-5
7-4 11-10 0-0 1-1 6-7 3-3 5-6 9-8 2-2 10-9 12-11 8-5
3-8 8-4 0-0 4-9 6-11 1-1 9-12 12-15 10-13 7-3 9-5 5-10 2-2 11-14
3-8 8-4 0-0 4-9 6-11 1-1 9-12 12-15 13-16 10-13 7-3 5-10 2-2 11-14
18-20 4-9 5-10 2-2 11-14 19-21 6-11 12-15 20-22 14-18 13-16 7-3 15-19 21-23 3-8 8-4 0-0 1-1 9-12 10-13
7-4 0-0 14-17 11-13 1-1 9-11 8-10 13-16 18-19 19-20 4-8 2-2 5-9 17-18 6-3 10-12 12-14 20-21
4-4 5-5 7-7 0-0 1-1 3-3 8-9 2-2 6-6 9-11 10-12
6-5 0-0 8-7 1-1 5-4 3-3 7-6 9-8 2-2 10-9
4-4 5-5 10-9 11-10 0-0 8-7 1-1 13-16 13-13 13-15 3-3 9-8 2-2 6-6 12-11 12-14
4-3 5-4 20-20 14-13 9-8 2-2 10-9 6-5 15-14 21-21 22-22 17-17 11-10 7-6 16-15 18-18 12-11 3-2 0-0 8-7 1-1 19-19 13-12
20-23 2-2 11-14 7-10 16-19 12-15 3-6 6-9 8-11 17-20 13-16 18-21 4-7 0-0 5-8 14-17 1-1 9-12 10-13 19-22 15-18
4-4 17-17 5-5 14-14 16-16 0-0 9-9 1-1 6-4 13-13 10-10 3-3 12-12 2-2 11-11 15-15
4-4 9-10 5-5 7-7 0-0 1-1 3-3 8-9 2-2 6-6
4-4 5-5 0-0 1-1 3-3 2-2 6-6
5-5 2-1 4-3 0-0 14-17 8-10 13-16 10-13 6-7 12-15 9-11 3-2 11-14 7-8
8-8 13-14 2-1 4-3 0-0 8-7 5-4 16-17 12-13 10-10 15-16 7-6 12-12 3-2 14-15 11-11
0-1 1-2 3-4 0-0 11-13 16-19 13-16 2-3 6-7 4-5 8-9 12-14 5-6 10-12 12-15 15-18 9-7 7-8
0-1 1-2 3-4 0-0 14-17 11-13 2-3 6-7 4-5 15-18 5-6 12-15 9-11 10-12 7-8
2-1 6-5 4-3 0-0 8-7 5-4 12-13 10-10 7-6 12-12 9-8 3-2 11-11
3-1 2-2 0-0
9-10 10-11 2-1 6-5 4-3 0-0 11-13 7-6 8-6 3-2 12-14
8-8 3-4 12-16 9-12 10-13 11-12 6-7 4-5 5-6 12-15 1-0 7-8
8-8 13-14 5-5 7-7 11-10 4-3 3-1 0-0 1-1 9-9 12-13 15-14 15-17 10-10 2-2 6-6 14-15
2-1 6-5 0-0 4-3 1-1 5-4 1-0 3-2
4-4 9-10 5-5 0-0 11-13 1-1 6-7 10-10 3-3 8-9 12-14 2-2 6-6 13-15 7-8
8-8 0-0 9-9 11-9 4-2 11-12 10-10 7-6 1-0 2-5
8-8 5-5 7-7 0-0 1-1 3-3 2-2 6-6
3-1 2-2 0-0
4-4 5-5 9-13 7-7 0-0 10-14 12-16 1-1 8-12 3-3 11-15 2-2 6-6
4-4 8-8 13-14 5-5 7-7 0-0 9-9 1-1 12-13 11-12 15-16 3-3 2-2 6-6 14-15
14-14 8-4 16-16 0-0 1-1 4-6 6-8 5-7 9-5 3-3 2-2 15-15
4-4 5-5 0-0 1-1 3-3 2-2 6-6
4-4 8-8 5-5 7-7 0-0 9-9 1-1 10-10 3-3 2-2 6-6
4-4 8-8 5-5 7-7 0-0 9-9 1-1 10-10 3-3 2-2 6-6
3-1 2-2 0-0
3-3 2-2 4-1 0-0
4-4 8-8 5-5 7-7 0-0 9-9 1-1 10-10 3-3 2-2 6-6
4-4 8-8 5-5 7-7 0-0 9-9 1-1 10-10 3-3 2-2 6-6
4-4 8-8 5-5 7-7 0-0 9-9 1-1 10-10 3-3 2-2 6-6
3-3 2-2 4-1 0-0
4-4 8-8 5-5 7-7 0-0 9-9 1-1 10-10 3-3 12-12 2-2 6-6 11-11
4-4 8-8 5-5 7-7 0-0 9-9 1-1 11-12 10-10 3-3 2-2 6-6
4-4 8-8 5-5 7-7 0-0 9-9 1-1 10-10 3-3 2-2 6-6 11-11
4-4 8-8 5-5 7-7 0-0 9-9 1-1 10-10 3-3 2-2 6-6
4-4 5-5 0-0 1-1 3-3 2-2
4-4 9-10 5-5 10-11 0-0 1-1 9-6 10-7 3-3 2-2 7-8
0-0 3-1 6-4 4-2 7-5
4-4 8-8 5-5 7-7 0-0 9-9 1-1 10-10 3-3 2-2 6-6
4-4 5-5 7-7 0-0 1-1 3-3 2-2 6-6
9-10 0-0 1-1 6-8 6-7 3-3 8-9 5-6 2-2 7-8
4-4 2-1 0-0 1-1 3-2
2-1 6-5 4-3 0-0 5-4 7-6 3-2
3-2 2-1 0-0
3-2 2-1 0-0
4-4 8-8 5-5 7-7 0-0 1-1 3-3 2-2 6-6
3-3 2-2 4-1 0-0
4-4 8-8 5-5 7-7 0-0 9-9 1-1 10-10 3-3 12-12 2-2 6-6 11-11
2-1 4-3 0-0 1-1 3-2
4-4 8-8 5-5 7-7 0-0 9-9 1-1 10-10 3-3 12-12 2-2 6-6 11-11
0-0 1-1 3-3 2-2 6-6
10-8 0-0 3-1 13-10 11-9 6-4 4-2 18-13 17-12 8-6 5-3 7-5 15-12 9-7 14-11
2-4 0-0 1-1 4-6 6-3 3-5 5-2
6-2 4-0 8-4 0-0 2-0 5-1 7-3
4-4 5-5 7-7 0-0 1-1 3-3 2-2 6-6
10-8 0-0 3-1 12-10 17-13 11-9 6-4 4-2 16-12 8-6 5-3 7-5 9-7 13-11
6-2 8-4 0-0 2-0 5-1 7-3 9-5
1-2 3-4 0-0 6-8 8-10 2-3 7-9 4-5 9-11 10-12
2-1 4-3 0-0 1-1 3-2
4-4 5-5 0-0 1-1 3-3 2-2 6-6
4-4 5-5 7-7 0-0 1-1 3-3 2-2 6-6
10-8 0-0 3-1 12-10 17-13 11-9 6-4 4-2 16-12 8-6 5-3 7-5 9-7 13-11
4-4 5-5 0-0 1-1 3-3 2-2 6-6
10-9 0-0 3-1 8-7 13-10 6-4 4-2 7-6 9-8 5-3 14-11
4-4 0-0 1-1 6-7 3-3 5-6 2-2 7-8
10-8 0-0 3-1 12-10 17-13 11-9 6-4 4-2 16-12 8-6 5-3 7-5 9-7 13-11
4-4 16-18 0-0 1-1 6-8 8-10 15-17 5-7 14-16 7-9 17-19 3-3 12-12 2-2 9-11 13-15 10-12
15-21 25-32 12-16 8-9 2-2 22-29 17-24 7-7 13-17 3-3 18-25 21-27 23-30 10-14 25-33 24-31 4-4 5-5 0-0 1-1 9-12 11-15 6-6 16-23
4-4 8-8 5-5 7-7 0-0 9-9 1-1 10-10 3-3 2-2 6-6
4-4 8-8 5-5 7-7 0-0 9-9 1-1 10-10 3-3 2-2 6-6
4-4 5-5 7-7 0-0 1-1 3-3 2-2 6-6
4-4 8-8 13-14 5-5 7-7 0-0 9-9 14-17 1-1 12-13 13-16 10-10 3-3 2-2 6-6 13-15 15-18 11-11
4-4 8-8 9-10 5-5 10-11 7-7 11-13 1-1 14-16 3-3 2-2 6-6 13-15 12-14
4-4 5-5 7-7 0-0 1-1 3-3 2-2
4-4 7-7 0-0 1-1 3-3 2-2 6-6
4-4 9-10 5-5 0-0 1-1 10-13 3-3 7-6 8-9 2-2 6-6 10-12
4-4 9-10 10-11 0-0 11-13 1-1 12-15 12-16 6-7 12-14 3-3 8-9 2-2 7-8
7-4 0-0 1-1 3-3 2-2 7-8
4-4 5-5 0-0 1-1 3-3 2-2 6-6
0-1 8-8 1-2 3-4 0-0 2-3 6-7 4-5 7-8
6-5 4-3 0-0 1-1 5-4 7-6 3-2
0-1 4-4 1-2 3-4 8-10 2-3 7-9
2-1 6-5 4-3 0-0 5-4 7-6 1-0 3-2
6-5 4-3 0-0 8-7 1-1 5-4 7-6 3-2
6-5 4-3 0-0 8-7 1-1 5-4 7-6 3-2
4-3 0-0 8-7 1-1 5-4 7-6 3-2
2-1 4-3 0-0 8-7 7-6 3-2
2-1 4-3 0-0 8-7 5-4 7-6 3-2 9-7
8-8 2-1 7-7 4-3 0-0 9-9 5-4 3-2
12-11 14-14 2-1 6-5 4-3 0-0 8-7 5-4 11-10 16-16 7-6 9-8 3-2 13-11 15-15
14-14 2-1 6-5 4-3 0-0 8-7 5-4 11-10 12-10 17-19 13-13 7-6 10-9 18-21 3-2 15-15
14-14 2-1 6-5 4-3 0-0 8-7 5-4 11-10 12-10 17-19 13-13 7-6 10-9 18-21 3-2 15-15
9-10 3-4 4-3 0-0 12-10 1-1 6-7 12-14 8-9 5-6 2-2 7-8
3-4 7-7 4-3 0-0 1-1 6-7 5-6 2-2 9-11
3-4 4-3 0-0 9-9 1-1 5-6 2-2 7-8
4-4 5-5 0-0 1-1 3-3 7-6 2-2 6-6
4-4 5-5 9-13 7-7 0-0 10-14 1-1 8-12 3-3 11-15 2-2 6-6 13-11 8-11
5-5 9-13 7-7 0-0 10-14 1-1 8-12 3-3 11-15 2-2 6-6 8-11
12-11 2-1 6-5 4-3 0-0 8-7 5-4 11-10 13-13 7-6 12-12 9-8 10-9 3-2
4-4 5-5 0-0 9-9 1-1 10-10 3-3 2-2 6-6
4-4 8-8 5-5 14-14 7-7 0-0 9-9 1-1 13-13 10-10 3-3 12-12 2-2 6-6 11-11 15-15
4-4 9-10 13-14 5-5 10-11 0-0 1-1 12-13 11-12 6-7 3-3 8-9 2-2 5-3 7-8
4-4 9-10 13-14 10-11 0-0 1-1 12-13 11-12 6-7 3-3 8-9 2-2 7-8
4-4 5-5 0-0 1-1 3-3 2-2 6-6
4-4 5-5 7-7 0-0 1-1 3-3 2-2 6-6
4-4 5-5 0-0 1-1 3-3 2-2 6-6
4-4 5-5 7-7 0-0 1-1 3-3 2-2 6-6
4-4 5-5 0-0 1-1 3-3 2-2
4-4 5-5 7-7 0-0 1-1 3-3 2-2 6-6
4-4 5-5 0-0 1-1 3-3 2-2 6-6
4-4 5-5 0-0 1-1 3-3 2-2 6-6
4-4 5-5 0-0 1-1 3-3 2-2 6-6
4-4 5-5 0-0 1-1 3-3 2-2 6-6
4-4 5-5 0-0 1-1 3-3 2-2 6-6
4-4 5-5 7-7 0-0 1-1 4-5 3-3 2-2 6-6
4-4 5-5 7-7 0-0 1-1 3-3 2-2 6-6
4-4 5-5 7-7 0-0 1-1 3-3 2-2 6-6
4-4 5-5 7-7 0-0 1-1 3-3 2-2 6-6
4-4 5-5 7-7 0-0 1-1 3-3 2-2 6-6
4-4 5-5 7-7 0-0 1-1 3-3 2-2 6-6
0-0 6-8 1-1 7-9 3-3 2-2
4-4 0-0 1-1 5-4 6-7 3-3 2-2 7-8
0-0 1-1 6-7 3-3 2-2 7-8
4-4 7-4 9-10 10-11 0-0 1-1 5-4 11-12 6-7 3-3 8-9 2-2
0-0 1-1 6-7 3-3 2-2 7-8
0-0 1-1 6-7 3-3 2-2 7-8
7-4 0-0 1-1 3-3 2-2 7-8
4-4 5-5 0-0 1-1 3-3 2-2
4-4 8-8 5-5 7-7 0-0 1-1 3-3 2-2 6-6
5-5 0-0 1-1 3-3 2-2 6-6
8-8 5-5 7-7 0-0 1-1 3-3 2-2 6-6
2-1 6-5 4-3 0-0 8-7 5-4 7-6 3-2
4-4 5-5 0-0 8-7 1-1 3-3 7-6 2-2
4-4 8-8 5-5 7-7 0-0 9-9 1-1 11-9 11-12 10-10 3-3 2-2 6-6
6-5 4-3 0-0 1-1 5-4 7-6 2-2
4-4 8-8 9-10 5-5 10-11 7-7 0-0 1-1 3-3 2-2 6-6
4-4 0-0 1-1 3-3 2-2
4-4 0-0 1-1 3-3 2-2
4-4 5-5 0-0 1-1 2-2
7-7 4-3 0-0 9-9 1-1 5-4 10-10 6-6 3-2
8-8 5-5 2-1 7-7 4-3 0-0 9-9 6-6 10-10 12-12 1-0 3-2
8-8 5-5 2-1 7-7 4-3 0-0 9-9 6-6 10-10 1-0 3-2
6-5 4-3 0-0 1-1 5-4 10-7 7-6 14-12 3-2 12-8 11-8
4-4 8-8 12-11 5-5 2-1 7-7 0-0 9-9 10-10 13-12 6-6 3-2
4-4 8-8 5-5 7-7 0-0 9-9 1-1 3-3 2-2 6-6
9-10 10-11 0-0 11-12 6-7 4-5 3-3 5-6 2-2 7-8
4-4 5-5 0-0 8-7 1-1 3-3 7-6 2-2
12-11 2-1 11-10 4-3 0-0 8-7 5-4 15-13 16-14 9-8 18-15 10-9 3-2 14-12
4-4 5-5 0-0 1-1 3-3 2-2 6-6
0-0 1-1 6-7 4-5 8-9 5-6 2-2 7-8
4-4 5-5 0-0 1-1 3-3 2-2 6-6
0-0 1-1 6-7 4-5 8-9 5-6 2-2 7-8
0-0 1-1 6-7 4-5 8-9 5-6 2-2 7-8
0-0 1-1 6-7 4-5 8-9 5-6 2-2 7-8
0-0 1-1 6-7 4-5 8-9 5-6 2-2 7-8
0-0 1-1 6-7 4-5 8-9 5-6 2-2 7-8
4-4 5-5 0-0 1-1 3-3 2-2 6-6
4-4 5-5 0-0 1-1 3-3 2-2 6-6
4-4 5-5 0-0 1-1 3-3 2-2 6-6
4-4 5-5 0-0 1-1 3-3 2-2 6-6
12-13 21-22 22-23 23-25 2-2 17-18 13-14 7-7 18-19 3-3 14-15 8-8 10-11 19-20 15-16 20-21 4-4 5-5 0-0 9-9 1-1 11-12 10-10 6-6 16-17
4-4 8-8 5-5 7-7 0-0 9-9 1-1 11-12 10-10 3-3 2-2
4-4 8-8 5-5 10-11 7-7 0-0 9-9 1-1 11-12 10-10 3-3 2-2 6-6
4-4 8-8 5-5 7-7 0-0 9-9 1-1 10-10 3-3 2-2 6-6 11-11
4-4 8-8 5-5 7-7 0-0 9-9 1-1 10-10 3-3 2-2 6-6 11-11
4-4 5-5 7-7 0-0 1-1 3-3 2-2 6-6
12-11 14-14 2-1 6-5 4-3 0-0 8-7 5-4 11-10 13-13 7-6 9-8 10-9 3-2 15-15
4-4 8-8 5-5 2-1 7-7 0-0 9-9 16-17 13-13 10-10 15-16 12-12 6-6 3-2 14-15 11-11
8-8 5-5 7-7 4-3 0-0 1-1 2-2 6-6
2-1 4-3 0-0 11-13 5-4 14-16 6-7 12-14 8-9 13-15 1-0 3-2 10-12 7-8
8-8 13-14 2-1 6-5 4-3 0-0 7-7 5-4 9-9 12-13 15-17 14-16 18-19 11-12 10-10 16-18 6-6 3-2
8-8 5-5 14-14 2-1 7-7 4-3 0-0 9-9 16-17 17-18 13-13 10-10 15-16 12-12 19-19 6-6 3-2 11-11
8-8 5-5 10-11 2-1 7-7 4-3 0-0 9-9 15-17 17-18 12-13 14-16 11-12 13-15 6-6 3-2
8-8 5-5 10-11 2-1 7-7 4-3 0-0 9-9 15-17 17-18 12-13 14-16 11-12 13-15 6-6 3-2
2-1 4-3 0-0 8-7 5-4 7-6 9-8 10-9 3-2 11-11
8-8 5-5 7-7 4-3 0-0 1-1 2-2 6-6
18-17 4-3 12-10 5-4 21-22 20-20 22-23 8-6 13-11 25-25 14-12 9-7 23-24 2-1 10-8 15-13 3-2 0-0 11-9 19-19 16-14
8-8 5-5 7-7 4-3 0-0 9-9 1-1 10-10 2-2 6-6
2-1 6-5 4-3 0-0 8-7 5-4 16-17 13-13 10-10 15-16 7-6 12-12 18-18 3-2 14-15 11-11
8-8 5-5 7-7 4-3 0-0 1-1 2-2 6-6
13-14 2-1 6-5 4-3 0-0 8-7 5-4 15-17 12-13 14-16 18-19 10-10 7-6 9-8 16-18 10-9 3-2 11-11
20-26 16-22 21-27 17-23 9-13 2-1 11-16 10-14 15-10 6-7 15-19 3-2 18-24 4-4 12-17 5-5 0-0 8-10 9-21 19-25 7-8
4-4 8-8 5-5 14-14 2-1 0-0 18-20 16-17 17-19 21-22 13-13 6-7 10-10 12-12 15-16 3-2 19-21 11-11
15-21 4-3 18-26 14-19 9-14 22-29 17-24 10-15 19-27 7-7 7-10 16-22 20-28 11-16 3-5 5-2 12-17 22-21 0-0 1-1 8-13 13-18 6-6 16-23
16-20 3-4 8-9 17-21 2-2 10-12 4-5 18-22 5-6 9-10 19-23 11-13 6-7 15-19 12-14 20-24 0-0 1-1 7-8
4-4 5-5 7-7 0-0 1-1 5-4 3-3 2-2 6-6
4-4 7-4 5-5 10-8 0-0 8-7 1-1 3-3 2-2
4-4 0-0 1-1 3-3 2-2
4-4 0-0 1-1 3-3 2-2
4-4 7-7 0-0 1-1 3-3 2-2 6-6
4-4 0-0 1-1 3-3 2-2
1-1 2-2 0-0
0-0 11-13 1-1 6-8 8-10 5-7 7-9 4-5 3-3 5-6 2-2 9-11 10-12 12-14
18-17 18-20 12-13 2-2 17-18 7-7 3-3 8-8 10-11 13-19 4-4 5-5 0-0 9-9 14-17 1-1 11-12 6-6 16-17 15-15
2-1 6-5 4-3 0-0 8-7 1-1 5-4 7-6 3-2
9-10 0-0 1-1 6-7 4-5 3-3 8-9 5-6 2-2 7-8
3-2 2-1 0-0
4-4 5-5 0-0 1-1 3-3 2-2 6-6
4-4 8-8 5-5 0-0 9-9 1-1 10-10 3-3 12-12 2-2 6-6 11-11
11-10 6-5 0-0 8-7 1-1 5-4 3-3 7-6 2-2 10-9 12-11
4-4 8-8 5-5 2-1 7-7 0-0 6-6 3-2
2-1 4-3 0-0 7-6 1-0 3-2
2-1 6-5 4-3 0-0 5-4 7-6 1-0 3-2
2-1 4-3 0-0 5-4 9-8 1-0 3-2 8-5
4-4 8-8 5-5 2-1 7-7 0-0 6-6 1-0
4-4 5-5 0-0 1-1 3-3 2-2
2-1 6-5 4-3 0-0 8-7 5-4 7-6 9-8 3-2
4-4 8-8 5-5 2-1 7-7 0-0 9-9 10-10 3-3 6-6 11-11
4-4 8-8 5-5 2-1 7-7 0-0 9-9 6-6 1-0 3-2
4-4 8-8 5-5 2-1 7-7 0-0 9-9 6-6 1-0 3-2
4-4 5-5 7-7 0-0 1-1 3-3 2-2 6-6
4-4 8-8 5-5 2-1 7-7 0-0 9-9 6-6 3-2
0-0 5-8 7-10 1-1 9-12 12-15 10-13 3-3 2-2 11-14 6-9 4-7 8-11
2-4 0-0 1-1 4-6 6-8 5-7 8-3 2-2 3-5 9-4
4-4 5-5 7-1 0-0 3-3 2-2 6-6
2-1 4-3 0-0 8-7 5-4 7-6 9-8 3-2
4-4 0-0 5-1 3-3 2-2
0-1 4-4 16-20 1-2 5-5 7-7 13-17 0-0 9-9 12-16 18-23 10-13 2-3 15-19 17-21 6-6 14-18 11-14
4-4 5-5 0-0 1-1 3-3 2-2 6-6
4-4 5-5 7-1 0-0 3-3 2-2 6-6
4-4 5-5 7-1 0-0 3-3 2-2 6-6
4-4 5-5 7-1 0-0 3-3 2-2
4-4 5-5 0-0 1-1 3-3 2-2
4-4 8-8 17-17 5-5 7-7 11-10 0-0 15-14 16-16 1-1 14-13 3-3 20-19 18-18 13-12 2-2 6-6 12-11
4-3 5-4 20-20 9-8 10-9 1-0 17-18 6-5 21-21 2-1 13-13 15-16 7-6 3-2 14-14 0-0 8-7 13-12 16-17
2-4 4-6 8-10 5-7 7-9 0-2 1-3
2-1 4-3 0-0 1-1 3-2
4-4 8-8 5-5 7-7 0-0 9-9 1-1 10-10 3-3 2-2 6-6
4-4 5-5 7-7 0-0 1-1 3-3 2-2 6-6
4-3 3-2 2-1 0-0
4-4 8-8 5-5 7-7 0-0 9-9 1-1 13-13 10-10 3-3 12-12 2-2 6-6 11-11
4-4 5-5 7-1 0-0 3-3 2-2 6-6
4-4 8-8 5-5 7-7 0-0 1-1 3-3 2-2 6-6
4-4 5-5 7-1 0-0 3-3 2-2 6-6
4-4 5-5 7-1 0-0 3-3 2-2 6-6
4-4 5-5 7-1 0-0 3-3 2-2 6-6
4-4 5-5 7-1 0-0 3-3 2-2 6-6
17-17 16-16 6-5 4-3 0-0 8-7 1-1 5-4 15-14 13-13 7-6 12-12 9-8 2-2 10-9 11-11
4-4 5-5 0-0 1-1 3-3 2-2 6-6
4-4 8-8 5-5 7-7 0-0 9-9 1-1 3-3 2-2 6-6
4-4 8-8 7-7 0-0 9-9 1-1 10-10 3-3 2-2 6-6
0-0 1-1 6-7 4-5 5-6 2-2 7-8
4-4 8-8 5-5 7-7 0-0 9-9 1-1 10-10 3-3 2-2 6-6
4-4 8-8 7-7 0-0 9-9 1-1 10-10 3-3 2-2 6-6
7-4 11-10 0-0 1-1 5-6 9-8 2-2 10-9 6-3 8-5
7-4 11-10 0-0 8-7 1-1 4-5 5-6 9-8 2-2 10-9 6-3
7-4 8-8 0-0 9-9 1-1 4-6 5-7 11-11 10-10 12-12 2-2 6-3 3-5
4-4 5-5 0-0 8-7 1-1 3-3 2-2 6-6
4-4 5-5 0-0 8-7 1-1 3-3 2-2 6-6
2-1 4-3 0-0 1-1 3-2
4-4 0-0 1-1 3-3 2-2
4-4 0-0 1-1 3-3 2-2
4-4 5-5 0-0 1-1 3-3 7-6 2-2
4-4 5-5 0-0 1-1 3-3 7-6 2-2
4-4 5-5 0-0 1-1 3-3 7-6
4-4 2-1 0-0 1-1 3-2
4-4 3-2 2-1 0-0
4-4 3-2 2-1 0-0
4-4 3-2 2-1 0-0
4-4 3-2 2-1 0-0
8-8 6-5 0-0 9-9 1-1 5-4 10-10 3-3 7-6 2-2
2-1 4-3 0-0 1-1 3-2
4-4 1-2 0-0 3-3 2-2
8-8 14-14 6-5 0-0 9-9 1-1 5-4 13-13 10-10 7-6 13-12 2-2 12-11
4-4 5-5 0-0 1-1 11-11 11-12 6-7 3-3 8-9 2-2 7-8
2-1 4-3 0-0 1-1 3-2
4-4 8-8 5-5 7-7 0-0 1-1 3-3 2-2 6-6
4-4 8-8 5-5 7-7 0-0 1-1 3-3 2-2 6-6
2-1 4-3 0-0 1-1 3-2
4-4 5-5 0-0 1-1 3-3 2-2
4-4 5-5 7-7 0-0 1-1 3-3 2-2 6-6
4-4 5-5 0-0 1-1 3-3 2-2 6-6
4-4 8-8 5-5 7-7 0-0 1-1 3-3 2-2 6-6
4-4 8-8 5-5 7-7 0-0 9-9 1-1 13-13 10-10 3-3 12-12 2-2 6-6 11-11
4-4 8-8 5-5 7-7 0-0 9-9 1-1 13-13 10-10 3-3 12-12 2-2 6-6 11-11
11-10 6-5 0-0 8-7 1-1 5-4 13-13 3-3 7-6 9-8 2-2 10-9 12-11
11-10 6-5 0-0 8-7 1-1 5-4 13-13 3-3 7-6 9-8 2-2 10-9 12-11
6-5 4-3 0-0 8-7 1-1 5-4 15-14 18-16 13-13 7-6 12-12 17-15 2-2 10-9 11-11
4-4 5-5 7-1 0-0 3-3 2-2 6-6
4-4 8-8 5-5 7-7 0-0 9-9 1-1 10-10 3-3 2-2 6-6
4-4 0-0 5-1 3-3 2-2
4-4 5-5 7-1 0-0 3-3 2-2 6-6
2-1 4-3 0-0 1-1 3-2
2-1 4-3 0-0 1-1 3-2
2-1 4-3 0-0 1-1 3-2
5-5 2-1 4-3 0-0 1-1 6-6 3-2
0-0 1-1 5-7 6-7 4-5 8-9 5-6 2-2 7-8
1-2 0-0 6-8 5-7 7-9 6-9 3-5
9-10 10-11 2-7 0-0 1-1 4-6 5-7 11-12 7-8 10-12 3-5 5-2
0-0 1-1 7-9 6-7 4-5 8-9 2-2 7-8
12-11 2-1 6-5 4-3 0-0 8-7 11-10 13-12 3-2 9-4
12-11 2-1 6-5 4-3 0-0 8-7 11-10 13-12 3-2 9-4
2-1 4-3 0-0 1-1 3-2
4-4 5-5 7-7 0-0 1-1 3-3 2-2 6-6
4-4 5-5 7-7 0-0 1-1 3-3 2-2 6-6
4-4 5-5 7-7 0-0 1-1 3-3 0-5 2-2 6-6
4-4 5-5 0-0 1-1 3-3 2-2 6-6
4-4 5-5 7-7 0-0 1-1 3-3 2-2 6-6
4-4 8-8 7-7 0-0 1-1 3-3 2-2 6-6
4-4 7-4 8-8 5-5 9-10 7-7 0-0 9-9 1-1 3-3 2-2 6-6
4-4 5-5 7-7 0-0 1-1 3-3 2-2 6-6
4-4 5-5 0-0 1-1 3-3 2-2 6-6
4-4 8-8 5-5 7-7 0-0 9-9 1-1 3-3 2-2 6-6
4-4 5-5 9-9 1-1 3-3 8-6 2-2 9-7
5-5 0-0 1-1 3-3 2-2 6-6
11-10 0-0 1-1 6-7 4-5 5-6 2-2 10-9 12-11 7-8
4-4 5-5 0-0 1-1 3-3 2-2
4-4 5-5 0-0 1-1 3-3 2-2
2-3 1-2 0-0
1-1 2-2 0-0
2-3 1-2 0-0
2-3 1-2 0-0
1-1 3-3 2-2 0-0
1-2 0-0
1-2 0-0
4-4 5-5 0-0 1-1 3-3 2-2 6-6
4-4 5-5 7-7 1-1 3-3 2-2 6-6
0-0 1-1 6-7 3-3 5-6 2-2
4-4 6-5 0-0 8-7 1-1 3-3 7-6 2-2
4-4 6-5 0-0 8-7 1-1 3-3 7-6 2-2
4-4 8-8 5-5 7-7 0-0 9-9 1-1 10-10 3-3 2-2
4-4 8-8 5-5 7-7 1-1 3-3 2-2
4-4 8-8 5-5 7-7 0-0 1-1 3-3 2-2 6-6
4-4 8-8 5-5 7-7 0-0 1-1 3-3 2-2 6-6
4-4 5-5 7-7 0-0 1-1 3-3 8-9 2-2 6-6 7-8
4-4 8-8 5-5 7-7 0-0 1-1 3-3 2-2 6-6 9-11 10-12
12-13 21-22 2-2 17-18 13-14 7-7 18-19 3-3 14-15 8-8 10-11 19-20 15-16 20-21 4-4 5-5 0-0 1-1 11-12 6-6 16-17
1-2 6-5 4-3 3-1 0-0 5-4 8-7 7-6
4-4 8-8 5-5 10-11 7-7 15-14 0-0 1-1 14-13 3-3 13-12 2-2 6-6
12-11 10-5 14-14 11-10 14-11 0-0 15-14 1-1 4-6 6-8 5-7 7-9 14-13 8-6 2-2 13-12 3-2 9-4
0-0 12-10 1-1 11-9 15-13 6-7 4-5 8-3 14-13 5-6 2-2 14-12 13-11 7-8
4-4 8-8 5-5 10-11 7-7 0-0 9-9 1-1 10-10 3-3 2-2 6-6
4-4 8-8 5-5 7-7 1-1 3-3 2-2
9-3 0-0 4-9 3-7 1-1 6-11 10-4 8-12 5-10 12-6 8-6 2-2 11-5
4-4 8-8 5-5 7-7 0-0 9-9 1-1 6-4 3-3 2-2 6-6
4-4 9-10 5-5 10-11 7-7 0-0 1-1 6-4 3-3 8-9 2-2 6-6
11-10 6-5 4-3 0-0 8-7 1-1 5-4 7-6 9-8 2-2 10-9 3-2
4-4 8-8 5-5 7-7 0-0 9-9 1-1 6-6 10-10 2-2 5-3
11-10 6-5 0-0 8-7 9-6 4-2 14-13 5-6 13-12 10-9 12-11
4-4 8-8 5-5 14-14 7-7 0-0 9-9 1-1 13-13 10-10 12-12 2-2 6-6 11-11 15-15
6-5 0-0 3-1 5-4 4-2
4-4 5-5 0-0 1-1 3-3 2-2
7-4 8-8 5-5 0-0 9-9 1-1 3-3 2-2 6-6
8-8 7-7 0-0 9-9 1-1 3-3 8-6 2-2 9-7
4-4 8-8 5-5 10-11 0-0 9-9 1-1 11-12 3-3 2-2
4-4 8-8 5-5 7-7 0-0 9-9 1-1 13-13 10-10 3-3 12-12 2-2 6-6 11-11
9-10 13-14 10-11 0-0 1-1 12-13 11-12 6-7 4-5 3-3 8-9 5-6 15-16 2-2 14-15 7-8
4-4 8-8 5-5 7-7 15-14 0-0 9-9 1-1 10-10 14-13 3-3 13-12 2-2 6-6 12-11
4-4 8-8 5-5 7-7 0-0 9-9 1-1 3-3 2-2 6-6
8-8 5-5 14-14 7-7 0-0 9-9 1-1 6-4 13-13 10-10 3-3 12-12 2-2 11-11
4-4 8-8 9-10 5-5 10-11 7-7 0-0 1-1 3-3 2-2 6-6
4-4 8-8 5-5 7-7 0-0 9-9 1-1 10-10 3-3 2-2 6-6 11-11
4-4 8-8 5-5 7-7 0-0 9-9 1-1 3-3 2-2 6-6
4-4 5-5 0-0 1-1 3-3 2-2 6-6
4-4 0-0 11-13 1-1 15-18 6-7 12-14 3-3 8-9 5-6 2-2 13-15 10-12 7-8
4-4 8-8 13-14 5-5 10-11 7-7 0-0 1-1 12-13 11-12 3-3 2-2
4-4 9-10 5-5 10-11 7-7 0-0 1-1 3-3 8-9 2-2 6-6 7-8
4-4 13-14 5-5 10-11 7-7 0-0 1-1 12-13 14-16 11-12 3-3 8-9 2-2 6-6 7-8
4-4 8-8 9-10 5-5 10-11 13-14 0-0 9-9 1-1 15-17 12-13 14-15 11-12 3-3 2-2 9-7
4-4 8-8 13-14 5-5 7-7 0-0 9-9 1-1 12-13 17-19 15-16 3-3 2-2 6-6 14-15 16-17
4-4 9-10 5-5 10-11 0-0 1-1 12-13 11-12 6-7 3-3 8-9 2-2 7-8
4-4 9-10 5-5 0-0 11-13 1-1 14-16 6-7 12-14 3-3 8-9 2-2 13-15 10-12 7-8
4-4 9-10 13-14 5-5 10-11 0-0 1-1 16-17 11-12 6-7 15-16 3-3 8-9 2-2 14-15 7-8
4-4 8-8 9-10 5-5 7-7 0-0 9-9 1-1 3-3 2-2 6-6
4-4 8-8 5-5 0-0 1-1 3-3 8-9 2-2
8-4 15-14 0-0 9-9 20-17 1-1 4-6 6-8 19-16 5-7 7-3 11-11 10-10 14-13 16-15 2-2 18-15 3-5
2-1 6-5 4-3 0-0 8-7 5-4 7-6 9-8 1-0 3-2
2-1 6-5 4-3 0-0 8-7 5-4 9-8 1-0 3-2
4-4 8-8 5-5 10-11 7-7 10-8 0-0 9-9 1-1 3-3 2-2 6-6
4-4 9-10 10-11 0-0 1-1 6-7 3-3 8-9 5-6 2-2 7-8
0-1 9-10 10-11 15-14 12-13 1-4 13-13 11-12 14-13 6-3 8-9 16-15 3-6 2-5 4-7 7-8 5-2
0-1 9-10 10-11 15-14 4-2 1-4 11-12 6-7 14-13 8-9 13-12 3-6 5-3 2-5 7-8
4-4 5-5 0-0 1-1 3-3 2-2 6-6
4-4 5-5 0-0 1-1 3-3 2-2 6-6
4-4 8-8 5-5 0-0 9-9 1-1 3-3 2-2 6-6
4-4 8-8 5-5 0-0 9-9 1-1 3-3 2-2 6-6
4-4 5-5 0-0 1-1 3-3 2-2 6-6
4-4 8-8 5-5 7-7 0-0 1-1 3-3 2-2
8-8 5-5 0-0 1-1 3-3 2-2 6-6
4-4 9-10 5-5 10-11 7-7 0-0 1-1 11-12 3-3 8-9 2-2 6-6 7-8
4-4 6-5 0-0 8-7 1-1 3-3 7-6 9-8 2-2 10-9
4-4 5-5 0-0 1-1 3-3 2-2
4-4 5-5 7-7 0-0 1-1 3-3 2-2 6-6 7-8
4-4 5-5 0-0 1-1 3-3 2-2
4-4 5-5 0-0 1-1 3-3 2-2 6-6 7-8
4-4 0-0 1-1 6-8 5-7 3-3 2-2
4-4 0-0 1-1 6-7 3-3 5-6 2-2
4-4 5-5 0-0 1-1 8-6 2-2 7-5 9-7
0-1 1-2 3-4 11-10 2-3 6-7 4-5 8-9 5-6 10-9 12-11 7-8
0-1 9-10 10-11 15-14 12-13 1-4 11-12 14-13 6-3 8-9 16-15 3-6 2-5 4-7 7-8 5-2
4-4 5-5 0-0 1-1 8-10 6-7 3-3 2-2 9-11 10-12 7-8
4-4 5-5 0-0 1-1 3-3 2-2 6-6 7-8
4-4 8-8 5-5 7-7 0-0 9-9 1-1 13-13 10-10 3-3 12-12 2-2 6-6 11-11
4-4 8-8 5-5 7-7 0-0 9-9 1-1 13-13 10-10 3-3 12-12 2-2 6-6 11-11
4-4 5-5 0-0 1-1 8-10 6-7 3-3 7-8
4-4 5-5 7-7 0-0 1-1 3-3 8-9 2-2 6-6
4-4 8-8 9-10 5-5 7-7 0-0 1-1 3-3 6-6
4-4 5-5 0-0 1-1 2-2 6-6 7-8
4-4 5-5 7-7 0-0 1-1 3-3 8-9 2-2 6-6
4-4 5-5 0-0 1-1 3-3 8-6 2-2 6-9 7-8
4-4 5-5 7-7 0-0 1-1 8-6 2-2 6-9 7-8
4-4 5-5 0-0 1-1 8-9 2-2 6-6 7-8
4-4 5-5 0-0 1-1 3-3 2-2
4-4 5-5 0-0 1-1 3-3 2-2
4-4 5-5 0-0 1-1 3-3 2-2
4-4 5-5 7-7 0-0 12-15 1-1 14-16 3-3 8-9 2-2 6-6 9-11 11-14 10-12
4-4 5-5 7-7 0-0 1-1 3-3 2-2 6-6
4-4 5-5 0-0 1-1 3-3 7-6 2-2 6-6
0-0 1-1 4-6 6-4 5-3 7-5
4-4 0-0 1-1 2-2 5-3
0-0 1-1 4-5 3-3 7-6 2-2
4-4 0-0 1-1 2-2 5-3
0-1 9-10 1-2 3-4 0-0 11-13 13-16 2-3 6-7 4-5 8-9 5-6 12-15 14-18 10-12 7-8
4-4 8-8 5-5 7-7 0-0 1-1 3-3 2-2 6-6
1-2 3-4 0-0 11-13 6-8 8-10 5-7 2-3 7-9 4-5 9-11 10-12 12-14
4-4 5-5 0-0 9-9 1-1 10-10 3-3 2-2 6-6
4-3 3-2 2-1 0-0
0-0 3-1 4-2 1-4 8-6 5-3 7-5
4-3 3-2 2-1 0-0
0-0 1-1 6-7 4-5 5-6 2-2
4-4 5-5 10-9 11-10 0-0 8-7 1-1 3-3 9-8 2-2 6-6 12-11
4-4 5-5 10-9 0-0 8-7 1-1 3-3 9-8 13-12 2-2 6-6 12-11
4-4 5-5 10-9 11-10 0-0 8-7 1-1 3-3 9-8 2-2 6-6 12-11
4-4 5-5 0-0 1-1 3-3 2-2 6-6
1-2 3-4 0-0 1-1 2-3 6-7 4-5 5-6
4-4 8-8 5-5 7-7 0-0 9-9 1-1 2-2 6-6 2-5
4-4 5-5 7-7 0-0 1-1 3-3 2-2 6-6
4-4 8-8 5-5 7-7 0-0 9-9 1-1 10-10 2-2 6-6
4-4 8-8 5-5 7-7 0-0 9-9 1-1 10-10 2-2 6-6 11-11
4-4 9-10 0-0 1-1 6-7 10-10 3-3 8-9 5-6 2-2 7-8
4-4 8-8 5-5 7-7 0-0 9-9 1-1 10-10 3-3 2-2 6-6 11-11
9-10 10-11 3-4 4-3 0-0 1-1 11-12 6-7 8-9 5-6 2-2
9-10 10-11 3-4 4-3 0-0 1-1 6-7 8-9 5-6 2-2
4-4 8-8 5-5 7-7 15-14 0-0 9-9 1-1 16-17 14-16 10-10 3-3 12-12 2-2 6-6 11-11
9-10 10-11 0-0 1-1 11-11 11-12 6-7 4-5 3-3 8-9 5-6 2-2 7-8
9-10 0-0 1-1 11-11 6-7 4-5 3-3 8-9 5-6 2-2 7-8
9-10 0-0 1-1 11-11 6-7 4-5 3-3 8-9 5-6 2-2 7-8
9-10 10-11 0-0 1-1 6-7 4-5 3-3 8-9 5-6 2-2 7-8
9-10 10-11 0-0 1-1 6-7 4-5 3-3 8-9 5-6 2-2 7-8
4-4 5-5 0-0 1-1 3-3 2-2 6-6
4-4 5-5 0-0 1-1 3-3 2-2 6-6
4-4 5-5 0-0 1-1 3-3 2-2 6-6
4-4 8-8 9-10 5-5 10-11 7-7 16-16 0-0 17-17 1-1 13-13 15-16 3-3 12-12 2-2 6-6 14-15 11-11
7-4 0-0 2-0 5-1 6-3 8-5
6-2 4-0 8-4 0-0 2-0 5-1 7-3
7-4 0-0 2-0 5-1 6-3 8-5
7-4 0-0 2-0 5-1 6-3 8-5
7-4 0-0 9-6 5-1 10-7 6-3 8-5
6-2 4-0 8-4 0-0 2-0 5-1 7-3
4-4 2-1 0-0 1-1 3-2
3-4 0-0 1-1 6-7 4-5 5-6 3-2 7-8
2-1 4-3 0-0 1-1 5-4 3-2
4-4 8-8 9-10 5-5 10-11 7-7 13-14 0-0 11-13 1-1 3-3 2-2 6-6 12-14
0-0 1-1 6-4 3-3 2-2 8-5
3-3 2-1 0-0
7-4 0-0 2-0 5-1 6-3 8-5
6-2 4-0 8-4 0-0 2-0 5-1 7-3
2-4 0-0 1-1 4-2 5-3 3-5 5-2
4-4 5-5 0-0 1-1 3-3 2-2 6-6
4-4 8-8 5-5 10-11 3-4 7-7 0-0 9-9 1-1 11-12 3-3 2-2 6-6 13-15 14-15 12-14
4-4 8-8 5-5 3-4 7-7 0-0 9-9 1-1 13-13 10-10 14-13 3-3 12-12 2-2 6-6 11-11
4-4 8-8 17-17 5-5 10-11 3-4 7-7 0-0 9-9 14-14 1-1 11-12 15-16 3-3 12-12 2-2 6-6 16-17
7-4 0-0 2-0 5-1 6-3
4-4 0-0 1-1 3-3 2-2
4-4 0-0 1-1 3-3 2-2
4-4 5-5 0-0 1-1 6-8 7-9 3-3 2-2
7-4 0-0 2-0 5-1 6-3
7-4 0-0 2-0 5-1 6-3
7-4 0-0 2-0 5-1 6-3 8-5
9-10 0-0 11-13 1-1 12-15 13-16 14-16 6-7 4-5 3-3 8-9 5-6 2-2 10-12 7-8
4-4 8-8 9-10 5-5 10-11 7-7 13-14 0-0 11-13 1-1 3-3 2-2 6-6 12-14
18-20 2-2 11-11 7-7 3-3 12-12 8-8 19-20 13-13 15-16 4-4 5-5 14-14 0-0 9-9 1-1 17-19 10-10 6-6 16-17
4-4 5-5 0-0 9-9 1-1 11-12 10-10 3-3 2-2 10-9 7-5
4-4 8-8 10-11 7-7 0-0 9-9 1-1 6-4 3-3 9-8 2-2
9-10 13-14 16-18 10-11 0-0 1-1 17-19 11-12 6-7 4-5 3-3 8-9 5-6 12-12 2-2 15-16 14-15 7-8
4-4 8-8 5-5 7-7 0-0 9-9 1-1 12-13 11-12 10-10 3-3 2-2 6-6
3-2 2-1 0-0
10-9 11-10 0-0 3-1 8-7 6-4 4-2 7-6 9-8 5-3 12-11
7-4 0-0 3-1 9-6 10-7 4-2 1-0 6-3 8-5
6-5 0-0 8-7 1-1 5-4 3-3 7-6 9-8 2-2
6-5 0-0 8-7 1-1 5-4 3-3 7-6 9-8 2-2
9-10 0-0 1-1 6-7 4-5 3-3 8-9 5-6 2-2 7-8
4-4 8-8 13-14 5-5 17-17 7-7 16-16 0-0 9-9 1-1 12-13 11-12 10-10 3-3 2-2 6-6 15-15
4-3 0-0 1-1 6-7 8-9 2-6 3-2 7-8
18-20 12-13 8-9 2-2 19-21 13-14 3-3 5-6 14-15 9-10 10-11 6-7 15-16 0-0 1-1 17-19 11-12 7-8 16-17
4-4 6-5 0-0 1-1 3-3 7-6 5-2
4-4 8-8 5-5 7-7 0-0 9-9 1-1 10-10 3-3 2-2 6-6
4-4 5-5 0-0 8-7 1-1 3-3 7-6 2-2
2-1 4-3 0-0 1-1 3-2
4-4 8-8 5-5 7-7 0-0 9-9 1-1 3-3 2-2 6-6
4-4 8-8 5-5 7-7 0-0 9-9 1-1 3-3 2-2 6-6
4-4 5-5 0-0 1-1 3-3 2-2 6-6
3-4 0-0 1-1 6-7 4-5 3-3 5-6 2-2
4-4 8-8 5-5 7-7 0-0 9-9 1-1 10-10 3-3 2-2 11-11
4-4 8-8 5-5 7-7 0-0 9-9 1-1 3-3 2-2 6-6
4-4 8-8 9-10 5-5 10-11 7-7 0-0 9-9 1-1 3-3 2-2 6-6
0-0 1-1 6-7 4-5 3-3 8-9 5-6 2-2 7-8
0-1 1-2 3-4 0-0 6-8 4-6 8-10 5-7 2-3 7-9 9-11
0-1 1-2 3-4 0-0 6-8 4-6 8-10 5-7 2-3 7-9 9-11
13-14 1-2 3-4 15-14 0-0 11-11 2-3 6-7 4-5 12-12 14-13 5-6 10-9 7-8
9-10 1-2 10-11 3-4 0-0 14-17 2-3 6-7 4-5 8-9 11-12 5-6 15-18 7-8
7-4 8-8 7-7 4-3 0-0 9-9 1-1 10-10 6-6 3-2 11-11
0-1 1-2 3-4 6-5 0-0 6-8 8-10 2-3 7-9 5-6 9-11 10-12
0-1 1-2 3-4 0-0 2-3 6-7 8-9 5-6 7-8
14-14 10-9 6-5 0-0 3-1 8-7 11-10 16-16 4-2 7-6 9-8 13-12 5-3 12-11 15-15
17-17 14-14 2-1 6-5 4-3 0-0 8-7 5-4 16-16 13-13 12-12 9-8 18-18 10-9 3-2 11-11 15-15
4-4 8-8 5-5 7-7 0-0 1-1 3-3 6-6
4-4 8-8 5-5 7-7 0-0 1-1 3-3 2-2 6-6
4-4 8-8 5-5 7-7 0-0 1-1 3-3 2-2
4-4 5-5 7-7 0-0 1-1 3-3 2-2 6-6
10-8 0-0 3-1 12-10 9-6 13-11 11-9 6-4 4-2 5-3 8-5
4-4 0-0 1-1 6-7 3-3 8-9 5-6 2-2 7-8
4-4 5-5 7-7 0-0 1-1 3-3 2-2 6-6
4-4 5-5 7-7 0-0 1-1 3-3 2-2 6-6
4-4 8-8 5-5 7-7 0-0 1-1 3-3 2-2 6-6 11-11
9-10 8-8 5-5 7-7 0-0 9-9 1-1 14-13 3-3 13-12 2-2 6-6 17-15
4-4 0-0 8-7 12-10 1-1 3-3 7-6 9-8 2-2 10-9 13-11 14-12
4-4 8-8 5-5 7-7 11-10 0-0 9-9 15-14 1-1 10-10 3-3 13-12 2-2 6-6 12-11
4-4 8-8 5-5 7-7 15-14 0-0 1-1 14-13 3-3 16-15 13-12 2-2 12-11
4-4 5-5 10-9 11-10 0-0 1-1 3-3 9-8 13-12 2-2 6-6 12-11
8-8 5-5 10-11 2-1 7-7 4-3 0-0 12-13 11-12 10-10 6-6 3-2
12-11 14-14 11-10 6-5 4-3 0-0 8-7 5-4 7-6 13-12 10-9 3-2 15-15
10-8 0-0 3-1 12-10 15-14 11-9 6-4 4-2 14-13 8-6 5-3 7-5 9-7 13-11
14-14 6-5 4-3 0-0 8-7 5-4 9-9 13-13 10-10 7-6 12-12 3-2 11-11 15-15
17-17 2-1 6-5 4-3 0-0 10-8 5-4 12-10 15-14 16-16 14-13 7-6 18-18 13-12 3-2 9-7
0-1 8-8 13-14 1-2 3-4 7-7 0-0 15-17 12-13 14-16 2-3 10-10 4-5 11-12 5-6 16-18
14-14 18-17 2-1 6-5 4-3 0-0 8-7 5-4 11-10 16-16 7-6 9-8 13-12 10-9 3-2 15-15
2-1 6-5 4-3 0-0 5-4 8-10 7-6 1-0 9-11 3-2 10-12
4-4 8-8 5-5 14-14 7-7 10-9 0-0 11-10 16-16 1-1 3-3 13-12 2-2 6-6 12-11 15-15
4-4 9-10 0-0 1-1 11-11 6-7 3-3 8-9 5-6 2-2 7-8
4-4 0-0 1-1 6-7 3-3 8-9 5-6 2-2 7-8
4-4 8-8 5-5 7-7 0-0 9-9 1-1 3-3 2-2 6-6
4-4 8-8 5-5 7-7 0-0 9-9 1-1 3-3 2-2 6-6
4-4 5-5 10-9 0-0 8-7 1-1 3-3 9-8 2-2 6-6
7-7 0-0 1-1 3-3 2-2 6-6
4-4 5-5 0-0 1-1 3-3 2-2 6-6
4-4 5-5 7-7 0-0 1-1 3-3 2-2
4-4 8-8 5-5 7-7 0-0 9-9 1-1 3-3 2-2 6-6
9-10 8-8 5-5 10-11 7-7 0-0 1-1 11-12 3-3 2-2 6-6
4-4 8-8 9-10 5-5 10-11 7-7 0-0 1-1 11-12 3-3 2-2
4-4 8-8 10-11 7-7 0-0 9-9 1-1 12-13 11-12 3-3 2-2 6-6
4-4 8-8 5-5 10-11 0-0 9-9 1-1 12-13 11-12 3-3 2-2 6-6
6-5 4-3 0-0 1-1 5-4 7-6 3-2
3-1 12-10 21-22 14-13 8-6 15-14 4-2 5-3 9-7 17-17 10-8 19-20 6-4 16-15 18-18 20-21 23-23 0-0 1-1 11-9 13-12 7-5 24-24
7-4 2-1 14-11 0-0 9-6 13-10 10-7 15-13 12-9 16-14 17-15 1-0 11-8 6-3 4-1 5-2
4-3 5-4 14-13 9-8 10-9 1-0 16-16 6-5 20-22 17-17 2-1 11-10 19-20 7-6 18-18 12-11 3-2 21-23 0-0 8-7 22-24 13-12 15-15
14-14 16-16 6-5 4-3 0-0 8-7 1-1 7-6 9-8 13-12 10-9 3-2 11-11 15-15
11-10 6-5 4-3 0-0 8-7 1-1 7-6 9-8 10-9 3-2
0-1 20-18 1-2 10-8 0-0 12-10 20-17 21-19 17-13 11-9 22-20 16-12 2-3 14-12 7-5 19-15 13-11 18-14
11-10 6-5 4-3 0-0 8-7 1-1 5-4 15-14 14-13 7-6 9-8 13-12 2-2 10-9 12-11
4-4 8-8 9-10 5-5 10-11 0-0 11-13 1-1 3-3 8-9 2-2 6-6
4-4 8-8 7-7 0-0 1-1 3-3 2-2 6-6
4-4 8-8 7-7 0-0 9-9 1-1 3-3 2-2 6-6
4-4 8-8 5-5 7-7 0-0 9-9 1-1 3-3 2-2 6-6
4-4 8-8 5-5 7-7 0-0 9-9 1-1 3-3 2-2 6-6
4-4 8-8 7-7 0-0 1-1 3-3 2-2 6-6
4-4 8-8 5-5 7-7 0-0 1-1 3-3 2-2 6-6
4-4 8-8 5-5 7-7 10-9 0-0 9-9 1-1 12-13 3-3 12-12 2-2 6-6 11-11
32-31 25-23 26-24 21-19 22-20 14-10 2-2 27-25 11-8 28-27 7-4 15-11 29-28 23-21 17-14 8-5 16-12 30-29 24-22 18-15 20-18 31-30 0-0 1-1 10-7 13-9 6-3
4-4 8-8 5-5 2-1 7-7 0-0 9-9 10-10 6-6 3-2 11-11
20-20 2-2 11-11 7-7 16-16 3-3 12-12 17-17 13-13 18-18 4-4 5-5 14-14 0-0 9-9 1-1 10-10 19-19 6-6 15-15
0-1 1-2 3-4 0-0 2-3 6-7 4-5 5-6 7-8
4-4 5-5 7-7 0-0 1-1 3-3 2-2 6-6
4-4 8-8 5-5 7-7 0-0 1-1 3-3 2-2 6-6
4-4 8-8 5-5 7-7 0-0 9-9 1-1 3-3 2-2 6-6
4-3 20-17 5-4 9-8 2-2 6-5 16-13 12-9 21-18 22-19 17-14 7-6 18-15 3-2 14-11 0-0 8-7 1-1 19-16 15-12
4-4 8-8 5-5 14-14 7-7 16-16 0-0 9-9 1-1 13-13 10-10 3-3 12-12 2-2 6-6 15-15
6-5 4-3 0-0 1-1 5-4 3-2 7-8
4-4 8-8 5-5 7-7 10-9 0-0 1-1 3-3 2-2 6-6 9-11
4-4 5-5 0-0 1-1 6-8 3-3 7-6 2-2
12-11 14-14 11-10 6-5 4-3 0-0 8-7 1-1 5-4 16-16 7-6 9-8 13-12 10-9 3-2 15-15
4-4 0-0 1-1 6-7 3-3 8-9 5-6 2-2 7-8
18-20 20-23 12-13 2-2 13-14 7-7 15-17 3-3 21-24 14-15 8-8 10-11 16-18 4-4 5-5 0-0 9-9 1-1 17-19 11-12 19-22 6-6
4-4 8-8 9-10 5-5 10-11 7-7 0-0 1-1 12-13 11-12 3-3 2-2 6-6
6-5 4-3 0-0 8-7 1-1 7-6 9-8 10-9 3-2
4-3 0-0 1-1 5-4 14-10 13-9 10-6 3-2 12-8
4-4 8-8 5-5 7-7 0-0 1-1 3-3 2-2 6-6
